running egg_info
writing ../../build/algorithm/algorithm.egg-info/PKG-INFO
writing dependency_links to ../../build/algorithm/algorithm.egg-info/dependency_links.txt
writing entry points to ../../build/algorithm/algorithm.egg-info/entry_points.txt
writing requirements to ../../build/algorithm/algorithm.egg-info/requires.txt
writing top-level names to ../../build/algorithm/algorithm.egg-info/top_level.txt
reading manifest file '../../build/algorithm/algorithm.egg-info/SOURCES.txt'
writing manifest file '../../build/algorithm/algorithm.egg-info/SOURCES.txt'
running build
running build_py
copying algorithm/ACO.py -> /home/irs/swarm_robot/algorithm/build/algorithm/build/lib/algorithm
running install
running install_lib
copying /home/irs/swarm_robot/algorithm/build/algorithm/build/lib/algorithm/ACO.py -> /home/irs/swarm_robot/algorithm/install/algorithm/lib/python3.8/site-packages/algorithm
byte-compiling /home/irs/swarm_robot/algorithm/install/algorithm/lib/python3.8/site-packages/algorithm/ACO.py to ACO.cpython-38.pyc
running install_data
running install_egg_info
removing '/home/irs/swarm_robot/algorithm/install/algorithm/lib/python3.8/site-packages/algorithm-0.0.0-py3.8.egg-info' (and everything under it)
Copying ../../build/algorithm/algorithm.egg-info to /home/irs/swarm_robot/algorithm/install/algorithm/lib/python3.8/site-packages/algorithm-0.0.0-py3.8.egg-info
running install_scripts
writing list of installed files to '/home/irs/swarm_robot/algorithm/build/algorithm/install.log'
