[1.658s] Invoking command in '/home/irs/swarm_robot/algorithm/src/algorithm': PYTHONPATH=/home/irs/swarm_robot/algorithm/build/algorithm/prefix_override:/usr/lib/python3/dist-packages/colcon_core/task/python/colcon_distutils_commands:/home/irs/swarm_robot/algorithm/install/algorithm/lib/python3.8/site-packages:${PYTHONPATH} /usr/bin/python3 -W ignore:setup.py install is deprecated setup.py egg_info --egg-base ../../build/algorithm build --build-base /home/irs/swarm_robot/algorithm/build/algorithm/build install --record /home/irs/swarm_robot/algorithm/build/algorithm/install.log --install-scripts $base/lib/algorithm --single-version-externally-managed install_data
[1.913s] running egg_info
[1.913s] writing ../../build/algorithm/algorithm.egg-info/PKG-INFO
[1.914s] writing dependency_links to ../../build/algorithm/algorithm.egg-info/dependency_links.txt
[1.914s] writing entry points to ../../build/algorithm/algorithm.egg-info/entry_points.txt
[1.914s] writing requirements to ../../build/algorithm/algorithm.egg-info/requires.txt
[1.915s] writing top-level names to ../../build/algorithm/algorithm.egg-info/top_level.txt
[1.949s] reading manifest file '../../build/algorithm/algorithm.egg-info/SOURCES.txt'
[1.951s] writing manifest file '../../build/algorithm/algorithm.egg-info/SOURCES.txt'
[1.951s] running build
[1.951s] running build_py
[1.951s] copying algorithm/ACO.py -> /home/irs/swarm_robot/algorithm/build/algorithm/build/lib/algorithm
[1.952s] running install
[1.953s] running install_lib
[1.954s] copying /home/irs/swarm_robot/algorithm/build/algorithm/build/lib/algorithm/ACO.py -> /home/irs/swarm_robot/algorithm/install/algorithm/lib/python3.8/site-packages/algorithm
[1.955s] byte-compiling /home/irs/swarm_robot/algorithm/install/algorithm/lib/python3.8/site-packages/algorithm/ACO.py to ACO.cpython-38.pyc
[1.957s] running install_data
[1.957s] running install_egg_info
[1.959s] removing '/home/irs/swarm_robot/algorithm/install/algorithm/lib/python3.8/site-packages/algorithm-0.0.0-py3.8.egg-info' (and everything under it)
[1.959s] Copying ../../build/algorithm/algorithm.egg-info to /home/irs/swarm_robot/algorithm/install/algorithm/lib/python3.8/site-packages/algorithm-0.0.0-py3.8.egg-info
[1.961s] running install_scripts
[1.979s] writing list of installed files to '/home/irs/swarm_robot/algorithm/build/algorithm/install.log'
[2.001s] Invoked command in '/home/irs/swarm_robot/algorithm/src/algorithm' returned '0': PYTHONPATH=/home/irs/swarm_robot/algorithm/build/algorithm/prefix_override:/usr/lib/python3/dist-packages/colcon_core/task/python/colcon_distutils_commands:/home/irs/swarm_robot/algorithm/install/algorithm/lib/python3.8/site-packages:${PYTHONPATH} /usr/bin/python3 -W ignore:setup.py install is deprecated setup.py egg_info --egg-base ../../build/algorithm build --build-base /home/irs/swarm_robot/algorithm/build/algorithm/build install --record /home/irs/swarm_robot/algorithm/build/algorithm/install.log --install-scripts $base/lib/algorithm --single-version-externally-managed install_data
