-- The C compiler identification is GNU 11.4.0
-- The CXX compiler identification is GNU 11.4.0
-- Detecting C compiler ABI info
-- Detecting C compiler ABI info - done
-- Check for working C compiler: /usr/bin/cc - skipped
-- Detecting C compile features
-- Detecting C compile features - done
-- Detecting CXX compiler ABI info
-- Detecting CXX compiler ABI info - done
-- Check for working CXX compiler: /usr/bin/c++ - skipped
-- Detecting CXX compile features
-- Detecting CXX compile features - done
-- Found ament_cmake: 1.3.11 (/opt/ros/humble/share/ament_cmake/cmake)
-- Found Python3: /usr/bin/python3 (found version "3.10.12") found components: Interpreter 
-- Override CMake install command with custom implementation using symlinks instead of copying resources
-- Found ament_lint_auto: 0.12.12 (/opt/ros/humble/share/ament_lint_auto/cmake)
-- Added test 'copyright' to check source files copyright and LICENSE
-- Added test 'flake8' to check Python code syntax and style conventions
-- Added test 'lint_cmake' to check CMake code style
-- Added test 'pep257' to check Python code against some of the docstring style conventions in PEP 257
-- Added test 'xmllint' to check XML markup files
-- Configuring done
-- Generating done
-- Build files have been written to: /home/hehe/Documents/GitHub/swarm_robot/slave_ws/build/cartographer
-- Install configuration: ""
-- Execute custom install script
-- Symlinking: /home/hehe/Documents/GitHub/swarm_robot/slave_ws/install/cartographer/share/cartographer/config/cartographer_config.lua
-- Symlinking: /home/hehe/Documents/GitHub/swarm_robot/slave_ws/install/cartographer/share/cartographer/launch/cartographer_launch.py
-- Symlinking: /home/hehe/Documents/GitHub/swarm_robot/slave_ws/install/cartographer/share/cartographer/launch/occupancy_grid.launch.py
-- Symlinking: /home/hehe/Documents/GitHub/swarm_robot/slave_ws/install/cartographer/share/cartographer/rviz/cartographer.rviz
-- Symlinking: /home/hehe/Documents/GitHub/swarm_robot/slave_ws/install/cartographer/share/ament_index/resource_index/package_run_dependencies/cartographer
-- Symlinking: /home/hehe/Documents/GitHub/swarm_robot/slave_ws/install/cartographer/share/ament_index/resource_index/parent_prefix_path/cartographer
-- Symlinking: /home/hehe/Documents/GitHub/swarm_robot/slave_ws/install/cartographer/share/cartographer/environment/ament_prefix_path.sh
-- Symlinking: /home/hehe/Documents/GitHub/swarm_robot/slave_ws/install/cartographer/share/cartographer/environment/ament_prefix_path.dsv
-- Symlinking: /home/hehe/Documents/GitHub/swarm_robot/slave_ws/install/cartographer/share/cartographer/environment/path.sh
-- Symlinking: /home/hehe/Documents/GitHub/swarm_robot/slave_ws/install/cartographer/share/cartographer/environment/path.dsv
-- Symlinking: /home/hehe/Documents/GitHub/swarm_robot/slave_ws/install/cartographer/share/cartographer/local_setup.bash
-- Symlinking: /home/hehe/Documents/GitHub/swarm_robot/slave_ws/install/cartographer/share/cartographer/local_setup.sh
-- Symlinking: /home/hehe/Documents/GitHub/swarm_robot/slave_ws/install/cartographer/share/cartographer/local_setup.zsh
-- Symlinking: /home/hehe/Documents/GitHub/swarm_robot/slave_ws/install/cartographer/share/cartographer/local_setup.dsv
-- Symlinking: /home/hehe/Documents/GitHub/swarm_robot/slave_ws/install/cartographer/share/cartographer/package.dsv
-- Symlinking: /home/hehe/Documents/GitHub/swarm_robot/slave_ws/install/cartographer/share/ament_index/resource_index/packages/cartographer
-- Symlinking: /home/hehe/Documents/GitHub/swarm_robot/slave_ws/install/cartographer/share/cartographer/cmake/cartographerConfig.cmake
-- Symlinking: /home/hehe/Documents/GitHub/swarm_robot/slave_ws/install/cartographer/share/cartographer/cmake/cartographerConfig-version.cmake
-- Symlinking: /home/hehe/Documents/GitHub/swarm_robot/slave_ws/install/cartographer/share/cartographer/package.xml
