[0.011s] Invoking command in '/home/hehe/Documents/GitHub/swarm_robot/slave_ws/build/cartographer': CMAKE_PREFIX_PATH=/opt/ros/humble /usr/bin/cmake /home/hehe/Documents/GitHub/swarm_robot/slave_ws/src/cartographer -DAMENT_CMAKE_SYMLINK_INSTALL=1 -DCMAKE_INSTALL_PREFIX=/home/hehe/Documents/GitHub/swarm_robot/slave_ws/install/cartographer
[0.070s] -- The C compiler identification is GNU 11.4.0
[0.132s] -- The CXX compiler identification is GNU 11.4.0
[0.144s] -- Detecting C compiler ABI info
[0.216s] -- Detecting C compiler ABI info - done
[0.225s] -- Check for working C compiler: /usr/bin/cc - skipped
[0.225s] -- Detecting C compile features
[0.226s] -- Detecting C compile features - done
[0.228s] -- Detecting CXX compiler ABI info
[0.297s] -- Detecting CXX compiler ABI info - done
[0.304s] -- Check for working CXX compiler: /usr/bin/c++ - skipped
[0.304s] -- Detecting CXX compile features
[0.304s] -- Detecting CXX compile features - done
[0.306s] -- Found ament_cmake: 1.3.11 (/opt/ros/humble/share/ament_cmake/cmake)
[0.440s] -- Found Python3: /usr/bin/python3 (found version "3.10.12") found components: Interpreter 
[0.494s] -- Override CMake install command with custom implementation using symlinks instead of copying resources
[0.513s] -- Found ament_lint_auto: 0.12.12 (/opt/ros/humble/share/ament_lint_auto/cmake)
[0.601s] -- Added test 'copyright' to check source files copyright and LICENSE
[0.605s] -- Added test 'flake8' to check Python code syntax and style conventions
[0.605s] -- Added test 'lint_cmake' to check CMake code style
[0.606s] -- Added test 'pep257' to check Python code against some of the docstring style conventions in PEP 257
[0.607s] -- Added test 'xmllint' to check XML markup files
[0.608s] -- Configuring done
[0.610s] -- Generating done
[0.611s] -- Build files have been written to: /home/hehe/Documents/GitHub/swarm_robot/slave_ws/build/cartographer
[0.615s] Invoked command in '/home/hehe/Documents/GitHub/swarm_robot/slave_ws/build/cartographer' returned '0': CMAKE_PREFIX_PATH=/opt/ros/humble /usr/bin/cmake /home/hehe/Documents/GitHub/swarm_robot/slave_ws/src/cartographer -DAMENT_CMAKE_SYMLINK_INSTALL=1 -DCMAKE_INSTALL_PREFIX=/home/hehe/Documents/GitHub/swarm_robot/slave_ws/install/cartographer
[0.619s] Invoking command in '/home/hehe/Documents/GitHub/swarm_robot/slave_ws/build/cartographer': CMAKE_PREFIX_PATH=/opt/ros/humble /usr/bin/cmake --build /home/hehe/Documents/GitHub/swarm_robot/slave_ws/build/cartographer -- -j6 -l6
[0.650s] Invoked command in '/home/hehe/Documents/GitHub/swarm_robot/slave_ws/build/cartographer' returned '0': CMAKE_PREFIX_PATH=/opt/ros/humble /usr/bin/cmake --build /home/hehe/Documents/GitHub/swarm_robot/slave_ws/build/cartographer -- -j6 -l6
[0.659s] Invoking command in '/home/hehe/Documents/GitHub/swarm_robot/slave_ws/build/cartographer': CMAKE_PREFIX_PATH=/opt/ros/humble /usr/bin/cmake --install /home/hehe/Documents/GitHub/swarm_robot/slave_ws/build/cartographer
[0.664s] -- Install configuration: ""
[0.665s] -- Execute custom install script
[0.665s] -- Symlinking: /home/hehe/Documents/GitHub/swarm_robot/slave_ws/install/cartographer/share/cartographer/config/cartographer_config.lua
[0.673s] -- Symlinking: /home/hehe/Documents/GitHub/swarm_robot/slave_ws/install/cartographer/share/cartographer/launch/cartographer_launch.py
[0.681s] -- Symlinking: /home/hehe/Documents/GitHub/swarm_robot/slave_ws/install/cartographer/share/cartographer/launch/occupancy_grid.launch.py
[0.689s] -- Symlinking: /home/hehe/Documents/GitHub/swarm_robot/slave_ws/install/cartographer/share/cartographer/rviz/cartographer.rviz
[0.698s] -- Symlinking: /home/hehe/Documents/GitHub/swarm_robot/slave_ws/install/cartographer/share/ament_index/resource_index/package_run_dependencies/cartographer
[0.706s] -- Symlinking: /home/hehe/Documents/GitHub/swarm_robot/slave_ws/install/cartographer/share/ament_index/resource_index/parent_prefix_path/cartographer
[0.714s] -- Symlinking: /home/hehe/Documents/GitHub/swarm_robot/slave_ws/install/cartographer/share/cartographer/environment/ament_prefix_path.sh
[0.721s] -- Symlinking: /home/hehe/Documents/GitHub/swarm_robot/slave_ws/install/cartographer/share/cartographer/environment/ament_prefix_path.dsv
[0.729s] -- Symlinking: /home/hehe/Documents/GitHub/swarm_robot/slave_ws/install/cartographer/share/cartographer/environment/path.sh
[0.737s] -- Symlinking: /home/hehe/Documents/GitHub/swarm_robot/slave_ws/install/cartographer/share/cartographer/environment/path.dsv
[0.744s] -- Symlinking: /home/hehe/Documents/GitHub/swarm_robot/slave_ws/install/cartographer/share/cartographer/local_setup.bash
[0.755s] -- Symlinking: /home/hehe/Documents/GitHub/swarm_robot/slave_ws/install/cartographer/share/cartographer/local_setup.sh
[0.762s] -- Symlinking: /home/hehe/Documents/GitHub/swarm_robot/slave_ws/install/cartographer/share/cartographer/local_setup.zsh
[0.770s] -- Symlinking: /home/hehe/Documents/GitHub/swarm_robot/slave_ws/install/cartographer/share/cartographer/local_setup.dsv
[0.778s] -- Symlinking: /home/hehe/Documents/GitHub/swarm_robot/slave_ws/install/cartographer/share/cartographer/package.dsv
[0.786s] -- Symlinking: /home/hehe/Documents/GitHub/swarm_robot/slave_ws/install/cartographer/share/ament_index/resource_index/packages/cartographer
[0.793s] -- Symlinking: /home/hehe/Documents/GitHub/swarm_robot/slave_ws/install/cartographer/share/cartographer/cmake/cartographerConfig.cmake
[0.801s] -- Symlinking: /home/hehe/Documents/GitHub/swarm_robot/slave_ws/install/cartographer/share/cartographer/cmake/cartographerConfig-version.cmake
[0.809s] -- Symlinking: /home/hehe/Documents/GitHub/swarm_robot/slave_ws/install/cartographer/share/cartographer/package.xml
[0.819s] Invoked command in '/home/hehe/Documents/GitHub/swarm_robot/slave_ws/build/cartographer' returned '0': CMAKE_PREFIX_PATH=/opt/ros/humble /usr/bin/cmake --install /home/hehe/Documents/GitHub/swarm_robot/slave_ws/build/cartographer
