[0.101s] Invoking command in '/home/huhu/Documents/GitHub/swarm_robot/simulation_ws/src/build/robot_bringup': CMAKE_PREFIX_PATH=${CMAKE_PREFIX_PATH}:/opt/ros/foxy /usr/bin/cmake /home/huhu/Documents/GitHub/swarm_robot/simulation_ws/src/robot_bringup -DAMENT_CMAKE_SYMLINK_INSTALL=1 -DCMAKE_INSTALL_PREFIX=/home/huhu/Documents/GitHub/swarm_robot/simulation_ws/src/install/robot_bringup
[0.585s] -- The C compiler identification is GNU 9.4.0
[1.202s] -- The CXX compiler identification is GNU 9.4.0
[1.250s] -- Check for working C compiler: /usr/bin/cc
[1.506s] -- Check for working C compiler: /usr/bin/cc -- works
[1.509s] -- Detecting C compiler ABI info
[1.721s] -- Detecting C compiler ABI info - done
[1.738s] -- Detecting C compile features
[1.741s] -- Detecting C compile features - done
[1.758s] -- Check for working CXX compiler: /usr/bin/c++
[2.002s] -- Check for working CXX compiler: /usr/bin/c++ -- works
[2.002s] -- Detecting CXX compiler ABI info
[2.173s] -- Detecting CXX compiler ABI info - done
[2.200s] -- Detecting CXX compile features
[2.201s] -- Detecting CXX compile features - done
[2.260s] -- Found ament_cmake: 0.9.12 (/opt/ros/foxy/share/ament_cmake/cmake)
[2.343s] -- Found PythonInterp: /usr/bin/python3 (found suitable version "3.8.10", minimum required is "3") 
[2.344s] -- Using PYTHON_EXECUTABLE: /usr/bin/python3
[2.750s] -- Override CMake install command with custom implementation using symlinks instead of copying resources
[2.951s] -- Found ament_lint_auto: 0.9.8 (/opt/ros/foxy/share/ament_lint_auto/cmake)
[3.197s] -- Added test 'copyright' to check source files copyright and LICENSE
[3.217s] -- Added test 'flake8' to check Python code syntax and style conventions
[3.220s] -- Added test 'lint_cmake' to check CMake code style
[3.222s] -- Added test 'pep257' to check Python code against some of the style conventions in PEP 257
[3.232s] -- Added test 'xmllint' to check XML markup files
[3.250s] -- Configuring done
[3.267s] -- Generating done
[3.268s] -- Build files have been written to: /home/huhu/Documents/GitHub/swarm_robot/simulation_ws/src/build/robot_bringup
[3.305s] Invoked command in '/home/huhu/Documents/GitHub/swarm_robot/simulation_ws/src/build/robot_bringup' returned '0': CMAKE_PREFIX_PATH=${CMAKE_PREFIX_PATH}:/opt/ros/foxy /usr/bin/cmake /home/huhu/Documents/GitHub/swarm_robot/simulation_ws/src/robot_bringup -DAMENT_CMAKE_SYMLINK_INSTALL=1 -DCMAKE_INSTALL_PREFIX=/home/huhu/Documents/GitHub/swarm_robot/simulation_ws/src/install/robot_bringup
[3.308s] Invoking command in '/home/huhu/Documents/GitHub/swarm_robot/simulation_ws/src/build/robot_bringup': CMAKE_PREFIX_PATH=${CMAKE_PREFIX_PATH}:/opt/ros/foxy /usr/bin/cmake --build /home/huhu/Documents/GitHub/swarm_robot/simulation_ws/src/build/robot_bringup -- -j6 -l6
[3.414s] Invoked command in '/home/huhu/Documents/GitHub/swarm_robot/simulation_ws/src/build/robot_bringup' returned '0': CMAKE_PREFIX_PATH=${CMAKE_PREFIX_PATH}:/opt/ros/foxy /usr/bin/cmake --build /home/huhu/Documents/GitHub/swarm_robot/simulation_ws/src/build/robot_bringup -- -j6 -l6
[3.526s] Invoking command in '/home/huhu/Documents/GitHub/swarm_robot/simulation_ws/src/build/robot_bringup': CMAKE_PREFIX_PATH=${CMAKE_PREFIX_PATH}:/opt/ros/foxy /usr/bin/cmake --install /home/huhu/Documents/GitHub/swarm_robot/simulation_ws/src/build/robot_bringup
[3.542s] -- Install configuration: ""
[3.545s] -- Execute custom install script
[3.547s] -- Symlinking: /home/huhu/Documents/GitHub/swarm_robot/simulation_ws/src/install/robot_bringup/share/robot_bringup/launch/multi_robot_launch.py
[3.571s] -- Symlinking: /home/huhu/Documents/GitHub/swarm_robot/simulation_ws/src/install/robot_bringup/share/robot_bringup/launch/multi_spawn_robot_launch.py
[3.590s] -- Symlinking: /home/huhu/Documents/GitHub/swarm_robot/simulation_ws/src/install/robot_bringup/share/robot_bringup/launch/spawn_robot.py
[3.616s] -- Symlinking: /home/huhu/Documents/GitHub/swarm_robot/simulation_ws/src/install/robot_bringup/share/robot_bringup/launch/spawn_robot_launch.py
[3.650s] -- Symlinking: /home/huhu/Documents/GitHub/swarm_robot/simulation_ws/src/install/robot_bringup/share/robot_bringup/launch/start_world_launch.py
[3.670s] -- Symlinking: /home/huhu/Documents/GitHub/swarm_robot/simulation_ws/src/install/robot_bringup/share/robot_bringup/launch/tf_broadcaster.py
[3.692s] -- Symlinking: /home/huhu/Documents/GitHub/swarm_robot/simulation_ws/src/install/robot_bringup/share/robot_bringup/descriptions/inertial_macros.xacro
[3.719s] -- Symlinking: /home/huhu/Documents/GitHub/swarm_robot/simulation_ws/src/install/robot_bringup/share/robot_bringup/descriptions/lidar.xacro
[3.737s] -- Symlinking: /home/huhu/Documents/GitHub/swarm_robot/simulation_ws/src/install/robot_bringup/share/robot_bringup/descriptions/robot.urdf.xacro
[3.758s] -- Symlinking: /home/huhu/Documents/GitHub/swarm_robot/simulation_ws/src/install/robot_bringup/share/robot_bringup/descriptions/robot_core.xacro
[3.788s] -- Symlinking: /home/huhu/Documents/GitHub/swarm_robot/simulation_ws/src/install/robot_bringup/share/robot_bringup/descriptions/robot_swarm.urdf
[3.804s] -- Symlinking: /home/huhu/Documents/GitHub/swarm_robot/simulation_ws/src/install/robot_bringup/share/robot_bringup/worlds/obstacle.worlds
[3.869s] -- Symlinking: /home/huhu/Documents/GitHub/swarm_robot/simulation_ws/src/install/robot_bringup/share/robot_bringup/worlds/swarm_world.worlds
[3.891s] -- Symlinking: /home/huhu/Documents/GitHub/swarm_robot/simulation_ws/src/install/robot_bringup/lib/robot_bringup/spawn_robot.py
[3.926s] -- Symlinking: /home/huhu/Documents/GitHub/swarm_robot/simulation_ws/src/install/robot_bringup/share/ament_index/resource_index/package_run_dependencies/robot_bringup
[3.990s] -- Symlinking: /home/huhu/Documents/GitHub/swarm_robot/simulation_ws/src/install/robot_bringup/share/ament_index/resource_index/parent_prefix_path/robot_bringup
[4.030s] -- Symlinking: /home/huhu/Documents/GitHub/swarm_robot/simulation_ws/src/install/robot_bringup/share/robot_bringup/environment/ament_prefix_path.sh
[4.056s] -- Symlinking: /home/huhu/Documents/GitHub/swarm_robot/simulation_ws/src/install/robot_bringup/share/robot_bringup/environment/ament_prefix_path.dsv
[4.079s] -- Symlinking: /home/huhu/Documents/GitHub/swarm_robot/simulation_ws/src/install/robot_bringup/share/robot_bringup/environment/path.sh
[4.101s] -- Symlinking: /home/huhu/Documents/GitHub/swarm_robot/simulation_ws/src/install/robot_bringup/share/robot_bringup/environment/path.dsv
[4.125s] -- Symlinking: /home/huhu/Documents/GitHub/swarm_robot/simulation_ws/src/install/robot_bringup/share/robot_bringup/local_setup.bash
[4.172s] -- Symlinking: /home/huhu/Documents/GitHub/swarm_robot/simulation_ws/src/install/robot_bringup/share/robot_bringup/local_setup.sh
[4.177s] -- Symlinking: /home/huhu/Documents/GitHub/swarm_robot/simulation_ws/src/install/robot_bringup/share/robot_bringup/local_setup.zsh
[4.207s] -- Symlinking: /home/huhu/Documents/GitHub/swarm_robot/simulation_ws/src/install/robot_bringup/share/robot_bringup/local_setup.dsv
[4.226s] -- Symlinking: /home/huhu/Documents/GitHub/swarm_robot/simulation_ws/src/install/robot_bringup/share/robot_bringup/package.dsv
[4.254s] -- Symlinking: /home/huhu/Documents/GitHub/swarm_robot/simulation_ws/src/install/robot_bringup/share/ament_index/resource_index/packages/robot_bringup
[4.277s] -- Symlinking: /home/huhu/Documents/GitHub/swarm_robot/simulation_ws/src/install/robot_bringup/share/robot_bringup/cmake/robot_bringupConfig.cmake
[4.285s] -- Symlinking: /home/huhu/Documents/GitHub/swarm_robot/simulation_ws/src/install/robot_bringup/share/robot_bringup/cmake/robot_bringupConfig-version.cmake
[4.321s] -- Symlinking: /home/huhu/Documents/GitHub/swarm_robot/simulation_ws/src/install/robot_bringup/share/robot_bringup/package.xml
[4.347s] Invoked command in '/home/huhu/Documents/GitHub/swarm_robot/simulation_ws/src/build/robot_bringup' returned '0': CMAKE_PREFIX_PATH=${CMAKE_PREFIX_PATH}:/opt/ros/foxy /usr/bin/cmake --install /home/huhu/Documents/GitHub/swarm_robot/simulation_ws/src/build/robot_bringup
