-- The C compiler identification is GNU 11.4.0
-- The CXX compiler identification is GNU 11.4.0
-- Detecting C compiler ABI info
-- Detecting C compiler ABI info - done
-- Check for working C compiler: /usr/bin/cc - skipped
-- Detecting C compile features
-- Detecting C compile features - done
-- Detecting CXX compiler ABI info
-- Detecting CXX compiler ABI info - done
-- Check for working CXX compiler: /usr/bin/c++ - skipped
-- Detecting CXX compile features
-- Detecting CXX compile features - done
-- Found ament_cmake: 1.3.11 (/opt/ros/humble/share/ament_cmake/cmake)
-- Found Python3: /usr/bin/python3 (found version "3.10.12") found components: Interpreter 
-- Override CMake install command with custom implementation using symlinks instead of copying resources
-- Found rosidl_default_generators: 1.2.0 (/opt/ros/humble/share/rosidl_default_generators/cmake)
-- Using all available rosidl_typesupport_c: rosidl_typesupport_fastrtps_c;rosidl_typesupport_introspection_c
-- Found rosidl_adapter: 3.1.6 (/opt/ros/humble/share/rosidl_adapter/cmake)
-- Using all available rosidl_typesupport_cpp: rosidl_typesupport_fastrtps_cpp;rosidl_typesupport_introspection_cpp
-- Found geometry_msgs: 4.8.0 (/opt/ros/humble/share/geometry_msgs/cmake)
-- Found ament_lint_auto: 0.12.12 (/opt/ros/humble/share/ament_lint_auto/cmake)
-- Found ament_cmake_ros: 0.10.0 (/opt/ros/humble/share/ament_cmake_ros/cmake)
-- Using all available rosidl_typesupport_c: rosidl_typesupport_fastrtps_c;rosidl_typesupport_introspection_c
-- Using all available rosidl_typesupport_cpp: rosidl_typesupport_fastrtps_cpp;rosidl_typesupport_introspection_cpp
-- Found PythonInterp: /usr/bin/python3 (found suitable version "3.10.12", minimum required is "3.6") 
-- Found python_cmake_module: 0.10.0 (/opt/ros/humble/share/python_cmake_module/cmake)
-- Found PythonLibs: /usr/lib/x86_64-linux-gnu/libpython3.10.so (found suitable version "3.10.12", minimum required is "3.5") 
-- Using PYTHON_EXECUTABLE: /usr/bin/python3
-- Using PYTHON_INCLUDE_DIRS: /usr/include/python3.10
-- Using PYTHON_LIBRARIES: /usr/lib/x86_64-linux-gnu/libpython3.10.so
-- Found PythonExtra: .so  
-- Added test 'copyright' to check source files copyright and LICENSE
-- Added test 'lint_cmake' to check CMake code style
-- Added test 'xmllint' to check XML markup files
-- Configuring done
-- Generating done
-- Build files have been written to: /home/thaoton1910/swarm_robot/algorithm/src/build/communication_msgs
[  1%] [34m[1mGenerating C code for ROS interfaces[0m
[  2%] [34m[1mGenerating C++ code for ROS interfaces[0m
[  2%] Built target ament_cmake_python_symlink_communication_msgs
running egg_info
creating communication_msgs.egg-info
writing communication_msgs.egg-info/PKG-INFO
writing dependency_links to communication_msgs.egg-info/dependency_links.txt
writing top-level names to communication_msgs.egg-info/top_level.txt
writing manifest file 'communication_msgs.egg-info/SOURCES.txt'
reading manifest file 'communication_msgs.egg-info/SOURCES.txt'
writing manifest file 'communication_msgs.egg-info/SOURCES.txt'
[  2%] Built target ament_cmake_python_build_communication_msgs_egg
[  2%] Built target communication_msgs__cpp
[  3%] [34m[1mGenerating C++ type support for eProsima Fast-RTPS[0m
[  6%] [34m[1mGenerating C++ introspection for ROS interfaces[0m
[  6%] [34m[1mGenerating C++ type support dispatch for ROS interfaces[0m
[  8%] [32mBuilding C object CMakeFiles/communication_msgs__rosidl_generator_c.dir/rosidl_generator_c/communication_msgs/msg/detail/robot__functions.c.o[0m
[  8%] [32mBuilding C object CMakeFiles/communication_msgs__rosidl_generator_c.dir/rosidl_generator_c/communication_msgs/msg/detail/task__functions.c.o[0m
[ 10%] [32mBuilding C object CMakeFiles/communication_msgs__rosidl_generator_c.dir/rosidl_generator_c/communication_msgs/msg/detail/task_allocation_array__functions.c.o[0m
[ 11%] [32mBuilding C object CMakeFiles/communication_msgs__rosidl_generator_c.dir/rosidl_generator_c/communication_msgs/msg/detail/robot_odom__functions.c.o[0m
[ 12%] [32mBuilding C object CMakeFiles/communication_msgs__rosidl_generator_c.dir/rosidl_generator_c/communication_msgs/msg/detail/task_allocation__functions.c.o[0m
[ 13%] [32mBuilding C object CMakeFiles/communication_msgs__rosidl_generator_c.dir/rosidl_generator_c/communication_msgs/msg/detail/robot_status__functions.c.o[0m
[ 15%] [32mBuilding C object CMakeFiles/communication_msgs__rosidl_generator_c.dir/rosidl_generator_c/communication_msgs/msg/detail/robots__functions.c.o[0m
[ 16%] [32m[1mLinking C shared library libcommunication_msgs__rosidl_generator_c.so[0m
[ 16%] Built target communication_msgs__rosidl_generator_c
[ 17%] [34m[1mGenerating C type support dispatch for ROS interfaces[0m
[ 18%] [34m[1mGenerating C type support for eProsima Fast-RTPS[0m
[ 20%] [34m[1mGenerating C introspection for ROS interfaces[0m
[ 21%] [32mBuilding CXX object CMakeFiles/communication_msgs__rosidl_typesupport_cpp.dir/rosidl_typesupport_cpp/communication_msgs/msg/robot_odom__type_support.cpp.o[0m
[ 22%] [32mBuilding CXX object CMakeFiles/communication_msgs__rosidl_typesupport_cpp.dir/rosidl_typesupport_cpp/communication_msgs/msg/task_allocation__type_support.cpp.o[0m
[ 24%] [32mBuilding CXX object CMakeFiles/communication_msgs__rosidl_typesupport_cpp.dir/rosidl_typesupport_cpp/communication_msgs/msg/robots__type_support.cpp.o[0m
[ 26%] [32mBuilding CXX object CMakeFiles/communication_msgs__rosidl_typesupport_cpp.dir/rosidl_typesupport_cpp/communication_msgs/msg/task_allocation_array__type_support.cpp.o[0m
[ 26%] [32mBuilding CXX object CMakeFiles/communication_msgs__rosidl_typesupport_cpp.dir/rosidl_typesupport_cpp/communication_msgs/msg/task__type_support.cpp.o[0m
[ 27%] [32mBuilding CXX object CMakeFiles/communication_msgs__rosidl_typesupport_cpp.dir/rosidl_typesupport_cpp/communication_msgs/msg/robot__type_support.cpp.o[0m
[ 29%] [32mBuilding CXX object CMakeFiles/communication_msgs__rosidl_typesupport_cpp.dir/rosidl_typesupport_cpp/communication_msgs/msg/robot_status__type_support.cpp.o[0m
[ 30%] [32mBuilding CXX object CMakeFiles/communication_msgs__rosidl_typesupport_introspection_cpp.dir/rosidl_typesupport_introspection_cpp/communication_msgs/msg/detail/robot__type_support.cpp.o[0m
[ 31%] [32mBuilding CXX object CMakeFiles/communication_msgs__rosidl_typesupport_fastrtps_cpp.dir/rosidl_typesupport_fastrtps_cpp/communication_msgs/msg/detail/dds_fastrtps/robot__type_support.cpp.o[0m
[ 32%] [32mBuilding CXX object CMakeFiles/communication_msgs__rosidl_typesupport_c.dir/rosidl_typesupport_c/communication_msgs/msg/robot__type_support.cpp.o[0m
[ 34%] [32mBuilding CXX object CMakeFiles/communication_msgs__rosidl_typesupport_introspection_cpp.dir/rosidl_typesupport_introspection_cpp/communication_msgs/msg/detail/task__type_support.cpp.o[0m
[ 35%] [32mBuilding CXX object CMakeFiles/communication_msgs__rosidl_typesupport_c.dir/rosidl_typesupport_c/communication_msgs/msg/task__type_support.cpp.o[0m
[ 36%] [32mBuilding CXX object CMakeFiles/communication_msgs__rosidl_typesupport_c.dir/rosidl_typesupport_c/communication_msgs/msg/task_allocation__type_support.cpp.o[0m
[ 37%] [32mBuilding CXX object CMakeFiles/communication_msgs__rosidl_typesupport_fastrtps_cpp.dir/rosidl_typesupport_fastrtps_cpp/communication_msgs/msg/detail/dds_fastrtps/task__type_support.cpp.o[0m
[ 39%] [32mBuilding CXX object CMakeFiles/communication_msgs__rosidl_typesupport_fastrtps_cpp.dir/rosidl_typesupport_fastrtps_cpp/communication_msgs/msg/detail/dds_fastrtps/task_allocation__type_support.cpp.o[0m
[ 40%] [32mBuilding CXX object CMakeFiles/communication_msgs__rosidl_typesupport_fastrtps_cpp.dir/rosidl_typesupport_fastrtps_cpp/communication_msgs/msg/detail/dds_fastrtps/task_allocation_array__type_support.cpp.o[0m
[ 41%] [32mBuilding CXX object CMakeFiles/communication_msgs__rosidl_typesupport_c.dir/rosidl_typesupport_c/communication_msgs/msg/task_allocation_array__type_support.cpp.o[0m
[ 43%] [32mBuilding C object CMakeFiles/communication_msgs__rosidl_typesupport_introspection_c.dir/rosidl_typesupport_introspection_c/communication_msgs/msg/detail/robot__type_support.c.o[0m
[ 44%] [32mBuilding C object CMakeFiles/communication_msgs__rosidl_typesupport_introspection_c.dir/rosidl_typesupport_introspection_c/communication_msgs/msg/detail/task__type_support.c.o[0m
[ 45%] [32mBuilding CXX object CMakeFiles/communication_msgs__rosidl_typesupport_c.dir/rosidl_typesupport_c/communication_msgs/msg/robot_status__type_support.cpp.o[0m
[ 46%] [32mBuilding CXX object CMakeFiles/communication_msgs__rosidl_typesupport_fastrtps_cpp.dir/rosidl_typesupport_fastrtps_cpp/communication_msgs/msg/detail/dds_fastrtps/robot_status__type_support.cpp.o[0m
[ 48%] [32mBuilding CXX object CMakeFiles/communication_msgs__rosidl_typesupport_introspection_cpp.dir/rosidl_typesupport_introspection_cpp/communication_msgs/msg/detail/task_allocation__type_support.cpp.o[0m
[ 49%] [32mBuilding C object CMakeFiles/communication_msgs__rosidl_typesupport_introspection_c.dir/rosidl_typesupport_introspection_c/communication_msgs/msg/detail/task_allocation__type_support.c.o[0m
[ 50%] [32m[1mLinking CXX shared library libcommunication_msgs__rosidl_typesupport_cpp.so[0m
[ 51%] [32mBuilding CXX object CMakeFiles/communication_msgs__rosidl_typesupport_fastrtps_c.dir/rosidl_typesupport_fastrtps_c/communication_msgs/msg/detail/robot__type_support_c.cpp.o[0m
[ 53%] [32mBuilding CXX object CMakeFiles/communication_msgs__rosidl_typesupport_c.dir/rosidl_typesupport_c/communication_msgs/msg/robot_odom__type_support.cpp.o[0m
[ 54%] [32mBuilding CXX object CMakeFiles/communication_msgs__rosidl_typesupport_c.dir/rosidl_typesupport_c/communication_msgs/msg/robots__type_support.cpp.o[0m
[ 55%] [32mBuilding C object CMakeFiles/communication_msgs__rosidl_typesupport_introspection_c.dir/rosidl_typesupport_introspection_c/communication_msgs/msg/detail/task_allocation_array__type_support.c.o[0m
[ 56%] [32m[1mLinking CXX shared library libcommunication_msgs__rosidl_typesupport_c.so[0m
[ 58%] [32mBuilding C object CMakeFiles/communication_msgs__rosidl_typesupport_introspection_c.dir/rosidl_typesupport_introspection_c/communication_msgs/msg/detail/robot_status__type_support.c.o[0m
[ 59%] [32mBuilding C object CMakeFiles/communication_msgs__rosidl_typesupport_introspection_c.dir/rosidl_typesupport_introspection_c/communication_msgs/msg/detail/robot_odom__type_support.c.o[0m
[ 60%] [32mBuilding C object CMakeFiles/communication_msgs__rosidl_typesupport_introspection_c.dir/rosidl_typesupport_introspection_c/communication_msgs/msg/detail/robots__type_support.c.o[0m
[ 60%] Built target communication_msgs__rosidl_typesupport_cpp
[ 62%] [32mBuilding CXX object CMakeFiles/communication_msgs__rosidl_typesupport_introspection_cpp.dir/rosidl_typesupport_introspection_cpp/communication_msgs/msg/detail/task_allocation_array__type_support.cpp.o[0m
[ 63%] [32m[1mLinking C shared library libcommunication_msgs__rosidl_typesupport_introspection_c.so[0m
[ 64%] [32mBuilding CXX object CMakeFiles/communication_msgs__rosidl_typesupport_introspection_cpp.dir/rosidl_typesupport_introspection_cpp/communication_msgs/msg/detail/robot_status__type_support.cpp.o[0m
[ 64%] Built target communication_msgs__rosidl_typesupport_c
[ 65%] [32mBuilding CXX object CMakeFiles/communication_msgs__rosidl_typesupport_fastrtps_cpp.dir/rosidl_typesupport_fastrtps_cpp/communication_msgs/msg/detail/dds_fastrtps/robot_odom__type_support.cpp.o[0m
[ 67%] [32mBuilding CXX object CMakeFiles/communication_msgs__rosidl_typesupport_fastrtps_cpp.dir/rosidl_typesupport_fastrtps_cpp/communication_msgs/msg/detail/dds_fastrtps/robots__type_support.cpp.o[0m
[ 68%] [32mBuilding CXX object CMakeFiles/communication_msgs__rosidl_typesupport_introspection_cpp.dir/rosidl_typesupport_introspection_cpp/communication_msgs/msg/detail/robot_odom__type_support.cpp.o[0m
[ 69%] [32mBuilding CXX object CMakeFiles/communication_msgs__rosidl_typesupport_introspection_cpp.dir/rosidl_typesupport_introspection_cpp/communication_msgs/msg/detail/robots__type_support.cpp.o[0m
[ 70%] [32mBuilding CXX object CMakeFiles/communication_msgs__rosidl_typesupport_fastrtps_c.dir/rosidl_typesupport_fastrtps_c/communication_msgs/msg/detail/task__type_support_c.cpp.o[0m
[ 70%] Built target communication_msgs__rosidl_typesupport_introspection_c
[ 72%] [32mBuilding CXX object CMakeFiles/communication_msgs__rosidl_typesupport_fastrtps_c.dir/rosidl_typesupport_fastrtps_c/communication_msgs/msg/detail/task_allocation_array__type_support_c.cpp.o[0m
[ 73%] [32mBuilding CXX object CMakeFiles/communication_msgs__rosidl_typesupport_fastrtps_c.dir/rosidl_typesupport_fastrtps_c/communication_msgs/msg/detail/task_allocation__type_support_c.cpp.o[0m
[ 74%] [32mBuilding CXX object CMakeFiles/communication_msgs__rosidl_typesupport_fastrtps_c.dir/rosidl_typesupport_fastrtps_c/communication_msgs/msg/detail/robot_status__type_support_c.cpp.o[0m
[ 75%] [32mBuilding CXX object CMakeFiles/communication_msgs__rosidl_typesupport_fastrtps_c.dir/rosidl_typesupport_fastrtps_c/communication_msgs/msg/detail/robot_odom__type_support_c.cpp.o[0m
[ 77%] [32mBuilding CXX object CMakeFiles/communication_msgs__rosidl_typesupport_fastrtps_c.dir/rosidl_typesupport_fastrtps_c/communication_msgs/msg/detail/robots__type_support_c.cpp.o[0m
[ 78%] [32m[1mLinking CXX shared library libcommunication_msgs__rosidl_typesupport_fastrtps_cpp.so[0m
[ 79%] [32m[1mLinking CXX shared library libcommunication_msgs__rosidl_typesupport_fastrtps_c.so[0m
[ 81%] [32m[1mLinking CXX shared library libcommunication_msgs__rosidl_typesupport_introspection_cpp.so[0m
[ 81%] Built target communication_msgs__rosidl_typesupport_fastrtps_cpp
[ 81%] Built target communication_msgs__rosidl_typesupport_fastrtps_c
[ 81%] Built target communication_msgs__rosidl_typesupport_introspection_cpp
[ 81%] Built target communication_msgs
[ 82%] [34m[1mGenerating Python code for ROS interfaces[0m
[ 82%] Built target communication_msgs__py
[ 83%] [32mBuilding C object CMakeFiles/communication_msgs__rosidl_generator_py.dir/rosidl_generator_py/communication_msgs/msg/_task_allocation_s.c.o[0m
[ 84%] [32mBuilding C object CMakeFiles/communication_msgs__rosidl_generator_py.dir/rosidl_generator_py/communication_msgs/msg/_task_s.c.o[0m
[ 86%] [32mBuilding C object CMakeFiles/communication_msgs__rosidl_generator_py.dir/rosidl_generator_py/communication_msgs/msg/_task_allocation_array_s.c.o[0m
[ 87%] [32mBuilding C object CMakeFiles/communication_msgs__rosidl_generator_py.dir/rosidl_generator_py/communication_msgs/msg/_robot_status_s.c.o[0m
[ 88%] [32mBuilding C object CMakeFiles/communication_msgs__rosidl_generator_py.dir/rosidl_generator_py/communication_msgs/msg/_robot_odom_s.c.o[0m
[ 89%] [32mBuilding C object CMakeFiles/communication_msgs__rosidl_generator_py.dir/rosidl_generator_py/communication_msgs/msg/_robot_s.c.o[0m
[ 91%] [32mBuilding C object CMakeFiles/communication_msgs__rosidl_generator_py.dir/rosidl_generator_py/communication_msgs/msg/_robots_s.c.o[0m
[ 92%] [32m[1mLinking C shared library rosidl_generator_py/communication_msgs/libcommunication_msgs__rosidl_generator_py.so[0m
[ 92%] Built target communication_msgs__rosidl_generator_py
[ 93%] [32mBuilding C object CMakeFiles/communication_msgs__rosidl_typesupport_c__pyext.dir/rosidl_generator_py/communication_msgs/_communication_msgs_s.ep.rosidl_typesupport_c.c.o[0m
[ 96%] [32mBuilding C object CMakeFiles/communication_msgs__rosidl_typesupport_fastrtps_c__pyext.dir/rosidl_generator_py/communication_msgs/_communication_msgs_s.ep.rosidl_typesupport_fastrtps_c.c.o[0m
[ 96%] [32mBuilding C object CMakeFiles/communication_msgs__rosidl_typesupport_introspection_c__pyext.dir/rosidl_generator_py/communication_msgs/_communication_msgs_s.ep.rosidl_typesupport_introspection_c.c.o[0m
[ 97%] [32m[1mLinking C shared library rosidl_generator_py/communication_msgs/communication_msgs_s__rosidl_typesupport_fastrtps_c.cpython-310-x86_64-linux-gnu.so[0m
[ 98%] [32m[1mLinking C shared library rosidl_generator_py/communication_msgs/communication_msgs_s__rosidl_typesupport_c.cpython-310-x86_64-linux-gnu.so[0m
[100%] [32m[1mLinking C shared library rosidl_generator_py/communication_msgs/communication_msgs_s__rosidl_typesupport_introspection_c.cpython-310-x86_64-linux-gnu.so[0m
[100%] Built target communication_msgs__rosidl_typesupport_c__pyext
[100%] Built target communication_msgs__rosidl_typesupport_fastrtps_c__pyext
[100%] Built target communication_msgs__rosidl_typesupport_introspection_c__pyext
-- Install configuration: ""
-- Execute custom install script
-- Symlinking: /home/thaoton1910/swarm_robot/algorithm/src/install/communication_msgs/share/ament_index/resource_index/rosidl_interfaces/communication_msgs
-- Symlinking: /home/thaoton1910/swarm_robot/algorithm/src/install/communication_msgs/include/communication_msgs/communication_msgs/msg/detail/robot__functions.h
-- Symlinking: /home/thaoton1910/swarm_robot/algorithm/src/install/communication_msgs/include/communication_msgs/communication_msgs/msg/detail/robot__struct.h
-- Symlinking: /home/thaoton1910/swarm_robot/algorithm/src/install/communication_msgs/include/communication_msgs/communication_msgs/msg/detail/robot__type_support.h
-- Symlinking: /home/thaoton1910/swarm_robot/algorithm/src/install/communication_msgs/include/communication_msgs/communication_msgs/msg/detail/robot_odom__functions.h
-- Symlinking: /home/thaoton1910/swarm_robot/algorithm/src/install/communication_msgs/include/communication_msgs/communication_msgs/msg/detail/robot_odom__struct.h
-- Symlinking: /home/thaoton1910/swarm_robot/algorithm/src/install/communication_msgs/include/communication_msgs/communication_msgs/msg/detail/robot_odom__type_support.h
-- Symlinking: /home/thaoton1910/swarm_robot/algorithm/src/install/communication_msgs/include/communication_msgs/communication_msgs/msg/detail/robot_status__functions.h
-- Symlinking: /home/thaoton1910/swarm_robot/algorithm/src/install/communication_msgs/include/communication_msgs/communication_msgs/msg/detail/robot_status__struct.h
-- Symlinking: /home/thaoton1910/swarm_robot/algorithm/src/install/communication_msgs/include/communication_msgs/communication_msgs/msg/detail/robot_status__type_support.h
-- Symlinking: /home/thaoton1910/swarm_robot/algorithm/src/install/communication_msgs/include/communication_msgs/communication_msgs/msg/detail/robots__functions.h
-- Symlinking: /home/thaoton1910/swarm_robot/algorithm/src/install/communication_msgs/include/communication_msgs/communication_msgs/msg/detail/robots__struct.h
-- Symlinking: /home/thaoton1910/swarm_robot/algorithm/src/install/communication_msgs/include/communication_msgs/communication_msgs/msg/detail/robots__type_support.h
-- Symlinking: /home/thaoton1910/swarm_robot/algorithm/src/install/communication_msgs/include/communication_msgs/communication_msgs/msg/detail/task__functions.h
-- Symlinking: /home/thaoton1910/swarm_robot/algorithm/src/install/communication_msgs/include/communication_msgs/communication_msgs/msg/detail/task__struct.h
-- Symlinking: /home/thaoton1910/swarm_robot/algorithm/src/install/communication_msgs/include/communication_msgs/communication_msgs/msg/detail/task__type_support.h
-- Symlinking: /home/thaoton1910/swarm_robot/algorithm/src/install/communication_msgs/include/communication_msgs/communication_msgs/msg/detail/task_allocation__functions.h
-- Symlinking: /home/thaoton1910/swarm_robot/algorithm/src/install/communication_msgs/include/communication_msgs/communication_msgs/msg/detail/task_allocation__struct.h
-- Symlinking: /home/thaoton1910/swarm_robot/algorithm/src/install/communication_msgs/include/communication_msgs/communication_msgs/msg/detail/task_allocation__type_support.h
-- Symlinking: /home/thaoton1910/swarm_robot/algorithm/src/install/communication_msgs/include/communication_msgs/communication_msgs/msg/detail/task_allocation_array__functions.h
-- Symlinking: /home/thaoton1910/swarm_robot/algorithm/src/install/communication_msgs/include/communication_msgs/communication_msgs/msg/detail/task_allocation_array__struct.h
-- Symlinking: /home/thaoton1910/swarm_robot/algorithm/src/install/communication_msgs/include/communication_msgs/communication_msgs/msg/detail/task_allocation_array__type_support.h
-- Symlinking: /home/thaoton1910/swarm_robot/algorithm/src/install/communication_msgs/include/communication_msgs/communication_msgs/msg/robot.h
-- Symlinking: /home/thaoton1910/swarm_robot/algorithm/src/install/communication_msgs/include/communication_msgs/communication_msgs/msg/robot_odom.h
-- Symlinking: /home/thaoton1910/swarm_robot/algorithm/src/install/communication_msgs/include/communication_msgs/communication_msgs/msg/robot_status.h
-- Symlinking: /home/thaoton1910/swarm_robot/algorithm/src/install/communication_msgs/include/communication_msgs/communication_msgs/msg/robots.h
-- Symlinking: /home/thaoton1910/swarm_robot/algorithm/src/install/communication_msgs/include/communication_msgs/communication_msgs/msg/rosidl_generator_c__visibility_control.h
-- Symlinking: /home/thaoton1910/swarm_robot/algorithm/src/install/communication_msgs/include/communication_msgs/communication_msgs/msg/task.h
-- Symlinking: /home/thaoton1910/swarm_robot/algorithm/src/install/communication_msgs/include/communication_msgs/communication_msgs/msg/task_allocation.h
-- Symlinking: /home/thaoton1910/swarm_robot/algorithm/src/install/communication_msgs/include/communication_msgs/communication_msgs/msg/task_allocation_array.h
-- Symlinking: /home/thaoton1910/swarm_robot/algorithm/src/install/communication_msgs/share/communication_msgs/environment/library_path.sh
-- Symlinking: /home/thaoton1910/swarm_robot/algorithm/src/install/communication_msgs/share/communication_msgs/environment/library_path.dsv
-- Symlinking: /home/thaoton1910/swarm_robot/algorithm/src/install/communication_msgs/include/communication_msgs/communication_msgs/msg/detail/robot__rosidl_typesupport_fastrtps_c.h
-- Symlinking: /home/thaoton1910/swarm_robot/algorithm/src/install/communication_msgs/include/communication_msgs/communication_msgs/msg/detail/robot_odom__rosidl_typesupport_fastrtps_c.h
-- Symlinking: /home/thaoton1910/swarm_robot/algorithm/src/install/communication_msgs/include/communication_msgs/communication_msgs/msg/detail/robot_status__rosidl_typesupport_fastrtps_c.h
-- Symlinking: /home/thaoton1910/swarm_robot/algorithm/src/install/communication_msgs/include/communication_msgs/communication_msgs/msg/detail/robots__rosidl_typesupport_fastrtps_c.h
-- Symlinking: /home/thaoton1910/swarm_robot/algorithm/src/install/communication_msgs/include/communication_msgs/communication_msgs/msg/detail/task__rosidl_typesupport_fastrtps_c.h
-- Symlinking: /home/thaoton1910/swarm_robot/algorithm/src/install/communication_msgs/include/communication_msgs/communication_msgs/msg/detail/task_allocation__rosidl_typesupport_fastrtps_c.h
-- Symlinking: /home/thaoton1910/swarm_robot/algorithm/src/install/communication_msgs/include/communication_msgs/communication_msgs/msg/detail/task_allocation_array__rosidl_typesupport_fastrtps_c.h
-- Symlinking: /home/thaoton1910/swarm_robot/algorithm/src/install/communication_msgs/include/communication_msgs/communication_msgs/msg/rosidl_typesupport_fastrtps_c__visibility_control.h
-- Symlinking: /home/thaoton1910/swarm_robot/algorithm/src/install/communication_msgs/include/communication_msgs/communication_msgs/msg/detail/robot__rosidl_typesupport_introspection_c.h
-- Symlinking: /home/thaoton1910/swarm_robot/algorithm/src/install/communication_msgs/include/communication_msgs/communication_msgs/msg/detail/robot_odom__rosidl_typesupport_introspection_c.h
-- Symlinking: /home/thaoton1910/swarm_robot/algorithm/src/install/communication_msgs/include/communication_msgs/communication_msgs/msg/detail/robot_status__rosidl_typesupport_introspection_c.h
-- Symlinking: /home/thaoton1910/swarm_robot/algorithm/src/install/communication_msgs/include/communication_msgs/communication_msgs/msg/detail/robots__rosidl_typesupport_introspection_c.h
-- Symlinking: /home/thaoton1910/swarm_robot/algorithm/src/install/communication_msgs/include/communication_msgs/communication_msgs/msg/detail/task__rosidl_typesupport_introspection_c.h
-- Symlinking: /home/thaoton1910/swarm_robot/algorithm/src/install/communication_msgs/include/communication_msgs/communication_msgs/msg/detail/task_allocation__rosidl_typesupport_introspection_c.h
-- Symlinking: /home/thaoton1910/swarm_robot/algorithm/src/install/communication_msgs/include/communication_msgs/communication_msgs/msg/detail/task_allocation_array__rosidl_typesupport_introspection_c.h
-- Symlinking: /home/thaoton1910/swarm_robot/algorithm/src/install/communication_msgs/include/communication_msgs/communication_msgs/msg/rosidl_typesupport_introspection_c__visibility_control.h
-- Symlinking: /home/thaoton1910/swarm_robot/algorithm/src/install/communication_msgs/include/communication_msgs/communication_msgs/msg/detail/robot__builder.hpp
-- Symlinking: /home/thaoton1910/swarm_robot/algorithm/src/install/communication_msgs/include/communication_msgs/communication_msgs/msg/detail/robot__struct.hpp
-- Symlinking: /home/thaoton1910/swarm_robot/algorithm/src/install/communication_msgs/include/communication_msgs/communication_msgs/msg/detail/robot__traits.hpp
-- Symlinking: /home/thaoton1910/swarm_robot/algorithm/src/install/communication_msgs/include/communication_msgs/communication_msgs/msg/detail/robot__type_support.hpp
-- Symlinking: /home/thaoton1910/swarm_robot/algorithm/src/install/communication_msgs/include/communication_msgs/communication_msgs/msg/detail/robot_odom__builder.hpp
-- Symlinking: /home/thaoton1910/swarm_robot/algorithm/src/install/communication_msgs/include/communication_msgs/communication_msgs/msg/detail/robot_odom__struct.hpp
-- Symlinking: /home/thaoton1910/swarm_robot/algorithm/src/install/communication_msgs/include/communication_msgs/communication_msgs/msg/detail/robot_odom__traits.hpp
-- Symlinking: /home/thaoton1910/swarm_robot/algorithm/src/install/communication_msgs/include/communication_msgs/communication_msgs/msg/detail/robot_odom__type_support.hpp
-- Symlinking: /home/thaoton1910/swarm_robot/algorithm/src/install/communication_msgs/include/communication_msgs/communication_msgs/msg/detail/robot_status__builder.hpp
-- Symlinking: /home/thaoton1910/swarm_robot/algorithm/src/install/communication_msgs/include/communication_msgs/communication_msgs/msg/detail/robot_status__struct.hpp
-- Symlinking: /home/thaoton1910/swarm_robot/algorithm/src/install/communication_msgs/include/communication_msgs/communication_msgs/msg/detail/robot_status__traits.hpp
-- Symlinking: /home/thaoton1910/swarm_robot/algorithm/src/install/communication_msgs/include/communication_msgs/communication_msgs/msg/detail/robot_status__type_support.hpp
-- Symlinking: /home/thaoton1910/swarm_robot/algorithm/src/install/communication_msgs/include/communication_msgs/communication_msgs/msg/detail/robots__builder.hpp
-- Symlinking: /home/thaoton1910/swarm_robot/algorithm/src/install/communication_msgs/include/communication_msgs/communication_msgs/msg/detail/robots__struct.hpp
-- Symlinking: /home/thaoton1910/swarm_robot/algorithm/src/install/communication_msgs/include/communication_msgs/communication_msgs/msg/detail/robots__traits.hpp
-- Symlinking: /home/thaoton1910/swarm_robot/algorithm/src/install/communication_msgs/include/communication_msgs/communication_msgs/msg/detail/robots__type_support.hpp
-- Symlinking: /home/thaoton1910/swarm_robot/algorithm/src/install/communication_msgs/include/communication_msgs/communication_msgs/msg/detail/task__builder.hpp
-- Symlinking: /home/thaoton1910/swarm_robot/algorithm/src/install/communication_msgs/include/communication_msgs/communication_msgs/msg/detail/task__struct.hpp
-- Symlinking: /home/thaoton1910/swarm_robot/algorithm/src/install/communication_msgs/include/communication_msgs/communication_msgs/msg/detail/task__traits.hpp
-- Symlinking: /home/thaoton1910/swarm_robot/algorithm/src/install/communication_msgs/include/communication_msgs/communication_msgs/msg/detail/task__type_support.hpp
-- Symlinking: /home/thaoton1910/swarm_robot/algorithm/src/install/communication_msgs/include/communication_msgs/communication_msgs/msg/detail/task_allocation__builder.hpp
-- Symlinking: /home/thaoton1910/swarm_robot/algorithm/src/install/communication_msgs/include/communication_msgs/communication_msgs/msg/detail/task_allocation__struct.hpp
-- Symlinking: /home/thaoton1910/swarm_robot/algorithm/src/install/communication_msgs/include/communication_msgs/communication_msgs/msg/detail/task_allocation__traits.hpp
-- Symlinking: /home/thaoton1910/swarm_robot/algorithm/src/install/communication_msgs/include/communication_msgs/communication_msgs/msg/detail/task_allocation__type_support.hpp
-- Symlinking: /home/thaoton1910/swarm_robot/algorithm/src/install/communication_msgs/include/communication_msgs/communication_msgs/msg/detail/task_allocation_array__builder.hpp
-- Symlinking: /home/thaoton1910/swarm_robot/algorithm/src/install/communication_msgs/include/communication_msgs/communication_msgs/msg/detail/task_allocation_array__struct.hpp
-- Symlinking: /home/thaoton1910/swarm_robot/algorithm/src/install/communication_msgs/include/communication_msgs/communication_msgs/msg/detail/task_allocation_array__traits.hpp
-- Symlinking: /home/thaoton1910/swarm_robot/algorithm/src/install/communication_msgs/include/communication_msgs/communication_msgs/msg/detail/task_allocation_array__type_support.hpp
-- Symlinking: /home/thaoton1910/swarm_robot/algorithm/src/install/communication_msgs/include/communication_msgs/communication_msgs/msg/robot.hpp
-- Symlinking: /home/thaoton1910/swarm_robot/algorithm/src/install/communication_msgs/include/communication_msgs/communication_msgs/msg/robot_odom.hpp
-- Symlinking: /home/thaoton1910/swarm_robot/algorithm/src/install/communication_msgs/include/communication_msgs/communication_msgs/msg/robot_status.hpp
-- Symlinking: /home/thaoton1910/swarm_robot/algorithm/src/install/communication_msgs/include/communication_msgs/communication_msgs/msg/robots.hpp
-- Symlinking: /home/thaoton1910/swarm_robot/algorithm/src/install/communication_msgs/include/communication_msgs/communication_msgs/msg/rosidl_generator_cpp__visibility_control.hpp
-- Symlinking: /home/thaoton1910/swarm_robot/algorithm/src/install/communication_msgs/include/communication_msgs/communication_msgs/msg/task.hpp
-- Symlinking: /home/thaoton1910/swarm_robot/algorithm/src/install/communication_msgs/include/communication_msgs/communication_msgs/msg/task_allocation.hpp
-- Symlinking: /home/thaoton1910/swarm_robot/algorithm/src/install/communication_msgs/include/communication_msgs/communication_msgs/msg/task_allocation_array.hpp
-- Symlinking: /home/thaoton1910/swarm_robot/algorithm/src/install/communication_msgs/include/communication_msgs/communication_msgs/msg/detail/robot__rosidl_typesupport_fastrtps_cpp.hpp
-- Symlinking: /home/thaoton1910/swarm_robot/algorithm/src/install/communication_msgs/include/communication_msgs/communication_msgs/msg/detail/robot_odom__rosidl_typesupport_fastrtps_cpp.hpp
-- Symlinking: /home/thaoton1910/swarm_robot/algorithm/src/install/communication_msgs/include/communication_msgs/communication_msgs/msg/detail/robot_status__rosidl_typesupport_fastrtps_cpp.hpp
-- Symlinking: /home/thaoton1910/swarm_robot/algorithm/src/install/communication_msgs/include/communication_msgs/communication_msgs/msg/detail/robots__rosidl_typesupport_fastrtps_cpp.hpp
-- Symlinking: /home/thaoton1910/swarm_robot/algorithm/src/install/communication_msgs/include/communication_msgs/communication_msgs/msg/detail/task__rosidl_typesupport_fastrtps_cpp.hpp
-- Symlinking: /home/thaoton1910/swarm_robot/algorithm/src/install/communication_msgs/include/communication_msgs/communication_msgs/msg/detail/task_allocation__rosidl_typesupport_fastrtps_cpp.hpp
-- Symlinking: /home/thaoton1910/swarm_robot/algorithm/src/install/communication_msgs/include/communication_msgs/communication_msgs/msg/detail/task_allocation_array__rosidl_typesupport_fastrtps_cpp.hpp
-- Symlinking: /home/thaoton1910/swarm_robot/algorithm/src/install/communication_msgs/include/communication_msgs/communication_msgs/msg/rosidl_typesupport_fastrtps_cpp__visibility_control.h
-- Symlinking: /home/thaoton1910/swarm_robot/algorithm/src/install/communication_msgs/include/communication_msgs/communication_msgs/msg/detail/robot__rosidl_typesupport_introspection_cpp.hpp
-- Symlinking: /home/thaoton1910/swarm_robot/algorithm/src/install/communication_msgs/include/communication_msgs/communication_msgs/msg/detail/robot_odom__rosidl_typesupport_introspection_cpp.hpp
-- Symlinking: /home/thaoton1910/swarm_robot/algorithm/src/install/communication_msgs/include/communication_msgs/communication_msgs/msg/detail/robot_status__rosidl_typesupport_introspection_cpp.hpp
-- Symlinking: /home/thaoton1910/swarm_robot/algorithm/src/install/communication_msgs/include/communication_msgs/communication_msgs/msg/detail/robots__rosidl_typesupport_introspection_cpp.hpp
-- Symlinking: /home/thaoton1910/swarm_robot/algorithm/src/install/communication_msgs/include/communication_msgs/communication_msgs/msg/detail/task__rosidl_typesupport_introspection_cpp.hpp
-- Symlinking: /home/thaoton1910/swarm_robot/algorithm/src/install/communication_msgs/include/communication_msgs/communication_msgs/msg/detail/task_allocation__rosidl_typesupport_introspection_cpp.hpp
-- Symlinking: /home/thaoton1910/swarm_robot/algorithm/src/install/communication_msgs/include/communication_msgs/communication_msgs/msg/detail/task_allocation_array__rosidl_typesupport_introspection_cpp.hpp
-- Symlinking: /home/thaoton1910/swarm_robot/algorithm/src/install/communication_msgs/share/communication_msgs/environment/pythonpath.sh
-- Symlinking: /home/thaoton1910/swarm_robot/algorithm/src/install/communication_msgs/share/communication_msgs/environment/pythonpath.dsv
-- Symlinking: /home/thaoton1910/swarm_robot/algorithm/src/install/communication_msgs/local/lib/python3.10/dist-packages/communication_msgs-0.0.0-py3.10.egg-info/PKG-INFO
-- Symlinking: /home/thaoton1910/swarm_robot/algorithm/src/install/communication_msgs/local/lib/python3.10/dist-packages/communication_msgs-0.0.0-py3.10.egg-info/SOURCES.txt
-- Symlinking: /home/thaoton1910/swarm_robot/algorithm/src/install/communication_msgs/local/lib/python3.10/dist-packages/communication_msgs-0.0.0-py3.10.egg-info/dependency_links.txt
-- Symlinking: /home/thaoton1910/swarm_robot/algorithm/src/install/communication_msgs/local/lib/python3.10/dist-packages/communication_msgs-0.0.0-py3.10.egg-info/top_level.txt
-- Symlinking: /home/thaoton1910/swarm_robot/algorithm/src/install/communication_msgs/local/lib/python3.10/dist-packages/communication_msgs/__init__.py
-- Symlinking: /home/thaoton1910/swarm_robot/algorithm/src/install/communication_msgs/local/lib/python3.10/dist-packages/communication_msgs/_communication_msgs_s.ep.rosidl_typesupport_c.c
-- Symlinking: /home/thaoton1910/swarm_robot/algorithm/src/install/communication_msgs/local/lib/python3.10/dist-packages/communication_msgs/_communication_msgs_s.ep.rosidl_typesupport_fastrtps_c.c
-- Symlinking: /home/thaoton1910/swarm_robot/algorithm/src/install/communication_msgs/local/lib/python3.10/dist-packages/communication_msgs/_communication_msgs_s.ep.rosidl_typesupport_introspection_c.c
-- Symlinking: /home/thaoton1910/swarm_robot/algorithm/src/install/communication_msgs/local/lib/python3.10/dist-packages/communication_msgs/communication_msgs_s__rosidl_typesupport_c.cpython-310-x86_64-linux-gnu.so
-- Symlinking: /home/thaoton1910/swarm_robot/algorithm/src/install/communication_msgs/local/lib/python3.10/dist-packages/communication_msgs/communication_msgs_s__rosidl_typesupport_fastrtps_c.cpython-310-x86_64-linux-gnu.so
-- Symlinking: /home/thaoton1910/swarm_robot/algorithm/src/install/communication_msgs/local/lib/python3.10/dist-packages/communication_msgs/communication_msgs_s__rosidl_typesupport_introspection_c.cpython-310-x86_64-linux-gnu.so
-- Symlinking: /home/thaoton1910/swarm_robot/algorithm/src/install/communication_msgs/local/lib/python3.10/dist-packages/communication_msgs/libcommunication_msgs__rosidl_generator_py.so
-- Symlinking: /home/thaoton1910/swarm_robot/algorithm/src/install/communication_msgs/local/lib/python3.10/dist-packages/communication_msgs/msg/__init__.py
-- Symlinking: /home/thaoton1910/swarm_robot/algorithm/src/install/communication_msgs/local/lib/python3.10/dist-packages/communication_msgs/msg/_robot.py
-- Symlinking: /home/thaoton1910/swarm_robot/algorithm/src/install/communication_msgs/local/lib/python3.10/dist-packages/communication_msgs/msg/_robot_odom.py
-- Symlinking: /home/thaoton1910/swarm_robot/algorithm/src/install/communication_msgs/local/lib/python3.10/dist-packages/communication_msgs/msg/_robot_odom_s.c
-- Symlinking: /home/thaoton1910/swarm_robot/algorithm/src/install/communication_msgs/local/lib/python3.10/dist-packages/communication_msgs/msg/_robot_s.c
-- Symlinking: /home/thaoton1910/swarm_robot/algorithm/src/install/communication_msgs/local/lib/python3.10/dist-packages/communication_msgs/msg/_robot_status.py
-- Symlinking: /home/thaoton1910/swarm_robot/algorithm/src/install/communication_msgs/local/lib/python3.10/dist-packages/communication_msgs/msg/_robot_status_s.c
-- Symlinking: /home/thaoton1910/swarm_robot/algorithm/src/install/communication_msgs/local/lib/python3.10/dist-packages/communication_msgs/msg/_robots.py
-- Symlinking: /home/thaoton1910/swarm_robot/algorithm/src/install/communication_msgs/local/lib/python3.10/dist-packages/communication_msgs/msg/_robots_s.c
-- Symlinking: /home/thaoton1910/swarm_robot/algorithm/src/install/communication_msgs/local/lib/python3.10/dist-packages/communication_msgs/msg/_task.py
-- Symlinking: /home/thaoton1910/swarm_robot/algorithm/src/install/communication_msgs/local/lib/python3.10/dist-packages/communication_msgs/msg/_task_allocation.py
-- Symlinking: /home/thaoton1910/swarm_robot/algorithm/src/install/communication_msgs/local/lib/python3.10/dist-packages/communication_msgs/msg/_task_allocation_array.py
-- Symlinking: /home/thaoton1910/swarm_robot/algorithm/src/install/communication_msgs/local/lib/python3.10/dist-packages/communication_msgs/msg/_task_allocation_array_s.c
-- Symlinking: /home/thaoton1910/swarm_robot/algorithm/src/install/communication_msgs/local/lib/python3.10/dist-packages/communication_msgs/msg/_task_allocation_s.c
-- Symlinking: /home/thaoton1910/swarm_robot/algorithm/src/install/communication_msgs/local/lib/python3.10/dist-packages/communication_msgs/msg/_task_s.c
-- Up-to-date symlink: /home/thaoton1910/swarm_robot/algorithm/src/install/communication_msgs/local/lib/python3.10/dist-packages/communication_msgs/communication_msgs_s__rosidl_typesupport_fastrtps_c.cpython-310-x86_64-linux-gnu.so
-- Up-to-date symlink: /home/thaoton1910/swarm_robot/algorithm/src/install/communication_msgs/local/lib/python3.10/dist-packages/communication_msgs/communication_msgs_s__rosidl_typesupport_introspection_c.cpython-310-x86_64-linux-gnu.so
-- Up-to-date symlink: /home/thaoton1910/swarm_robot/algorithm/src/install/communication_msgs/local/lib/python3.10/dist-packages/communication_msgs/communication_msgs_s__rosidl_typesupport_c.cpython-310-x86_64-linux-gnu.so
-- Symlinking: /home/thaoton1910/swarm_robot/algorithm/src/install/communication_msgs/share/communication_msgs/msg/Robot.idl
-- Symlinking: /home/thaoton1910/swarm_robot/algorithm/src/install/communication_msgs/share/communication_msgs/msg/Task.idl
-- Symlinking: /home/thaoton1910/swarm_robot/algorithm/src/install/communication_msgs/share/communication_msgs/msg/TaskAllocation.idl
-- Symlinking: /home/thaoton1910/swarm_robot/algorithm/src/install/communication_msgs/share/communication_msgs/msg/TaskAllocationArray.idl
-- Symlinking: /home/thaoton1910/swarm_robot/algorithm/src/install/communication_msgs/share/communication_msgs/msg/RobotStatus.idl
-- Symlinking: /home/thaoton1910/swarm_robot/algorithm/src/install/communication_msgs/share/communication_msgs/msg/RobotOdom.idl
-- Symlinking: /home/thaoton1910/swarm_robot/algorithm/src/install/communication_msgs/share/communication_msgs/msg/Robots.idl
-- Symlinking: /home/thaoton1910/swarm_robot/algorithm/src/install/communication_msgs/share/communication_msgs/msg/Robot.msg
-- Symlinking: /home/thaoton1910/swarm_robot/algorithm/src/install/communication_msgs/share/communication_msgs/msg/Task.msg
-- Symlinking: /home/thaoton1910/swarm_robot/algorithm/src/install/communication_msgs/share/communication_msgs/msg/TaskAllocation.msg
-- Symlinking: /home/thaoton1910/swarm_robot/algorithm/src/install/communication_msgs/share/communication_msgs/msg/TaskAllocationArray.msg
-- Symlinking: /home/thaoton1910/swarm_robot/algorithm/src/install/communication_msgs/share/communication_msgs/msg/RobotStatus.msg
-- Symlinking: /home/thaoton1910/swarm_robot/algorithm/src/install/communication_msgs/share/communication_msgs/msg/RobotOdom.msg
-- Symlinking: /home/thaoton1910/swarm_robot/algorithm/src/install/communication_msgs/share/communication_msgs/msg/Robots.msg
-- Symlinking: /home/thaoton1910/swarm_robot/algorithm/src/install/communication_msgs/share/ament_index/resource_index/package_run_dependencies/communication_msgs
-- Symlinking: /home/thaoton1910/swarm_robot/algorithm/src/install/communication_msgs/share/ament_index/resource_index/parent_prefix_path/communication_msgs
-- Symlinking: /home/thaoton1910/swarm_robot/algorithm/src/install/communication_msgs/share/communication_msgs/environment/ament_prefix_path.sh
-- Symlinking: /home/thaoton1910/swarm_robot/algorithm/src/install/communication_msgs/share/communication_msgs/environment/ament_prefix_path.dsv
-- Symlinking: /home/thaoton1910/swarm_robot/algorithm/src/install/communication_msgs/share/communication_msgs/environment/path.sh
-- Symlinking: /home/thaoton1910/swarm_robot/algorithm/src/install/communication_msgs/share/communication_msgs/environment/path.dsv
-- Symlinking: /home/thaoton1910/swarm_robot/algorithm/src/install/communication_msgs/share/communication_msgs/local_setup.bash
-- Symlinking: /home/thaoton1910/swarm_robot/algorithm/src/install/communication_msgs/share/communication_msgs/local_setup.sh
-- Symlinking: /home/thaoton1910/swarm_robot/algorithm/src/install/communication_msgs/share/communication_msgs/local_setup.zsh
-- Symlinking: /home/thaoton1910/swarm_robot/algorithm/src/install/communication_msgs/share/communication_msgs/local_setup.dsv
-- Symlinking: /home/thaoton1910/swarm_robot/algorithm/src/install/communication_msgs/share/communication_msgs/package.dsv
-- Symlinking: /home/thaoton1910/swarm_robot/algorithm/src/install/communication_msgs/share/ament_index/resource_index/packages/communication_msgs
-- Symlinking: /home/thaoton1910/swarm_robot/algorithm/src/install/communication_msgs/share/communication_msgs/cmake/rosidl_cmake-extras.cmake
-- Symlinking: /home/thaoton1910/swarm_robot/algorithm/src/install/communication_msgs/share/communication_msgs/cmake/ament_cmake_export_dependencies-extras.cmake
-- Symlinking: /home/thaoton1910/swarm_robot/algorithm/src/install/communication_msgs/share/communication_msgs/cmake/ament_cmake_export_include_directories-extras.cmake
-- Symlinking: /home/thaoton1910/swarm_robot/algorithm/src/install/communication_msgs/share/communication_msgs/cmake/ament_cmake_export_libraries-extras.cmake
-- Symlinking: /home/thaoton1910/swarm_robot/algorithm/src/install/communication_msgs/share/communication_msgs/cmake/ament_cmake_export_targets-extras.cmake
-- Symlinking: /home/thaoton1910/swarm_robot/algorithm/src/install/communication_msgs/share/communication_msgs/cmake/rosidl_cmake_export_typesupport_targets-extras.cmake
-- Symlinking: /home/thaoton1910/swarm_robot/algorithm/src/install/communication_msgs/share/communication_msgs/cmake/rosidl_cmake_export_typesupport_libraries-extras.cmake
-- Symlinking: /home/thaoton1910/swarm_robot/algorithm/src/install/communication_msgs/share/communication_msgs/cmake/communication_msgsConfig.cmake
-- Symlinking: /home/thaoton1910/swarm_robot/algorithm/src/install/communication_msgs/share/communication_msgs/cmake/communication_msgsConfig-version.cmake
-- Symlinking: /home/thaoton1910/swarm_robot/algorithm/src/install/communication_msgs/share/communication_msgs/package.xml
-- Installing: /home/thaoton1910/swarm_robot/algorithm/src/install/communication_msgs/lib/libcommunication_msgs__rosidl_generator_c.so
-- Set runtime path of "/home/thaoton1910/swarm_robot/algorithm/src/install/communication_msgs/lib/libcommunication_msgs__rosidl_generator_c.so" to ""
-- Installing: /home/thaoton1910/swarm_robot/algorithm/src/install/communication_msgs/lib/libcommunication_msgs__rosidl_typesupport_fastrtps_c.so
-- Set runtime path of "/home/thaoton1910/swarm_robot/algorithm/src/install/communication_msgs/lib/libcommunication_msgs__rosidl_typesupport_fastrtps_c.so" to ""
-- Installing: /home/thaoton1910/swarm_robot/algorithm/src/install/communication_msgs/lib/libcommunication_msgs__rosidl_typesupport_introspection_c.so
-- Set runtime path of "/home/thaoton1910/swarm_robot/algorithm/src/install/communication_msgs/lib/libcommunication_msgs__rosidl_typesupport_introspection_c.so" to ""
-- Installing: /home/thaoton1910/swarm_robot/algorithm/src/install/communication_msgs/lib/libcommunication_msgs__rosidl_typesupport_c.so
-- Set runtime path of "/home/thaoton1910/swarm_robot/algorithm/src/install/communication_msgs/lib/libcommunication_msgs__rosidl_typesupport_c.so" to ""
-- Installing: /home/thaoton1910/swarm_robot/algorithm/src/install/communication_msgs/lib/libcommunication_msgs__rosidl_typesupport_fastrtps_cpp.so
-- Set runtime path of "/home/thaoton1910/swarm_robot/algorithm/src/install/communication_msgs/lib/libcommunication_msgs__rosidl_typesupport_fastrtps_cpp.so" to ""
-- Installing: /home/thaoton1910/swarm_robot/algorithm/src/install/communication_msgs/lib/libcommunication_msgs__rosidl_typesupport_introspection_cpp.so
-- Set runtime path of "/home/thaoton1910/swarm_robot/algorithm/src/install/communication_msgs/lib/libcommunication_msgs__rosidl_typesupport_introspection_cpp.so" to ""
-- Installing: /home/thaoton1910/swarm_robot/algorithm/src/install/communication_msgs/lib/libcommunication_msgs__rosidl_typesupport_cpp.so
-- Set runtime path of "/home/thaoton1910/swarm_robot/algorithm/src/install/communication_msgs/lib/libcommunication_msgs__rosidl_typesupport_cpp.so" to ""
Listing '/home/thaoton1910/swarm_robot/algorithm/src/install/communication_msgs/local/lib/python3.10/dist-packages/communication_msgs'...
Compiling '/home/thaoton1910/swarm_robot/algorithm/src/install/communication_msgs/local/lib/python3.10/dist-packages/communication_msgs/__init__.py'...
Listing '/home/thaoton1910/swarm_robot/algorithm/src/install/communication_msgs/local/lib/python3.10/dist-packages/communication_msgs/msg'...
Compiling '/home/thaoton1910/swarm_robot/algorithm/src/install/communication_msgs/local/lib/python3.10/dist-packages/communication_msgs/msg/__init__.py'...
Compiling '/home/thaoton1910/swarm_robot/algorithm/src/install/communication_msgs/local/lib/python3.10/dist-packages/communication_msgs/msg/_robot.py'...
Compiling '/home/thaoton1910/swarm_robot/algorithm/src/install/communication_msgs/local/lib/python3.10/dist-packages/communication_msgs/msg/_robot_odom.py'...
Compiling '/home/thaoton1910/swarm_robot/algorithm/src/install/communication_msgs/local/lib/python3.10/dist-packages/communication_msgs/msg/_robot_status.py'...
Compiling '/home/thaoton1910/swarm_robot/algorithm/src/install/communication_msgs/local/lib/python3.10/dist-packages/communication_msgs/msg/_robots.py'...
Compiling '/home/thaoton1910/swarm_robot/algorithm/src/install/communication_msgs/local/lib/python3.10/dist-packages/communication_msgs/msg/_task.py'...
Compiling '/home/thaoton1910/swarm_robot/algorithm/src/install/communication_msgs/local/lib/python3.10/dist-packages/communication_msgs/msg/_task_allocation.py'...
Compiling '/home/thaoton1910/swarm_robot/algorithm/src/install/communication_msgs/local/lib/python3.10/dist-packages/communication_msgs/msg/_task_allocation_array.py'...
-- Installing: /home/thaoton1910/swarm_robot/algorithm/src/install/communication_msgs/lib/libcommunication_msgs__rosidl_generator_py.so
-- Set runtime path of "/home/thaoton1910/swarm_robot/algorithm/src/install/communication_msgs/lib/libcommunication_msgs__rosidl_generator_py.so" to ""
-- Installing: /home/thaoton1910/swarm_robot/algorithm/src/install/communication_msgs/share/communication_msgs/cmake/export_communication_msgs__rosidl_generator_cExport.cmake
-- Installing: /home/thaoton1910/swarm_robot/algorithm/src/install/communication_msgs/share/communication_msgs/cmake/export_communication_msgs__rosidl_generator_cExport-noconfig.cmake
-- Installing: /home/thaoton1910/swarm_robot/algorithm/src/install/communication_msgs/share/communication_msgs/cmake/export_communication_msgs__rosidl_typesupport_fastrtps_cExport.cmake
-- Installing: /home/thaoton1910/swarm_robot/algorithm/src/install/communication_msgs/share/communication_msgs/cmake/export_communication_msgs__rosidl_typesupport_fastrtps_cExport-noconfig.cmake
-- Installing: /home/thaoton1910/swarm_robot/algorithm/src/install/communication_msgs/share/communication_msgs/cmake/communication_msgs__rosidl_typesupport_introspection_cExport.cmake
-- Installing: /home/thaoton1910/swarm_robot/algorithm/src/install/communication_msgs/share/communication_msgs/cmake/communication_msgs__rosidl_typesupport_introspection_cExport-noconfig.cmake
-- Installing: /home/thaoton1910/swarm_robot/algorithm/src/install/communication_msgs/share/communication_msgs/cmake/communication_msgs__rosidl_typesupport_cExport.cmake
-- Installing: /home/thaoton1910/swarm_robot/algorithm/src/install/communication_msgs/share/communication_msgs/cmake/communication_msgs__rosidl_typesupport_cExport-noconfig.cmake
-- Installing: /home/thaoton1910/swarm_robot/algorithm/src/install/communication_msgs/share/communication_msgs/cmake/export_communication_msgs__rosidl_generator_cppExport.cmake
-- Installing: /home/thaoton1910/swarm_robot/algorithm/src/install/communication_msgs/share/communication_msgs/cmake/export_communication_msgs__rosidl_typesupport_fastrtps_cppExport.cmake
-- Installing: /home/thaoton1910/swarm_robot/algorithm/src/install/communication_msgs/share/communication_msgs/cmake/export_communication_msgs__rosidl_typesupport_fastrtps_cppExport-noconfig.cmake
-- Installing: /home/thaoton1910/swarm_robot/algorithm/src/install/communication_msgs/share/communication_msgs/cmake/communication_msgs__rosidl_typesupport_introspection_cppExport.cmake
-- Installing: /home/thaoton1910/swarm_robot/algorithm/src/install/communication_msgs/share/communication_msgs/cmake/communication_msgs__rosidl_typesupport_introspection_cppExport-noconfig.cmake
-- Installing: /home/thaoton1910/swarm_robot/algorithm/src/install/communication_msgs/share/communication_msgs/cmake/communication_msgs__rosidl_typesupport_cppExport.cmake
-- Installing: /home/thaoton1910/swarm_robot/algorithm/src/install/communication_msgs/share/communication_msgs/cmake/communication_msgs__rosidl_typesupport_cppExport-noconfig.cmake
-- Installing: /home/thaoton1910/swarm_robot/algorithm/src/install/communication_msgs/share/communication_msgs/cmake/export_communication_msgs__rosidl_generator_pyExport.cmake
-- Installing: /home/thaoton1910/swarm_robot/algorithm/src/install/communication_msgs/share/communication_msgs/cmake/export_communication_msgs__rosidl_generator_pyExport-noconfig.cmake
