[0.910s] Invoking command in '/home/irs/swarm_robot/algorithm/src/algorithm': PYTHONPATH=/home/irs/swarm_robot/algorithm/build/algorithm/prefix_override:/usr/lib/python3/dist-packages/colcon_core/task/python/colcon_distutils_commands:/home/irs/swarm_robot/algorithm/install/algorithm/lib/python3.8/site-packages:${PYTHONPATH} /usr/bin/python3 -W ignore:setup.py install is deprecated setup.py egg_info --egg-base ../../build/algorithm build --build-base /home/irs/swarm_robot/algorithm/build/algorithm/build install --record /home/irs/swarm_robot/algorithm/build/algorithm/install.log --install-scripts $base/lib/algorithm --single-version-externally-managed install_data
[1.174s] running egg_info
[1.175s] writing ../../build/algorithm/algorithm.egg-info/PKG-INFO
[1.176s] writing dependency_links to ../../build/algorithm/algorithm.egg-info/dependency_links.txt
[1.176s] writing entry points to ../../build/algorithm/algorithm.egg-info/entry_points.txt
[1.176s] writing requirements to ../../build/algorithm/algorithm.egg-info/requires.txt
[1.176s] writing top-level names to ../../build/algorithm/algorithm.egg-info/top_level.txt
[1.207s] reading manifest file '../../build/algorithm/algorithm.egg-info/SOURCES.txt'
[1.209s] writing manifest file '../../build/algorithm/algorithm.egg-info/SOURCES.txt'
[1.209s] running build
[1.209s] running build_py
[1.209s] running install
[1.210s] running install_lib
[1.211s] running install_data
[1.212s] running install_egg_info
[1.215s] removing '/home/irs/swarm_robot/algorithm/install/algorithm/lib/python3.8/site-packages/algorithm-0.0.0-py3.8.egg-info' (and everything under it)
[1.216s] Copying ../../build/algorithm/algorithm.egg-info to /home/irs/swarm_robot/algorithm/install/algorithm/lib/python3.8/site-packages/algorithm-0.0.0-py3.8.egg-info
[1.216s] running install_scripts
[1.233s] writing list of installed files to '/home/irs/swarm_robot/algorithm/build/algorithm/install.log'
[1.256s] Invoked command in '/home/irs/swarm_robot/algorithm/src/algorithm' returned '0': PYTHONPATH=/home/irs/swarm_robot/algorithm/build/algorithm/prefix_override:/usr/lib/python3/dist-packages/colcon_core/task/python/colcon_distutils_commands:/home/irs/swarm_robot/algorithm/install/algorithm/lib/python3.8/site-packages:${PYTHONPATH} /usr/bin/python3 -W ignore:setup.py install is deprecated setup.py egg_info --egg-base ../../build/algorithm build --build-base /home/irs/swarm_robot/algorithm/build/algorithm/build install --record /home/irs/swarm_robot/algorithm/build/algorithm/install.log --install-scripts $base/lib/algorithm --single-version-externally-managed install_data
