[0.546s] DEBUG:colcon:Command line arguments: ['/usr/bin/colcon', 'build', '--symlink-install']
[0.546s] DEBUG:colcon:Parsed command line arguments: Namespace(allow_overriding=[], ament_cmake_args=None, base_paths=['.'], build_base='build', catkin_cmake_args=None, catkin_skip_building_tests=False, cmake_args=None, cmake_clean_cache=False, cmake_clean_first=False, cmake_force_configure=False, cmake_target=None, cmake_target_skip_unavailable=False, continue_on_error=False, event_handlers=None, executor='parallel', ignore_user_meta=False, install_base='install', log_base=None, log_level=None, main=<bound method BuildVerb.main of <colcon_core.verb.build.BuildVerb object at 0x7f25e5750d00>>, merge_install=False, metas=['./colcon.meta'], packages_above=None, packages_above_and_dependencies=None, packages_above_depth=None, packages_end=None, packages_ignore=None, packages_ignore_regex=None, packages_select=None, packages_select_build_failed=False, packages_select_by_dep=None, packages_select_regex=None, packages_select_test_failures=False, packages_skip=None, packages_skip_build_finished=False, packages_skip_by_dep=None, packages_skip_regex=None, packages_skip_test_passed=False, packages_skip_up_to=None, packages_start=None, packages_up_to=None, packages_up_to_regex=None, parallel_workers=6, paths=None, symlink_install=True, test_result_base=None, verb_extension=<colcon_core.verb.build.BuildVerb object at 0x7f25e5750d00>, verb_name='build', verb_parser=<colcon_defaults.argument_parser.defaults.DefaultArgumentsDecorator object at 0x7f25e575b4c0>)
[0.782s] Level 1:colcon.colcon_core.package_discovery:discover_packages(colcon_meta) check parameters
[0.782s] Level 1:colcon.colcon_core.package_discovery:discover_packages(recursive) check parameters
[0.782s] Level 1:colcon.colcon_core.package_discovery:discover_packages(ignore) check parameters
[0.782s] Level 1:colcon.colcon_core.package_discovery:discover_packages(path) check parameters
[0.782s] Level 1:colcon.colcon_core.package_discovery:discover_packages(colcon_meta) discover
[0.782s] Level 1:colcon.colcon_core.package_discovery:discover_packages(recursive) discover
[0.782s] INFO:colcon.colcon_core.package_discovery:Crawling recursively for packages in '/home/huhu/Documents/GitHub/swarm_robot'
[0.782s] Level 1:colcon.colcon_core.package_identification:_identify(.) by extensions ['ignore', 'ignore_ament_install']
[0.782s] Level 1:colcon.colcon_core.package_identification:_identify(.) by extension 'ignore'
[0.782s] Level 1:colcon.colcon_core.package_identification:_identify(.) by extension 'ignore_ament_install'
[0.782s] Level 1:colcon.colcon_core.package_identification:_identify(.) by extensions ['colcon_pkg']
[0.783s] Level 1:colcon.colcon_core.package_identification:_identify(.) by extension 'colcon_pkg'
[0.783s] Level 1:colcon.colcon_core.package_identification:_identify(.) by extensions ['colcon_meta']
[0.783s] Level 1:colcon.colcon_core.package_identification:_identify(.) by extension 'colcon_meta'
[0.783s] Level 1:colcon.colcon_core.package_identification:_identify(.) by extensions ['ros']
[0.783s] Level 1:colcon.colcon_core.package_identification:_identify(.) by extension 'ros'
[0.802s] Level 1:colcon.colcon_core.package_identification:_identify(.) by extensions ['cmake', 'python']
[0.802s] Level 1:colcon.colcon_core.package_identification:_identify(.) by extension 'cmake'
[0.802s] Level 1:colcon.colcon_core.package_identification:_identify(.) by extension 'python'
[0.802s] Level 1:colcon.colcon_core.package_identification:_identify(.) by extensions ['python_setup_py']
[0.802s] Level 1:colcon.colcon_core.package_identification:_identify(.) by extension 'python_setup_py'
[0.803s] Level 1:colcon.colcon_core.package_identification:_identify(build) by extensions ['ignore', 'ignore_ament_install']
[0.803s] Level 1:colcon.colcon_core.package_identification:_identify(build) by extension 'ignore'
[0.803s] Level 1:colcon.colcon_core.package_identification:_identify(build) ignored
[0.803s] Level 1:colcon.colcon_core.package_identification:_identify(install) by extensions ['ignore', 'ignore_ament_install']
[0.803s] Level 1:colcon.colcon_core.package_identification:_identify(install) by extension 'ignore'
[0.803s] Level 1:colcon.colcon_core.package_identification:_identify(install) ignored
[0.803s] Level 1:colcon.colcon_core.package_identification:_identify(log) by extensions ['ignore', 'ignore_ament_install']
[0.803s] Level 1:colcon.colcon_core.package_identification:_identify(log) by extension 'ignore'
[0.803s] Level 1:colcon.colcon_core.package_identification:_identify(log) ignored
[0.804s] Level 1:colcon.colcon_core.package_identification:_identify(simulation_ws) by extensions ['ignore', 'ignore_ament_install']
[0.804s] Level 1:colcon.colcon_core.package_identification:_identify(simulation_ws) by extension 'ignore'
[0.804s] Level 1:colcon.colcon_core.package_identification:_identify(simulation_ws) by extension 'ignore_ament_install'
[0.804s] Level 1:colcon.colcon_core.package_identification:_identify(simulation_ws) by extensions ['colcon_pkg']
[0.804s] Level 1:colcon.colcon_core.package_identification:_identify(simulation_ws) by extension 'colcon_pkg'
[0.804s] Level 1:colcon.colcon_core.package_identification:_identify(simulation_ws) by extensions ['colcon_meta']
[0.804s] Level 1:colcon.colcon_core.package_identification:_identify(simulation_ws) by extension 'colcon_meta'
[0.804s] Level 1:colcon.colcon_core.package_identification:_identify(simulation_ws) by extensions ['ros']
[0.804s] Level 1:colcon.colcon_core.package_identification:_identify(simulation_ws) by extension 'ros'
[0.804s] Level 1:colcon.colcon_core.package_identification:_identify(simulation_ws) by extensions ['cmake', 'python']
[0.804s] Level 1:colcon.colcon_core.package_identification:_identify(simulation_ws) by extension 'cmake'
[0.804s] Level 1:colcon.colcon_core.package_identification:_identify(simulation_ws) by extension 'python'
[0.804s] Level 1:colcon.colcon_core.package_identification:_identify(simulation_ws) by extensions ['python_setup_py']
[0.804s] Level 1:colcon.colcon_core.package_identification:_identify(simulation_ws) by extension 'python_setup_py'
[0.804s] Level 1:colcon.colcon_core.package_identification:_identify(simulation_ws/src) by extensions ['ignore', 'ignore_ament_install']
[0.804s] Level 1:colcon.colcon_core.package_identification:_identify(simulation_ws/src) by extension 'ignore'
[0.804s] Level 1:colcon.colcon_core.package_identification:_identify(simulation_ws/src) by extension 'ignore_ament_install'
[0.805s] Level 1:colcon.colcon_core.package_identification:_identify(simulation_ws/src) by extensions ['colcon_pkg']
[0.805s] Level 1:colcon.colcon_core.package_identification:_identify(simulation_ws/src) by extension 'colcon_pkg'
[0.805s] Level 1:colcon.colcon_core.package_identification:_identify(simulation_ws/src) by extensions ['colcon_meta']
[0.805s] Level 1:colcon.colcon_core.package_identification:_identify(simulation_ws/src) by extension 'colcon_meta'
[0.805s] Level 1:colcon.colcon_core.package_identification:_identify(simulation_ws/src) by extensions ['ros']
[0.805s] Level 1:colcon.colcon_core.package_identification:_identify(simulation_ws/src) by extension 'ros'
[0.805s] Level 1:colcon.colcon_core.package_identification:_identify(simulation_ws/src) by extensions ['cmake', 'python']
[0.805s] Level 1:colcon.colcon_core.package_identification:_identify(simulation_ws/src) by extension 'cmake'
[0.805s] Level 1:colcon.colcon_core.package_identification:_identify(simulation_ws/src) by extension 'python'
[0.805s] Level 1:colcon.colcon_core.package_identification:_identify(simulation_ws/src) by extensions ['python_setup_py']
[0.805s] Level 1:colcon.colcon_core.package_identification:_identify(simulation_ws/src) by extension 'python_setup_py'
[0.805s] Level 1:colcon.colcon_core.package_identification:_identify(simulation_ws/src/cartographer) by extensions ['ignore', 'ignore_ament_install']
[0.805s] Level 1:colcon.colcon_core.package_identification:_identify(simulation_ws/src/cartographer) by extension 'ignore'
[0.805s] Level 1:colcon.colcon_core.package_identification:_identify(simulation_ws/src/cartographer) by extension 'ignore_ament_install'
[0.806s] Level 1:colcon.colcon_core.package_identification:_identify(simulation_ws/src/cartographer) by extensions ['colcon_pkg']
[0.806s] Level 1:colcon.colcon_core.package_identification:_identify(simulation_ws/src/cartographer) by extension 'colcon_pkg'
[0.806s] Level 1:colcon.colcon_core.package_identification:_identify(simulation_ws/src/cartographer) by extensions ['colcon_meta']
[0.806s] Level 1:colcon.colcon_core.package_identification:_identify(simulation_ws/src/cartographer) by extension 'colcon_meta'
[0.806s] Level 1:colcon.colcon_core.package_identification:_identify(simulation_ws/src/cartographer) by extensions ['ros']
[0.806s] Level 1:colcon.colcon_core.package_identification:_identify(simulation_ws/src/cartographer) by extension 'ros'
[0.811s] DEBUG:colcon.colcon_core.package_identification:Package 'simulation_ws/src/cartographer' with type 'ros.ament_cmake' and name 'cartographer'
[0.812s] Level 1:colcon.colcon_core.package_identification:_identify(simulation_ws/src/description) by extensions ['ignore', 'ignore_ament_install']
[0.812s] Level 1:colcon.colcon_core.package_identification:_identify(simulation_ws/src/description) by extension 'ignore'
[0.812s] Level 1:colcon.colcon_core.package_identification:_identify(simulation_ws/src/description) by extension 'ignore_ament_install'
[0.812s] Level 1:colcon.colcon_core.package_identification:_identify(simulation_ws/src/description) by extensions ['colcon_pkg']
[0.812s] Level 1:colcon.colcon_core.package_identification:_identify(simulation_ws/src/description) by extension 'colcon_pkg'
[0.812s] Level 1:colcon.colcon_core.package_identification:_identify(simulation_ws/src/description) by extensions ['colcon_meta']
[0.812s] Level 1:colcon.colcon_core.package_identification:_identify(simulation_ws/src/description) by extension 'colcon_meta'
[0.812s] Level 1:colcon.colcon_core.package_identification:_identify(simulation_ws/src/description) by extensions ['ros']
[0.812s] Level 1:colcon.colcon_core.package_identification:_identify(simulation_ws/src/description) by extension 'ros'
[0.812s] Level 1:colcon.colcon_core.package_identification:_identify(simulation_ws/src/description) by extensions ['cmake', 'python']
[0.812s] Level 1:colcon.colcon_core.package_identification:_identify(simulation_ws/src/description) by extension 'cmake'
[0.812s] Level 1:colcon.colcon_core.package_identification:_identify(simulation_ws/src/description) by extension 'python'
[0.813s] Level 1:colcon.colcon_core.package_identification:_identify(simulation_ws/src/description) by extensions ['python_setup_py']
[0.813s] Level 1:colcon.colcon_core.package_identification:_identify(simulation_ws/src/description) by extension 'python_setup_py'
[0.813s] Level 1:colcon.colcon_core.package_identification:_identify(simulation_ws/src/robot_bringup) by extensions ['ignore', 'ignore_ament_install']
[0.813s] Level 1:colcon.colcon_core.package_identification:_identify(simulation_ws/src/robot_bringup) by extension 'ignore'
[0.813s] Level 1:colcon.colcon_core.package_identification:_identify(simulation_ws/src/robot_bringup) by extension 'ignore_ament_install'
[0.813s] Level 1:colcon.colcon_core.package_identification:_identify(simulation_ws/src/robot_bringup) by extensions ['colcon_pkg']
[0.813s] Level 1:colcon.colcon_core.package_identification:_identify(simulation_ws/src/robot_bringup) by extension 'colcon_pkg'
[0.813s] Level 1:colcon.colcon_core.package_identification:_identify(simulation_ws/src/robot_bringup) by extensions ['colcon_meta']
[0.813s] Level 1:colcon.colcon_core.package_identification:_identify(simulation_ws/src/robot_bringup) by extension 'colcon_meta'
[0.813s] Level 1:colcon.colcon_core.package_identification:_identify(simulation_ws/src/robot_bringup) by extensions ['ros']
[0.813s] Level 1:colcon.colcon_core.package_identification:_identify(simulation_ws/src/robot_bringup) by extension 'ros'
[0.815s] DEBUG:colcon.colcon_core.package_identification:Package 'simulation_ws/src/robot_bringup' with type 'ros.ament_cmake' and name 'robot_bringup'
[0.815s] Level 1:colcon.colcon_core.package_identification:_identify(simulation_ws/src/tlbot_navigation2) by extensions ['ignore', 'ignore_ament_install']
[0.815s] Level 1:colcon.colcon_core.package_identification:_identify(simulation_ws/src/tlbot_navigation2) by extension 'ignore'
[0.816s] Level 1:colcon.colcon_core.package_identification:_identify(simulation_ws/src/tlbot_navigation2) by extension 'ignore_ament_install'
[0.816s] Level 1:colcon.colcon_core.package_identification:_identify(simulation_ws/src/tlbot_navigation2) by extensions ['colcon_pkg']
[0.816s] Level 1:colcon.colcon_core.package_identification:_identify(simulation_ws/src/tlbot_navigation2) by extension 'colcon_pkg'
[0.816s] Level 1:colcon.colcon_core.package_identification:_identify(simulation_ws/src/tlbot_navigation2) by extensions ['colcon_meta']
[0.816s] Level 1:colcon.colcon_core.package_identification:_identify(simulation_ws/src/tlbot_navigation2) by extension 'colcon_meta'
[0.816s] Level 1:colcon.colcon_core.package_identification:_identify(simulation_ws/src/tlbot_navigation2) by extensions ['ros']
[0.816s] Level 1:colcon.colcon_core.package_identification:_identify(simulation_ws/src/tlbot_navigation2) by extension 'ros'
[0.818s] DEBUG:colcon.colcon_core.package_identification:Package 'simulation_ws/src/tlbot_navigation2' with type 'ros.ament_cmake' and name 'tlbot_navigation2'
[0.818s] Level 1:colcon.colcon_core.package_discovery:discover_packages(recursive) using defaults
[0.818s] Level 1:colcon.colcon_core.package_discovery:discover_packages(ignore) discover
[0.818s] Level 1:colcon.colcon_core.package_discovery:discover_packages(ignore) using defaults
[0.818s] Level 1:colcon.colcon_core.package_discovery:discover_packages(path) discover
[0.818s] Level 1:colcon.colcon_core.package_discovery:discover_packages(path) using defaults
[0.853s] Level 1:colcon.colcon_core.package_discovery:discover_packages(prefix_path) check parameters
[0.853s] Level 1:colcon.colcon_core.package_discovery:discover_packages(prefix_path) discover
[0.859s] DEBUG:colcon.colcon_installed_package_information.package_discovery:Found 2 installed packages in /home/huhu/ros2_ws/install
[0.861s] DEBUG:colcon.colcon_installed_package_information.package_discovery:Found 267 installed packages in /opt/ros/foxy
[0.863s] Level 1:colcon.colcon_core.package_discovery:discover_packages(prefix_path) using defaults
[0.996s] Level 5:colcon.colcon_core.verb:set package 'cartographer' build argument 'cmake_args' from command line to 'None'
[0.996s] Level 5:colcon.colcon_core.verb:set package 'cartographer' build argument 'cmake_target' from command line to 'None'
[0.996s] Level 5:colcon.colcon_core.verb:set package 'cartographer' build argument 'cmake_target_skip_unavailable' from command line to 'False'
[0.996s] Level 5:colcon.colcon_core.verb:set package 'cartographer' build argument 'cmake_clean_cache' from command line to 'False'
[0.996s] Level 5:colcon.colcon_core.verb:set package 'cartographer' build argument 'cmake_clean_first' from command line to 'False'
[0.996s] Level 5:colcon.colcon_core.verb:set package 'cartographer' build argument 'cmake_force_configure' from command line to 'False'
[0.996s] Level 5:colcon.colcon_core.verb:set package 'cartographer' build argument 'ament_cmake_args' from command line to 'None'
[0.996s] Level 5:colcon.colcon_core.verb:set package 'cartographer' build argument 'catkin_cmake_args' from command line to 'None'
[0.996s] Level 5:colcon.colcon_core.verb:set package 'cartographer' build argument 'catkin_skip_building_tests' from command line to 'False'
[0.996s] DEBUG:colcon.colcon_core.verb:Building package 'cartographer' with the following arguments: {'ament_cmake_args': None, 'build_base': '/home/huhu/Documents/GitHub/swarm_robot/build/cartographer', 'catkin_cmake_args': None, 'catkin_skip_building_tests': False, 'cmake_args': None, 'cmake_clean_cache': False, 'cmake_clean_first': False, 'cmake_force_configure': False, 'cmake_target': None, 'cmake_target_skip_unavailable': False, 'install_base': '/home/huhu/Documents/GitHub/swarm_robot/install/cartographer', 'merge_install': False, 'path': '/home/huhu/Documents/GitHub/swarm_robot/simulation_ws/src/cartographer', 'symlink_install': True, 'test_result_base': None}
[0.997s] Level 5:colcon.colcon_core.verb:set package 'robot_bringup' build argument 'cmake_args' from command line to 'None'
[0.997s] Level 5:colcon.colcon_core.verb:set package 'robot_bringup' build argument 'cmake_target' from command line to 'None'
[0.997s] Level 5:colcon.colcon_core.verb:set package 'robot_bringup' build argument 'cmake_target_skip_unavailable' from command line to 'False'
[0.997s] Level 5:colcon.colcon_core.verb:set package 'robot_bringup' build argument 'cmake_clean_cache' from command line to 'False'
[0.997s] Level 5:colcon.colcon_core.verb:set package 'robot_bringup' build argument 'cmake_clean_first' from command line to 'False'
[0.997s] Level 5:colcon.colcon_core.verb:set package 'robot_bringup' build argument 'cmake_force_configure' from command line to 'False'
[0.997s] Level 5:colcon.colcon_core.verb:set package 'robot_bringup' build argument 'ament_cmake_args' from command line to 'None'
[0.997s] Level 5:colcon.colcon_core.verb:set package 'robot_bringup' build argument 'catkin_cmake_args' from command line to 'None'
[0.997s] Level 5:colcon.colcon_core.verb:set package 'robot_bringup' build argument 'catkin_skip_building_tests' from command line to 'False'
[0.997s] DEBUG:colcon.colcon_core.verb:Building package 'robot_bringup' with the following arguments: {'ament_cmake_args': None, 'build_base': '/home/huhu/Documents/GitHub/swarm_robot/build/robot_bringup', 'catkin_cmake_args': None, 'catkin_skip_building_tests': False, 'cmake_args': None, 'cmake_clean_cache': False, 'cmake_clean_first': False, 'cmake_force_configure': False, 'cmake_target': None, 'cmake_target_skip_unavailable': False, 'install_base': '/home/huhu/Documents/GitHub/swarm_robot/install/robot_bringup', 'merge_install': False, 'path': '/home/huhu/Documents/GitHub/swarm_robot/simulation_ws/src/robot_bringup', 'symlink_install': True, 'test_result_base': None}
[0.997s] Level 5:colcon.colcon_core.verb:set package 'tlbot_navigation2' build argument 'cmake_args' from command line to 'None'
[0.998s] Level 5:colcon.colcon_core.verb:set package 'tlbot_navigation2' build argument 'cmake_target' from command line to 'None'
[0.998s] Level 5:colcon.colcon_core.verb:set package 'tlbot_navigation2' build argument 'cmake_target_skip_unavailable' from command line to 'False'
[0.998s] Level 5:colcon.colcon_core.verb:set package 'tlbot_navigation2' build argument 'cmake_clean_cache' from command line to 'False'
[0.998s] Level 5:colcon.colcon_core.verb:set package 'tlbot_navigation2' build argument 'cmake_clean_first' from command line to 'False'
[0.998s] Level 5:colcon.colcon_core.verb:set package 'tlbot_navigation2' build argument 'cmake_force_configure' from command line to 'False'
[0.998s] Level 5:colcon.colcon_core.verb:set package 'tlbot_navigation2' build argument 'ament_cmake_args' from command line to 'None'
[0.998s] Level 5:colcon.colcon_core.verb:set package 'tlbot_navigation2' build argument 'catkin_cmake_args' from command line to 'None'
[0.998s] Level 5:colcon.colcon_core.verb:set package 'tlbot_navigation2' build argument 'catkin_skip_building_tests' from command line to 'False'
[0.998s] DEBUG:colcon.colcon_core.verb:Building package 'tlbot_navigation2' with the following arguments: {'ament_cmake_args': None, 'build_base': '/home/huhu/Documents/GitHub/swarm_robot/build/tlbot_navigation2', 'catkin_cmake_args': None, 'catkin_skip_building_tests': False, 'cmake_args': None, 'cmake_clean_cache': False, 'cmake_clean_first': False, 'cmake_force_configure': False, 'cmake_target': None, 'cmake_target_skip_unavailable': False, 'install_base': '/home/huhu/Documents/GitHub/swarm_robot/install/tlbot_navigation2', 'merge_install': False, 'path': '/home/huhu/Documents/GitHub/swarm_robot/simulation_ws/src/tlbot_navigation2', 'symlink_install': True, 'test_result_base': None}
[0.998s] INFO:colcon.colcon_core.executor:Executing jobs using 'parallel' executor
[0.999s] DEBUG:colcon.colcon_parallel_executor.executor.parallel:run_until_complete
[1.000s] INFO:colcon.colcon_ros.task.ament_cmake.build:Building ROS package in '/home/huhu/Documents/GitHub/swarm_robot/simulation_ws/src/cartographer' with build type 'ament_cmake'
[1.000s] INFO:colcon.colcon_cmake.task.cmake.build:Building CMake package in '/home/huhu/Documents/GitHub/swarm_robot/simulation_ws/src/cartographer'
[1.006s] INFO:colcon.colcon_core.plugin_system:Skipping extension 'colcon_core.shell.bat': Not used on non-Windows systems
[1.007s] INFO:colcon.colcon_core.shell:Skip shell extension 'powershell' for command environment: Not usable outside of PowerShell
[1.007s] DEBUG:colcon.colcon_core.shell:Skip shell extension 'dsv' for command environment
[1.014s] INFO:colcon.colcon_ros.task.ament_cmake.build:Building ROS package in '/home/huhu/Documents/GitHub/swarm_robot/simulation_ws/src/robot_bringup' with build type 'ament_cmake'
[1.015s] INFO:colcon.colcon_cmake.task.cmake.build:Building CMake package in '/home/huhu/Documents/GitHub/swarm_robot/simulation_ws/src/robot_bringup'
[1.015s] INFO:colcon.colcon_core.shell:Skip shell extension 'powershell' for command environment: Not usable outside of PowerShell
[1.016s] DEBUG:colcon.colcon_core.shell:Skip shell extension 'dsv' for command environment
[1.024s] INFO:colcon.colcon_ros.task.ament_cmake.build:Building ROS package in '/home/huhu/Documents/GitHub/swarm_robot/simulation_ws/src/tlbot_navigation2' with build type 'ament_cmake'
[1.025s] INFO:colcon.colcon_cmake.task.cmake.build:Building CMake package in '/home/huhu/Documents/GitHub/swarm_robot/simulation_ws/src/tlbot_navigation2'
[1.026s] INFO:colcon.colcon_core.shell:Skip shell extension 'powershell' for command environment: Not usable outside of PowerShell
[1.026s] DEBUG:colcon.colcon_core.shell:Skip shell extension 'dsv' for command environment
[1.040s] DEBUG:colcon.colcon_core.event_handler.log_command:Invoking command in '/home/huhu/Documents/GitHub/swarm_robot/build/cartographer': CMAKE_PREFIX_PATH=${CMAKE_PREFIX_PATH}:/opt/ros/foxy /usr/bin/cmake /home/huhu/Documents/GitHub/swarm_robot/simulation_ws/src/cartographer -DAMENT_CMAKE_SYMLINK_INSTALL=1 -DCMAKE_INSTALL_PREFIX=/home/huhu/Documents/GitHub/swarm_robot/install/cartographer
[1.056s] DEBUG:colcon.colcon_core.event_handler.log_command:Invoking command in '/home/huhu/Documents/GitHub/swarm_robot/build/robot_bringup': CMAKE_PREFIX_PATH=${CMAKE_PREFIX_PATH}:/opt/ros/foxy /usr/bin/cmake /home/huhu/Documents/GitHub/swarm_robot/simulation_ws/src/robot_bringup -DAMENT_CMAKE_SYMLINK_INSTALL=1 -DCMAKE_INSTALL_PREFIX=/home/huhu/Documents/GitHub/swarm_robot/install/robot_bringup
[1.067s] DEBUG:colcon.colcon_core.event_handler.log_command:Invoking command in '/home/huhu/Documents/GitHub/swarm_robot/build/tlbot_navigation2': CMAKE_PREFIX_PATH=${CMAKE_PREFIX_PATH}:/opt/ros/foxy /usr/bin/cmake /home/huhu/Documents/GitHub/swarm_robot/simulation_ws/src/tlbot_navigation2 -DAMENT_CMAKE_SYMLINK_INSTALL=1 -DCMAKE_INSTALL_PREFIX=/home/huhu/Documents/GitHub/swarm_robot/install/tlbot_navigation2
[2.451s] DEBUG:colcon.colcon_core.event_handler.log_command:Invoked command in '/home/huhu/Documents/GitHub/swarm_robot/build/cartographer' returned '0': CMAKE_PREFIX_PATH=${CMAKE_PREFIX_PATH}:/opt/ros/foxy /usr/bin/cmake /home/huhu/Documents/GitHub/swarm_robot/simulation_ws/src/cartographer -DAMENT_CMAKE_SYMLINK_INSTALL=1 -DCMAKE_INSTALL_PREFIX=/home/huhu/Documents/GitHub/swarm_robot/install/cartographer
[2.458s] DEBUG:colcon.colcon_core.event_handler.log_command:Invoking command in '/home/huhu/Documents/GitHub/swarm_robot/build/cartographer': CMAKE_PREFIX_PATH=${CMAKE_PREFIX_PATH}:/opt/ros/foxy /usr/bin/cmake --build /home/huhu/Documents/GitHub/swarm_robot/build/cartographer -- -j6 -l6
[2.461s] DEBUG:colcon.colcon_core.event_handler.log_command:Invoked command in '/home/huhu/Documents/GitHub/swarm_robot/build/robot_bringup' returned '0': CMAKE_PREFIX_PATH=${CMAKE_PREFIX_PATH}:/opt/ros/foxy /usr/bin/cmake /home/huhu/Documents/GitHub/swarm_robot/simulation_ws/src/robot_bringup -DAMENT_CMAKE_SYMLINK_INSTALL=1 -DCMAKE_INSTALL_PREFIX=/home/huhu/Documents/GitHub/swarm_robot/install/robot_bringup
[2.466s] DEBUG:colcon.colcon_core.event_handler.log_command:Invoking command in '/home/huhu/Documents/GitHub/swarm_robot/build/robot_bringup': CMAKE_PREFIX_PATH=${CMAKE_PREFIX_PATH}:/opt/ros/foxy /usr/bin/cmake --build /home/huhu/Documents/GitHub/swarm_robot/build/robot_bringup -- -j6 -l6
[2.469s] DEBUG:colcon.colcon_core.event_handler.log_command:Invoked command in '/home/huhu/Documents/GitHub/swarm_robot/build/tlbot_navigation2' returned '0': CMAKE_PREFIX_PATH=${CMAKE_PREFIX_PATH}:/opt/ros/foxy /usr/bin/cmake /home/huhu/Documents/GitHub/swarm_robot/simulation_ws/src/tlbot_navigation2 -DAMENT_CMAKE_SYMLINK_INSTALL=1 -DCMAKE_INSTALL_PREFIX=/home/huhu/Documents/GitHub/swarm_robot/install/tlbot_navigation2
[2.474s] DEBUG:colcon.colcon_core.event_handler.log_command:Invoking command in '/home/huhu/Documents/GitHub/swarm_robot/build/tlbot_navigation2': CMAKE_PREFIX_PATH=${CMAKE_PREFIX_PATH}:/opt/ros/foxy /usr/bin/cmake --build /home/huhu/Documents/GitHub/swarm_robot/build/tlbot_navigation2 -- -j6 -l6
[2.517s] DEBUG:colcon.colcon_core.event_handler.log_command:Invoked command in '/home/huhu/Documents/GitHub/swarm_robot/build/cartographer' returned '0': CMAKE_PREFIX_PATH=${CMAKE_PREFIX_PATH}:/opt/ros/foxy /usr/bin/cmake --build /home/huhu/Documents/GitHub/swarm_robot/build/cartographer -- -j6 -l6
[2.525s] DEBUG:colcon.colcon_core.event_handler.log_command:Invoked command in '/home/huhu/Documents/GitHub/swarm_robot/build/robot_bringup' returned '0': CMAKE_PREFIX_PATH=${CMAKE_PREFIX_PATH}:/opt/ros/foxy /usr/bin/cmake --build /home/huhu/Documents/GitHub/swarm_robot/build/robot_bringup -- -j6 -l6
[2.536s] DEBUG:colcon.colcon_core.event_handler.log_command:Invoked command in '/home/huhu/Documents/GitHub/swarm_robot/build/tlbot_navigation2' returned '0': CMAKE_PREFIX_PATH=${CMAKE_PREFIX_PATH}:/opt/ros/foxy /usr/bin/cmake --build /home/huhu/Documents/GitHub/swarm_robot/build/tlbot_navigation2 -- -j6 -l6
[2.575s] DEBUG:colcon.colcon_core.event_handler.log_command:Invoking command in '/home/huhu/Documents/GitHub/swarm_robot/build/cartographer': CMAKE_PREFIX_PATH=${CMAKE_PREFIX_PATH}:/opt/ros/foxy /usr/bin/cmake --install /home/huhu/Documents/GitHub/swarm_robot/build/cartographer
[2.584s] DEBUG:colcon.colcon_core.event_handler.log_command:Invoking command in '/home/huhu/Documents/GitHub/swarm_robot/build/tlbot_navigation2': CMAKE_PREFIX_PATH=${CMAKE_PREFIX_PATH}:/opt/ros/foxy /usr/bin/cmake --install /home/huhu/Documents/GitHub/swarm_robot/build/tlbot_navigation2
[2.591s] DEBUG:colcon.colcon_core.event_handler.log_command:Invoking command in '/home/huhu/Documents/GitHub/swarm_robot/build/robot_bringup': CMAKE_PREFIX_PATH=${CMAKE_PREFIX_PATH}:/opt/ros/foxy /usr/bin/cmake --install /home/huhu/Documents/GitHub/swarm_robot/build/robot_bringup
[2.862s] Level 1:colcon.colcon_core.environment:create_environment_scripts_only(cartographer)
[2.865s] DEBUG:colcon.colcon_core.event_handler.log_command:Invoked command in '/home/huhu/Documents/GitHub/swarm_robot/build/cartographer' returned '0': CMAKE_PREFIX_PATH=${CMAKE_PREFIX_PATH}:/opt/ros/foxy /usr/bin/cmake --install /home/huhu/Documents/GitHub/swarm_robot/build/cartographer
[2.883s] Level 1:colcon.colcon_core.environment:checking '/home/huhu/Documents/GitHub/swarm_robot/install/cartographer' for CMake module files
[2.883s] Level 1:colcon.colcon_core.environment:checking '/home/huhu/Documents/GitHub/swarm_robot/install/cartographer' for CMake config files
[2.884s] Level 1:colcon.colcon_core.shell:create_environment_hook('cartographer', 'cmake_prefix_path')
[2.884s] INFO:colcon.colcon_core.shell:Creating environment hook '/home/huhu/Documents/GitHub/swarm_robot/install/cartographer/share/cartographer/hook/cmake_prefix_path.ps1'
[2.886s] INFO:colcon.colcon_core.shell:Creating environment descriptor '/home/huhu/Documents/GitHub/swarm_robot/install/cartographer/share/cartographer/hook/cmake_prefix_path.dsv'
[2.888s] INFO:colcon.colcon_core.shell:Creating environment hook '/home/huhu/Documents/GitHub/swarm_robot/install/cartographer/share/cartographer/hook/cmake_prefix_path.sh'
[2.890s] Level 1:colcon.colcon_core.environment:checking '/home/huhu/Documents/GitHub/swarm_robot/install/cartographer/bin'
[2.890s] Level 1:colcon.colcon_core.environment:checking '/home/huhu/Documents/GitHub/swarm_robot/install/cartographer/lib/pkgconfig/cartographer.pc'
[2.890s] Level 1:colcon.colcon_core.environment:checking '/home/huhu/Documents/GitHub/swarm_robot/install/cartographer/lib/python3.8/site-packages'
[2.891s] Level 1:colcon.colcon_core.environment:checking '/home/huhu/Documents/GitHub/swarm_robot/install/cartographer/bin'
[2.891s] INFO:colcon.colcon_core.shell:Creating package script '/home/huhu/Documents/GitHub/swarm_robot/install/cartographer/share/cartographer/package.ps1'
[2.894s] INFO:colcon.colcon_core.shell:Creating package descriptor '/home/huhu/Documents/GitHub/swarm_robot/install/cartographer/share/cartographer/package.dsv'
[2.896s] INFO:colcon.colcon_core.shell:Creating package script '/home/huhu/Documents/GitHub/swarm_robot/install/cartographer/share/cartographer/package.sh'
[2.898s] INFO:colcon.colcon_core.shell:Creating package script '/home/huhu/Documents/GitHub/swarm_robot/install/cartographer/share/cartographer/package.bash'
[2.900s] INFO:colcon.colcon_core.shell:Creating package script '/home/huhu/Documents/GitHub/swarm_robot/install/cartographer/share/cartographer/package.zsh'
[2.902s] Level 1:colcon.colcon_core.environment:create_file_with_runtime_dependencies(/home/huhu/Documents/GitHub/swarm_robot/install/cartographer/share/colcon-core/packages/cartographer)
[2.910s] Level 1:colcon.colcon_core.environment:create_environment_scripts_only(tlbot_navigation2)
[2.910s] DEBUG:colcon.colcon_core.event_handler.log_command:Invoked command in '/home/huhu/Documents/GitHub/swarm_robot/build/tlbot_navigation2' returned '0': CMAKE_PREFIX_PATH=${CMAKE_PREFIX_PATH}:/opt/ros/foxy /usr/bin/cmake --install /home/huhu/Documents/GitHub/swarm_robot/build/tlbot_navigation2
[2.911s] Level 1:colcon.colcon_core.environment:checking '/home/huhu/Documents/GitHub/swarm_robot/install/tlbot_navigation2' for CMake module files
[2.912s] Level 1:colcon.colcon_core.environment:checking '/home/huhu/Documents/GitHub/swarm_robot/install/tlbot_navigation2' for CMake config files
[2.913s] Level 1:colcon.colcon_core.shell:create_environment_hook('tlbot_navigation2', 'cmake_prefix_path')
[2.913s] INFO:colcon.colcon_core.shell:Creating environment hook '/home/huhu/Documents/GitHub/swarm_robot/install/tlbot_navigation2/share/tlbot_navigation2/hook/cmake_prefix_path.ps1'
[2.914s] INFO:colcon.colcon_core.shell:Creating environment descriptor '/home/huhu/Documents/GitHub/swarm_robot/install/tlbot_navigation2/share/tlbot_navigation2/hook/cmake_prefix_path.dsv'
[2.915s] INFO:colcon.colcon_core.shell:Creating environment hook '/home/huhu/Documents/GitHub/swarm_robot/install/tlbot_navigation2/share/tlbot_navigation2/hook/cmake_prefix_path.sh'
[2.916s] Level 1:colcon.colcon_core.environment:checking '/home/huhu/Documents/GitHub/swarm_robot/install/tlbot_navigation2/bin'
[2.916s] Level 1:colcon.colcon_core.environment:checking '/home/huhu/Documents/GitHub/swarm_robot/install/tlbot_navigation2/lib/pkgconfig/tlbot_navigation2.pc'
[2.916s] Level 1:colcon.colcon_core.environment:checking '/home/huhu/Documents/GitHub/swarm_robot/install/tlbot_navigation2/lib/python3.8/site-packages'
[2.917s] Level 1:colcon.colcon_core.environment:checking '/home/huhu/Documents/GitHub/swarm_robot/install/tlbot_navigation2/bin'
[2.917s] INFO:colcon.colcon_core.shell:Creating package script '/home/huhu/Documents/GitHub/swarm_robot/install/tlbot_navigation2/share/tlbot_navigation2/package.ps1'
[2.919s] INFO:colcon.colcon_core.shell:Creating package descriptor '/home/huhu/Documents/GitHub/swarm_robot/install/tlbot_navigation2/share/tlbot_navigation2/package.dsv'
[2.920s] INFO:colcon.colcon_core.shell:Creating package script '/home/huhu/Documents/GitHub/swarm_robot/install/tlbot_navigation2/share/tlbot_navigation2/package.sh'
[2.920s] INFO:colcon.colcon_core.shell:Creating package script '/home/huhu/Documents/GitHub/swarm_robot/install/tlbot_navigation2/share/tlbot_navigation2/package.bash'
[2.921s] INFO:colcon.colcon_core.shell:Creating package script '/home/huhu/Documents/GitHub/swarm_robot/install/tlbot_navigation2/share/tlbot_navigation2/package.zsh'
[2.922s] Level 1:colcon.colcon_core.environment:create_file_with_runtime_dependencies(/home/huhu/Documents/GitHub/swarm_robot/install/tlbot_navigation2/share/colcon-core/packages/tlbot_navigation2)
[2.937s] Level 1:colcon.colcon_core.environment:create_environment_scripts_only(cartographer)
[2.938s] Level 1:colcon.colcon_core.environment:checking '/home/huhu/Documents/GitHub/swarm_robot/install/cartographer' for CMake module files
[2.938s] Level 1:colcon.colcon_core.environment:checking '/home/huhu/Documents/GitHub/swarm_robot/install/cartographer' for CMake config files
[2.939s] Level 1:colcon.colcon_core.shell:create_environment_hook('cartographer', 'cmake_prefix_path')
[2.939s] INFO:colcon.colcon_core.shell:Creating environment hook '/home/huhu/Documents/GitHub/swarm_robot/install/cartographer/share/cartographer/hook/cmake_prefix_path.ps1'
[2.941s] INFO:colcon.colcon_core.shell:Creating environment descriptor '/home/huhu/Documents/GitHub/swarm_robot/install/cartographer/share/cartographer/hook/cmake_prefix_path.dsv'
[2.942s] INFO:colcon.colcon_core.shell:Creating environment hook '/home/huhu/Documents/GitHub/swarm_robot/install/cartographer/share/cartographer/hook/cmake_prefix_path.sh'
[2.943s] Level 1:colcon.colcon_core.environment:checking '/home/huhu/Documents/GitHub/swarm_robot/install/cartographer/bin'
[2.943s] Level 1:colcon.colcon_core.environment:checking '/home/huhu/Documents/GitHub/swarm_robot/install/cartographer/lib/pkgconfig/cartographer.pc'
[2.944s] Level 1:colcon.colcon_core.environment:checking '/home/huhu/Documents/GitHub/swarm_robot/install/cartographer/lib/python3.8/site-packages'
[2.944s] Level 1:colcon.colcon_core.environment:checking '/home/huhu/Documents/GitHub/swarm_robot/install/cartographer/bin'
[2.944s] INFO:colcon.colcon_core.shell:Creating package script '/home/huhu/Documents/GitHub/swarm_robot/install/cartographer/share/cartographer/package.ps1'
[2.946s] INFO:colcon.colcon_core.shell:Creating package descriptor '/home/huhu/Documents/GitHub/swarm_robot/install/cartographer/share/cartographer/package.dsv'
[2.947s] INFO:colcon.colcon_core.shell:Creating package script '/home/huhu/Documents/GitHub/swarm_robot/install/cartographer/share/cartographer/package.sh'
[2.948s] INFO:colcon.colcon_core.shell:Creating package script '/home/huhu/Documents/GitHub/swarm_robot/install/cartographer/share/cartographer/package.bash'
[2.950s] INFO:colcon.colcon_core.shell:Creating package script '/home/huhu/Documents/GitHub/swarm_robot/install/cartographer/share/cartographer/package.zsh'
[2.951s] Level 1:colcon.colcon_core.environment:create_file_with_runtime_dependencies(/home/huhu/Documents/GitHub/swarm_robot/install/cartographer/share/colcon-core/packages/cartographer)
[2.960s] Level 1:colcon.colcon_core.environment:create_environment_scripts_only(tlbot_navigation2)
[2.960s] Level 1:colcon.colcon_core.environment:checking '/home/huhu/Documents/GitHub/swarm_robot/install/tlbot_navigation2' for CMake module files
[2.961s] Level 1:colcon.colcon_core.environment:checking '/home/huhu/Documents/GitHub/swarm_robot/install/tlbot_navigation2' for CMake config files
[2.961s] Level 1:colcon.colcon_core.shell:create_environment_hook('tlbot_navigation2', 'cmake_prefix_path')
[2.962s] INFO:colcon.colcon_core.shell:Creating environment hook '/home/huhu/Documents/GitHub/swarm_robot/install/tlbot_navigation2/share/tlbot_navigation2/hook/cmake_prefix_path.ps1'
[2.964s] INFO:colcon.colcon_core.shell:Creating environment descriptor '/home/huhu/Documents/GitHub/swarm_robot/install/tlbot_navigation2/share/tlbot_navigation2/hook/cmake_prefix_path.dsv'
[2.964s] INFO:colcon.colcon_core.shell:Creating environment hook '/home/huhu/Documents/GitHub/swarm_robot/install/tlbot_navigation2/share/tlbot_navigation2/hook/cmake_prefix_path.sh'
[2.965s] Level 1:colcon.colcon_core.environment:checking '/home/huhu/Documents/GitHub/swarm_robot/install/tlbot_navigation2/bin'
[2.966s] Level 1:colcon.colcon_core.environment:checking '/home/huhu/Documents/GitHub/swarm_robot/install/tlbot_navigation2/lib/pkgconfig/tlbot_navigation2.pc'
[2.966s] Level 1:colcon.colcon_core.environment:checking '/home/huhu/Documents/GitHub/swarm_robot/install/tlbot_navigation2/lib/python3.8/site-packages'
[2.966s] Level 1:colcon.colcon_core.environment:checking '/home/huhu/Documents/GitHub/swarm_robot/install/tlbot_navigation2/bin'
[2.967s] INFO:colcon.colcon_core.shell:Creating package script '/home/huhu/Documents/GitHub/swarm_robot/install/tlbot_navigation2/share/tlbot_navigation2/package.ps1'
[2.968s] INFO:colcon.colcon_core.shell:Creating package descriptor '/home/huhu/Documents/GitHub/swarm_robot/install/tlbot_navigation2/share/tlbot_navigation2/package.dsv'
[2.969s] INFO:colcon.colcon_core.shell:Creating package script '/home/huhu/Documents/GitHub/swarm_robot/install/tlbot_navigation2/share/tlbot_navigation2/package.sh'
[2.970s] INFO:colcon.colcon_core.shell:Creating package script '/home/huhu/Documents/GitHub/swarm_robot/install/tlbot_navigation2/share/tlbot_navigation2/package.bash'
[2.971s] INFO:colcon.colcon_core.shell:Creating package script '/home/huhu/Documents/GitHub/swarm_robot/install/tlbot_navigation2/share/tlbot_navigation2/package.zsh'
[2.972s] Level 1:colcon.colcon_core.environment:create_file_with_runtime_dependencies(/home/huhu/Documents/GitHub/swarm_robot/install/tlbot_navigation2/share/colcon-core/packages/tlbot_navigation2)
[3.010s] Level 1:colcon.colcon_core.environment:create_environment_scripts_only(robot_bringup)
[3.011s] Level 1:colcon.colcon_core.environment:checking '/home/huhu/Documents/GitHub/swarm_robot/install/robot_bringup' for CMake module files
[3.012s] DEBUG:colcon.colcon_core.event_handler.log_command:Invoked command in '/home/huhu/Documents/GitHub/swarm_robot/build/robot_bringup' returned '0': CMAKE_PREFIX_PATH=${CMAKE_PREFIX_PATH}:/opt/ros/foxy /usr/bin/cmake --install /home/huhu/Documents/GitHub/swarm_robot/build/robot_bringup
[3.013s] Level 1:colcon.colcon_core.environment:checking '/home/huhu/Documents/GitHub/swarm_robot/install/robot_bringup' for CMake config files
[3.013s] Level 1:colcon.colcon_core.shell:create_environment_hook('robot_bringup', 'cmake_prefix_path')
[3.014s] INFO:colcon.colcon_core.shell:Creating environment hook '/home/huhu/Documents/GitHub/swarm_robot/install/robot_bringup/share/robot_bringup/hook/cmake_prefix_path.ps1'
[3.014s] INFO:colcon.colcon_core.shell:Creating environment descriptor '/home/huhu/Documents/GitHub/swarm_robot/install/robot_bringup/share/robot_bringup/hook/cmake_prefix_path.dsv'
[3.015s] INFO:colcon.colcon_core.shell:Creating environment hook '/home/huhu/Documents/GitHub/swarm_robot/install/robot_bringup/share/robot_bringup/hook/cmake_prefix_path.sh'
[3.015s] Level 1:colcon.colcon_core.environment:checking '/home/huhu/Documents/GitHub/swarm_robot/install/robot_bringup/lib'
[3.015s] Level 1:colcon.colcon_core.environment:checking '/home/huhu/Documents/GitHub/swarm_robot/install/robot_bringup/bin'
[3.016s] Level 1:colcon.colcon_core.environment:checking '/home/huhu/Documents/GitHub/swarm_robot/install/robot_bringup/lib/pkgconfig/robot_bringup.pc'
[3.016s] Level 1:colcon.colcon_core.environment:checking '/home/huhu/Documents/GitHub/swarm_robot/install/robot_bringup/lib/python3.8/site-packages'
[3.016s] Level 1:colcon.colcon_core.environment:checking '/home/huhu/Documents/GitHub/swarm_robot/install/robot_bringup/bin'
[3.017s] INFO:colcon.colcon_core.shell:Creating package script '/home/huhu/Documents/GitHub/swarm_robot/install/robot_bringup/share/robot_bringup/package.ps1'
[3.017s] INFO:colcon.colcon_core.shell:Creating package descriptor '/home/huhu/Documents/GitHub/swarm_robot/install/robot_bringup/share/robot_bringup/package.dsv'
[3.018s] INFO:colcon.colcon_core.shell:Creating package script '/home/huhu/Documents/GitHub/swarm_robot/install/robot_bringup/share/robot_bringup/package.sh'
[3.018s] INFO:colcon.colcon_core.shell:Creating package script '/home/huhu/Documents/GitHub/swarm_robot/install/robot_bringup/share/robot_bringup/package.bash'
[3.019s] INFO:colcon.colcon_core.shell:Creating package script '/home/huhu/Documents/GitHub/swarm_robot/install/robot_bringup/share/robot_bringup/package.zsh'
[3.019s] Level 1:colcon.colcon_core.environment:create_file_with_runtime_dependencies(/home/huhu/Documents/GitHub/swarm_robot/install/robot_bringup/share/colcon-core/packages/robot_bringup)
[3.056s] Level 1:colcon.colcon_core.environment:create_environment_scripts_only(robot_bringup)
[3.057s] Level 1:colcon.colcon_core.environment:checking '/home/huhu/Documents/GitHub/swarm_robot/install/robot_bringup' for CMake module files
[3.058s] Level 1:colcon.colcon_core.environment:checking '/home/huhu/Documents/GitHub/swarm_robot/install/robot_bringup' for CMake config files
[3.058s] Level 1:colcon.colcon_core.shell:create_environment_hook('robot_bringup', 'cmake_prefix_path')
[3.059s] INFO:colcon.colcon_core.shell:Creating environment hook '/home/huhu/Documents/GitHub/swarm_robot/install/robot_bringup/share/robot_bringup/hook/cmake_prefix_path.ps1'
[3.060s] INFO:colcon.colcon_core.shell:Creating environment descriptor '/home/huhu/Documents/GitHub/swarm_robot/install/robot_bringup/share/robot_bringup/hook/cmake_prefix_path.dsv'
[3.061s] INFO:colcon.colcon_core.shell:Creating environment hook '/home/huhu/Documents/GitHub/swarm_robot/install/robot_bringup/share/robot_bringup/hook/cmake_prefix_path.sh'
[3.062s] Level 1:colcon.colcon_core.environment:checking '/home/huhu/Documents/GitHub/swarm_robot/install/robot_bringup/lib'
[3.063s] Level 1:colcon.colcon_core.environment:checking '/home/huhu/Documents/GitHub/swarm_robot/install/robot_bringup/bin'
[3.063s] Level 1:colcon.colcon_core.environment:checking '/home/huhu/Documents/GitHub/swarm_robot/install/robot_bringup/lib/pkgconfig/robot_bringup.pc'
[3.063s] Level 1:colcon.colcon_core.environment:checking '/home/huhu/Documents/GitHub/swarm_robot/install/robot_bringup/lib/python3.8/site-packages'
[3.063s] Level 1:colcon.colcon_core.environment:checking '/home/huhu/Documents/GitHub/swarm_robot/install/robot_bringup/bin'
[3.064s] INFO:colcon.colcon_core.shell:Creating package script '/home/huhu/Documents/GitHub/swarm_robot/install/robot_bringup/share/robot_bringup/package.ps1'
[3.065s] INFO:colcon.colcon_core.shell:Creating package descriptor '/home/huhu/Documents/GitHub/swarm_robot/install/robot_bringup/share/robot_bringup/package.dsv'
[3.066s] INFO:colcon.colcon_core.shell:Creating package script '/home/huhu/Documents/GitHub/swarm_robot/install/robot_bringup/share/robot_bringup/package.sh'
[3.067s] INFO:colcon.colcon_core.shell:Creating package script '/home/huhu/Documents/GitHub/swarm_robot/install/robot_bringup/share/robot_bringup/package.bash'
[3.068s] INFO:colcon.colcon_core.shell:Creating package script '/home/huhu/Documents/GitHub/swarm_robot/install/robot_bringup/share/robot_bringup/package.zsh'
[3.068s] Level 1:colcon.colcon_core.environment:create_file_with_runtime_dependencies(/home/huhu/Documents/GitHub/swarm_robot/install/robot_bringup/share/colcon-core/packages/robot_bringup)
[3.069s] DEBUG:colcon.colcon_parallel_executor.executor.parallel:closing loop
[3.070s] DEBUG:colcon.colcon_parallel_executor.executor.parallel:loop closed
[3.070s] DEBUG:colcon.colcon_parallel_executor.executor.parallel:run_until_complete finished with '0'
[3.070s] DEBUG:colcon.colcon_core.event_reactor:joining thread
[3.083s] INFO:colcon.colcon_core.plugin_system:Skipping extension 'colcon_notification.desktop_notification.terminal_notifier': Not used on non-Darwin systems
[3.083s] INFO:colcon.colcon_core.plugin_system:Skipping extension 'colcon_notification.desktop_notification.win32': Not used on non-Windows systems
[3.084s] INFO:colcon.colcon_notification.desktop_notification:Sending desktop notification using 'notify2'
[3.114s] DEBUG:colcon.colcon_core.event_reactor:joined thread
[3.114s] INFO:colcon.colcon_core.shell:Creating prefix script '/home/huhu/Documents/GitHub/swarm_robot/install/local_setup.ps1'
[3.117s] INFO:colcon.colcon_core.shell:Creating prefix util module '/home/huhu/Documents/GitHub/swarm_robot/install/_local_setup_util_ps1.py'
[3.125s] INFO:colcon.colcon_core.shell:Creating prefix chain script '/home/huhu/Documents/GitHub/swarm_robot/install/setup.ps1'
[3.128s] INFO:colcon.colcon_core.shell:Creating prefix script '/home/huhu/Documents/GitHub/swarm_robot/install/local_setup.sh'
[3.130s] INFO:colcon.colcon_core.shell:Creating prefix util module '/home/huhu/Documents/GitHub/swarm_robot/install/_local_setup_util_sh.py'
[3.131s] INFO:colcon.colcon_core.shell:Creating prefix chain script '/home/huhu/Documents/GitHub/swarm_robot/install/setup.sh'
[3.134s] INFO:colcon.colcon_core.shell:Creating prefix script '/home/huhu/Documents/GitHub/swarm_robot/install/local_setup.bash'
[3.135s] INFO:colcon.colcon_core.shell:Creating prefix chain script '/home/huhu/Documents/GitHub/swarm_robot/install/setup.bash'
[3.138s] INFO:colcon.colcon_core.shell:Creating prefix script '/home/huhu/Documents/GitHub/swarm_robot/install/local_setup.zsh'
[3.139s] INFO:colcon.colcon_core.shell:Creating prefix chain script '/home/huhu/Documents/GitHub/swarm_robot/install/setup.zsh'
