-- Install configuration: ""
-- Execute custom install script
-- Up-to-date symlink: /home/huhu/Documents/GitHub/swarm_robot/simulation_ws/src/install/tlbot_navigation2/share/tlbot_navigation2/launch/navigation2.launch.py
-- Up-to-date symlink: /home/huhu/Documents/GitHub/swarm_robot/simulation_ws/src/install/tlbot_navigation2/share/tlbot_navigation2/map/simumap.pgm
-- Up-to-date symlink: /home/huhu/Documents/GitHub/swarm_robot/simulation_ws/src/install/tlbot_navigation2/share/tlbot_navigation2/map/simumap.yaml
-- Up-to-date symlink: /home/huhu/Documents/GitHub/swarm_robot/simulation_ws/src/install/tlbot_navigation2/share/tlbot_navigation2/param/tlbot.yaml
-- Up-to-date symlink: /home/huhu/Documents/GitHub/swarm_robot/simulation_ws/src/install/tlbot_navigation2/share/tlbot_navigation2/rviz/tlbot_navigation2.rviz
-- Up-to-date symlink: /home/huhu/Documents/GitHub/swarm_robot/simulation_ws/src/install/tlbot_navigation2/share/ament_index/resource_index/package_run_dependencies/tlbot_navigation2
-- Up-to-date symlink: /home/huhu/Documents/GitHub/swarm_robot/simulation_ws/src/install/tlbot_navigation2/share/ament_index/resource_index/parent_prefix_path/tlbot_navigation2
-- Up-to-date symlink: /home/huhu/Documents/GitHub/swarm_robot/simulation_ws/src/install/tlbot_navigation2/share/tlbot_navigation2/environment/ament_prefix_path.sh
-- Up-to-date symlink: /home/huhu/Documents/GitHub/swarm_robot/simulation_ws/src/install/tlbot_navigation2/share/tlbot_navigation2/environment/ament_prefix_path.dsv
-- Up-to-date symlink: /home/huhu/Documents/GitHub/swarm_robot/simulation_ws/src/install/tlbot_navigation2/share/tlbot_navigation2/environment/path.sh
-- Up-to-date symlink: /home/huhu/Documents/GitHub/swarm_robot/simulation_ws/src/install/tlbot_navigation2/share/tlbot_navigation2/environment/path.dsv
-- Up-to-date symlink: /home/huhu/Documents/GitHub/swarm_robot/simulation_ws/src/install/tlbot_navigation2/share/tlbot_navigation2/local_setup.bash
-- Up-to-date symlink: /home/huhu/Documents/GitHub/swarm_robot/simulation_ws/src/install/tlbot_navigation2/share/tlbot_navigation2/local_setup.sh
-- Up-to-date symlink: /home/huhu/Documents/GitHub/swarm_robot/simulation_ws/src/install/tlbot_navigation2/share/tlbot_navigation2/local_setup.zsh
-- Up-to-date symlink: /home/huhu/Documents/GitHub/swarm_robot/simulation_ws/src/install/tlbot_navigation2/share/tlbot_navigation2/local_setup.dsv
-- Symlinking: /home/huhu/Documents/GitHub/swarm_robot/simulation_ws/src/install/tlbot_navigation2/share/tlbot_navigation2/package.dsv
-- Up-to-date symlink: /home/huhu/Documents/GitHub/swarm_robot/simulation_ws/src/install/tlbot_navigation2/share/ament_index/resource_index/packages/tlbot_navigation2
-- Up-to-date symlink: /home/huhu/Documents/GitHub/swarm_robot/simulation_ws/src/install/tlbot_navigation2/share/tlbot_navigation2/cmake/tlbot_navigation2Config.cmake
-- Up-to-date symlink: /home/huhu/Documents/GitHub/swarm_robot/simulation_ws/src/install/tlbot_navigation2/share/tlbot_navigation2/cmake/tlbot_navigation2Config-version.cmake
-- Up-to-date symlink: /home/huhu/Documents/GitHub/swarm_robot/simulation_ws/src/install/tlbot_navigation2/share/tlbot_navigation2/package.xml
