[0.118s] Invoking command in '/home/huhu/Documents/GitHub/swarm_robot/simulation_ws/src/build/cartographer': CMAKE_PREFIX_PATH=${CMAKE_PREFIX_PATH}:/opt/ros/foxy /usr/bin/cmake /home/huhu/Documents/GitHub/swarm_robot/simulation_ws/src/cartographer -DAMENT_CMAKE_SYMLINK_INSTALL=1 -DCMAKE_INSTALL_PREFIX=/home/huhu/Documents/GitHub/swarm_robot/simulation_ws/src/install/cartographer
[0.685s] -- The C compiler identification is GNU 9.4.0
[1.324s] -- The CXX compiler identification is GNU 9.4.0
[1.357s] -- Check for working C compiler: /usr/bin/cc
[1.603s] -- Check for working C compiler: /usr/bin/cc -- works
[1.609s] -- Detecting C compiler ABI info
[1.824s] -- Detecting C compiler ABI info - done
[1.852s] -- Detecting C compile features
[1.853s] -- Detecting C compile features - done
[1.857s] -- Check for working CXX compiler: /usr/bin/c++
[2.104s] -- Check for working CXX compiler: /usr/bin/c++ -- works
[2.109s] -- Detecting CXX compiler ABI info
[2.378s] -- Detecting CXX compiler ABI info - done
[2.410s] -- Detecting CXX compile features
[2.413s] -- Detecting CXX compile features - done
[2.417s] -- Found ament_cmake: 0.9.12 (/opt/ros/foxy/share/ament_cmake/cmake)
[2.474s] -- Found PythonInterp: /usr/bin/python3 (found suitable version "3.8.10", minimum required is "3") 
[2.474s] -- Using PYTHON_EXECUTABLE: /usr/bin/python3
[2.846s] -- Override CMake install command with custom implementation using symlinks instead of copying resources
[3.046s] -- Found ament_lint_auto: 0.9.8 (/opt/ros/foxy/share/ament_lint_auto/cmake)
[3.294s] -- Added test 'copyright' to check source files copyright and LICENSE
[3.309s] -- Added test 'flake8' to check Python code syntax and style conventions
[3.312s] -- Added test 'lint_cmake' to check CMake code style
[3.315s] -- Added test 'pep257' to check Python code against some of the style conventions in PEP 257
[3.322s] -- Added test 'xmllint' to check XML markup files
[3.331s] -- Configuring done
[3.335s] -- Generating done
[3.346s] -- Build files have been written to: /home/huhu/Documents/GitHub/swarm_robot/simulation_ws/src/build/cartographer
[3.367s] Invoked command in '/home/huhu/Documents/GitHub/swarm_robot/simulation_ws/src/build/cartographer' returned '0': CMAKE_PREFIX_PATH=${CMAKE_PREFIX_PATH}:/opt/ros/foxy /usr/bin/cmake /home/huhu/Documents/GitHub/swarm_robot/simulation_ws/src/cartographer -DAMENT_CMAKE_SYMLINK_INSTALL=1 -DCMAKE_INSTALL_PREFIX=/home/huhu/Documents/GitHub/swarm_robot/simulation_ws/src/install/cartographer
[3.374s] Invoking command in '/home/huhu/Documents/GitHub/swarm_robot/simulation_ws/src/build/cartographer': CMAKE_PREFIX_PATH=${CMAKE_PREFIX_PATH}:/opt/ros/foxy /usr/bin/cmake --build /home/huhu/Documents/GitHub/swarm_robot/simulation_ws/src/build/cartographer -- -j6 -l6
[3.478s] Invoked command in '/home/huhu/Documents/GitHub/swarm_robot/simulation_ws/src/build/cartographer' returned '0': CMAKE_PREFIX_PATH=${CMAKE_PREFIX_PATH}:/opt/ros/foxy /usr/bin/cmake --build /home/huhu/Documents/GitHub/swarm_robot/simulation_ws/src/build/cartographer -- -j6 -l6
[3.588s] Invoking command in '/home/huhu/Documents/GitHub/swarm_robot/simulation_ws/src/build/cartographer': CMAKE_PREFIX_PATH=${CMAKE_PREFIX_PATH}:/opt/ros/foxy /usr/bin/cmake --install /home/huhu/Documents/GitHub/swarm_robot/simulation_ws/src/build/cartographer
[3.634s] -- Install configuration: ""
[3.634s] -- Execute custom install script
[3.634s] -- Symlinking: /home/huhu/Documents/GitHub/swarm_robot/simulation_ws/src/install/cartographer/share/cartographer/config/cartographer_config.lua
[3.644s] -- Symlinking: /home/huhu/Documents/GitHub/swarm_robot/simulation_ws/src/install/cartographer/share/cartographer/launch/cartographer_launch.py
[3.678s] -- Symlinking: /home/huhu/Documents/GitHub/swarm_robot/simulation_ws/src/install/cartographer/share/cartographer/launch/occupancy_grid.launch.py
[3.711s] -- Symlinking: /home/huhu/Documents/GitHub/swarm_robot/simulation_ws/src/install/cartographer/share/cartographer/rviz/cartographer.rviz
[3.738s] -- Symlinking: /home/huhu/Documents/GitHub/swarm_robot/simulation_ws/src/install/cartographer/share/ament_index/resource_index/package_run_dependencies/cartographer
[3.759s] -- Symlinking: /home/huhu/Documents/GitHub/swarm_robot/simulation_ws/src/install/cartographer/share/ament_index/resource_index/parent_prefix_path/cartographer
[3.784s] -- Symlinking: /home/huhu/Documents/GitHub/swarm_robot/simulation_ws/src/install/cartographer/share/cartographer/environment/ament_prefix_path.sh
[3.802s] -- Symlinking: /home/huhu/Documents/GitHub/swarm_robot/simulation_ws/src/install/cartographer/share/cartographer/environment/ament_prefix_path.dsv
[3.830s] -- Symlinking: /home/huhu/Documents/GitHub/swarm_robot/simulation_ws/src/install/cartographer/share/cartographer/environment/path.sh
[3.856s] -- Symlinking: /home/huhu/Documents/GitHub/swarm_robot/simulation_ws/src/install/cartographer/share/cartographer/environment/path.dsv
[3.887s] -- Symlinking: /home/huhu/Documents/GitHub/swarm_robot/simulation_ws/src/install/cartographer/share/cartographer/local_setup.bash
[3.913s] -- Symlinking: /home/huhu/Documents/GitHub/swarm_robot/simulation_ws/src/install/cartographer/share/cartographer/local_setup.sh
[3.941s] -- Symlinking: /home/huhu/Documents/GitHub/swarm_robot/simulation_ws/src/install/cartographer/share/cartographer/local_setup.zsh
[3.958s] -- Symlinking: /home/huhu/Documents/GitHub/swarm_robot/simulation_ws/src/install/cartographer/share/cartographer/local_setup.dsv
[3.977s] -- Symlinking: /home/huhu/Documents/GitHub/swarm_robot/simulation_ws/src/install/cartographer/share/cartographer/package.dsv
[3.995s] -- Symlinking: /home/huhu/Documents/GitHub/swarm_robot/simulation_ws/src/install/cartographer/share/ament_index/resource_index/packages/cartographer
[4.016s] -- Symlinking: /home/huhu/Documents/GitHub/swarm_robot/simulation_ws/src/install/cartographer/share/cartographer/cmake/cartographerConfig.cmake
[4.036s] -- Symlinking: /home/huhu/Documents/GitHub/swarm_robot/simulation_ws/src/install/cartographer/share/cartographer/cmake/cartographerConfig-version.cmake
[4.070s] -- Symlinking: /home/huhu/Documents/GitHub/swarm_robot/simulation_ws/src/install/cartographer/share/cartographer/package.xml
[4.222s] Invoked command in '/home/huhu/Documents/GitHub/swarm_robot/simulation_ws/src/build/cartographer' returned '0': CMAKE_PREFIX_PATH=${CMAKE_PREFIX_PATH}:/opt/ros/foxy /usr/bin/cmake --install /home/huhu/Documents/GitHub/swarm_robot/simulation_ws/src/build/cartographer
