[0.040s] Invoking command in '/home/huhu/Documents/GitHub/swarm_robot/build/robot_bringup': CMAKE_PREFIX_PATH=${CMAKE_PREFIX_PATH}:/opt/ros/foxy /usr/bin/cmake /home/huhu/Documents/GitHub/swarm_robot/simulation_ws/src/robot_bringup -DAMENT_CMAKE_SYMLINK_INSTALL=1 -DCMAKE_INSTALL_PREFIX=/home/huhu/Documents/GitHub/swarm_robot/install/robot_bringup
[0.254s] -- The C compiler identification is GNU 9.4.0
[0.428s] -- The CXX compiler identification is GNU 9.4.0
[0.441s] -- Check for working C compiler: /usr/bin/cc
[0.548s] -- Check for working C compiler: /usr/bin/cc -- works
[0.549s] -- Detecting C compiler ABI info
[0.645s] -- Detecting C compiler ABI info - done
[0.661s] -- Detecting C compile features
[0.661s] -- Detecting C compile features - done
[0.665s] -- Check for working CXX compiler: /usr/bin/c++
[0.778s] -- Check for working CXX compiler: /usr/bin/c++ -- works
[0.779s] -- Detecting CXX compiler ABI info
[0.898s] -- Detecting CXX compiler ABI info - done
[0.915s] -- Detecting CXX compile features
[0.915s] -- Detecting CXX compile features - done
[0.923s] -- Found ament_cmake: 0.9.12 (/opt/ros/foxy/share/ament_cmake/cmake)
[0.962s] -- Found PythonInterp: /usr/bin/python3 (found suitable version "3.8.10", minimum required is "3") 
[0.962s] -- Using PYTHON_EXECUTABLE: /usr/bin/python3
[1.207s] -- Override CMake install command with custom implementation using symlinks instead of copying resources
[1.265s] -- Found ament_lint_auto: 0.9.8 (/opt/ros/foxy/share/ament_lint_auto/cmake)
[1.405s] -- Added test 'copyright' to check source files copyright and LICENSE
[1.409s] -- Added test 'flake8' to check Python code syntax and style conventions
[1.411s] -- Added test 'lint_cmake' to check CMake code style
[1.414s] -- Added test 'pep257' to check Python code against some of the style conventions in PEP 257
[1.417s] -- Added test 'xmllint' to check XML markup files
[1.423s] -- Configuring done
[1.428s] -- Generating done
[1.428s] -- Build files have been written to: /home/huhu/Documents/GitHub/swarm_robot/build/robot_bringup
[1.445s] Invoked command in '/home/huhu/Documents/GitHub/swarm_robot/build/robot_bringup' returned '0': CMAKE_PREFIX_PATH=${CMAKE_PREFIX_PATH}:/opt/ros/foxy /usr/bin/cmake /home/huhu/Documents/GitHub/swarm_robot/simulation_ws/src/robot_bringup -DAMENT_CMAKE_SYMLINK_INSTALL=1 -DCMAKE_INSTALL_PREFIX=/home/huhu/Documents/GitHub/swarm_robot/install/robot_bringup
[1.450s] Invoking command in '/home/huhu/Documents/GitHub/swarm_robot/build/robot_bringup': CMAKE_PREFIX_PATH=${CMAKE_PREFIX_PATH}:/opt/ros/foxy /usr/bin/cmake --build /home/huhu/Documents/GitHub/swarm_robot/build/robot_bringup -- -j6 -l6
[1.509s] Invoked command in '/home/huhu/Documents/GitHub/swarm_robot/build/robot_bringup' returned '0': CMAKE_PREFIX_PATH=${CMAKE_PREFIX_PATH}:/opt/ros/foxy /usr/bin/cmake --build /home/huhu/Documents/GitHub/swarm_robot/build/robot_bringup -- -j6 -l6
[1.574s] Invoking command in '/home/huhu/Documents/GitHub/swarm_robot/build/robot_bringup': CMAKE_PREFIX_PATH=${CMAKE_PREFIX_PATH}:/opt/ros/foxy /usr/bin/cmake --install /home/huhu/Documents/GitHub/swarm_robot/build/robot_bringup
[1.585s] -- Install configuration: ""
[1.586s] -- Execute custom install script
[1.587s] -- Symlinking: /home/huhu/Documents/GitHub/swarm_robot/install/robot_bringup/share/robot_bringup/launch/multi_robot_launch.py
[1.601s] -- Symlinking: /home/huhu/Documents/GitHub/swarm_robot/install/robot_bringup/share/robot_bringup/launch/multi_spawn_robot_launch.py
[1.615s] -- Symlinking: /home/huhu/Documents/GitHub/swarm_robot/install/robot_bringup/share/robot_bringup/launch/spawn_robot.py
[1.629s] -- Symlinking: /home/huhu/Documents/GitHub/swarm_robot/install/robot_bringup/share/robot_bringup/launch/spawn_robot_launch.py
[1.642s] -- Symlinking: /home/huhu/Documents/GitHub/swarm_robot/install/robot_bringup/share/robot_bringup/launch/start_world_launch.py
[1.656s] -- Symlinking: /home/huhu/Documents/GitHub/swarm_robot/install/robot_bringup/share/robot_bringup/launch/tf_broadcaster.py
[1.669s] -- Symlinking: /home/huhu/Documents/GitHub/swarm_robot/install/robot_bringup/share/robot_bringup/descriptions/inertial_macros.xacro
[1.683s] -- Symlinking: /home/huhu/Documents/GitHub/swarm_robot/install/robot_bringup/share/robot_bringup/descriptions/lidar.xacro
[1.696s] -- Symlinking: /home/huhu/Documents/GitHub/swarm_robot/install/robot_bringup/share/robot_bringup/descriptions/robot.urdf.xacro
[1.710s] -- Symlinking: /home/huhu/Documents/GitHub/swarm_robot/install/robot_bringup/share/robot_bringup/descriptions/robot_core.xacro
[1.723s] -- Symlinking: /home/huhu/Documents/GitHub/swarm_robot/install/robot_bringup/share/robot_bringup/descriptions/robot_swarm.urdf
[1.737s] -- Symlinking: /home/huhu/Documents/GitHub/swarm_robot/install/robot_bringup/share/robot_bringup/worlds/obstacle.worlds
[1.749s] -- Symlinking: /home/huhu/Documents/GitHub/swarm_robot/install/robot_bringup/share/robot_bringup/worlds/swarm_world.worlds
[1.764s] -- Symlinking: /home/huhu/Documents/GitHub/swarm_robot/install/robot_bringup/lib/robot_bringup/spawn_robot.py
[1.778s] -- Symlinking: /home/huhu/Documents/GitHub/swarm_robot/install/robot_bringup/share/ament_index/resource_index/package_run_dependencies/robot_bringup
[1.791s] -- Symlinking: /home/huhu/Documents/GitHub/swarm_robot/install/robot_bringup/share/ament_index/resource_index/parent_prefix_path/robot_bringup
[1.808s] -- Symlinking: /home/huhu/Documents/GitHub/swarm_robot/install/robot_bringup/share/robot_bringup/environment/ament_prefix_path.sh
[1.821s] -- Symlinking: /home/huhu/Documents/GitHub/swarm_robot/install/robot_bringup/share/robot_bringup/environment/ament_prefix_path.dsv
[1.834s] -- Symlinking: /home/huhu/Documents/GitHub/swarm_robot/install/robot_bringup/share/robot_bringup/environment/path.sh
[1.849s] -- Symlinking: /home/huhu/Documents/GitHub/swarm_robot/install/robot_bringup/share/robot_bringup/environment/path.dsv
[1.862s] -- Symlinking: /home/huhu/Documents/GitHub/swarm_robot/install/robot_bringup/share/robot_bringup/local_setup.bash
[1.876s] -- Symlinking: /home/huhu/Documents/GitHub/swarm_robot/install/robot_bringup/share/robot_bringup/local_setup.sh
[1.891s] -- Symlinking: /home/huhu/Documents/GitHub/swarm_robot/install/robot_bringup/share/robot_bringup/local_setup.zsh
[1.902s] -- Symlinking: /home/huhu/Documents/GitHub/swarm_robot/install/robot_bringup/share/robot_bringup/local_setup.dsv
[1.917s] -- Symlinking: /home/huhu/Documents/GitHub/swarm_robot/install/robot_bringup/share/robot_bringup/package.dsv
[1.931s] -- Symlinking: /home/huhu/Documents/GitHub/swarm_robot/install/robot_bringup/share/ament_index/resource_index/packages/robot_bringup
[1.947s] -- Symlinking: /home/huhu/Documents/GitHub/swarm_robot/install/robot_bringup/share/robot_bringup/cmake/robot_bringupConfig.cmake
[1.961s] -- Symlinking: /home/huhu/Documents/GitHub/swarm_robot/install/robot_bringup/share/robot_bringup/cmake/robot_bringupConfig-version.cmake
[1.977s] -- Symlinking: /home/huhu/Documents/GitHub/swarm_robot/install/robot_bringup/share/robot_bringup/package.xml
[1.996s] Invoked command in '/home/huhu/Documents/GitHub/swarm_robot/build/robot_bringup' returned '0': CMAKE_PREFIX_PATH=${CMAKE_PREFIX_PATH}:/opt/ros/foxy /usr/bin/cmake --install /home/huhu/Documents/GitHub/swarm_robot/build/robot_bringup
