[0.039s] Invoking command in '/home/huhu/Documents/GitHub/swarm_robot/build/cartographer': CMAKE_PREFIX_PATH=${CMAKE_PREFIX_PATH}:/opt/ros/foxy /usr/bin/cmake /home/huhu/Documents/GitHub/swarm_robot/simulation_ws/src/cartographer -DAMENT_CMAKE_SYMLINK_INSTALL=1 -DCMAKE_INSTALL_PREFIX=/home/huhu/Documents/GitHub/swarm_robot/install/cartographer
[0.269s] -- The C compiler identification is GNU 9.4.0
[0.443s] -- The CXX compiler identification is GNU 9.4.0
[0.457s] -- Check for working C compiler: /usr/bin/cc
[0.559s] -- Check for working C compiler: /usr/bin/cc -- works
[0.563s] -- Detecting C compiler ABI info
[0.656s] -- Detecting C compiler ABI info - done
[0.672s] -- Detecting C compile features
[0.674s] -- Detecting C compile features - done
[0.681s] -- Check for working CXX compiler: /usr/bin/c++
[0.788s] -- Check for working CXX compiler: /usr/bin/c++ -- works
[0.789s] -- Detecting CXX compiler ABI info
[0.907s] -- Detecting CXX compiler ABI info - done
[0.923s] -- Detecting CXX compile features
[0.924s] -- Detecting CXX compile features - done
[0.939s] -- Found ament_cmake: 0.9.12 (/opt/ros/foxy/share/ament_cmake/cmake)
[0.978s] -- Found PythonInterp: /usr/bin/python3 (found suitable version "3.8.10", minimum required is "3") 
[0.978s] -- Using PYTHON_EXECUTABLE: /usr/bin/python3
[1.223s] -- Override CMake install command with custom implementation using symlinks instead of copying resources
[1.280s] -- Found ament_lint_auto: 0.9.8 (/opt/ros/foxy/share/ament_lint_auto/cmake)
[1.420s] -- Added test 'copyright' to check source files copyright and LICENSE
[1.425s] -- Added test 'flake8' to check Python code syntax and style conventions
[1.426s] -- Added test 'lint_cmake' to check CMake code style
[1.429s] -- Added test 'pep257' to check Python code against some of the style conventions in PEP 257
[1.432s] -- Added test 'xmllint' to check XML markup files
[1.438s] -- Configuring done
[1.444s] -- Generating done
[1.444s] -- Build files have been written to: /home/huhu/Documents/GitHub/swarm_robot/build/cartographer
[1.450s] Invoked command in '/home/huhu/Documents/GitHub/swarm_robot/build/cartographer' returned '0': CMAKE_PREFIX_PATH=${CMAKE_PREFIX_PATH}:/opt/ros/foxy /usr/bin/cmake /home/huhu/Documents/GitHub/swarm_robot/simulation_ws/src/cartographer -DAMENT_CMAKE_SYMLINK_INSTALL=1 -DCMAKE_INSTALL_PREFIX=/home/huhu/Documents/GitHub/swarm_robot/install/cartographer
[1.457s] Invoking command in '/home/huhu/Documents/GitHub/swarm_robot/build/cartographer': CMAKE_PREFIX_PATH=${CMAKE_PREFIX_PATH}:/opt/ros/foxy /usr/bin/cmake --build /home/huhu/Documents/GitHub/swarm_robot/build/cartographer -- -j6 -l6
[1.516s] Invoked command in '/home/huhu/Documents/GitHub/swarm_robot/build/cartographer' returned '0': CMAKE_PREFIX_PATH=${CMAKE_PREFIX_PATH}:/opt/ros/foxy /usr/bin/cmake --build /home/huhu/Documents/GitHub/swarm_robot/build/cartographer -- -j6 -l6
[1.575s] Invoking command in '/home/huhu/Documents/GitHub/swarm_robot/build/cartographer': CMAKE_PREFIX_PATH=${CMAKE_PREFIX_PATH}:/opt/ros/foxy /usr/bin/cmake --install /home/huhu/Documents/GitHub/swarm_robot/build/cartographer
[1.591s] -- Install configuration: ""
[1.592s] -- Execute custom install script
[1.593s] -- Symlinking: /home/huhu/Documents/GitHub/swarm_robot/install/cartographer/share/cartographer/config/cartographer_config.lua
[1.603s] -- Symlinking: /home/huhu/Documents/GitHub/swarm_robot/install/cartographer/share/cartographer/launch/cartographer_launch.py
[1.617s] -- Symlinking: /home/huhu/Documents/GitHub/swarm_robot/install/cartographer/share/cartographer/launch/occupancy_grid.launch.py
[1.631s] -- Symlinking: /home/huhu/Documents/GitHub/swarm_robot/install/cartographer/share/cartographer/rviz/cartographer.rviz
[1.644s] -- Symlinking: /home/huhu/Documents/GitHub/swarm_robot/install/cartographer/share/ament_index/resource_index/package_run_dependencies/cartographer
[1.658s] -- Symlinking: /home/huhu/Documents/GitHub/swarm_robot/install/cartographer/share/ament_index/resource_index/parent_prefix_path/cartographer
[1.671s] -- Symlinking: /home/huhu/Documents/GitHub/swarm_robot/install/cartographer/share/cartographer/environment/ament_prefix_path.sh
[1.685s] -- Symlinking: /home/huhu/Documents/GitHub/swarm_robot/install/cartographer/share/cartographer/environment/ament_prefix_path.dsv
[1.701s] -- Symlinking: /home/huhu/Documents/GitHub/swarm_robot/install/cartographer/share/cartographer/environment/path.sh
[1.715s] -- Symlinking: /home/huhu/Documents/GitHub/swarm_robot/install/cartographer/share/cartographer/environment/path.dsv
[1.729s] -- Symlinking: /home/huhu/Documents/GitHub/swarm_robot/install/cartographer/share/cartographer/local_setup.bash
[1.743s] -- Symlinking: /home/huhu/Documents/GitHub/swarm_robot/install/cartographer/share/cartographer/local_setup.sh
[1.757s] -- Symlinking: /home/huhu/Documents/GitHub/swarm_robot/install/cartographer/share/cartographer/local_setup.zsh
[1.771s] -- Symlinking: /home/huhu/Documents/GitHub/swarm_robot/install/cartographer/share/cartographer/local_setup.dsv
[1.785s] -- Symlinking: /home/huhu/Documents/GitHub/swarm_robot/install/cartographer/share/cartographer/package.dsv
[1.799s] -- Symlinking: /home/huhu/Documents/GitHub/swarm_robot/install/cartographer/share/ament_index/resource_index/packages/cartographer
[1.813s] -- Symlinking: /home/huhu/Documents/GitHub/swarm_robot/install/cartographer/share/cartographer/cmake/cartographerConfig.cmake
[1.831s] -- Symlinking: /home/huhu/Documents/GitHub/swarm_robot/install/cartographer/share/cartographer/cmake/cartographerConfig-version.cmake
[1.845s] -- Symlinking: /home/huhu/Documents/GitHub/swarm_robot/install/cartographer/share/cartographer/package.xml
[1.864s] Invoked command in '/home/huhu/Documents/GitHub/swarm_robot/build/cartographer' returned '0': CMAKE_PREFIX_PATH=${CMAKE_PREFIX_PATH}:/opt/ros/foxy /usr/bin/cmake --install /home/huhu/Documents/GitHub/swarm_robot/build/cartographer
