[0.569s] DEBUG:colcon:Command line arguments: ['/usr/bin/colcon', 'build']
[0.569s] DEBUG:colcon:Parsed command line arguments: Namespace(allow_overriding=[], ament_cmake_args=None, base_paths=['.'], build_base='build', catkin_cmake_args=None, catkin_skip_building_tests=False, cmake_args=None, cmake_clean_cache=False, cmake_clean_first=False, cmake_force_configure=False, cmake_target=None, cmake_target_skip_unavailable=False, continue_on_error=False, event_handlers=None, executor='parallel', ignore_user_meta=False, install_base='install', log_base=None, log_level=None, main=<bound method BuildVerb.main of <colcon_core.verb.build.BuildVerb object at 0x7f7a58fa2fd0>>, merge_install=False, metas=['./colcon.meta'], mixin=None, mixin_files=None, mixin_verb=('build',), packages_above=None, packages_above_and_dependencies=None, packages_above_depth=None, packages_end=None, packages_ignore=None, packages_ignore_regex=None, packages_select=None, packages_select_build_failed=False, packages_select_by_dep=None, packages_select_regex=None, packages_select_test_failures=False, packages_skip=None, packages_skip_build_finished=False, packages_skip_by_dep=None, packages_skip_regex=None, packages_skip_test_passed=False, packages_skip_up_to=None, packages_start=None, packages_up_to=None, packages_up_to_regex=None, parallel_workers=8, paths=None, symlink_install=False, test_result_base=None, verb_extension=<colcon_core.verb.build.BuildVerb object at 0x7f7a58fa2fd0>, verb_name='build', verb_parser=<colcon_mixin.mixin.mixin_argument.MixinArgumentDecorator object at 0x7f7a58f10ee0>)
[0.945s] Level 1:colcon.colcon_core.package_discovery:discover_packages(colcon_meta) check parameters
[0.945s] Level 1:colcon.colcon_core.package_discovery:discover_packages(recursive) check parameters
[0.945s] Level 1:colcon.colcon_core.package_discovery:discover_packages(ignore) check parameters
[0.945s] Level 1:colcon.colcon_core.package_discovery:discover_packages(path) check parameters
[0.946s] Level 1:colcon.colcon_core.package_discovery:discover_packages(colcon_meta) discover
[0.946s] Level 1:colcon.colcon_core.package_discovery:discover_packages(recursive) discover
[0.946s] INFO:colcon.colcon_core.package_discovery:Crawling recursively for packages in '/home/irs/swarm_robot/algorithm'
[0.946s] Level 1:colcon.colcon_core.package_identification:_identify(.) by extensions ['ignore', 'ignore_ament_install']
[0.946s] Level 1:colcon.colcon_core.package_identification:_identify(.) by extension 'ignore'
[0.946s] Level 1:colcon.colcon_core.package_identification:_identify(.) by extension 'ignore_ament_install'
[0.946s] Level 1:colcon.colcon_core.package_identification:_identify(.) by extensions ['colcon_pkg']
[0.946s] Level 1:colcon.colcon_core.package_identification:_identify(.) by extension 'colcon_pkg'
[0.947s] Level 1:colcon.colcon_core.package_identification:_identify(.) by extensions ['colcon_meta']
[0.947s] Level 1:colcon.colcon_core.package_identification:_identify(.) by extension 'colcon_meta'
[0.947s] Level 1:colcon.colcon_core.package_identification:_identify(.) by extensions ['ros']
[0.947s] Level 1:colcon.colcon_core.package_identification:_identify(.) by extension 'ros'
[0.968s] Level 1:colcon.colcon_core.package_identification:_identify(.) by extensions ['cmake', 'python']
[0.968s] Level 1:colcon.colcon_core.package_identification:_identify(.) by extension 'cmake'
[0.968s] Level 1:colcon.colcon_core.package_identification:_identify(.) by extension 'python'
[0.968s] Level 1:colcon.colcon_core.package_identification:_identify(.) by extensions ['python_setup_py']
[0.968s] Level 1:colcon.colcon_core.package_identification:_identify(.) by extension 'python_setup_py'
[0.969s] Level 1:colcon.colcon_core.package_identification:_identify(build) by extensions ['ignore', 'ignore_ament_install']
[0.969s] Level 1:colcon.colcon_core.package_identification:_identify(build) by extension 'ignore'
[0.969s] Level 1:colcon.colcon_core.package_identification:_identify(build) ignored
[0.969s] Level 1:colcon.colcon_core.package_identification:_identify(install) by extensions ['ignore', 'ignore_ament_install']
[0.969s] Level 1:colcon.colcon_core.package_identification:_identify(install) by extension 'ignore'
[0.969s] Level 1:colcon.colcon_core.package_identification:_identify(install) ignored
[0.969s] Level 1:colcon.colcon_core.package_identification:_identify(log) by extensions ['ignore', 'ignore_ament_install']
[0.969s] Level 1:colcon.colcon_core.package_identification:_identify(log) by extension 'ignore'
[0.969s] Level 1:colcon.colcon_core.package_identification:_identify(log) ignored
[0.970s] Level 1:colcon.colcon_core.package_identification:_identify(scripts) by extensions ['ignore', 'ignore_ament_install']
[0.970s] Level 1:colcon.colcon_core.package_identification:_identify(scripts) by extension 'ignore'
[0.970s] Level 1:colcon.colcon_core.package_identification:_identify(scripts) by extension 'ignore_ament_install'
[0.970s] Level 1:colcon.colcon_core.package_identification:_identify(scripts) by extensions ['colcon_pkg']
[0.970s] Level 1:colcon.colcon_core.package_identification:_identify(scripts) by extension 'colcon_pkg'
[0.970s] Level 1:colcon.colcon_core.package_identification:_identify(scripts) by extensions ['colcon_meta']
[0.970s] Level 1:colcon.colcon_core.package_identification:_identify(scripts) by extension 'colcon_meta'
[0.970s] Level 1:colcon.colcon_core.package_identification:_identify(scripts) by extensions ['ros']
[0.970s] Level 1:colcon.colcon_core.package_identification:_identify(scripts) by extension 'ros'
[0.970s] Level 1:colcon.colcon_core.package_identification:_identify(scripts) by extensions ['cmake', 'python']
[0.970s] Level 1:colcon.colcon_core.package_identification:_identify(scripts) by extension 'cmake'
[0.970s] Level 1:colcon.colcon_core.package_identification:_identify(scripts) by extension 'python'
[0.970s] Level 1:colcon.colcon_core.package_identification:_identify(scripts) by extensions ['python_setup_py']
[0.971s] Level 1:colcon.colcon_core.package_identification:_identify(scripts) by extension 'python_setup_py'
[0.971s] Level 1:colcon.colcon_core.package_identification:_identify(src) by extensions ['ignore', 'ignore_ament_install']
[0.971s] Level 1:colcon.colcon_core.package_identification:_identify(src) by extension 'ignore'
[0.971s] Level 1:colcon.colcon_core.package_identification:_identify(src) by extension 'ignore_ament_install'
[0.971s] Level 1:colcon.colcon_core.package_identification:_identify(src) by extensions ['colcon_pkg']
[0.971s] Level 1:colcon.colcon_core.package_identification:_identify(src) by extension 'colcon_pkg'
[0.971s] Level 1:colcon.colcon_core.package_identification:_identify(src) by extensions ['colcon_meta']
[0.971s] Level 1:colcon.colcon_core.package_identification:_identify(src) by extension 'colcon_meta'
[0.971s] Level 1:colcon.colcon_core.package_identification:_identify(src) by extensions ['ros']
[0.971s] Level 1:colcon.colcon_core.package_identification:_identify(src) by extension 'ros'
[0.972s] Level 1:colcon.colcon_core.package_identification:_identify(src) by extensions ['cmake', 'python']
[0.972s] Level 1:colcon.colcon_core.package_identification:_identify(src) by extension 'cmake'
[0.972s] Level 1:colcon.colcon_core.package_identification:_identify(src) by extension 'python'
[0.972s] Level 1:colcon.colcon_core.package_identification:_identify(src) by extensions ['python_setup_py']
[0.972s] Level 1:colcon.colcon_core.package_identification:_identify(src) by extension 'python_setup_py'
[0.972s] Level 1:colcon.colcon_core.package_identification:_identify(src/algorithm) by extensions ['ignore', 'ignore_ament_install']
[0.972s] Level 1:colcon.colcon_core.package_identification:_identify(src/algorithm) by extension 'ignore'
[0.972s] Level 1:colcon.colcon_core.package_identification:_identify(src/algorithm) by extension 'ignore_ament_install'
[0.972s] Level 1:colcon.colcon_core.package_identification:_identify(src/algorithm) by extensions ['colcon_pkg']
[0.972s] Level 1:colcon.colcon_core.package_identification:_identify(src/algorithm) by extension 'colcon_pkg'
[0.972s] Level 1:colcon.colcon_core.package_identification:_identify(src/algorithm) by extensions ['colcon_meta']
[0.972s] Level 1:colcon.colcon_core.package_identification:_identify(src/algorithm) by extension 'colcon_meta'
[0.973s] Level 1:colcon.colcon_core.package_identification:_identify(src/algorithm) by extensions ['ros']
[0.973s] Level 1:colcon.colcon_core.package_identification:_identify(src/algorithm) by extension 'ros'
[0.981s] DEBUG:colcon.colcon_core.package_identification:Package 'src/algorithm' with type 'ros.ament_python' and name 'algorithm'
[0.981s] Level 1:colcon.colcon_core.package_discovery:discover_packages(recursive) using defaults
[0.981s] Level 1:colcon.colcon_core.package_discovery:discover_packages(ignore) discover
[0.981s] Level 1:colcon.colcon_core.package_discovery:discover_packages(ignore) using defaults
[0.981s] Level 1:colcon.colcon_core.package_discovery:discover_packages(path) discover
[0.981s] Level 1:colcon.colcon_core.package_discovery:discover_packages(path) using defaults
[1.034s] Level 1:colcon.colcon_core.package_discovery:discover_packages(prefix_path) check parameters
[1.035s] Level 1:colcon.colcon_core.package_discovery:discover_packages(prefix_path) discover
[1.049s] DEBUG:colcon.colcon_installed_package_information.package_discovery:Found 12 installed packages in /home/irs/har_capstone/socin_robot_ws/install
[1.055s] DEBUG:colcon.colcon_installed_package_information.package_discovery:Found 378 installed packages in /opt/ros/foxy
[1.062s] Level 1:colcon.colcon_core.package_discovery:discover_packages(prefix_path) using defaults
[1.374s] Level 5:colcon.colcon_core.verb:set package 'algorithm' build argument 'cmake_args' from command line to 'None'
[1.375s] Level 5:colcon.colcon_core.verb:set package 'algorithm' build argument 'cmake_target' from command line to 'None'
[1.375s] Level 5:colcon.colcon_core.verb:set package 'algorithm' build argument 'cmake_target_skip_unavailable' from command line to 'False'
[1.375s] Level 5:colcon.colcon_core.verb:set package 'algorithm' build argument 'cmake_clean_cache' from command line to 'False'
[1.375s] Level 5:colcon.colcon_core.verb:set package 'algorithm' build argument 'cmake_clean_first' from command line to 'False'
[1.375s] Level 5:colcon.colcon_core.verb:set package 'algorithm' build argument 'cmake_force_configure' from command line to 'False'
[1.375s] Level 5:colcon.colcon_core.verb:set package 'algorithm' build argument 'ament_cmake_args' from command line to 'None'
[1.375s] Level 5:colcon.colcon_core.verb:set package 'algorithm' build argument 'catkin_cmake_args' from command line to 'None'
[1.375s] Level 5:colcon.colcon_core.verb:set package 'algorithm' build argument 'catkin_skip_building_tests' from command line to 'False'
[1.375s] DEBUG:colcon.colcon_core.verb:Building package 'algorithm' with the following arguments: {'ament_cmake_args': None, 'build_base': '/home/irs/swarm_robot/algorithm/build/algorithm', 'catkin_cmake_args': None, 'catkin_skip_building_tests': False, 'cmake_args': None, 'cmake_clean_cache': False, 'cmake_clean_first': False, 'cmake_force_configure': False, 'cmake_target': None, 'cmake_target_skip_unavailable': False, 'install_base': '/home/irs/swarm_robot/algorithm/install/algorithm', 'merge_install': False, 'path': '/home/irs/swarm_robot/algorithm/src/algorithm', 'symlink_install': False, 'test_result_base': None}
[1.375s] INFO:colcon.colcon_core.executor:Executing jobs using 'parallel' executor
[1.377s] DEBUG:colcon.colcon_parallel_executor.executor.parallel:run_until_complete
[1.377s] INFO:colcon.colcon_ros.task.ament_python.build:Building ROS package in '/home/irs/swarm_robot/algorithm/src/algorithm' with build type 'ament_python'
[1.378s] Level 1:colcon.colcon_core.shell:create_environment_hook('algorithm', 'ament_prefix_path')
[1.395s] INFO:colcon.colcon_core.plugin_system:Skipping extension 'colcon_core.shell.bat': Not used on non-Windows systems
[1.396s] INFO:colcon.colcon_core.shell:Creating environment hook '/home/irs/swarm_robot/algorithm/install/algorithm/share/algorithm/hook/ament_prefix_path.ps1'
[1.402s] INFO:colcon.colcon_core.shell:Creating environment descriptor '/home/irs/swarm_robot/algorithm/install/algorithm/share/algorithm/hook/ament_prefix_path.dsv'
[1.405s] INFO:colcon.colcon_core.shell:Creating environment hook '/home/irs/swarm_robot/algorithm/install/algorithm/share/algorithm/hook/ament_prefix_path.sh'
[1.408s] INFO:colcon.colcon_core.shell:Skip shell extension 'powershell' for command environment: Not usable outside of PowerShell
[1.408s] DEBUG:colcon.colcon_core.shell:Skip shell extension 'dsv' for command environment
[1.906s] INFO:colcon.colcon_core.task.python.build:Building Python package in '/home/irs/swarm_robot/algorithm/src/algorithm'
[1.908s] INFO:colcon.colcon_core.shell:Skip shell extension 'powershell' for command environment: Not usable outside of PowerShell
[1.908s] DEBUG:colcon.colcon_core.shell:Skip shell extension 'dsv' for command environment
[3.376s] DEBUG:colcon.colcon_core.event_handler.log_command:Invoking command in '/home/irs/swarm_robot/algorithm/src/algorithm': PYTHONPATH=/home/irs/swarm_robot/algorithm/build/algorithm/prefix_override:/usr/lib/python3/dist-packages/colcon_core/task/python/colcon_distutils_commands:/home/irs/swarm_robot/algorithm/install/algorithm/lib/python3.8/site-packages:${PYTHONPATH} /usr/bin/python3 -W ignore:setup.py install is deprecated setup.py egg_info --egg-base ../../build/algorithm build --build-base /home/irs/swarm_robot/algorithm/build/algorithm/build install --record /home/irs/swarm_robot/algorithm/build/algorithm/install.log --install-scripts $base/lib/algorithm --single-version-externally-managed install_data
[3.980s] DEBUG:colcon.colcon_core.event_handler.log_command:Invoked command in '/home/irs/swarm_robot/algorithm/src/algorithm' returned '0': PYTHONPATH=/home/irs/swarm_robot/algorithm/build/algorithm/prefix_override:/usr/lib/python3/dist-packages/colcon_core/task/python/colcon_distutils_commands:/home/irs/swarm_robot/algorithm/install/algorithm/lib/python3.8/site-packages:${PYTHONPATH} /usr/bin/python3 -W ignore:setup.py install is deprecated setup.py egg_info --egg-base ../../build/algorithm build --build-base /home/irs/swarm_robot/algorithm/build/algorithm/build install --record /home/irs/swarm_robot/algorithm/build/algorithm/install.log --install-scripts $base/lib/algorithm --single-version-externally-managed install_data
[3.999s] Level 1:colcon.colcon_core.environment:checking '/home/irs/swarm_robot/algorithm/install/algorithm' for CMake module files
[4.000s] Level 1:colcon.colcon_core.environment:checking '/home/irs/swarm_robot/algorithm/install/algorithm' for CMake config files
[4.002s] Level 1:colcon.colcon_core.environment:checking '/home/irs/swarm_robot/algorithm/install/algorithm/lib'
[4.003s] Level 1:colcon.colcon_core.environment:checking '/home/irs/swarm_robot/algorithm/install/algorithm/bin'
[4.003s] Level 1:colcon.colcon_core.environment:checking '/home/irs/swarm_robot/algorithm/install/algorithm/lib/pkgconfig/algorithm.pc'
[4.003s] Level 1:colcon.colcon_core.environment:checking '/home/irs/swarm_robot/algorithm/install/algorithm/lib/python3.8/site-packages'
[4.003s] Level 1:colcon.colcon_core.shell:create_environment_hook('algorithm', 'pythonpath')
[4.004s] INFO:colcon.colcon_core.shell:Creating environment hook '/home/irs/swarm_robot/algorithm/install/algorithm/share/algorithm/hook/pythonpath.ps1'
[4.005s] INFO:colcon.colcon_core.shell:Creating environment descriptor '/home/irs/swarm_robot/algorithm/install/algorithm/share/algorithm/hook/pythonpath.dsv'
[4.005s] INFO:colcon.colcon_core.shell:Creating environment hook '/home/irs/swarm_robot/algorithm/install/algorithm/share/algorithm/hook/pythonpath.sh'
[4.006s] Level 1:colcon.colcon_core.environment:checking '/home/irs/swarm_robot/algorithm/install/algorithm/bin'
[4.006s] Level 1:colcon.colcon_core.environment:create_environment_scripts_only(algorithm)
[4.007s] INFO:colcon.colcon_core.shell:Creating package script '/home/irs/swarm_robot/algorithm/install/algorithm/share/algorithm/package.ps1'
[4.009s] INFO:colcon.colcon_core.shell:Creating package descriptor '/home/irs/swarm_robot/algorithm/install/algorithm/share/algorithm/package.dsv'
[4.011s] INFO:colcon.colcon_core.shell:Creating package script '/home/irs/swarm_robot/algorithm/install/algorithm/share/algorithm/package.sh'
[4.014s] INFO:colcon.colcon_core.shell:Creating package script '/home/irs/swarm_robot/algorithm/install/algorithm/share/algorithm/package.bash'
[4.018s] INFO:colcon.colcon_core.shell:Creating package script '/home/irs/swarm_robot/algorithm/install/algorithm/share/algorithm/package.zsh'
[4.020s] Level 1:colcon.colcon_core.environment:create_file_with_runtime_dependencies(/home/irs/swarm_robot/algorithm/install/algorithm/share/colcon-core/packages/algorithm)
[4.021s] DEBUG:colcon.colcon_parallel_executor.executor.parallel:closing loop
[4.022s] DEBUG:colcon.colcon_parallel_executor.executor.parallel:loop closed
[4.022s] DEBUG:colcon.colcon_parallel_executor.executor.parallel:run_until_complete finished with '0'
[4.022s] DEBUG:colcon.colcon_core.event_reactor:joining thread
[4.035s] INFO:colcon.colcon_core.plugin_system:Skipping extension 'colcon_notification.desktop_notification.terminal_notifier': Not used on non-Darwin systems
[4.036s] INFO:colcon.colcon_core.plugin_system:Skipping extension 'colcon_notification.desktop_notification.win32': Not used on non-Windows systems
[4.036s] INFO:colcon.colcon_notification.desktop_notification:Sending desktop notification using 'notify2'
[4.097s] DEBUG:colcon.colcon_core.event_reactor:joined thread
[4.098s] INFO:colcon.colcon_core.shell:Creating prefix script '/home/irs/swarm_robot/algorithm/install/local_setup.ps1'
[4.101s] INFO:colcon.colcon_core.shell:Creating prefix util module '/home/irs/swarm_robot/algorithm/install/_local_setup_util_ps1.py'
[4.104s] INFO:colcon.colcon_core.shell:Creating prefix chain script '/home/irs/swarm_robot/algorithm/install/setup.ps1'
[4.108s] INFO:colcon.colcon_core.shell:Creating prefix script '/home/irs/swarm_robot/algorithm/install/local_setup.sh'
[4.111s] INFO:colcon.colcon_core.shell:Creating prefix util module '/home/irs/swarm_robot/algorithm/install/_local_setup_util_sh.py'
[4.112s] INFO:colcon.colcon_core.shell:Creating prefix chain script '/home/irs/swarm_robot/algorithm/install/setup.sh'
[4.118s] INFO:colcon.colcon_core.shell:Creating prefix script '/home/irs/swarm_robot/algorithm/install/local_setup.bash'
[4.119s] INFO:colcon.colcon_core.shell:Creating prefix chain script '/home/irs/swarm_robot/algorithm/install/setup.bash'
[4.122s] INFO:colcon.colcon_core.shell:Creating prefix script '/home/irs/swarm_robot/algorithm/install/local_setup.zsh'
[4.124s] INFO:colcon.colcon_core.shell:Creating prefix chain script '/home/irs/swarm_robot/algorithm/install/setup.zsh'
