[0.482s] DEBUG:colcon:Command line arguments: ['/usr/bin/colcon', 'build']
[0.482s] DEBUG:colcon:Parsed command line arguments: Namespace(allow_overriding=[], ament_cmake_args=None, base_paths=['.'], build_base='build', catkin_cmake_args=None, catkin_skip_building_tests=False, cmake_args=None, cmake_clean_cache=False, cmake_clean_first=False, cmake_force_configure=False, cmake_target=None, cmake_target_skip_unavailable=False, continue_on_error=False, event_handlers=None, executor='parallel', ignore_user_meta=False, install_base='install', log_base=None, log_level=None, main=<bound method BuildVerb.main of <colcon_core.verb.build.BuildVerb object at 0x7faaec190fd0>>, merge_install=False, metas=['./colcon.meta'], mixin=None, mixin_files=None, mixin_verb=('build',), packages_above=None, packages_above_and_dependencies=None, packages_above_depth=None, packages_end=None, packages_ignore=None, packages_ignore_regex=None, packages_select=None, packages_select_build_failed=False, packages_select_by_dep=None, packages_select_regex=None, packages_select_test_failures=False, packages_skip=None, packages_skip_build_finished=False, packages_skip_by_dep=None, packages_skip_regex=None, packages_skip_test_passed=False, packages_skip_up_to=None, packages_start=None, packages_up_to=None, packages_up_to_regex=None, parallel_workers=8, paths=None, symlink_install=False, test_result_base=None, verb_extension=<colcon_core.verb.build.BuildVerb object at 0x7faaec190fd0>, verb_name='build', verb_parser=<colcon_mixin.mixin.mixin_argument.MixinArgumentDecorator object at 0x7faaec07fee0>)
[0.723s] Level 1:colcon.colcon_core.package_discovery:discover_packages(colcon_meta) check parameters
[0.724s] Level 1:colcon.colcon_core.package_discovery:discover_packages(recursive) check parameters
[0.724s] Level 1:colcon.colcon_core.package_discovery:discover_packages(ignore) check parameters
[0.724s] Level 1:colcon.colcon_core.package_discovery:discover_packages(path) check parameters
[0.725s] Level 1:colcon.colcon_core.package_discovery:discover_packages(colcon_meta) discover
[0.725s] Level 1:colcon.colcon_core.package_discovery:discover_packages(recursive) discover
[0.725s] INFO:colcon.colcon_core.package_discovery:Crawling recursively for packages in '/home/irs/swarm_robot/algorithm'
[0.726s] Level 1:colcon.colcon_core.package_identification:_identify(.) by extensions ['ignore', 'ignore_ament_install']
[0.726s] Level 1:colcon.colcon_core.package_identification:_identify(.) by extension 'ignore'
[0.727s] Level 1:colcon.colcon_core.package_identification:_identify(.) by extension 'ignore_ament_install'
[0.727s] Level 1:colcon.colcon_core.package_identification:_identify(.) by extensions ['colcon_pkg']
[0.727s] Level 1:colcon.colcon_core.package_identification:_identify(.) by extension 'colcon_pkg'
[0.727s] Level 1:colcon.colcon_core.package_identification:_identify(.) by extensions ['colcon_meta']
[0.727s] Level 1:colcon.colcon_core.package_identification:_identify(.) by extension 'colcon_meta'
[0.728s] Level 1:colcon.colcon_core.package_identification:_identify(.) by extensions ['ros']
[0.728s] Level 1:colcon.colcon_core.package_identification:_identify(.) by extension 'ros'
[0.761s] Level 1:colcon.colcon_core.package_identification:_identify(.) by extensions ['cmake', 'python']
[0.761s] Level 1:colcon.colcon_core.package_identification:_identify(.) by extension 'cmake'
[0.761s] Level 1:colcon.colcon_core.package_identification:_identify(.) by extension 'python'
[0.761s] Level 1:colcon.colcon_core.package_identification:_identify(.) by extensions ['python_setup_py']
[0.762s] Level 1:colcon.colcon_core.package_identification:_identify(.) by extension 'python_setup_py'
[0.762s] Level 1:colcon.colcon_core.package_identification:_identify(build) by extensions ['ignore', 'ignore_ament_install']
[0.763s] Level 1:colcon.colcon_core.package_identification:_identify(build) by extension 'ignore'
[0.763s] Level 1:colcon.colcon_core.package_identification:_identify(build) ignored
[0.763s] Level 1:colcon.colcon_core.package_identification:_identify(install) by extensions ['ignore', 'ignore_ament_install']
[0.764s] Level 1:colcon.colcon_core.package_identification:_identify(install) by extension 'ignore'
[0.764s] Level 1:colcon.colcon_core.package_identification:_identify(install) ignored
[0.764s] Level 1:colcon.colcon_core.package_identification:_identify(log) by extensions ['ignore', 'ignore_ament_install']
[0.765s] Level 1:colcon.colcon_core.package_identification:_identify(log) by extension 'ignore'
[0.765s] Level 1:colcon.colcon_core.package_identification:_identify(log) ignored
[0.765s] Level 1:colcon.colcon_core.package_identification:_identify(scripts) by extensions ['ignore', 'ignore_ament_install']
[0.765s] Level 1:colcon.colcon_core.package_identification:_identify(scripts) by extension 'ignore'
[0.766s] Level 1:colcon.colcon_core.package_identification:_identify(scripts) by extension 'ignore_ament_install'
[0.766s] Level 1:colcon.colcon_core.package_identification:_identify(scripts) by extensions ['colcon_pkg']
[0.766s] Level 1:colcon.colcon_core.package_identification:_identify(scripts) by extension 'colcon_pkg'
[0.766s] Level 1:colcon.colcon_core.package_identification:_identify(scripts) by extensions ['colcon_meta']
[0.766s] Level 1:colcon.colcon_core.package_identification:_identify(scripts) by extension 'colcon_meta'
[0.766s] Level 1:colcon.colcon_core.package_identification:_identify(scripts) by extensions ['ros']
[0.766s] Level 1:colcon.colcon_core.package_identification:_identify(scripts) by extension 'ros'
[0.767s] Level 1:colcon.colcon_core.package_identification:_identify(scripts) by extensions ['cmake', 'python']
[0.767s] Level 1:colcon.colcon_core.package_identification:_identify(scripts) by extension 'cmake'
[0.767s] Level 1:colcon.colcon_core.package_identification:_identify(scripts) by extension 'python'
[0.767s] Level 1:colcon.colcon_core.package_identification:_identify(scripts) by extensions ['python_setup_py']
[0.767s] Level 1:colcon.colcon_core.package_identification:_identify(scripts) by extension 'python_setup_py'
[0.767s] Level 1:colcon.colcon_core.package_identification:_identify(src) by extensions ['ignore', 'ignore_ament_install']
[0.768s] Level 1:colcon.colcon_core.package_identification:_identify(src) by extension 'ignore'
[0.768s] Level 1:colcon.colcon_core.package_identification:_identify(src) by extension 'ignore_ament_install'
[0.768s] Level 1:colcon.colcon_core.package_identification:_identify(src) by extensions ['colcon_pkg']
[0.768s] Level 1:colcon.colcon_core.package_identification:_identify(src) by extension 'colcon_pkg'
[0.768s] Level 1:colcon.colcon_core.package_identification:_identify(src) by extensions ['colcon_meta']
[0.768s] Level 1:colcon.colcon_core.package_identification:_identify(src) by extension 'colcon_meta'
[0.769s] Level 1:colcon.colcon_core.package_identification:_identify(src) by extensions ['ros']
[0.770s] Level 1:colcon.colcon_core.package_identification:_identify(src) by extension 'ros'
[0.771s] Level 1:colcon.colcon_core.package_identification:_identify(src) by extensions ['cmake', 'python']
[0.771s] Level 1:colcon.colcon_core.package_identification:_identify(src) by extension 'cmake'
[0.771s] Level 1:colcon.colcon_core.package_identification:_identify(src) by extension 'python'
[0.772s] Level 1:colcon.colcon_core.package_identification:_identify(src) by extensions ['python_setup_py']
[0.772s] Level 1:colcon.colcon_core.package_identification:_identify(src) by extension 'python_setup_py'
[0.772s] Level 1:colcon.colcon_core.package_identification:_identify(src/algorithm) by extensions ['ignore', 'ignore_ament_install']
[0.773s] Level 1:colcon.colcon_core.package_identification:_identify(src/algorithm) by extension 'ignore'
[0.773s] Level 1:colcon.colcon_core.package_identification:_identify(src/algorithm) by extension 'ignore_ament_install'
[0.773s] Level 1:colcon.colcon_core.package_identification:_identify(src/algorithm) by extensions ['colcon_pkg']
[0.773s] Level 1:colcon.colcon_core.package_identification:_identify(src/algorithm) by extension 'colcon_pkg'
[0.773s] Level 1:colcon.colcon_core.package_identification:_identify(src/algorithm) by extensions ['colcon_meta']
[0.773s] Level 1:colcon.colcon_core.package_identification:_identify(src/algorithm) by extension 'colcon_meta'
[0.773s] Level 1:colcon.colcon_core.package_identification:_identify(src/algorithm) by extensions ['ros']
[0.773s] Level 1:colcon.colcon_core.package_identification:_identify(src/algorithm) by extension 'ros'
[0.779s] DEBUG:colcon.colcon_core.package_identification:Package 'src/algorithm' with type 'ros.ament_python' and name 'algorithm'
[0.779s] Level 1:colcon.colcon_core.package_identification:_identify(src/communication_msgs) by extensions ['ignore', 'ignore_ament_install']
[0.779s] Level 1:colcon.colcon_core.package_identification:_identify(src/communication_msgs) by extension 'ignore'
[0.779s] Level 1:colcon.colcon_core.package_identification:_identify(src/communication_msgs) by extension 'ignore_ament_install'
[0.779s] Level 1:colcon.colcon_core.package_identification:_identify(src/communication_msgs) by extensions ['colcon_pkg']
[0.779s] Level 1:colcon.colcon_core.package_identification:_identify(src/communication_msgs) by extension 'colcon_pkg'
[0.779s] Level 1:colcon.colcon_core.package_identification:_identify(src/communication_msgs) by extensions ['colcon_meta']
[0.780s] Level 1:colcon.colcon_core.package_identification:_identify(src/communication_msgs) by extension 'colcon_meta'
[0.780s] Level 1:colcon.colcon_core.package_identification:_identify(src/communication_msgs) by extensions ['ros']
[0.780s] Level 1:colcon.colcon_core.package_identification:_identify(src/communication_msgs) by extension 'ros'
[0.780s] DEBUG:colcon.colcon_core.package_identification:Package 'src/communication_msgs' with type 'ros.ament_cmake' and name 'communication_msgs'
[0.780s] Level 1:colcon.colcon_core.package_discovery:discover_packages(recursive) using defaults
[0.780s] Level 1:colcon.colcon_core.package_discovery:discover_packages(ignore) discover
[0.780s] Level 1:colcon.colcon_core.package_discovery:discover_packages(ignore) using defaults
[0.780s] Level 1:colcon.colcon_core.package_discovery:discover_packages(path) discover
[0.781s] Level 1:colcon.colcon_core.package_discovery:discover_packages(path) using defaults
[0.808s] Level 1:colcon.colcon_core.package_discovery:discover_packages(prefix_path) check parameters
[0.808s] Level 1:colcon.colcon_core.package_discovery:discover_packages(prefix_path) discover
[0.811s] DEBUG:colcon.colcon_installed_package_information.package_discovery:Found 2 installed packages in /home/irs/swarm_robot/algorithm/install
[0.812s] DEBUG:colcon.colcon_installed_package_information.package_discovery:Found 12 installed packages in /home/irs/har_capstone/socin_robot_ws/install
[0.815s] DEBUG:colcon.colcon_installed_package_information.package_discovery:Found 378 installed packages in /opt/ros/foxy
[0.818s] Level 1:colcon.colcon_core.package_discovery:discover_packages(prefix_path) using defaults
[0.899s] Level 5:colcon.colcon_core.verb:set package 'algorithm' build argument 'cmake_args' from command line to 'None'
[0.899s] Level 5:colcon.colcon_core.verb:set package 'algorithm' build argument 'cmake_target' from command line to 'None'
[0.899s] Level 5:colcon.colcon_core.verb:set package 'algorithm' build argument 'cmake_target_skip_unavailable' from command line to 'False'
[0.899s] Level 5:colcon.colcon_core.verb:set package 'algorithm' build argument 'cmake_clean_cache' from command line to 'False'
[0.899s] Level 5:colcon.colcon_core.verb:set package 'algorithm' build argument 'cmake_clean_first' from command line to 'False'
[0.899s] Level 5:colcon.colcon_core.verb:set package 'algorithm' build argument 'cmake_force_configure' from command line to 'False'
[0.899s] Level 5:colcon.colcon_core.verb:set package 'algorithm' build argument 'ament_cmake_args' from command line to 'None'
[0.899s] Level 5:colcon.colcon_core.verb:set package 'algorithm' build argument 'catkin_cmake_args' from command line to 'None'
[0.899s] Level 5:colcon.colcon_core.verb:set package 'algorithm' build argument 'catkin_skip_building_tests' from command line to 'False'
[0.899s] DEBUG:colcon.colcon_core.verb:Building package 'algorithm' with the following arguments: {'ament_cmake_args': None, 'build_base': '/home/irs/swarm_robot/algorithm/build/algorithm', 'catkin_cmake_args': None, 'catkin_skip_building_tests': False, 'cmake_args': None, 'cmake_clean_cache': False, 'cmake_clean_first': False, 'cmake_force_configure': False, 'cmake_target': None, 'cmake_target_skip_unavailable': False, 'install_base': '/home/irs/swarm_robot/algorithm/install/algorithm', 'merge_install': False, 'path': '/home/irs/swarm_robot/algorithm/src/algorithm', 'symlink_install': False, 'test_result_base': None}
[0.900s] Level 5:colcon.colcon_core.verb:set package 'communication_msgs' build argument 'cmake_args' from command line to 'None'
[0.900s] Level 5:colcon.colcon_core.verb:set package 'communication_msgs' build argument 'cmake_target' from command line to 'None'
[0.900s] Level 5:colcon.colcon_core.verb:set package 'communication_msgs' build argument 'cmake_target_skip_unavailable' from command line to 'False'
[0.900s] Level 5:colcon.colcon_core.verb:set package 'communication_msgs' build argument 'cmake_clean_cache' from command line to 'False'
[0.900s] Level 5:colcon.colcon_core.verb:set package 'communication_msgs' build argument 'cmake_clean_first' from command line to 'False'
[0.900s] Level 5:colcon.colcon_core.verb:set package 'communication_msgs' build argument 'cmake_force_configure' from command line to 'False'
[0.900s] Level 5:colcon.colcon_core.verb:set package 'communication_msgs' build argument 'ament_cmake_args' from command line to 'None'
[0.900s] Level 5:colcon.colcon_core.verb:set package 'communication_msgs' build argument 'catkin_cmake_args' from command line to 'None'
[0.900s] Level 5:colcon.colcon_core.verb:set package 'communication_msgs' build argument 'catkin_skip_building_tests' from command line to 'False'
[0.900s] DEBUG:colcon.colcon_core.verb:Building package 'communication_msgs' with the following arguments: {'ament_cmake_args': None, 'build_base': '/home/irs/swarm_robot/algorithm/build/communication_msgs', 'catkin_cmake_args': None, 'catkin_skip_building_tests': False, 'cmake_args': None, 'cmake_clean_cache': False, 'cmake_clean_first': False, 'cmake_force_configure': False, 'cmake_target': None, 'cmake_target_skip_unavailable': False, 'install_base': '/home/irs/swarm_robot/algorithm/install/communication_msgs', 'merge_install': False, 'path': '/home/irs/swarm_robot/algorithm/src/communication_msgs', 'symlink_install': False, 'test_result_base': None}
[0.900s] INFO:colcon.colcon_core.executor:Executing jobs using 'parallel' executor
[0.902s] DEBUG:colcon.colcon_parallel_executor.executor.parallel:run_until_complete
[0.903s] INFO:colcon.colcon_ros.task.ament_python.build:Building ROS package in '/home/irs/swarm_robot/algorithm/src/algorithm' with build type 'ament_python'
[0.903s] Level 1:colcon.colcon_core.shell:create_environment_hook('algorithm', 'ament_prefix_path')
[0.906s] INFO:colcon.colcon_core.plugin_system:Skipping extension 'colcon_core.shell.bat': Not used on non-Windows systems
[0.907s] INFO:colcon.colcon_core.shell:Creating environment hook '/home/irs/swarm_robot/algorithm/install/algorithm/share/algorithm/hook/ament_prefix_path.ps1'
[0.907s] INFO:colcon.colcon_core.shell:Creating environment descriptor '/home/irs/swarm_robot/algorithm/install/algorithm/share/algorithm/hook/ament_prefix_path.dsv'
[0.908s] INFO:colcon.colcon_core.shell:Creating environment hook '/home/irs/swarm_robot/algorithm/install/algorithm/share/algorithm/hook/ament_prefix_path.sh'
[0.909s] INFO:colcon.colcon_core.shell:Skip shell extension 'powershell' for command environment: Not usable outside of PowerShell
[0.909s] DEBUG:colcon.colcon_core.shell:Skip shell extension 'dsv' for command environment
[0.918s] INFO:colcon.colcon_ros.task.ament_cmake.build:Building ROS package in '/home/irs/swarm_robot/algorithm/src/communication_msgs' with build type 'ament_cmake'
[0.919s] INFO:colcon.colcon_cmake.task.cmake.build:Building CMake package in '/home/irs/swarm_robot/algorithm/src/communication_msgs'
[0.919s] INFO:colcon.colcon_core.shell:Skip shell extension 'powershell' for command environment: Not usable outside of PowerShell
[0.919s] DEBUG:colcon.colcon_core.shell:Skip shell extension 'dsv' for command environment
[1.242s] INFO:colcon.colcon_core.task.python.build:Building Python package in '/home/irs/swarm_robot/algorithm/src/algorithm'
[1.243s] INFO:colcon.colcon_core.shell:Skip shell extension 'powershell' for command environment: Not usable outside of PowerShell
[1.243s] DEBUG:colcon.colcon_core.shell:Skip shell extension 'dsv' for command environment
[1.267s] DEBUG:colcon.colcon_core.event_handler.log_command:Invoking command in '/home/irs/swarm_robot/algorithm/build/communication_msgs': CMAKE_PREFIX_PATH=${CMAKE_PREFIX_PATH}:/home/irs/swarm_robot/algorithm/install/algorithm:/home/irs/har_capstone/socin_robot_ws/install/fusing_people:/opt/ros/foxy /usr/bin/cmake --build /home/irs/swarm_robot/algorithm/build/communication_msgs -- -j8 -l8
[1.814s] DEBUG:colcon.colcon_core.event_handler.log_command:Invoking command in '/home/irs/swarm_robot/algorithm/src/algorithm': PYTHONPATH=/home/irs/swarm_robot/algorithm/build/algorithm/prefix_override:/usr/lib/python3/dist-packages/colcon_core/task/python/colcon_distutils_commands:/home/irs/swarm_robot/algorithm/install/algorithm/lib/python3.8/site-packages:${PYTHONPATH} /usr/bin/python3 -W ignore:setup.py install is deprecated setup.py egg_info --egg-base ../../build/algorithm build --build-base /home/irs/swarm_robot/algorithm/build/algorithm/build install --record /home/irs/swarm_robot/algorithm/build/algorithm/install.log --install-scripts $base/lib/algorithm --single-version-externally-managed install_data
[2.160s] DEBUG:colcon.colcon_core.event_handler.log_command:Invoked command in '/home/irs/swarm_robot/algorithm/src/algorithm' returned '0': PYTHONPATH=/home/irs/swarm_robot/algorithm/build/algorithm/prefix_override:/usr/lib/python3/dist-packages/colcon_core/task/python/colcon_distutils_commands:/home/irs/swarm_robot/algorithm/install/algorithm/lib/python3.8/site-packages:${PYTHONPATH} /usr/bin/python3 -W ignore:setup.py install is deprecated setup.py egg_info --egg-base ../../build/algorithm build --build-base /home/irs/swarm_robot/algorithm/build/algorithm/build install --record /home/irs/swarm_robot/algorithm/build/algorithm/install.log --install-scripts $base/lib/algorithm --single-version-externally-managed install_data
[2.164s] Level 1:colcon.colcon_core.environment:checking '/home/irs/swarm_robot/algorithm/install/algorithm' for CMake module files
[2.165s] Level 1:colcon.colcon_core.environment:checking '/home/irs/swarm_robot/algorithm/install/algorithm' for CMake config files
[2.166s] Level 1:colcon.colcon_core.environment:checking '/home/irs/swarm_robot/algorithm/install/algorithm/lib'
[2.166s] Level 1:colcon.colcon_core.environment:checking '/home/irs/swarm_robot/algorithm/install/algorithm/bin'
[2.166s] Level 1:colcon.colcon_core.environment:checking '/home/irs/swarm_robot/algorithm/install/algorithm/lib/pkgconfig/algorithm.pc'
[2.166s] Level 1:colcon.colcon_core.environment:checking '/home/irs/swarm_robot/algorithm/install/algorithm/lib/python3.8/site-packages'
[2.167s] Level 1:colcon.colcon_core.shell:create_environment_hook('algorithm', 'pythonpath')
[2.167s] INFO:colcon.colcon_core.shell:Creating environment hook '/home/irs/swarm_robot/algorithm/install/algorithm/share/algorithm/hook/pythonpath.ps1'
[2.168s] INFO:colcon.colcon_core.shell:Creating environment descriptor '/home/irs/swarm_robot/algorithm/install/algorithm/share/algorithm/hook/pythonpath.dsv'
[2.169s] INFO:colcon.colcon_core.shell:Creating environment hook '/home/irs/swarm_robot/algorithm/install/algorithm/share/algorithm/hook/pythonpath.sh'
[2.170s] Level 1:colcon.colcon_core.environment:checking '/home/irs/swarm_robot/algorithm/install/algorithm/bin'
[2.170s] Level 1:colcon.colcon_core.environment:create_environment_scripts_only(algorithm)
[2.170s] INFO:colcon.colcon_core.shell:Creating package script '/home/irs/swarm_robot/algorithm/install/algorithm/share/algorithm/package.ps1'
[2.171s] INFO:colcon.colcon_core.shell:Creating package descriptor '/home/irs/swarm_robot/algorithm/install/algorithm/share/algorithm/package.dsv'
[2.172s] INFO:colcon.colcon_core.shell:Creating package script '/home/irs/swarm_robot/algorithm/install/algorithm/share/algorithm/package.sh'
[2.173s] INFO:colcon.colcon_core.shell:Creating package script '/home/irs/swarm_robot/algorithm/install/algorithm/share/algorithm/package.bash'
[2.174s] INFO:colcon.colcon_core.shell:Creating package script '/home/irs/swarm_robot/algorithm/install/algorithm/share/algorithm/package.zsh'
[2.176s] Level 1:colcon.colcon_core.environment:create_file_with_runtime_dependencies(/home/irs/swarm_robot/algorithm/install/algorithm/share/colcon-core/packages/algorithm)
[7.874s] DEBUG:colcon.colcon_core.event_handler.log_command:Invoked command in '/home/irs/swarm_robot/algorithm/build/communication_msgs' returned '0': CMAKE_PREFIX_PATH=${CMAKE_PREFIX_PATH}:/home/irs/swarm_robot/algorithm/install/algorithm:/home/irs/har_capstone/socin_robot_ws/install/fusing_people:/opt/ros/foxy /usr/bin/cmake --build /home/irs/swarm_robot/algorithm/build/communication_msgs -- -j8 -l8
[8.178s] DEBUG:colcon.colcon_core.event_handler.log_command:Invoking command in '/home/irs/swarm_robot/algorithm/build/communication_msgs': CMAKE_PREFIX_PATH=${CMAKE_PREFIX_PATH}:/home/irs/swarm_robot/algorithm/install/algorithm:/home/irs/har_capstone/socin_robot_ws/install/fusing_people:/opt/ros/foxy /usr/bin/cmake --install /home/irs/swarm_robot/algorithm/build/communication_msgs
[8.278s] Level 1:colcon.colcon_core.environment:create_environment_scripts_only(communication_msgs)
[8.278s] DEBUG:colcon.colcon_core.event_handler.log_command:Invoked command in '/home/irs/swarm_robot/algorithm/build/communication_msgs' returned '0': CMAKE_PREFIX_PATH=${CMAKE_PREFIX_PATH}:/home/irs/swarm_robot/algorithm/install/algorithm:/home/irs/har_capstone/socin_robot_ws/install/fusing_people:/opt/ros/foxy /usr/bin/cmake --install /home/irs/swarm_robot/algorithm/build/communication_msgs
[8.279s] Level 1:colcon.colcon_core.environment:checking '/home/irs/swarm_robot/algorithm/install/communication_msgs' for CMake module files
[8.280s] Level 1:colcon.colcon_core.environment:checking '/home/irs/swarm_robot/algorithm/install/communication_msgs' for CMake config files
[8.281s] Level 1:colcon.colcon_core.shell:create_environment_hook('communication_msgs', 'cmake_prefix_path')
[8.281s] INFO:colcon.colcon_core.shell:Creating environment hook '/home/irs/swarm_robot/algorithm/install/communication_msgs/share/communication_msgs/hook/cmake_prefix_path.ps1'
[8.282s] INFO:colcon.colcon_core.shell:Creating environment descriptor '/home/irs/swarm_robot/algorithm/install/communication_msgs/share/communication_msgs/hook/cmake_prefix_path.dsv'
[8.283s] INFO:colcon.colcon_core.shell:Creating environment hook '/home/irs/swarm_robot/algorithm/install/communication_msgs/share/communication_msgs/hook/cmake_prefix_path.sh'
[8.284s] Level 1:colcon.colcon_core.environment:checking '/home/irs/swarm_robot/algorithm/install/communication_msgs/lib'
[8.284s] Level 1:colcon.colcon_core.shell:create_environment_hook('communication_msgs', 'ld_library_path_lib')
[8.284s] INFO:colcon.colcon_core.shell:Creating environment hook '/home/irs/swarm_robot/algorithm/install/communication_msgs/share/communication_msgs/hook/ld_library_path_lib.ps1'
[8.285s] INFO:colcon.colcon_core.shell:Creating environment descriptor '/home/irs/swarm_robot/algorithm/install/communication_msgs/share/communication_msgs/hook/ld_library_path_lib.dsv'
[8.285s] INFO:colcon.colcon_core.shell:Creating environment hook '/home/irs/swarm_robot/algorithm/install/communication_msgs/share/communication_msgs/hook/ld_library_path_lib.sh'
[8.286s] Level 1:colcon.colcon_core.environment:checking '/home/irs/swarm_robot/algorithm/install/communication_msgs/bin'
[8.286s] Level 1:colcon.colcon_core.environment:checking '/home/irs/swarm_robot/algorithm/install/communication_msgs/lib/pkgconfig/communication_msgs.pc'
[8.286s] Level 1:colcon.colcon_core.environment:checking '/home/irs/swarm_robot/algorithm/install/communication_msgs/lib/python3.8/site-packages'
[8.286s] Level 1:colcon.colcon_core.shell:create_environment_hook('communication_msgs', 'pythonpath')
[8.287s] INFO:colcon.colcon_core.shell:Creating environment hook '/home/irs/swarm_robot/algorithm/install/communication_msgs/share/communication_msgs/hook/pythonpath.ps1'
[8.287s] INFO:colcon.colcon_core.shell:Creating environment descriptor '/home/irs/swarm_robot/algorithm/install/communication_msgs/share/communication_msgs/hook/pythonpath.dsv'
[8.288s] INFO:colcon.colcon_core.shell:Creating environment hook '/home/irs/swarm_robot/algorithm/install/communication_msgs/share/communication_msgs/hook/pythonpath.sh'
[8.289s] Level 1:colcon.colcon_core.environment:checking '/home/irs/swarm_robot/algorithm/install/communication_msgs/bin'
[8.289s] INFO:colcon.colcon_core.shell:Creating package script '/home/irs/swarm_robot/algorithm/install/communication_msgs/share/communication_msgs/package.ps1'
[8.290s] INFO:colcon.colcon_core.shell:Creating package descriptor '/home/irs/swarm_robot/algorithm/install/communication_msgs/share/communication_msgs/package.dsv'
[8.291s] INFO:colcon.colcon_core.shell:Creating package script '/home/irs/swarm_robot/algorithm/install/communication_msgs/share/communication_msgs/package.sh'
[8.292s] INFO:colcon.colcon_core.shell:Creating package script '/home/irs/swarm_robot/algorithm/install/communication_msgs/share/communication_msgs/package.bash'
[8.292s] INFO:colcon.colcon_core.shell:Creating package script '/home/irs/swarm_robot/algorithm/install/communication_msgs/share/communication_msgs/package.zsh'
[8.293s] Level 1:colcon.colcon_core.environment:create_file_with_runtime_dependencies(/home/irs/swarm_robot/algorithm/install/communication_msgs/share/colcon-core/packages/communication_msgs)
[8.433s] Level 1:colcon.colcon_core.environment:create_environment_scripts_only(communication_msgs)
[8.433s] Level 1:colcon.colcon_core.environment:checking '/home/irs/swarm_robot/algorithm/install/communication_msgs' for CMake module files
[8.434s] Level 1:colcon.colcon_core.environment:checking '/home/irs/swarm_robot/algorithm/install/communication_msgs' for CMake config files
[8.435s] Level 1:colcon.colcon_core.shell:create_environment_hook('communication_msgs', 'cmake_prefix_path')
[8.435s] INFO:colcon.colcon_core.shell:Creating environment hook '/home/irs/swarm_robot/algorithm/install/communication_msgs/share/communication_msgs/hook/cmake_prefix_path.ps1'
[8.436s] INFO:colcon.colcon_core.shell:Creating environment descriptor '/home/irs/swarm_robot/algorithm/install/communication_msgs/share/communication_msgs/hook/cmake_prefix_path.dsv'
[8.437s] INFO:colcon.colcon_core.shell:Creating environment hook '/home/irs/swarm_robot/algorithm/install/communication_msgs/share/communication_msgs/hook/cmake_prefix_path.sh'
[8.438s] Level 1:colcon.colcon_core.environment:checking '/home/irs/swarm_robot/algorithm/install/communication_msgs/lib'
[8.438s] Level 1:colcon.colcon_core.shell:create_environment_hook('communication_msgs', 'ld_library_path_lib')
[8.438s] INFO:colcon.colcon_core.shell:Creating environment hook '/home/irs/swarm_robot/algorithm/install/communication_msgs/share/communication_msgs/hook/ld_library_path_lib.ps1'
[8.438s] INFO:colcon.colcon_core.shell:Creating environment descriptor '/home/irs/swarm_robot/algorithm/install/communication_msgs/share/communication_msgs/hook/ld_library_path_lib.dsv'
[8.439s] INFO:colcon.colcon_core.shell:Creating environment hook '/home/irs/swarm_robot/algorithm/install/communication_msgs/share/communication_msgs/hook/ld_library_path_lib.sh'
[8.439s] Level 1:colcon.colcon_core.environment:checking '/home/irs/swarm_robot/algorithm/install/communication_msgs/bin'
[8.440s] Level 1:colcon.colcon_core.environment:checking '/home/irs/swarm_robot/algorithm/install/communication_msgs/lib/pkgconfig/communication_msgs.pc'
[8.440s] Level 1:colcon.colcon_core.environment:checking '/home/irs/swarm_robot/algorithm/install/communication_msgs/lib/python3.8/site-packages'
[8.440s] Level 1:colcon.colcon_core.shell:create_environment_hook('communication_msgs', 'pythonpath')
[8.440s] INFO:colcon.colcon_core.shell:Creating environment hook '/home/irs/swarm_robot/algorithm/install/communication_msgs/share/communication_msgs/hook/pythonpath.ps1'
[8.441s] INFO:colcon.colcon_core.shell:Creating environment descriptor '/home/irs/swarm_robot/algorithm/install/communication_msgs/share/communication_msgs/hook/pythonpath.dsv'
[8.441s] INFO:colcon.colcon_core.shell:Creating environment hook '/home/irs/swarm_robot/algorithm/install/communication_msgs/share/communication_msgs/hook/pythonpath.sh'
[8.442s] Level 1:colcon.colcon_core.environment:checking '/home/irs/swarm_robot/algorithm/install/communication_msgs/bin'
[8.442s] INFO:colcon.colcon_core.shell:Creating package script '/home/irs/swarm_robot/algorithm/install/communication_msgs/share/communication_msgs/package.ps1'
[8.443s] INFO:colcon.colcon_core.shell:Creating package descriptor '/home/irs/swarm_robot/algorithm/install/communication_msgs/share/communication_msgs/package.dsv'
[8.444s] INFO:colcon.colcon_core.shell:Creating package script '/home/irs/swarm_robot/algorithm/install/communication_msgs/share/communication_msgs/package.sh'
[8.444s] INFO:colcon.colcon_core.shell:Creating package script '/home/irs/swarm_robot/algorithm/install/communication_msgs/share/communication_msgs/package.bash'
[8.445s] INFO:colcon.colcon_core.shell:Creating package script '/home/irs/swarm_robot/algorithm/install/communication_msgs/share/communication_msgs/package.zsh'
[8.445s] Level 1:colcon.colcon_core.environment:create_file_with_runtime_dependencies(/home/irs/swarm_robot/algorithm/install/communication_msgs/share/colcon-core/packages/communication_msgs)
[8.447s] DEBUG:colcon.colcon_parallel_executor.executor.parallel:closing loop
[8.447s] DEBUG:colcon.colcon_parallel_executor.executor.parallel:loop closed
[8.447s] DEBUG:colcon.colcon_parallel_executor.executor.parallel:run_until_complete finished with '0'
[8.447s] DEBUG:colcon.colcon_core.event_reactor:joining thread
[8.454s] INFO:colcon.colcon_core.plugin_system:Skipping extension 'colcon_notification.desktop_notification.terminal_notifier': Not used on non-Darwin systems
[8.454s] INFO:colcon.colcon_core.plugin_system:Skipping extension 'colcon_notification.desktop_notification.win32': Not used on non-Windows systems
[8.454s] INFO:colcon.colcon_notification.desktop_notification:Sending desktop notification using 'notify2'
[8.475s] DEBUG:colcon.colcon_core.event_reactor:joined thread
[8.476s] INFO:colcon.colcon_core.shell:Creating prefix script '/home/irs/swarm_robot/algorithm/install/local_setup.ps1'
[8.477s] INFO:colcon.colcon_core.shell:Creating prefix util module '/home/irs/swarm_robot/algorithm/install/_local_setup_util_ps1.py'
[8.478s] INFO:colcon.colcon_core.shell:Creating prefix chain script '/home/irs/swarm_robot/algorithm/install/setup.ps1'
[8.481s] INFO:colcon.colcon_core.shell:Creating prefix script '/home/irs/swarm_robot/algorithm/install/local_setup.sh'
[8.487s] INFO:colcon.colcon_core.shell:Creating prefix util module '/home/irs/swarm_robot/algorithm/install/_local_setup_util_sh.py'
[8.489s] INFO:colcon.colcon_core.shell:Creating prefix chain script '/home/irs/swarm_robot/algorithm/install/setup.sh'
[8.492s] INFO:colcon.colcon_core.shell:Creating prefix script '/home/irs/swarm_robot/algorithm/install/local_setup.bash'
[8.493s] INFO:colcon.colcon_core.shell:Creating prefix chain script '/home/irs/swarm_robot/algorithm/install/setup.bash'
[8.495s] INFO:colcon.colcon_core.shell:Creating prefix script '/home/irs/swarm_robot/algorithm/install/local_setup.zsh'
[8.496s] INFO:colcon.colcon_core.shell:Creating prefix chain script '/home/irs/swarm_robot/algorithm/install/setup.zsh'
