[2.147s] Invoking command in '/home/thaoton1910/swarm_robot/algorithm/src/build/slave': PYTHONPATH=/home/thaoton1910/swarm_robot/algorithm/src/build/slave/prefix_override:/usr/lib/python3/dist-packages/colcon_core/task/python/colcon_distutils_commands:/home/thaoton1910/swarm_robot/algorithm/src/install/slave/lib/python3.10/site-packages:${PYTHONPATH} /usr/bin/python3 -W ignore:setup.py install is deprecated -W ignore:easy_install command is deprecated setup.py develop --editable --build-directory /home/thaoton1910/swarm_robot/algorithm/src/build/slave/build --no-deps symlink_data
[3.023s] running develop
[3.442s] running egg_info
[3.442s] creating slave.egg-info
[3.443s] writing slave.egg-info/PKG-INFO
[3.444s] writing dependency_links to slave.egg-info/dependency_links.txt
[3.445s] writing entry points to slave.egg-info/entry_points.txt
[3.445s] writing requirements to slave.egg-info/requires.txt
[3.446s] writing top-level names to slave.egg-info/top_level.txt
[3.447s] writing manifest file 'slave.egg-info/SOURCES.txt'
[3.451s] reading manifest file 'slave.egg-info/SOURCES.txt'
[3.452s] writing manifest file 'slave.egg-info/SOURCES.txt'
[3.455s] running build_ext
[3.456s] Creating /home/thaoton1910/swarm_robot/algorithm/src/install/slave/lib/python3.10/site-packages/slave.egg-link (link to .)
[3.458s] Installing navigation_process script to /home/thaoton1910/swarm_robot/algorithm/src/install/slave/lib/slave
[3.460s] Installing odom script to /home/thaoton1910/swarm_robot/algorithm/src/install/slave/lib/slave
[3.460s] Installing send_vel script to /home/thaoton1910/swarm_robot/algorithm/src/install/slave/lib/slave
[3.461s] Installing waypoint_navigator script to /home/thaoton1910/swarm_robot/algorithm/src/install/slave/lib/slave
[3.462s] 
[3.463s] Installed /home/thaoton1910/swarm_robot/algorithm/src/build/slave
[3.463s] running symlink_data
[3.463s] creating /home/thaoton1910/swarm_robot/algorithm/src/install/slave/share/ament_index
[3.463s] creating /home/thaoton1910/swarm_robot/algorithm/src/install/slave/share/ament_index/resource_index
[3.464s] creating /home/thaoton1910/swarm_robot/algorithm/src/install/slave/share/ament_index/resource_index/packages
[3.465s] symbolically linking /home/thaoton1910/swarm_robot/algorithm/src/build/slave/resource/slave -> /home/thaoton1910/swarm_robot/algorithm/src/install/slave/share/ament_index/resource_index/packages
[3.465s] symbolically linking /home/thaoton1910/swarm_robot/algorithm/src/build/slave/package.xml -> /home/thaoton1910/swarm_robot/algorithm/src/install/slave/share/slave
[3.466s] creating /home/thaoton1910/swarm_robot/algorithm/src/install/slave/share/slave/config
[3.467s] symbolically linking /home/thaoton1910/swarm_robot/algorithm/src/build/slave/config/ekf_config.yaml -> /home/thaoton1910/swarm_robot/algorithm/src/install/slave/share/slave/config
[3.467s] symbolically linking /home/thaoton1910/swarm_robot/algorithm/src/build/slave/config/waypoints.yaml -> /home/thaoton1910/swarm_robot/algorithm/src/install/slave/share/slave/config
[3.468s] creating /home/thaoton1910/swarm_robot/algorithm/src/install/slave/share/slave/launch
[3.469s] symbolically linking /home/thaoton1910/swarm_robot/algorithm/src/build/slave/launch/waypoint_navigator_launch.py -> /home/thaoton1910/swarm_robot/algorithm/src/install/slave/share/slave/launch
[3.579s] Invoked command in '/home/thaoton1910/swarm_robot/algorithm/src/build/slave' returned '0': PYTHONPATH=/home/thaoton1910/swarm_robot/algorithm/src/build/slave/prefix_override:/usr/lib/python3/dist-packages/colcon_core/task/python/colcon_distutils_commands:/home/thaoton1910/swarm_robot/algorithm/src/install/slave/lib/python3.10/site-packages:${PYTHONPATH} /usr/bin/python3 -W ignore:setup.py install is deprecated -W ignore:easy_install command is deprecated setup.py develop --editable --build-directory /home/thaoton1910/swarm_robot/algorithm/src/build/slave/build --no-deps symlink_data
