-- Install configuration: ""
-- Execute custom install script
-- Up-to-date symlink: /home/huhu/Documents/GitHub/swarm_robot/simulation_ws/src/install/cartographer/share/cartographer/config/cartographer_config.lua
-- Up-to-date symlink: /home/huhu/Documents/GitHub/swarm_robot/simulation_ws/src/install/cartographer/share/cartographer/launch/cartographer_launch.py
-- Up-to-date symlink: /home/huhu/Documents/GitHub/swarm_robot/simulation_ws/src/install/cartographer/share/cartographer/launch/occupancy_grid.launch.py
-- Up-to-date symlink: /home/huhu/Documents/GitHub/swarm_robot/simulation_ws/src/install/cartographer/share/cartographer/rviz/cartographer.rviz
-- Up-to-date symlink: /home/huhu/Documents/GitHub/swarm_robot/simulation_ws/src/install/cartographer/share/ament_index/resource_index/package_run_dependencies/cartographer
-- Up-to-date symlink: /home/huhu/Documents/GitHub/swarm_robot/simulation_ws/src/install/cartographer/share/ament_index/resource_index/parent_prefix_path/cartographer
-- Up-to-date symlink: /home/huhu/Documents/GitHub/swarm_robot/simulation_ws/src/install/cartographer/share/cartographer/environment/ament_prefix_path.sh
-- Up-to-date symlink: /home/huhu/Documents/GitHub/swarm_robot/simulation_ws/src/install/cartographer/share/cartographer/environment/ament_prefix_path.dsv
-- Up-to-date symlink: /home/huhu/Documents/GitHub/swarm_robot/simulation_ws/src/install/cartographer/share/cartographer/environment/path.sh
-- Up-to-date symlink: /home/huhu/Documents/GitHub/swarm_robot/simulation_ws/src/install/cartographer/share/cartographer/environment/path.dsv
-- Up-to-date symlink: /home/huhu/Documents/GitHub/swarm_robot/simulation_ws/src/install/cartographer/share/cartographer/local_setup.bash
-- Up-to-date symlink: /home/huhu/Documents/GitHub/swarm_robot/simulation_ws/src/install/cartographer/share/cartographer/local_setup.sh
-- Up-to-date symlink: /home/huhu/Documents/GitHub/swarm_robot/simulation_ws/src/install/cartographer/share/cartographer/local_setup.zsh
-- Up-to-date symlink: /home/huhu/Documents/GitHub/swarm_robot/simulation_ws/src/install/cartographer/share/cartographer/local_setup.dsv
-- Symlinking: /home/huhu/Documents/GitHub/swarm_robot/simulation_ws/src/install/cartographer/share/cartographer/package.dsv
-- Up-to-date symlink: /home/huhu/Documents/GitHub/swarm_robot/simulation_ws/src/install/cartographer/share/ament_index/resource_index/packages/cartographer
-- Up-to-date symlink: /home/huhu/Documents/GitHub/swarm_robot/simulation_ws/src/install/cartographer/share/cartographer/cmake/cartographerConfig.cmake
-- Up-to-date symlink: /home/huhu/Documents/GitHub/swarm_robot/simulation_ws/src/install/cartographer/share/cartographer/cmake/cartographerConfig-version.cmake
-- Up-to-date symlink: /home/huhu/Documents/GitHub/swarm_robot/simulation_ws/src/install/cartographer/share/cartographer/package.xml
