[0.477s] DEBUG:colcon:Command line arguments: ['/usr/bin/colcon', 'build', '--symlink-install']
[0.477s] DEBUG:colcon:Parsed command line arguments: Namespace(allow_overriding=[], ament_cmake_args=None, base_paths=['.'], build_base='build', catkin_cmake_args=None, catkin_skip_building_tests=False, cmake_args=None, cmake_clean_cache=False, cmake_clean_first=False, cmake_force_configure=False, cmake_target=None, cmake_target_skip_unavailable=False, continue_on_error=False, event_handlers=None, executor='parallel', ignore_user_meta=False, install_base='install', log_base=None, log_level=None, main=<bound method BuildVerb.main of <colcon_core.verb.build.BuildVerb object at 0x7fdf1caea490>>, merge_install=False, metas=['./colcon.meta'], packages_above=None, packages_above_and_dependencies=None, packages_above_depth=None, packages_end=None, packages_ignore=None, packages_ignore_regex=None, packages_select=None, packages_select_build_failed=False, packages_select_by_dep=None, packages_select_regex=None, packages_select_test_failures=False, packages_skip=None, packages_skip_build_finished=False, packages_skip_by_dep=None, packages_skip_regex=None, packages_skip_test_passed=False, packages_skip_up_to=None, packages_start=None, packages_up_to=None, packages_up_to_regex=None, parallel_workers=6, paths=None, symlink_install=True, test_result_base=None, verb_extension=<colcon_core.verb.build.BuildVerb object at 0x7fdf1caea490>, verb_name='build', verb_parser=<colcon_defaults.argument_parser.defaults.DefaultArgumentsDecorator object at 0x7fdf1caeac10>)
[0.773s] Level 1:colcon.colcon_core.package_discovery:discover_packages(colcon_meta) check parameters
[0.774s] Level 1:colcon.colcon_core.package_discovery:discover_packages(recursive) check parameters
[0.774s] Level 1:colcon.colcon_core.package_discovery:discover_packages(ignore) check parameters
[0.774s] Level 1:colcon.colcon_core.package_discovery:discover_packages(path) check parameters
[0.774s] Level 1:colcon.colcon_core.package_discovery:discover_packages(colcon_meta) discover
[0.774s] Level 1:colcon.colcon_core.package_discovery:discover_packages(recursive) discover
[0.774s] INFO:colcon.colcon_core.package_discovery:Crawling recursively for packages in '/home/huhu/Documents/GitHub/swarm_robot/simulation_ws/src'
[0.774s] Level 1:colcon.colcon_core.package_identification:_identify(.) by extensions ['ignore', 'ignore_ament_install']
[0.775s] Level 1:colcon.colcon_core.package_identification:_identify(.) by extension 'ignore'
[0.775s] Level 1:colcon.colcon_core.package_identification:_identify(.) by extension 'ignore_ament_install'
[0.775s] Level 1:colcon.colcon_core.package_identification:_identify(.) by extensions ['colcon_pkg']
[0.775s] Level 1:colcon.colcon_core.package_identification:_identify(.) by extension 'colcon_pkg'
[0.775s] Level 1:colcon.colcon_core.package_identification:_identify(.) by extensions ['colcon_meta']
[0.775s] Level 1:colcon.colcon_core.package_identification:_identify(.) by extension 'colcon_meta'
[0.775s] Level 1:colcon.colcon_core.package_identification:_identify(.) by extensions ['ros']
[0.775s] Level 1:colcon.colcon_core.package_identification:_identify(.) by extension 'ros'
[0.801s] Level 1:colcon.colcon_core.package_identification:_identify(.) by extensions ['cmake', 'python']
[0.801s] Level 1:colcon.colcon_core.package_identification:_identify(.) by extension 'cmake'
[0.801s] Level 1:colcon.colcon_core.package_identification:_identify(.) by extension 'python'
[0.801s] Level 1:colcon.colcon_core.package_identification:_identify(.) by extensions ['python_setup_py']
[0.801s] Level 1:colcon.colcon_core.package_identification:_identify(.) by extension 'python_setup_py'
[0.801s] Level 1:colcon.colcon_core.package_identification:_identify(build) by extensions ['ignore', 'ignore_ament_install']
[0.802s] Level 1:colcon.colcon_core.package_identification:_identify(build) by extension 'ignore'
[0.802s] Level 1:colcon.colcon_core.package_identification:_identify(build) ignored
[0.802s] Level 1:colcon.colcon_core.package_identification:_identify(cartographer) by extensions ['ignore', 'ignore_ament_install']
[0.802s] Level 1:colcon.colcon_core.package_identification:_identify(cartographer) by extension 'ignore'
[0.802s] Level 1:colcon.colcon_core.package_identification:_identify(cartographer) by extension 'ignore_ament_install'
[0.802s] Level 1:colcon.colcon_core.package_identification:_identify(cartographer) by extensions ['colcon_pkg']
[0.802s] Level 1:colcon.colcon_core.package_identification:_identify(cartographer) by extension 'colcon_pkg'
[0.802s] Level 1:colcon.colcon_core.package_identification:_identify(cartographer) by extensions ['colcon_meta']
[0.803s] Level 1:colcon.colcon_core.package_identification:_identify(cartographer) by extension 'colcon_meta'
[0.803s] Level 1:colcon.colcon_core.package_identification:_identify(cartographer) by extensions ['ros']
[0.803s] Level 1:colcon.colcon_core.package_identification:_identify(cartographer) by extension 'ros'
[0.808s] DEBUG:colcon.colcon_core.package_identification:Package 'cartographer' with type 'ros.ament_cmake' and name 'cartographer'
[0.809s] Level 1:colcon.colcon_core.package_identification:_identify(install) by extensions ['ignore', 'ignore_ament_install']
[0.809s] Level 1:colcon.colcon_core.package_identification:_identify(install) by extension 'ignore'
[0.809s] Level 1:colcon.colcon_core.package_identification:_identify(install) ignored
[0.809s] Level 1:colcon.colcon_core.package_identification:_identify(log) by extensions ['ignore', 'ignore_ament_install']
[0.809s] Level 1:colcon.colcon_core.package_identification:_identify(log) by extension 'ignore'
[0.809s] Level 1:colcon.colcon_core.package_identification:_identify(log) ignored
[0.810s] Level 1:colcon.colcon_core.package_identification:_identify(navigation) by extensions ['ignore', 'ignore_ament_install']
[0.810s] Level 1:colcon.colcon_core.package_identification:_identify(navigation) by extension 'ignore'
[0.810s] Level 1:colcon.colcon_core.package_identification:_identify(navigation) by extension 'ignore_ament_install'
[0.810s] Level 1:colcon.colcon_core.package_identification:_identify(navigation) by extensions ['colcon_pkg']
[0.810s] Level 1:colcon.colcon_core.package_identification:_identify(navigation) by extension 'colcon_pkg'
[0.810s] Level 1:colcon.colcon_core.package_identification:_identify(navigation) by extensions ['colcon_meta']
[0.810s] Level 1:colcon.colcon_core.package_identification:_identify(navigation) by extension 'colcon_meta'
[0.810s] Level 1:colcon.colcon_core.package_identification:_identify(navigation) by extensions ['ros']
[0.810s] Level 1:colcon.colcon_core.package_identification:_identify(navigation) by extension 'ros'
[0.813s] DEBUG:colcon.colcon_core.package_identification:Package 'navigation' with type 'ros.ament_cmake' and name 'navigation'
[0.813s] Level 1:colcon.colcon_core.package_identification:_identify(robot_bringup) by extensions ['ignore', 'ignore_ament_install']
[0.814s] Level 1:colcon.colcon_core.package_identification:_identify(robot_bringup) by extension 'ignore'
[0.814s] Level 1:colcon.colcon_core.package_identification:_identify(robot_bringup) by extension 'ignore_ament_install'
[0.814s] Level 1:colcon.colcon_core.package_identification:_identify(robot_bringup) by extensions ['colcon_pkg']
[0.814s] Level 1:colcon.colcon_core.package_identification:_identify(robot_bringup) by extension 'colcon_pkg'
[0.814s] Level 1:colcon.colcon_core.package_identification:_identify(robot_bringup) by extensions ['colcon_meta']
[0.814s] Level 1:colcon.colcon_core.package_identification:_identify(robot_bringup) by extension 'colcon_meta'
[0.814s] Level 1:colcon.colcon_core.package_identification:_identify(robot_bringup) by extensions ['ros']
[0.814s] Level 1:colcon.colcon_core.package_identification:_identify(robot_bringup) by extension 'ros'
[0.816s] DEBUG:colcon.colcon_core.package_identification:Package 'robot_bringup' with type 'ros.ament_cmake' and name 'robot_bringup'
[0.816s] Level 1:colcon.colcon_core.package_identification:_identify(tlbot_navigation2) by extensions ['ignore', 'ignore_ament_install']
[0.817s] Level 1:colcon.colcon_core.package_identification:_identify(tlbot_navigation2) by extension 'ignore'
[0.817s] Level 1:colcon.colcon_core.package_identification:_identify(tlbot_navigation2) by extension 'ignore_ament_install'
[0.817s] Level 1:colcon.colcon_core.package_identification:_identify(tlbot_navigation2) by extensions ['colcon_pkg']
[0.817s] Level 1:colcon.colcon_core.package_identification:_identify(tlbot_navigation2) by extension 'colcon_pkg'
[0.817s] Level 1:colcon.colcon_core.package_identification:_identify(tlbot_navigation2) by extensions ['colcon_meta']
[0.817s] Level 1:colcon.colcon_core.package_identification:_identify(tlbot_navigation2) by extension 'colcon_meta'
[0.817s] Level 1:colcon.colcon_core.package_identification:_identify(tlbot_navigation2) by extensions ['ros']
[0.817s] Level 1:colcon.colcon_core.package_identification:_identify(tlbot_navigation2) by extension 'ros'
[0.818s] DEBUG:colcon.colcon_core.package_identification:Package 'tlbot_navigation2' with type 'ros.ament_cmake' and name 'tlbot_navigation2'
[0.819s] Level 1:colcon.colcon_core.package_discovery:discover_packages(recursive) using defaults
[0.819s] Level 1:colcon.colcon_core.package_discovery:discover_packages(ignore) discover
[0.819s] Level 1:colcon.colcon_core.package_discovery:discover_packages(ignore) using defaults
[0.819s] Level 1:colcon.colcon_core.package_discovery:discover_packages(path) discover
[0.819s] Level 1:colcon.colcon_core.package_discovery:discover_packages(path) using defaults
[0.857s] Level 1:colcon.colcon_core.package_discovery:discover_packages(prefix_path) check parameters
[0.857s] Level 1:colcon.colcon_core.package_discovery:discover_packages(prefix_path) discover
[0.861s] DEBUG:colcon.colcon_installed_package_information.package_discovery:Found 2 installed packages in /home/huhu/ros2_ws/install
[0.865s] DEBUG:colcon.colcon_installed_package_information.package_discovery:Found 267 installed packages in /opt/ros/foxy
[0.884s] Level 1:colcon.colcon_core.package_discovery:discover_packages(prefix_path) using defaults
[1.061s] Level 5:colcon.colcon_core.verb:set package 'cartographer' build argument 'cmake_args' from command line to 'None'
[1.061s] Level 5:colcon.colcon_core.verb:set package 'cartographer' build argument 'cmake_target' from command line to 'None'
[1.061s] Level 5:colcon.colcon_core.verb:set package 'cartographer' build argument 'cmake_target_skip_unavailable' from command line to 'False'
[1.061s] Level 5:colcon.colcon_core.verb:set package 'cartographer' build argument 'cmake_clean_cache' from command line to 'False'
[1.061s] Level 5:colcon.colcon_core.verb:set package 'cartographer' build argument 'cmake_clean_first' from command line to 'False'
[1.061s] Level 5:colcon.colcon_core.verb:set package 'cartographer' build argument 'cmake_force_configure' from command line to 'False'
[1.061s] Level 5:colcon.colcon_core.verb:set package 'cartographer' build argument 'ament_cmake_args' from command line to 'None'
[1.061s] Level 5:colcon.colcon_core.verb:set package 'cartographer' build argument 'catkin_cmake_args' from command line to 'None'
[1.062s] Level 5:colcon.colcon_core.verb:set package 'cartographer' build argument 'catkin_skip_building_tests' from command line to 'False'
[1.062s] DEBUG:colcon.colcon_core.verb:Building package 'cartographer' with the following arguments: {'ament_cmake_args': None, 'build_base': '/home/huhu/Documents/GitHub/swarm_robot/simulation_ws/src/build/cartographer', 'catkin_cmake_args': None, 'catkin_skip_building_tests': False, 'cmake_args': None, 'cmake_clean_cache': False, 'cmake_clean_first': False, 'cmake_force_configure': False, 'cmake_target': None, 'cmake_target_skip_unavailable': False, 'install_base': '/home/huhu/Documents/GitHub/swarm_robot/simulation_ws/src/install/cartographer', 'merge_install': False, 'path': '/home/huhu/Documents/GitHub/swarm_robot/simulation_ws/src/cartographer', 'symlink_install': True, 'test_result_base': None}
[1.062s] Level 5:colcon.colcon_core.verb:set package 'robot_bringup' build argument 'cmake_args' from command line to 'None'
[1.062s] Level 5:colcon.colcon_core.verb:set package 'robot_bringup' build argument 'cmake_target' from command line to 'None'
[1.062s] Level 5:colcon.colcon_core.verb:set package 'robot_bringup' build argument 'cmake_target_skip_unavailable' from command line to 'False'
[1.062s] Level 5:colcon.colcon_core.verb:set package 'robot_bringup' build argument 'cmake_clean_cache' from command line to 'False'
[1.063s] Level 5:colcon.colcon_core.verb:set package 'robot_bringup' build argument 'cmake_clean_first' from command line to 'False'
[1.063s] Level 5:colcon.colcon_core.verb:set package 'robot_bringup' build argument 'cmake_force_configure' from command line to 'False'
[1.063s] Level 5:colcon.colcon_core.verb:set package 'robot_bringup' build argument 'ament_cmake_args' from command line to 'None'
[1.063s] Level 5:colcon.colcon_core.verb:set package 'robot_bringup' build argument 'catkin_cmake_args' from command line to 'None'
[1.063s] Level 5:colcon.colcon_core.verb:set package 'robot_bringup' build argument 'catkin_skip_building_tests' from command line to 'False'
[1.063s] DEBUG:colcon.colcon_core.verb:Building package 'robot_bringup' with the following arguments: {'ament_cmake_args': None, 'build_base': '/home/huhu/Documents/GitHub/swarm_robot/simulation_ws/src/build/robot_bringup', 'catkin_cmake_args': None, 'catkin_skip_building_tests': False, 'cmake_args': None, 'cmake_clean_cache': False, 'cmake_clean_first': False, 'cmake_force_configure': False, 'cmake_target': None, 'cmake_target_skip_unavailable': False, 'install_base': '/home/huhu/Documents/GitHub/swarm_robot/simulation_ws/src/install/robot_bringup', 'merge_install': False, 'path': '/home/huhu/Documents/GitHub/swarm_robot/simulation_ws/src/robot_bringup', 'symlink_install': True, 'test_result_base': None}
[1.063s] Level 5:colcon.colcon_core.verb:set package 'tlbot_navigation2' build argument 'cmake_args' from command line to 'None'
[1.063s] Level 5:colcon.colcon_core.verb:set package 'tlbot_navigation2' build argument 'cmake_target' from command line to 'None'
[1.064s] Level 5:colcon.colcon_core.verb:set package 'tlbot_navigation2' build argument 'cmake_target_skip_unavailable' from command line to 'False'
[1.064s] Level 5:colcon.colcon_core.verb:set package 'tlbot_navigation2' build argument 'cmake_clean_cache' from command line to 'False'
[1.064s] Level 5:colcon.colcon_core.verb:set package 'tlbot_navigation2' build argument 'cmake_clean_first' from command line to 'False'
[1.064s] Level 5:colcon.colcon_core.verb:set package 'tlbot_navigation2' build argument 'cmake_force_configure' from command line to 'False'
[1.064s] Level 5:colcon.colcon_core.verb:set package 'tlbot_navigation2' build argument 'ament_cmake_args' from command line to 'None'
[1.064s] Level 5:colcon.colcon_core.verb:set package 'tlbot_navigation2' build argument 'catkin_cmake_args' from command line to 'None'
[1.064s] Level 5:colcon.colcon_core.verb:set package 'tlbot_navigation2' build argument 'catkin_skip_building_tests' from command line to 'False'
[1.064s] DEBUG:colcon.colcon_core.verb:Building package 'tlbot_navigation2' with the following arguments: {'ament_cmake_args': None, 'build_base': '/home/huhu/Documents/GitHub/swarm_robot/simulation_ws/src/build/tlbot_navigation2', 'catkin_cmake_args': None, 'catkin_skip_building_tests': False, 'cmake_args': None, 'cmake_clean_cache': False, 'cmake_clean_first': False, 'cmake_force_configure': False, 'cmake_target': None, 'cmake_target_skip_unavailable': False, 'install_base': '/home/huhu/Documents/GitHub/swarm_robot/simulation_ws/src/install/tlbot_navigation2', 'merge_install': False, 'path': '/home/huhu/Documents/GitHub/swarm_robot/simulation_ws/src/tlbot_navigation2', 'symlink_install': True, 'test_result_base': None}
[1.065s] Level 5:colcon.colcon_core.verb:set package 'navigation' build argument 'cmake_args' from command line to 'None'
[1.065s] Level 5:colcon.colcon_core.verb:set package 'navigation' build argument 'cmake_target' from command line to 'None'
[1.065s] Level 5:colcon.colcon_core.verb:set package 'navigation' build argument 'cmake_target_skip_unavailable' from command line to 'False'
[1.065s] Level 5:colcon.colcon_core.verb:set package 'navigation' build argument 'cmake_clean_cache' from command line to 'False'
[1.065s] Level 5:colcon.colcon_core.verb:set package 'navigation' build argument 'cmake_clean_first' from command line to 'False'
[1.065s] Level 5:colcon.colcon_core.verb:set package 'navigation' build argument 'cmake_force_configure' from command line to 'False'
[1.065s] Level 5:colcon.colcon_core.verb:set package 'navigation' build argument 'ament_cmake_args' from command line to 'None'
[1.065s] Level 5:colcon.colcon_core.verb:set package 'navigation' build argument 'catkin_cmake_args' from command line to 'None'
[1.065s] Level 5:colcon.colcon_core.verb:set package 'navigation' build argument 'catkin_skip_building_tests' from command line to 'False'
[1.065s] DEBUG:colcon.colcon_core.verb:Building package 'navigation' with the following arguments: {'ament_cmake_args': None, 'build_base': '/home/huhu/Documents/GitHub/swarm_robot/simulation_ws/src/build/navigation', 'catkin_cmake_args': None, 'catkin_skip_building_tests': False, 'cmake_args': None, 'cmake_clean_cache': False, 'cmake_clean_first': False, 'cmake_force_configure': False, 'cmake_target': None, 'cmake_target_skip_unavailable': False, 'install_base': '/home/huhu/Documents/GitHub/swarm_robot/simulation_ws/src/install/navigation', 'merge_install': False, 'path': '/home/huhu/Documents/GitHub/swarm_robot/simulation_ws/src/navigation', 'symlink_install': True, 'test_result_base': None}
[1.066s] INFO:colcon.colcon_core.executor:Executing jobs using 'parallel' executor
[1.067s] DEBUG:colcon.colcon_parallel_executor.executor.parallel:run_until_complete
[1.068s] INFO:colcon.colcon_ros.task.ament_cmake.build:Building ROS package in '/home/huhu/Documents/GitHub/swarm_robot/simulation_ws/src/cartographer' with build type 'ament_cmake'
[1.068s] INFO:colcon.colcon_cmake.task.cmake.build:Building CMake package in '/home/huhu/Documents/GitHub/swarm_robot/simulation_ws/src/cartographer'
[1.071s] INFO:colcon.colcon_core.plugin_system:Skipping extension 'colcon_core.shell.bat': Not used on non-Windows systems
[1.071s] INFO:colcon.colcon_core.shell:Skip shell extension 'powershell' for command environment: Not usable outside of PowerShell
[1.072s] DEBUG:colcon.colcon_core.shell:Skip shell extension 'dsv' for command environment
[1.090s] INFO:colcon.colcon_ros.task.ament_cmake.build:Building ROS package in '/home/huhu/Documents/GitHub/swarm_robot/simulation_ws/src/tlbot_navigation2' with build type 'ament_cmake'
[1.091s] INFO:colcon.colcon_cmake.task.cmake.build:Building CMake package in '/home/huhu/Documents/GitHub/swarm_robot/simulation_ws/src/tlbot_navigation2'
[1.092s] INFO:colcon.colcon_core.shell:Skip shell extension 'powershell' for command environment: Not usable outside of PowerShell
[1.092s] DEBUG:colcon.colcon_core.shell:Skip shell extension 'dsv' for command environment
[1.104s] INFO:colcon.colcon_ros.task.ament_cmake.build:Building ROS package in '/home/huhu/Documents/GitHub/swarm_robot/simulation_ws/src/robot_bringup' with build type 'ament_cmake'
[1.105s] INFO:colcon.colcon_cmake.task.cmake.build:Building CMake package in '/home/huhu/Documents/GitHub/swarm_robot/simulation_ws/src/robot_bringup'
[1.106s] INFO:colcon.colcon_core.shell:Skip shell extension 'powershell' for command environment: Not usable outside of PowerShell
[1.106s] DEBUG:colcon.colcon_core.shell:Skip shell extension 'dsv' for command environment
[1.154s] DEBUG:colcon.colcon_core.event_handler.log_command:Invoking command in '/home/huhu/Documents/GitHub/swarm_robot/simulation_ws/src/build/cartographer': CMAKE_PREFIX_PATH=${CMAKE_PREFIX_PATH}:/opt/ros/foxy /usr/bin/cmake --build /home/huhu/Documents/GitHub/swarm_robot/simulation_ws/src/build/cartographer -- -j6 -l6
[1.163s] DEBUG:colcon.colcon_core.event_handler.log_command:Invoking command in '/home/huhu/Documents/GitHub/swarm_robot/simulation_ws/src/build/tlbot_navigation2': CMAKE_PREFIX_PATH=${CMAKE_PREFIX_PATH}:/opt/ros/foxy /usr/bin/cmake --build /home/huhu/Documents/GitHub/swarm_robot/simulation_ws/src/build/tlbot_navigation2 -- -j6 -l6
[1.243s] DEBUG:colcon.colcon_core.event_handler.log_command:Invoking command in '/home/huhu/Documents/GitHub/swarm_robot/simulation_ws/src/build/robot_bringup': CMAKE_PREFIX_PATH=${CMAKE_PREFIX_PATH}:/opt/ros/foxy /usr/bin/cmake --build /home/huhu/Documents/GitHub/swarm_robot/simulation_ws/src/build/robot_bringup -- -j6 -l6
[1.270s] DEBUG:colcon.colcon_core.event_handler.log_command:Invoked command in '/home/huhu/Documents/GitHub/swarm_robot/simulation_ws/src/build/cartographer' returned '0': CMAKE_PREFIX_PATH=${CMAKE_PREFIX_PATH}:/opt/ros/foxy /usr/bin/cmake --build /home/huhu/Documents/GitHub/swarm_robot/simulation_ws/src/build/cartographer -- -j6 -l6
[1.316s] DEBUG:colcon.colcon_core.event_handler.log_command:Invoked command in '/home/huhu/Documents/GitHub/swarm_robot/simulation_ws/src/build/tlbot_navigation2' returned '0': CMAKE_PREFIX_PATH=${CMAKE_PREFIX_PATH}:/opt/ros/foxy /usr/bin/cmake --build /home/huhu/Documents/GitHub/swarm_robot/simulation_ws/src/build/tlbot_navigation2 -- -j6 -l6
[1.369s] DEBUG:colcon.colcon_core.event_handler.log_command:Invoked command in '/home/huhu/Documents/GitHub/swarm_robot/simulation_ws/src/build/robot_bringup' returned '0': CMAKE_PREFIX_PATH=${CMAKE_PREFIX_PATH}:/opt/ros/foxy /usr/bin/cmake --build /home/huhu/Documents/GitHub/swarm_robot/simulation_ws/src/build/robot_bringup -- -j6 -l6
[1.407s] DEBUG:colcon.colcon_core.event_handler.log_command:Invoking command in '/home/huhu/Documents/GitHub/swarm_robot/simulation_ws/src/build/cartographer': CMAKE_PREFIX_PATH=${CMAKE_PREFIX_PATH}:/opt/ros/foxy /usr/bin/cmake --install /home/huhu/Documents/GitHub/swarm_robot/simulation_ws/src/build/cartographer
[1.422s] DEBUG:colcon.colcon_core.event_handler.log_command:Invoking command in '/home/huhu/Documents/GitHub/swarm_robot/simulation_ws/src/build/tlbot_navigation2': CMAKE_PREFIX_PATH=${CMAKE_PREFIX_PATH}:/opt/ros/foxy /usr/bin/cmake --install /home/huhu/Documents/GitHub/swarm_robot/simulation_ws/src/build/tlbot_navigation2
[1.473s] DEBUG:colcon.colcon_core.event_handler.log_command:Invoking command in '/home/huhu/Documents/GitHub/swarm_robot/simulation_ws/src/build/robot_bringup': CMAKE_PREFIX_PATH=${CMAKE_PREFIX_PATH}:/opt/ros/foxy /usr/bin/cmake --install /home/huhu/Documents/GitHub/swarm_robot/simulation_ws/src/build/robot_bringup
[1.479s] Level 1:colcon.colcon_core.environment:create_environment_scripts_only(cartographer)
[1.481s] DEBUG:colcon.colcon_core.event_handler.log_command:Invoked command in '/home/huhu/Documents/GitHub/swarm_robot/simulation_ws/src/build/cartographer' returned '0': CMAKE_PREFIX_PATH=${CMAKE_PREFIX_PATH}:/opt/ros/foxy /usr/bin/cmake --install /home/huhu/Documents/GitHub/swarm_robot/simulation_ws/src/build/cartographer
[1.492s] Level 1:colcon.colcon_core.environment:checking '/home/huhu/Documents/GitHub/swarm_robot/simulation_ws/src/install/cartographer' for CMake module files
[1.493s] Level 1:colcon.colcon_core.environment:checking '/home/huhu/Documents/GitHub/swarm_robot/simulation_ws/src/install/cartographer' for CMake config files
[1.498s] Level 1:colcon.colcon_core.shell:create_environment_hook('cartographer', 'cmake_prefix_path')
[1.499s] INFO:colcon.colcon_core.shell:Creating environment hook '/home/huhu/Documents/GitHub/swarm_robot/simulation_ws/src/install/cartographer/share/cartographer/hook/cmake_prefix_path.ps1'
[1.504s] INFO:colcon.colcon_core.shell:Creating environment descriptor '/home/huhu/Documents/GitHub/swarm_robot/simulation_ws/src/install/cartographer/share/cartographer/hook/cmake_prefix_path.dsv'
[1.508s] INFO:colcon.colcon_core.shell:Creating environment hook '/home/huhu/Documents/GitHub/swarm_robot/simulation_ws/src/install/cartographer/share/cartographer/hook/cmake_prefix_path.sh'
[1.511s] Level 1:colcon.colcon_core.environment:checking '/home/huhu/Documents/GitHub/swarm_robot/simulation_ws/src/install/cartographer/bin'
[1.511s] Level 1:colcon.colcon_core.environment:checking '/home/huhu/Documents/GitHub/swarm_robot/simulation_ws/src/install/cartographer/lib/pkgconfig/cartographer.pc'
[1.512s] Level 1:colcon.colcon_core.environment:checking '/home/huhu/Documents/GitHub/swarm_robot/simulation_ws/src/install/cartographer/lib/python3.8/site-packages'
[1.512s] Level 1:colcon.colcon_core.environment:checking '/home/huhu/Documents/GitHub/swarm_robot/simulation_ws/src/install/cartographer/bin'
[1.513s] INFO:colcon.colcon_core.shell:Creating package script '/home/huhu/Documents/GitHub/swarm_robot/simulation_ws/src/install/cartographer/share/cartographer/package.ps1'
[1.517s] INFO:colcon.colcon_core.shell:Creating package descriptor '/home/huhu/Documents/GitHub/swarm_robot/simulation_ws/src/install/cartographer/share/cartographer/package.dsv'
[1.518s] INFO:colcon.colcon_core.shell:Creating package script '/home/huhu/Documents/GitHub/swarm_robot/simulation_ws/src/install/cartographer/share/cartographer/package.sh'
[1.521s] INFO:colcon.colcon_core.shell:Creating package script '/home/huhu/Documents/GitHub/swarm_robot/simulation_ws/src/install/cartographer/share/cartographer/package.bash'
[1.523s] INFO:colcon.colcon_core.shell:Creating package script '/home/huhu/Documents/GitHub/swarm_robot/simulation_ws/src/install/cartographer/share/cartographer/package.zsh'
[1.524s] Level 1:colcon.colcon_core.environment:create_file_with_runtime_dependencies(/home/huhu/Documents/GitHub/swarm_robot/simulation_ws/src/install/cartographer/share/colcon-core/packages/cartographer)
[1.550s] Level 1:colcon.colcon_core.environment:create_environment_scripts_only(tlbot_navigation2)
[1.551s] Level 1:colcon.colcon_core.environment:checking '/home/huhu/Documents/GitHub/swarm_robot/simulation_ws/src/install/tlbot_navigation2' for CMake module files
[1.553s] DEBUG:colcon.colcon_core.event_handler.log_command:Invoked command in '/home/huhu/Documents/GitHub/swarm_robot/simulation_ws/src/build/tlbot_navigation2' returned '0': CMAKE_PREFIX_PATH=${CMAKE_PREFIX_PATH}:/opt/ros/foxy /usr/bin/cmake --install /home/huhu/Documents/GitHub/swarm_robot/simulation_ws/src/build/tlbot_navigation2
[1.556s] Level 1:colcon.colcon_core.environment:checking '/home/huhu/Documents/GitHub/swarm_robot/simulation_ws/src/install/tlbot_navigation2' for CMake config files
[1.557s] Level 1:colcon.colcon_core.shell:create_environment_hook('tlbot_navigation2', 'cmake_prefix_path')
[1.557s] INFO:colcon.colcon_core.shell:Creating environment hook '/home/huhu/Documents/GitHub/swarm_robot/simulation_ws/src/install/tlbot_navigation2/share/tlbot_navigation2/hook/cmake_prefix_path.ps1'
[1.559s] INFO:colcon.colcon_core.shell:Creating environment descriptor '/home/huhu/Documents/GitHub/swarm_robot/simulation_ws/src/install/tlbot_navigation2/share/tlbot_navigation2/hook/cmake_prefix_path.dsv'
[1.560s] INFO:colcon.colcon_core.shell:Creating environment hook '/home/huhu/Documents/GitHub/swarm_robot/simulation_ws/src/install/tlbot_navigation2/share/tlbot_navigation2/hook/cmake_prefix_path.sh'
[1.562s] Level 1:colcon.colcon_core.environment:checking '/home/huhu/Documents/GitHub/swarm_robot/simulation_ws/src/install/tlbot_navigation2/bin'
[1.562s] Level 1:colcon.colcon_core.environment:checking '/home/huhu/Documents/GitHub/swarm_robot/simulation_ws/src/install/tlbot_navigation2/lib/pkgconfig/tlbot_navigation2.pc'
[1.563s] Level 1:colcon.colcon_core.environment:checking '/home/huhu/Documents/GitHub/swarm_robot/simulation_ws/src/install/tlbot_navigation2/lib/python3.8/site-packages'
[1.563s] Level 1:colcon.colcon_core.environment:checking '/home/huhu/Documents/GitHub/swarm_robot/simulation_ws/src/install/tlbot_navigation2/bin'
[1.564s] INFO:colcon.colcon_core.shell:Creating package script '/home/huhu/Documents/GitHub/swarm_robot/simulation_ws/src/install/tlbot_navigation2/share/tlbot_navigation2/package.ps1'
[1.568s] INFO:colcon.colcon_core.shell:Creating package descriptor '/home/huhu/Documents/GitHub/swarm_robot/simulation_ws/src/install/tlbot_navigation2/share/tlbot_navigation2/package.dsv'
[1.572s] INFO:colcon.colcon_core.shell:Creating package script '/home/huhu/Documents/GitHub/swarm_robot/simulation_ws/src/install/tlbot_navigation2/share/tlbot_navigation2/package.sh'
[1.574s] INFO:colcon.colcon_core.shell:Creating package script '/home/huhu/Documents/GitHub/swarm_robot/simulation_ws/src/install/tlbot_navigation2/share/tlbot_navigation2/package.bash'
[1.575s] INFO:colcon.colcon_core.shell:Creating package script '/home/huhu/Documents/GitHub/swarm_robot/simulation_ws/src/install/tlbot_navigation2/share/tlbot_navigation2/package.zsh'
[1.579s] Level 1:colcon.colcon_core.environment:create_file_with_runtime_dependencies(/home/huhu/Documents/GitHub/swarm_robot/simulation_ws/src/install/tlbot_navigation2/share/colcon-core/packages/tlbot_navigation2)
[1.594s] Level 1:colcon.colcon_core.environment:create_environment_scripts_only(robot_bringup)
[1.595s] DEBUG:colcon.colcon_core.event_handler.log_command:Invoked command in '/home/huhu/Documents/GitHub/swarm_robot/simulation_ws/src/build/robot_bringup' returned '0': CMAKE_PREFIX_PATH=${CMAKE_PREFIX_PATH}:/opt/ros/foxy /usr/bin/cmake --install /home/huhu/Documents/GitHub/swarm_robot/simulation_ws/src/build/robot_bringup
[1.596s] Level 1:colcon.colcon_core.environment:checking '/home/huhu/Documents/GitHub/swarm_robot/simulation_ws/src/install/robot_bringup' for CMake module files
[1.597s] Level 1:colcon.colcon_core.environment:checking '/home/huhu/Documents/GitHub/swarm_robot/simulation_ws/src/install/robot_bringup' for CMake config files
[1.598s] Level 1:colcon.colcon_core.shell:create_environment_hook('robot_bringup', 'cmake_prefix_path')
[1.599s] INFO:colcon.colcon_core.shell:Creating environment hook '/home/huhu/Documents/GitHub/swarm_robot/simulation_ws/src/install/robot_bringup/share/robot_bringup/hook/cmake_prefix_path.ps1'
[1.603s] INFO:colcon.colcon_core.shell:Creating environment descriptor '/home/huhu/Documents/GitHub/swarm_robot/simulation_ws/src/install/robot_bringup/share/robot_bringup/hook/cmake_prefix_path.dsv'
[1.604s] INFO:colcon.colcon_core.shell:Creating environment hook '/home/huhu/Documents/GitHub/swarm_robot/simulation_ws/src/install/robot_bringup/share/robot_bringup/hook/cmake_prefix_path.sh'
[1.606s] Level 1:colcon.colcon_core.environment:checking '/home/huhu/Documents/GitHub/swarm_robot/simulation_ws/src/install/robot_bringup/lib'
[1.606s] Level 1:colcon.colcon_core.environment:checking '/home/huhu/Documents/GitHub/swarm_robot/simulation_ws/src/install/robot_bringup/bin'
[1.607s] Level 1:colcon.colcon_core.environment:checking '/home/huhu/Documents/GitHub/swarm_robot/simulation_ws/src/install/robot_bringup/lib/pkgconfig/robot_bringup.pc'
[1.607s] Level 1:colcon.colcon_core.environment:checking '/home/huhu/Documents/GitHub/swarm_robot/simulation_ws/src/install/robot_bringup/lib/python3.8/site-packages'
[1.607s] Level 1:colcon.colcon_core.environment:checking '/home/huhu/Documents/GitHub/swarm_robot/simulation_ws/src/install/robot_bringup/bin'
[1.608s] INFO:colcon.colcon_core.shell:Creating package script '/home/huhu/Documents/GitHub/swarm_robot/simulation_ws/src/install/robot_bringup/share/robot_bringup/package.ps1'
[1.610s] INFO:colcon.colcon_core.shell:Creating package descriptor '/home/huhu/Documents/GitHub/swarm_robot/simulation_ws/src/install/robot_bringup/share/robot_bringup/package.dsv'
[1.611s] INFO:colcon.colcon_core.shell:Creating package script '/home/huhu/Documents/GitHub/swarm_robot/simulation_ws/src/install/robot_bringup/share/robot_bringup/package.sh'
[1.612s] INFO:colcon.colcon_core.shell:Creating package script '/home/huhu/Documents/GitHub/swarm_robot/simulation_ws/src/install/robot_bringup/share/robot_bringup/package.bash'
[1.613s] INFO:colcon.colcon_core.shell:Creating package script '/home/huhu/Documents/GitHub/swarm_robot/simulation_ws/src/install/robot_bringup/share/robot_bringup/package.zsh'
[1.614s] Level 1:colcon.colcon_core.environment:create_file_with_runtime_dependencies(/home/huhu/Documents/GitHub/swarm_robot/simulation_ws/src/install/robot_bringup/share/colcon-core/packages/robot_bringup)
[1.622s] Level 1:colcon.colcon_core.environment:create_environment_scripts_only(cartographer)
[1.623s] Level 1:colcon.colcon_core.environment:checking '/home/huhu/Documents/GitHub/swarm_robot/simulation_ws/src/install/cartographer' for CMake module files
[1.625s] Level 1:colcon.colcon_core.environment:checking '/home/huhu/Documents/GitHub/swarm_robot/simulation_ws/src/install/cartographer' for CMake config files
[1.625s] Level 1:colcon.colcon_core.shell:create_environment_hook('cartographer', 'cmake_prefix_path')
[1.626s] INFO:colcon.colcon_core.shell:Creating environment hook '/home/huhu/Documents/GitHub/swarm_robot/simulation_ws/src/install/cartographer/share/cartographer/hook/cmake_prefix_path.ps1'
[1.627s] INFO:colcon.colcon_core.shell:Creating environment descriptor '/home/huhu/Documents/GitHub/swarm_robot/simulation_ws/src/install/cartographer/share/cartographer/hook/cmake_prefix_path.dsv'
[1.628s] INFO:colcon.colcon_core.shell:Creating environment hook '/home/huhu/Documents/GitHub/swarm_robot/simulation_ws/src/install/cartographer/share/cartographer/hook/cmake_prefix_path.sh'
[1.629s] Level 1:colcon.colcon_core.environment:checking '/home/huhu/Documents/GitHub/swarm_robot/simulation_ws/src/install/cartographer/bin'
[1.629s] Level 1:colcon.colcon_core.environment:checking '/home/huhu/Documents/GitHub/swarm_robot/simulation_ws/src/install/cartographer/lib/pkgconfig/cartographer.pc'
[1.630s] Level 1:colcon.colcon_core.environment:checking '/home/huhu/Documents/GitHub/swarm_robot/simulation_ws/src/install/cartographer/lib/python3.8/site-packages'
[1.638s] Level 1:colcon.colcon_core.environment:checking '/home/huhu/Documents/GitHub/swarm_robot/simulation_ws/src/install/cartographer/bin'
[1.639s] INFO:colcon.colcon_core.shell:Creating package script '/home/huhu/Documents/GitHub/swarm_robot/simulation_ws/src/install/cartographer/share/cartographer/package.ps1'
[1.640s] INFO:colcon.colcon_core.shell:Creating package descriptor '/home/huhu/Documents/GitHub/swarm_robot/simulation_ws/src/install/cartographer/share/cartographer/package.dsv'
[1.641s] INFO:colcon.colcon_core.shell:Creating package script '/home/huhu/Documents/GitHub/swarm_robot/simulation_ws/src/install/cartographer/share/cartographer/package.sh'
[1.642s] INFO:colcon.colcon_core.shell:Creating package script '/home/huhu/Documents/GitHub/swarm_robot/simulation_ws/src/install/cartographer/share/cartographer/package.bash'
[1.643s] INFO:colcon.colcon_core.shell:Creating package script '/home/huhu/Documents/GitHub/swarm_robot/simulation_ws/src/install/cartographer/share/cartographer/package.zsh'
[1.644s] Level 1:colcon.colcon_core.environment:create_file_with_runtime_dependencies(/home/huhu/Documents/GitHub/swarm_robot/simulation_ws/src/install/cartographer/share/colcon-core/packages/cartographer)
[1.678s] Level 1:colcon.colcon_core.environment:create_environment_scripts_only(tlbot_navigation2)
[1.678s] Level 1:colcon.colcon_core.environment:checking '/home/huhu/Documents/GitHub/swarm_robot/simulation_ws/src/install/tlbot_navigation2' for CMake module files
[1.680s] Level 1:colcon.colcon_core.environment:checking '/home/huhu/Documents/GitHub/swarm_robot/simulation_ws/src/install/tlbot_navigation2' for CMake config files
[1.680s] Level 1:colcon.colcon_core.shell:create_environment_hook('tlbot_navigation2', 'cmake_prefix_path')
[1.681s] INFO:colcon.colcon_core.shell:Creating environment hook '/home/huhu/Documents/GitHub/swarm_robot/simulation_ws/src/install/tlbot_navigation2/share/tlbot_navigation2/hook/cmake_prefix_path.ps1'
[1.682s] INFO:colcon.colcon_core.shell:Creating environment descriptor '/home/huhu/Documents/GitHub/swarm_robot/simulation_ws/src/install/tlbot_navigation2/share/tlbot_navigation2/hook/cmake_prefix_path.dsv'
[1.684s] INFO:colcon.colcon_core.shell:Creating environment hook '/home/huhu/Documents/GitHub/swarm_robot/simulation_ws/src/install/tlbot_navigation2/share/tlbot_navigation2/hook/cmake_prefix_path.sh'
[1.687s] Level 1:colcon.colcon_core.environment:checking '/home/huhu/Documents/GitHub/swarm_robot/simulation_ws/src/install/tlbot_navigation2/bin'
[1.688s] Level 1:colcon.colcon_core.environment:checking '/home/huhu/Documents/GitHub/swarm_robot/simulation_ws/src/install/tlbot_navigation2/lib/pkgconfig/tlbot_navigation2.pc'
[1.689s] Level 1:colcon.colcon_core.environment:checking '/home/huhu/Documents/GitHub/swarm_robot/simulation_ws/src/install/tlbot_navigation2/lib/python3.8/site-packages'
[1.690s] Level 1:colcon.colcon_core.environment:checking '/home/huhu/Documents/GitHub/swarm_robot/simulation_ws/src/install/tlbot_navigation2/bin'
[1.691s] INFO:colcon.colcon_core.shell:Creating package script '/home/huhu/Documents/GitHub/swarm_robot/simulation_ws/src/install/tlbot_navigation2/share/tlbot_navigation2/package.ps1'
[1.692s] INFO:colcon.colcon_core.shell:Creating package descriptor '/home/huhu/Documents/GitHub/swarm_robot/simulation_ws/src/install/tlbot_navigation2/share/tlbot_navigation2/package.dsv'
[1.694s] INFO:colcon.colcon_core.shell:Creating package script '/home/huhu/Documents/GitHub/swarm_robot/simulation_ws/src/install/tlbot_navigation2/share/tlbot_navigation2/package.sh'
[1.696s] INFO:colcon.colcon_core.shell:Creating package script '/home/huhu/Documents/GitHub/swarm_robot/simulation_ws/src/install/tlbot_navigation2/share/tlbot_navigation2/package.bash'
[1.697s] INFO:colcon.colcon_core.shell:Creating package script '/home/huhu/Documents/GitHub/swarm_robot/simulation_ws/src/install/tlbot_navigation2/share/tlbot_navigation2/package.zsh'
[1.698s] Level 1:colcon.colcon_core.environment:create_file_with_runtime_dependencies(/home/huhu/Documents/GitHub/swarm_robot/simulation_ws/src/install/tlbot_navigation2/share/colcon-core/packages/tlbot_navigation2)
[1.701s] INFO:colcon.colcon_ros.task.ament_cmake.build:Building ROS package in '/home/huhu/Documents/GitHub/swarm_robot/simulation_ws/src/navigation' with build type 'ament_cmake'
[1.702s] INFO:colcon.colcon_cmake.task.cmake.build:Building CMake package in '/home/huhu/Documents/GitHub/swarm_robot/simulation_ws/src/navigation'
[1.703s] INFO:colcon.colcon_core.shell:Skip shell extension 'powershell' for command environment: Not usable outside of PowerShell
[1.703s] DEBUG:colcon.colcon_core.shell:Skip shell extension 'dsv' for command environment
[1.717s] Level 1:colcon.colcon_core.environment:create_environment_scripts_only(robot_bringup)
[1.718s] Level 1:colcon.colcon_core.environment:checking '/home/huhu/Documents/GitHub/swarm_robot/simulation_ws/src/install/robot_bringup' for CMake module files
[1.719s] Level 1:colcon.colcon_core.environment:checking '/home/huhu/Documents/GitHub/swarm_robot/simulation_ws/src/install/robot_bringup' for CMake config files
[1.720s] Level 1:colcon.colcon_core.shell:create_environment_hook('robot_bringup', 'cmake_prefix_path')
[1.720s] INFO:colcon.colcon_core.shell:Creating environment hook '/home/huhu/Documents/GitHub/swarm_robot/simulation_ws/src/install/robot_bringup/share/robot_bringup/hook/cmake_prefix_path.ps1'
[1.721s] INFO:colcon.colcon_core.shell:Creating environment descriptor '/home/huhu/Documents/GitHub/swarm_robot/simulation_ws/src/install/robot_bringup/share/robot_bringup/hook/cmake_prefix_path.dsv'
[1.722s] INFO:colcon.colcon_core.shell:Creating environment hook '/home/huhu/Documents/GitHub/swarm_robot/simulation_ws/src/install/robot_bringup/share/robot_bringup/hook/cmake_prefix_path.sh'
[1.724s] Level 1:colcon.colcon_core.environment:checking '/home/huhu/Documents/GitHub/swarm_robot/simulation_ws/src/install/robot_bringup/lib'
[1.724s] Level 1:colcon.colcon_core.environment:checking '/home/huhu/Documents/GitHub/swarm_robot/simulation_ws/src/install/robot_bringup/bin'
[1.724s] Level 1:colcon.colcon_core.environment:checking '/home/huhu/Documents/GitHub/swarm_robot/simulation_ws/src/install/robot_bringup/lib/pkgconfig/robot_bringup.pc'
[1.725s] Level 1:colcon.colcon_core.environment:checking '/home/huhu/Documents/GitHub/swarm_robot/simulation_ws/src/install/robot_bringup/lib/python3.8/site-packages'
[1.726s] Level 1:colcon.colcon_core.environment:checking '/home/huhu/Documents/GitHub/swarm_robot/simulation_ws/src/install/robot_bringup/bin'
[1.727s] INFO:colcon.colcon_core.shell:Creating package script '/home/huhu/Documents/GitHub/swarm_robot/simulation_ws/src/install/robot_bringup/share/robot_bringup/package.ps1'
[1.728s] INFO:colcon.colcon_core.shell:Creating package descriptor '/home/huhu/Documents/GitHub/swarm_robot/simulation_ws/src/install/robot_bringup/share/robot_bringup/package.dsv'
[1.729s] INFO:colcon.colcon_core.shell:Creating package script '/home/huhu/Documents/GitHub/swarm_robot/simulation_ws/src/install/robot_bringup/share/robot_bringup/package.sh'
[1.730s] INFO:colcon.colcon_core.shell:Creating package script '/home/huhu/Documents/GitHub/swarm_robot/simulation_ws/src/install/robot_bringup/share/robot_bringup/package.bash'
[1.732s] INFO:colcon.colcon_core.shell:Creating package script '/home/huhu/Documents/GitHub/swarm_robot/simulation_ws/src/install/robot_bringup/share/robot_bringup/package.zsh'
[1.733s] Level 1:colcon.colcon_core.environment:create_file_with_runtime_dependencies(/home/huhu/Documents/GitHub/swarm_robot/simulation_ws/src/install/robot_bringup/share/colcon-core/packages/robot_bringup)
[1.763s] DEBUG:colcon.colcon_core.event_handler.log_command:Invoking command in '/home/huhu/Documents/GitHub/swarm_robot/simulation_ws/src/build/navigation': AMENT_PREFIX_PATH=/home/huhu/Documents/GitHub/swarm_robot/simulation_ws/src/install/tlbot_navigation2:/home/huhu/Documents/GitHub/swarm_robot/simulation_ws/src/install/cartographer:${AMENT_PREFIX_PATH} CMAKE_PREFIX_PATH=/home/huhu/Documents/GitHub/swarm_robot/simulation_ws/src/install/tlbot_navigation2:/home/huhu/Documents/GitHub/swarm_robot/simulation_ws/src/install/cartographer:/home/huhu/ros2_ws/install/my_bot:/home/huhu/ros2_ws/install/ldlidar_stl_ros2:/opt/ros/foxy /usr/bin/cmake /home/huhu/Documents/GitHub/swarm_robot/simulation_ws/src/navigation -DAMENT_CMAKE_SYMLINK_INSTALL=1 -DCMAKE_INSTALL_PREFIX=/home/huhu/Documents/GitHub/swarm_robot/simulation_ws/src/install/navigation
[3.125s] DEBUG:colcon.colcon_core.event_handler.log_command:Invoked command in '/home/huhu/Documents/GitHub/swarm_robot/simulation_ws/src/build/navigation' returned '0': AMENT_PREFIX_PATH=/home/huhu/Documents/GitHub/swarm_robot/simulation_ws/src/install/tlbot_navigation2:/home/huhu/Documents/GitHub/swarm_robot/simulation_ws/src/install/cartographer:${AMENT_PREFIX_PATH} CMAKE_PREFIX_PATH=/home/huhu/Documents/GitHub/swarm_robot/simulation_ws/src/install/tlbot_navigation2:/home/huhu/Documents/GitHub/swarm_robot/simulation_ws/src/install/cartographer:/home/huhu/ros2_ws/install/my_bot:/home/huhu/ros2_ws/install/ldlidar_stl_ros2:/opt/ros/foxy /usr/bin/cmake /home/huhu/Documents/GitHub/swarm_robot/simulation_ws/src/navigation -DAMENT_CMAKE_SYMLINK_INSTALL=1 -DCMAKE_INSTALL_PREFIX=/home/huhu/Documents/GitHub/swarm_robot/simulation_ws/src/install/navigation
[3.128s] DEBUG:colcon.colcon_core.event_handler.log_command:Invoking command in '/home/huhu/Documents/GitHub/swarm_robot/simulation_ws/src/build/navigation': AMENT_PREFIX_PATH=/home/huhu/Documents/GitHub/swarm_robot/simulation_ws/src/install/tlbot_navigation2:/home/huhu/Documents/GitHub/swarm_robot/simulation_ws/src/install/cartographer:${AMENT_PREFIX_PATH} CMAKE_PREFIX_PATH=/home/huhu/Documents/GitHub/swarm_robot/simulation_ws/src/install/tlbot_navigation2:/home/huhu/Documents/GitHub/swarm_robot/simulation_ws/src/install/cartographer:/home/huhu/ros2_ws/install/my_bot:/home/huhu/ros2_ws/install/ldlidar_stl_ros2:/opt/ros/foxy /usr/bin/cmake --build /home/huhu/Documents/GitHub/swarm_robot/simulation_ws/src/build/navigation -- -j6 -l6
[3.219s] DEBUG:colcon.colcon_core.event_handler.log_command:Invoked command in '/home/huhu/Documents/GitHub/swarm_robot/simulation_ws/src/build/navigation' returned '0': AMENT_PREFIX_PATH=/home/huhu/Documents/GitHub/swarm_robot/simulation_ws/src/install/tlbot_navigation2:/home/huhu/Documents/GitHub/swarm_robot/simulation_ws/src/install/cartographer:${AMENT_PREFIX_PATH} CMAKE_PREFIX_PATH=/home/huhu/Documents/GitHub/swarm_robot/simulation_ws/src/install/tlbot_navigation2:/home/huhu/Documents/GitHub/swarm_robot/simulation_ws/src/install/cartographer:/home/huhu/ros2_ws/install/my_bot:/home/huhu/ros2_ws/install/ldlidar_stl_ros2:/opt/ros/foxy /usr/bin/cmake --build /home/huhu/Documents/GitHub/swarm_robot/simulation_ws/src/build/navigation -- -j6 -l6
[3.286s] DEBUG:colcon.colcon_core.event_handler.log_command:Invoking command in '/home/huhu/Documents/GitHub/swarm_robot/simulation_ws/src/build/navigation': AMENT_PREFIX_PATH=/home/huhu/Documents/GitHub/swarm_robot/simulation_ws/src/install/tlbot_navigation2:/home/huhu/Documents/GitHub/swarm_robot/simulation_ws/src/install/cartographer:${AMENT_PREFIX_PATH} CMAKE_PREFIX_PATH=/home/huhu/Documents/GitHub/swarm_robot/simulation_ws/src/install/tlbot_navigation2:/home/huhu/Documents/GitHub/swarm_robot/simulation_ws/src/install/cartographer:/home/huhu/ros2_ws/install/my_bot:/home/huhu/ros2_ws/install/ldlidar_stl_ros2:/opt/ros/foxy /usr/bin/cmake --install /home/huhu/Documents/GitHub/swarm_robot/simulation_ws/src/build/navigation
[3.818s] Level 1:colcon.colcon_core.environment:create_environment_scripts_only(navigation)
[3.819s] Level 1:colcon.colcon_core.environment:checking '/home/huhu/Documents/GitHub/swarm_robot/simulation_ws/src/install/navigation' for CMake module files
[3.821s] Level 1:colcon.colcon_core.environment:checking '/home/huhu/Documents/GitHub/swarm_robot/simulation_ws/src/install/navigation' for CMake config files
[3.822s] Level 1:colcon.colcon_core.shell:create_environment_hook('navigation', 'cmake_prefix_path')
[3.822s] INFO:colcon.colcon_core.shell:Creating environment hook '/home/huhu/Documents/GitHub/swarm_robot/simulation_ws/src/install/navigation/share/navigation/hook/cmake_prefix_path.ps1'
[3.823s] INFO:colcon.colcon_core.shell:Creating environment descriptor '/home/huhu/Documents/GitHub/swarm_robot/simulation_ws/src/install/navigation/share/navigation/hook/cmake_prefix_path.dsv'
[3.824s] INFO:colcon.colcon_core.shell:Creating environment hook '/home/huhu/Documents/GitHub/swarm_robot/simulation_ws/src/install/navigation/share/navigation/hook/cmake_prefix_path.sh'
[3.825s] Level 1:colcon.colcon_core.environment:checking '/home/huhu/Documents/GitHub/swarm_robot/simulation_ws/src/install/navigation/bin'
[3.825s] Level 1:colcon.colcon_core.environment:checking '/home/huhu/Documents/GitHub/swarm_robot/simulation_ws/src/install/navigation/lib/pkgconfig/navigation.pc'
[3.825s] Level 1:colcon.colcon_core.environment:checking '/home/huhu/Documents/GitHub/swarm_robot/simulation_ws/src/install/navigation/lib/python3.8/site-packages'
[3.826s] Level 1:colcon.colcon_core.environment:checking '/home/huhu/Documents/GitHub/swarm_robot/simulation_ws/src/install/navigation/bin'
[3.826s] INFO:colcon.colcon_core.shell:Creating package script '/home/huhu/Documents/GitHub/swarm_robot/simulation_ws/src/install/navigation/share/navigation/package.ps1'
[3.827s] INFO:colcon.colcon_core.shell:Creating package descriptor '/home/huhu/Documents/GitHub/swarm_robot/simulation_ws/src/install/navigation/share/navigation/package.dsv'
[3.828s] INFO:colcon.colcon_core.shell:Creating package script '/home/huhu/Documents/GitHub/swarm_robot/simulation_ws/src/install/navigation/share/navigation/package.sh'
[3.829s] INFO:colcon.colcon_core.shell:Creating package script '/home/huhu/Documents/GitHub/swarm_robot/simulation_ws/src/install/navigation/share/navigation/package.bash'
[3.829s] INFO:colcon.colcon_core.shell:Creating package script '/home/huhu/Documents/GitHub/swarm_robot/simulation_ws/src/install/navigation/share/navigation/package.zsh'
[3.830s] Level 1:colcon.colcon_core.environment:create_file_with_runtime_dependencies(/home/huhu/Documents/GitHub/swarm_robot/simulation_ws/src/install/navigation/share/colcon-core/packages/navigation)
[3.820s] DEBUG:colcon.colcon_core.event_handler.log_command:Invoked command in '/home/huhu/Documents/GitHub/swarm_robot/simulation_ws/src/build/navigation' returned '0': AMENT_PREFIX_PATH=/home/huhu/Documents/GitHub/swarm_robot/simulation_ws/src/install/tlbot_navigation2:/home/huhu/Documents/GitHub/swarm_robot/simulation_ws/src/install/cartographer:${AMENT_PREFIX_PATH} CMAKE_PREFIX_PATH=/home/huhu/Documents/GitHub/swarm_robot/simulation_ws/src/install/tlbot_navigation2:/home/huhu/Documents/GitHub/swarm_robot/simulation_ws/src/install/cartographer:/home/huhu/ros2_ws/install/my_bot:/home/huhu/ros2_ws/install/ldlidar_stl_ros2:/opt/ros/foxy /usr/bin/cmake --install /home/huhu/Documents/GitHub/swarm_robot/simulation_ws/src/build/navigation
[3.887s] Level 1:colcon.colcon_core.environment:create_environment_scripts_only(navigation)
[3.888s] Level 1:colcon.colcon_core.environment:checking '/home/huhu/Documents/GitHub/swarm_robot/simulation_ws/src/install/navigation' for CMake module files
[3.889s] Level 1:colcon.colcon_core.environment:checking '/home/huhu/Documents/GitHub/swarm_robot/simulation_ws/src/install/navigation' for CMake config files
[3.890s] Level 1:colcon.colcon_core.shell:create_environment_hook('navigation', 'cmake_prefix_path')
[3.891s] INFO:colcon.colcon_core.shell:Creating environment hook '/home/huhu/Documents/GitHub/swarm_robot/simulation_ws/src/install/navigation/share/navigation/hook/cmake_prefix_path.ps1'
[3.892s] INFO:colcon.colcon_core.shell:Creating environment descriptor '/home/huhu/Documents/GitHub/swarm_robot/simulation_ws/src/install/navigation/share/navigation/hook/cmake_prefix_path.dsv'
[3.894s] INFO:colcon.colcon_core.shell:Creating environment hook '/home/huhu/Documents/GitHub/swarm_robot/simulation_ws/src/install/navigation/share/navigation/hook/cmake_prefix_path.sh'
[3.895s] Level 1:colcon.colcon_core.environment:checking '/home/huhu/Documents/GitHub/swarm_robot/simulation_ws/src/install/navigation/bin'
[3.896s] Level 1:colcon.colcon_core.environment:checking '/home/huhu/Documents/GitHub/swarm_robot/simulation_ws/src/install/navigation/lib/pkgconfig/navigation.pc'
[3.896s] Level 1:colcon.colcon_core.environment:checking '/home/huhu/Documents/GitHub/swarm_robot/simulation_ws/src/install/navigation/lib/python3.8/site-packages'
[3.897s] Level 1:colcon.colcon_core.environment:checking '/home/huhu/Documents/GitHub/swarm_robot/simulation_ws/src/install/navigation/bin'
[3.897s] INFO:colcon.colcon_core.shell:Creating package script '/home/huhu/Documents/GitHub/swarm_robot/simulation_ws/src/install/navigation/share/navigation/package.ps1'
[3.898s] INFO:colcon.colcon_core.shell:Creating package descriptor '/home/huhu/Documents/GitHub/swarm_robot/simulation_ws/src/install/navigation/share/navigation/package.dsv'
[3.899s] INFO:colcon.colcon_core.shell:Creating package script '/home/huhu/Documents/GitHub/swarm_robot/simulation_ws/src/install/navigation/share/navigation/package.sh'
[3.900s] INFO:colcon.colcon_core.shell:Creating package script '/home/huhu/Documents/GitHub/swarm_robot/simulation_ws/src/install/navigation/share/navigation/package.bash'
[3.901s] INFO:colcon.colcon_core.shell:Creating package script '/home/huhu/Documents/GitHub/swarm_robot/simulation_ws/src/install/navigation/share/navigation/package.zsh'
[3.904s] Level 1:colcon.colcon_core.environment:create_file_with_runtime_dependencies(/home/huhu/Documents/GitHub/swarm_robot/simulation_ws/src/install/navigation/share/colcon-core/packages/navigation)
[3.904s] DEBUG:colcon.colcon_parallel_executor.executor.parallel:closing loop
[3.904s] DEBUG:colcon.colcon_parallel_executor.executor.parallel:loop closed
[3.905s] DEBUG:colcon.colcon_parallel_executor.executor.parallel:run_until_complete finished with '0'
[3.905s] DEBUG:colcon.colcon_core.event_reactor:joining thread
[3.922s] INFO:colcon.colcon_core.plugin_system:Skipping extension 'colcon_notification.desktop_notification.terminal_notifier': Not used on non-Darwin systems
[3.922s] INFO:colcon.colcon_core.plugin_system:Skipping extension 'colcon_notification.desktop_notification.win32': Not used on non-Windows systems
[3.922s] INFO:colcon.colcon_notification.desktop_notification:Sending desktop notification using 'notify2'
[3.971s] DEBUG:colcon.colcon_core.event_reactor:joined thread
[3.972s] INFO:colcon.colcon_core.shell:Creating prefix script '/home/huhu/Documents/GitHub/swarm_robot/simulation_ws/src/install/local_setup.ps1'
[3.975s] INFO:colcon.colcon_core.shell:Creating prefix util module '/home/huhu/Documents/GitHub/swarm_robot/simulation_ws/src/install/_local_setup_util_ps1.py'
[3.978s] INFO:colcon.colcon_core.shell:Creating prefix chain script '/home/huhu/Documents/GitHub/swarm_robot/simulation_ws/src/install/setup.ps1'
[3.984s] INFO:colcon.colcon_core.shell:Creating prefix script '/home/huhu/Documents/GitHub/swarm_robot/simulation_ws/src/install/local_setup.sh'
[3.986s] INFO:colcon.colcon_core.shell:Creating prefix util module '/home/huhu/Documents/GitHub/swarm_robot/simulation_ws/src/install/_local_setup_util_sh.py'
[3.987s] INFO:colcon.colcon_core.shell:Creating prefix chain script '/home/huhu/Documents/GitHub/swarm_robot/simulation_ws/src/install/setup.sh'
[3.990s] INFO:colcon.colcon_core.shell:Creating prefix script '/home/huhu/Documents/GitHub/swarm_robot/simulation_ws/src/install/local_setup.bash'
[3.991s] INFO:colcon.colcon_core.shell:Creating prefix chain script '/home/huhu/Documents/GitHub/swarm_robot/simulation_ws/src/install/setup.bash'
[3.995s] INFO:colcon.colcon_core.shell:Creating prefix script '/home/huhu/Documents/GitHub/swarm_robot/simulation_ws/src/install/local_setup.zsh'
[3.996s] INFO:colcon.colcon_core.shell:Creating prefix chain script '/home/huhu/Documents/GitHub/swarm_robot/simulation_ws/src/install/setup.zsh'
