[0.072s] Invoking command in '/home/huhu/Documents/GitHub/swarm_robot/simulation_ws/src/build/cartographer': CMAKE_PREFIX_PATH=${CMAKE_PREFIX_PATH}:/opt/ros/foxy /usr/bin/cmake --build /home/huhu/Documents/GitHub/swarm_robot/simulation_ws/src/build/cartographer -- -j6 -l6
[0.188s] Invoked command in '/home/huhu/Documents/GitHub/swarm_robot/simulation_ws/src/build/cartographer' returned '0': CMAKE_PREFIX_PATH=${CMAKE_PREFIX_PATH}:/opt/ros/foxy /usr/bin/cmake --build /home/huhu/Documents/GitHub/swarm_robot/simulation_ws/src/build/cartographer -- -j6 -l6
[0.324s] Invoking command in '/home/huhu/Documents/GitHub/swarm_robot/simulation_ws/src/build/cartographer': CMAKE_PREFIX_PATH=${CMAKE_PREFIX_PATH}:/opt/ros/foxy /usr/bin/cmake --install /home/huhu/Documents/GitHub/swarm_robot/simulation_ws/src/build/cartographer
[0.350s] -- Install configuration: ""
[0.353s] -- Execute custom install script
[0.355s] -- Up-to-date symlink: /home/huhu/Documents/GitHub/swarm_robot/simulation_ws/src/install/cartographer/share/cartographer/config/cartographer_config.lua
[0.357s] -- Up-to-date symlink: /home/huhu/Documents/GitHub/swarm_robot/simulation_ws/src/install/cartographer/share/cartographer/launch/cartographer_launch.py
[0.358s] -- Up-to-date symlink: /home/huhu/Documents/GitHub/swarm_robot/simulation_ws/src/install/cartographer/share/cartographer/launch/occupancy_grid.launch.py
[0.359s] -- Up-to-date symlink: /home/huhu/Documents/GitHub/swarm_robot/simulation_ws/src/install/cartographer/share/cartographer/rviz/cartographer.rviz
[0.360s] -- Up-to-date symlink: /home/huhu/Documents/GitHub/swarm_robot/simulation_ws/src/install/cartographer/share/ament_index/resource_index/package_run_dependencies/cartographer
[0.362s] -- Up-to-date symlink: /home/huhu/Documents/GitHub/swarm_robot/simulation_ws/src/install/cartographer/share/ament_index/resource_index/parent_prefix_path/cartographer
[0.363s] -- Up-to-date symlink: /home/huhu/Documents/GitHub/swarm_robot/simulation_ws/src/install/cartographer/share/cartographer/environment/ament_prefix_path.sh
[0.363s] -- Up-to-date symlink: /home/huhu/Documents/GitHub/swarm_robot/simulation_ws/src/install/cartographer/share/cartographer/environment/ament_prefix_path.dsv
[0.363s] -- Up-to-date symlink: /home/huhu/Documents/GitHub/swarm_robot/simulation_ws/src/install/cartographer/share/cartographer/environment/path.sh
[0.364s] -- Up-to-date symlink: /home/huhu/Documents/GitHub/swarm_robot/simulation_ws/src/install/cartographer/share/cartographer/environment/path.dsv
[0.364s] -- Up-to-date symlink: /home/huhu/Documents/GitHub/swarm_robot/simulation_ws/src/install/cartographer/share/cartographer/local_setup.bash
[0.364s] -- Up-to-date symlink: /home/huhu/Documents/GitHub/swarm_robot/simulation_ws/src/install/cartographer/share/cartographer/local_setup.sh
[0.364s] -- Up-to-date symlink: /home/huhu/Documents/GitHub/swarm_robot/simulation_ws/src/install/cartographer/share/cartographer/local_setup.zsh
[0.364s] -- Up-to-date symlink: /home/huhu/Documents/GitHub/swarm_robot/simulation_ws/src/install/cartographer/share/cartographer/local_setup.dsv
[0.364s] -- Symlinking: /home/huhu/Documents/GitHub/swarm_robot/simulation_ws/src/install/cartographer/share/cartographer/package.dsv
[0.374s] -- Up-to-date symlink: /home/huhu/Documents/GitHub/swarm_robot/simulation_ws/src/install/cartographer/share/ament_index/resource_index/packages/cartographer
[0.374s] -- Up-to-date symlink: /home/huhu/Documents/GitHub/swarm_robot/simulation_ws/src/install/cartographer/share/cartographer/cmake/cartographerConfig.cmake
[0.375s] -- Up-to-date symlink: /home/huhu/Documents/GitHub/swarm_robot/simulation_ws/src/install/cartographer/share/cartographer/cmake/cartographerConfig-version.cmake
[0.375s] -- Up-to-date symlink: /home/huhu/Documents/GitHub/swarm_robot/simulation_ws/src/install/cartographer/share/cartographer/package.xml
[0.398s] Invoked command in '/home/huhu/Documents/GitHub/swarm_robot/simulation_ws/src/build/cartographer' returned '0': CMAKE_PREFIX_PATH=${CMAKE_PREFIX_PATH}:/opt/ros/foxy /usr/bin/cmake --install /home/huhu/Documents/GitHub/swarm_robot/simulation_ws/src/build/cartographer
