[0.795s] Invoking command in '/home/irs/swarm_robot/algorithm/build/communication_msgs': CMAKE_PREFIX_PATH=${CMAKE_PREFIX_PATH}:/home/irs/har_capstone/socin_robot_ws/install/fusing_people:/opt/ros/foxy /usr/bin/cmake /home/irs/swarm_robot/algorithm/src/communication_msgs -DCMAKE_INSTALL_PREFIX=/home/irs/swarm_robot/algorithm/install/communication_msgs
[1.262s] -- The C compiler identification is GNU 9.4.0
[1.636s] -- The CXX compiler identification is GNU 9.4.0
[1.657s] -- Check for working C compiler: /usr/bin/cc
[1.753s] -- Check for working C compiler: /usr/bin/cc -- works
[1.753s] -- Detecting C compiler ABI info
[1.844s] -- Detecting C compiler ABI info - done
[1.856s] -- Detecting C compile features
[1.857s] -- Detecting C compile features - done
[1.862s] -- Check for working CXX compiler: /usr/bin/c++
[1.969s] -- Check for working CXX compiler: /usr/bin/c++ -- works
[1.971s] -- Detecting CXX compiler ABI info
[2.095s] -- Detecting CXX compiler ABI info - done
[2.105s] -- Detecting CXX compile features
[2.105s] -- Detecting CXX compile features - done
[2.129s] -- Found ament_cmake: 0.9.12 (/opt/ros/foxy/share/ament_cmake/cmake)
[2.190s] -- Found PythonInterp: /usr/bin/python3 (found suitable version "3.8.10", minimum required is "3") 
[2.190s] -- Using PYTHON_EXECUTABLE: /usr/bin/python3
[2.634s] -- Found ament_lint_auto: 0.9.8 (/opt/ros/foxy/share/ament_lint_auto/cmake)
[2.801s] -- Added test 'copyright' to check source files copyright and LICENSE
[2.805s] -- Added test 'lint_cmake' to check CMake code style
[2.808s] -- Added test 'xmllint' to check XML markup files
[2.813s] -- Configuring done
[2.816s] -- Generating done
[2.817s] -- Build files have been written to: /home/irs/swarm_robot/algorithm/build/communication_msgs
[2.821s] Invoked command in '/home/irs/swarm_robot/algorithm/build/communication_msgs' returned '0': CMAKE_PREFIX_PATH=${CMAKE_PREFIX_PATH}:/home/irs/har_capstone/socin_robot_ws/install/fusing_people:/opt/ros/foxy /usr/bin/cmake /home/irs/swarm_robot/algorithm/src/communication_msgs -DCMAKE_INSTALL_PREFIX=/home/irs/swarm_robot/algorithm/install/communication_msgs
[2.825s] Invoking command in '/home/irs/swarm_robot/algorithm/build/communication_msgs': CMAKE_PREFIX_PATH=${CMAKE_PREFIX_PATH}:/home/irs/har_capstone/socin_robot_ws/install/fusing_people:/opt/ros/foxy /usr/bin/cmake --build /home/irs/swarm_robot/algorithm/build/communication_msgs -- -j8 -l8
[2.873s] Invoked command in '/home/irs/swarm_robot/algorithm/build/communication_msgs' returned '0': CMAKE_PREFIX_PATH=${CMAKE_PREFIX_PATH}:/home/irs/har_capstone/socin_robot_ws/install/fusing_people:/opt/ros/foxy /usr/bin/cmake --build /home/irs/swarm_robot/algorithm/build/communication_msgs -- -j8 -l8
[2.928s] Invoking command in '/home/irs/swarm_robot/algorithm/build/communication_msgs': CMAKE_PREFIX_PATH=${CMAKE_PREFIX_PATH}:/home/irs/har_capstone/socin_robot_ws/install/fusing_people:/opt/ros/foxy /usr/bin/cmake --install /home/irs/swarm_robot/algorithm/build/communication_msgs
[2.938s] -- Install configuration: ""
[2.939s] -- Installing: /home/irs/swarm_robot/algorithm/install/communication_msgs/share/ament_index/resource_index/package_run_dependencies/communication_msgs
[2.939s] -- Installing: /home/irs/swarm_robot/algorithm/install/communication_msgs/share/ament_index/resource_index/parent_prefix_path/communication_msgs
[2.940s] -- Installing: /home/irs/swarm_robot/algorithm/install/communication_msgs/share/communication_msgs/environment/ament_prefix_path.sh
[2.940s] -- Installing: /home/irs/swarm_robot/algorithm/install/communication_msgs/share/communication_msgs/environment/ament_prefix_path.dsv
[2.940s] -- Installing: /home/irs/swarm_robot/algorithm/install/communication_msgs/share/communication_msgs/environment/path.sh
[2.940s] -- Installing: /home/irs/swarm_robot/algorithm/install/communication_msgs/share/communication_msgs/environment/path.dsv
[2.941s] -- Installing: /home/irs/swarm_robot/algorithm/install/communication_msgs/share/communication_msgs/local_setup.bash
[2.942s] -- Installing: /home/irs/swarm_robot/algorithm/install/communication_msgs/share/communication_msgs/local_setup.sh
[2.942s] -- Installing: /home/irs/swarm_robot/algorithm/install/communication_msgs/share/communication_msgs/local_setup.zsh
[2.942s] -- Installing: /home/irs/swarm_robot/algorithm/install/communication_msgs/share/communication_msgs/local_setup.dsv
[2.942s] -- Installing: /home/irs/swarm_robot/algorithm/install/communication_msgs/share/communication_msgs/package.dsv
[2.942s] -- Installing: /home/irs/swarm_robot/algorithm/install/communication_msgs/share/ament_index/resource_index/packages/communication_msgs
[2.942s] -- Installing: /home/irs/swarm_robot/algorithm/install/communication_msgs/share/communication_msgs/cmake/communication_msgsConfig.cmake
[2.942s] -- Installing: /home/irs/swarm_robot/algorithm/install/communication_msgs/share/communication_msgs/cmake/communication_msgsConfig-version.cmake
[2.942s] -- Installing: /home/irs/swarm_robot/algorithm/install/communication_msgs/share/communication_msgs/package.xml
[2.946s] Invoked command in '/home/irs/swarm_robot/algorithm/build/communication_msgs' returned '0': CMAKE_PREFIX_PATH=${CMAKE_PREFIX_PATH}:/home/irs/har_capstone/socin_robot_ws/install/fusing_people:/opt/ros/foxy /usr/bin/cmake --install /home/irs/swarm_robot/algorithm/build/communication_msgs
