[0.086s] DEBUG:colcon:Command line arguments: ['/usr/bin/colcon', 'build', '--symlink-install']
[0.086s] DEBUG:colcon:Parsed command line arguments: Namespace(log_base=None, log_level=None, verb_name='build', build_base='build', install_base='install', merge_install=False, symlink_install=True, test_result_base=None, continue_on_error=False, executor='parallel', parallel_workers=6, event_handlers=None, ignore_user_meta=False, metas=['./colcon.meta'], base_paths=['.'], packages_ignore=None, packages_ignore_regex=None, paths=None, packages_up_to=None, packages_up_to_regex=None, packages_above=None, packages_above_and_dependencies=None, packages_above_depth=None, packages_select_by_dep=None, packages_skip_by_dep=None, packages_skip_up_to=None, packages_select_build_failed=False, packages_skip_build_finished=False, packages_select_test_failures=False, packages_skip_test_passed=False, packages_select=None, packages_skip=None, packages_select_regex=None, packages_skip_regex=None, packages_start=None, packages_end=None, allow_overriding=[], cmake_args=None, cmake_target=None, cmake_target_skip_unavailable=False, cmake_clean_cache=False, cmake_clean_first=False, cmake_force_configure=False, ament_cmake_args=None, catkin_cmake_args=None, catkin_skip_building_tests=False, mixin_files=None, mixin=None, verb_parser=<colcon_mixin.mixin.mixin_argument.MixinArgumentDecorator object at 0x7447372d95d0>, verb_extension=<colcon_core.verb.build.BuildVerb object at 0x7447372d8fd0>, main=<bound method BuildVerb.main of <colcon_core.verb.build.BuildVerb object at 0x7447372d8fd0>>, mixin_verb=('build',))
[0.217s] Level 1:colcon.colcon_core.package_discovery:discover_packages(colcon_meta) check parameters
[0.217s] Level 1:colcon.colcon_core.package_discovery:discover_packages(recursive) check parameters
[0.217s] Level 1:colcon.colcon_core.package_discovery:discover_packages(ignore) check parameters
[0.217s] Level 1:colcon.colcon_core.package_discovery:discover_packages(path) check parameters
[0.217s] Level 1:colcon.colcon_core.package_discovery:discover_packages(colcon_meta) discover
[0.217s] Level 1:colcon.colcon_core.package_discovery:discover_packages(recursive) discover
[0.217s] INFO:colcon.colcon_core.package_discovery:Crawling recursively for packages in '/home/hehe/Documents/GitHub/swarm_robot/slave_ws'
[0.217s] Level 1:colcon.colcon_core.package_identification:_identify(.) by extensions ['ignore', 'ignore_ament_install']
[0.217s] Level 1:colcon.colcon_core.package_identification:_identify(.) by extension 'ignore'
[0.217s] Level 1:colcon.colcon_core.package_identification:_identify(.) by extension 'ignore_ament_install'
[0.217s] Level 1:colcon.colcon_core.package_identification:_identify(.) by extensions ['colcon_pkg']
[0.218s] Level 1:colcon.colcon_core.package_identification:_identify(.) by extension 'colcon_pkg'
[0.218s] Level 1:colcon.colcon_core.package_identification:_identify(.) by extensions ['colcon_meta']
[0.218s] Level 1:colcon.colcon_core.package_identification:_identify(.) by extension 'colcon_meta'
[0.218s] Level 1:colcon.colcon_core.package_identification:_identify(.) by extensions ['ros']
[0.218s] Level 1:colcon.colcon_core.package_identification:_identify(.) by extension 'ros'
[0.226s] Level 1:colcon.colcon_core.package_identification:_identify(.) by extensions ['cmake', 'python']
[0.226s] Level 1:colcon.colcon_core.package_identification:_identify(.) by extension 'cmake'
[0.226s] Level 1:colcon.colcon_core.package_identification:_identify(.) by extension 'python'
[0.226s] Level 1:colcon.colcon_core.package_identification:_identify(.) by extensions ['python_setup_py']
[0.226s] Level 1:colcon.colcon_core.package_identification:_identify(.) by extension 'python_setup_py'
[0.226s] Level 1:colcon.colcon_core.package_identification:_identify(build) by extensions ['ignore', 'ignore_ament_install']
[0.227s] Level 1:colcon.colcon_core.package_identification:_identify(build) by extension 'ignore'
[0.227s] Level 1:colcon.colcon_core.package_identification:_identify(build) ignored
[0.227s] Level 1:colcon.colcon_core.package_identification:_identify(install) by extensions ['ignore', 'ignore_ament_install']
[0.227s] Level 1:colcon.colcon_core.package_identification:_identify(install) by extension 'ignore'
[0.227s] Level 1:colcon.colcon_core.package_identification:_identify(install) ignored
[0.227s] Level 1:colcon.colcon_core.package_identification:_identify(log) by extensions ['ignore', 'ignore_ament_install']
[0.227s] Level 1:colcon.colcon_core.package_identification:_identify(log) by extension 'ignore'
[0.227s] Level 1:colcon.colcon_core.package_identification:_identify(log) ignored
[0.227s] Level 1:colcon.colcon_core.package_identification:_identify(src) by extensions ['ignore', 'ignore_ament_install']
[0.227s] Level 1:colcon.colcon_core.package_identification:_identify(src) by extension 'ignore'
[0.227s] Level 1:colcon.colcon_core.package_identification:_identify(src) by extension 'ignore_ament_install'
[0.227s] Level 1:colcon.colcon_core.package_identification:_identify(src) by extensions ['colcon_pkg']
[0.227s] Level 1:colcon.colcon_core.package_identification:_identify(src) by extension 'colcon_pkg'
[0.227s] Level 1:colcon.colcon_core.package_identification:_identify(src) by extensions ['colcon_meta']
[0.227s] Level 1:colcon.colcon_core.package_identification:_identify(src) by extension 'colcon_meta'
[0.227s] Level 1:colcon.colcon_core.package_identification:_identify(src) by extensions ['ros']
[0.227s] Level 1:colcon.colcon_core.package_identification:_identify(src) by extension 'ros'
[0.227s] Level 1:colcon.colcon_core.package_identification:_identify(src) by extensions ['cmake', 'python']
[0.227s] Level 1:colcon.colcon_core.package_identification:_identify(src) by extension 'cmake'
[0.227s] Level 1:colcon.colcon_core.package_identification:_identify(src) by extension 'python'
[0.227s] Level 1:colcon.colcon_core.package_identification:_identify(src) by extensions ['python_setup_py']
[0.227s] Level 1:colcon.colcon_core.package_identification:_identify(src) by extension 'python_setup_py'
[0.227s] Level 1:colcon.colcon_core.package_identification:_identify(src/cartographer) by extensions ['ignore', 'ignore_ament_install']
[0.228s] Level 1:colcon.colcon_core.package_identification:_identify(src/cartographer) by extension 'ignore'
[0.228s] Level 1:colcon.colcon_core.package_identification:_identify(src/cartographer) by extension 'ignore_ament_install'
[0.228s] Level 1:colcon.colcon_core.package_identification:_identify(src/cartographer) by extensions ['colcon_pkg']
[0.228s] Level 1:colcon.colcon_core.package_identification:_identify(src/cartographer) by extension 'colcon_pkg'
[0.228s] Level 1:colcon.colcon_core.package_identification:_identify(src/cartographer) by extensions ['colcon_meta']
[0.228s] Level 1:colcon.colcon_core.package_identification:_identify(src/cartographer) by extension 'colcon_meta'
[0.228s] Level 1:colcon.colcon_core.package_identification:_identify(src/cartographer) by extensions ['ros']
[0.228s] Level 1:colcon.colcon_core.package_identification:_identify(src/cartographer) by extension 'ros'
[0.230s] DEBUG:colcon.colcon_core.package_identification:Package 'src/cartographer' with type 'ros.ament_cmake' and name 'cartographer'
[0.230s] Level 1:colcon.colcon_core.package_identification:_identify(src/rplidar_ros) by extensions ['ignore', 'ignore_ament_install']
[0.230s] Level 1:colcon.colcon_core.package_identification:_identify(src/rplidar_ros) by extension 'ignore'
[0.230s] Level 1:colcon.colcon_core.package_identification:_identify(src/rplidar_ros) by extension 'ignore_ament_install'
[0.230s] Level 1:colcon.colcon_core.package_identification:_identify(src/rplidar_ros) by extensions ['colcon_pkg']
[0.230s] Level 1:colcon.colcon_core.package_identification:_identify(src/rplidar_ros) by extension 'colcon_pkg'
[0.230s] Level 1:colcon.colcon_core.package_identification:_identify(src/rplidar_ros) by extensions ['colcon_meta']
[0.230s] Level 1:colcon.colcon_core.package_identification:_identify(src/rplidar_ros) by extension 'colcon_meta'
[0.230s] Level 1:colcon.colcon_core.package_identification:_identify(src/rplidar_ros) by extensions ['ros']
[0.230s] Level 1:colcon.colcon_core.package_identification:_identify(src/rplidar_ros) by extension 'ros'
[0.231s] DEBUG:colcon.colcon_core.package_identification:Package 'src/rplidar_ros' with type 'ros.ament_cmake' and name 'rplidar_ros'
[0.231s] Level 1:colcon.colcon_core.package_discovery:discover_packages(recursive) using defaults
[0.231s] Level 1:colcon.colcon_core.package_discovery:discover_packages(ignore) discover
[0.231s] Level 1:colcon.colcon_core.package_discovery:discover_packages(ignore) using defaults
[0.231s] Level 1:colcon.colcon_core.package_discovery:discover_packages(path) discover
[0.231s] Level 1:colcon.colcon_core.package_discovery:discover_packages(path) using defaults
[0.259s] Level 1:colcon.colcon_core.package_discovery:discover_packages(prefix_path) check parameters
[0.259s] Level 1:colcon.colcon_core.package_discovery:discover_packages(prefix_path) discover
[0.261s] DEBUG:colcon.colcon_installed_package_information.package_discovery:Found 322 installed packages in /opt/ros/humble
[0.263s] Level 1:colcon.colcon_core.package_discovery:discover_packages(prefix_path) using defaults
[0.296s] Level 5:colcon.colcon_core.verb:set package 'cartographer' build argument 'cmake_args' from command line to 'None'
[0.296s] Level 5:colcon.colcon_core.verb:set package 'cartographer' build argument 'cmake_target' from command line to 'None'
[0.296s] Level 5:colcon.colcon_core.verb:set package 'cartographer' build argument 'cmake_target_skip_unavailable' from command line to 'False'
[0.296s] Level 5:colcon.colcon_core.verb:set package 'cartographer' build argument 'cmake_clean_cache' from command line to 'False'
[0.296s] Level 5:colcon.colcon_core.verb:set package 'cartographer' build argument 'cmake_clean_first' from command line to 'False'
[0.296s] Level 5:colcon.colcon_core.verb:set package 'cartographer' build argument 'cmake_force_configure' from command line to 'False'
[0.296s] Level 5:colcon.colcon_core.verb:set package 'cartographer' build argument 'ament_cmake_args' from command line to 'None'
[0.296s] Level 5:colcon.colcon_core.verb:set package 'cartographer' build argument 'catkin_cmake_args' from command line to 'None'
[0.296s] Level 5:colcon.colcon_core.verb:set package 'cartographer' build argument 'catkin_skip_building_tests' from command line to 'False'
[0.296s] DEBUG:colcon.colcon_core.verb:Building package 'cartographer' with the following arguments: {'ament_cmake_args': None, 'build_base': '/home/hehe/Documents/GitHub/swarm_robot/slave_ws/build/cartographer', 'catkin_cmake_args': None, 'catkin_skip_building_tests': False, 'cmake_args': None, 'cmake_clean_cache': False, 'cmake_clean_first': False, 'cmake_force_configure': False, 'cmake_target': None, 'cmake_target_skip_unavailable': False, 'install_base': '/home/hehe/Documents/GitHub/swarm_robot/slave_ws/install/cartographer', 'merge_install': False, 'path': '/home/hehe/Documents/GitHub/swarm_robot/slave_ws/src/cartographer', 'symlink_install': True, 'test_result_base': None}
[0.296s] Level 5:colcon.colcon_core.verb:set package 'rplidar_ros' build argument 'cmake_args' from command line to 'None'
[0.296s] Level 5:colcon.colcon_core.verb:set package 'rplidar_ros' build argument 'cmake_target' from command line to 'None'
[0.296s] Level 5:colcon.colcon_core.verb:set package 'rplidar_ros' build argument 'cmake_target_skip_unavailable' from command line to 'False'
[0.296s] Level 5:colcon.colcon_core.verb:set package 'rplidar_ros' build argument 'cmake_clean_cache' from command line to 'False'
[0.296s] Level 5:colcon.colcon_core.verb:set package 'rplidar_ros' build argument 'cmake_clean_first' from command line to 'False'
[0.296s] Level 5:colcon.colcon_core.verb:set package 'rplidar_ros' build argument 'cmake_force_configure' from command line to 'False'
[0.296s] Level 5:colcon.colcon_core.verb:set package 'rplidar_ros' build argument 'ament_cmake_args' from command line to 'None'
[0.296s] Level 5:colcon.colcon_core.verb:set package 'rplidar_ros' build argument 'catkin_cmake_args' from command line to 'None'
[0.296s] Level 5:colcon.colcon_core.verb:set package 'rplidar_ros' build argument 'catkin_skip_building_tests' from command line to 'False'
[0.296s] DEBUG:colcon.colcon_core.verb:Building package 'rplidar_ros' with the following arguments: {'ament_cmake_args': None, 'build_base': '/home/hehe/Documents/GitHub/swarm_robot/slave_ws/build/rplidar_ros', 'catkin_cmake_args': None, 'catkin_skip_building_tests': False, 'cmake_args': None, 'cmake_clean_cache': False, 'cmake_clean_first': False, 'cmake_force_configure': False, 'cmake_target': None, 'cmake_target_skip_unavailable': False, 'install_base': '/home/hehe/Documents/GitHub/swarm_robot/slave_ws/install/rplidar_ros', 'merge_install': False, 'path': '/home/hehe/Documents/GitHub/swarm_robot/slave_ws/src/rplidar_ros', 'symlink_install': True, 'test_result_base': None}
[0.296s] INFO:colcon.colcon_core.executor:Executing jobs using 'parallel' executor
[0.297s] DEBUG:colcon.colcon_parallel_executor.executor.parallel:run_until_complete
[0.298s] INFO:colcon.colcon_ros.task.ament_cmake.build:Building ROS package in '/home/hehe/Documents/GitHub/swarm_robot/slave_ws/src/cartographer' with build type 'ament_cmake'
[0.298s] INFO:colcon.colcon_cmake.task.cmake.build:Building CMake package in '/home/hehe/Documents/GitHub/swarm_robot/slave_ws/src/cartographer'
[0.300s] INFO:colcon.colcon_core.plugin_system:Skipping extension 'colcon_core.shell.bat': Not used on non-Windows systems
[0.300s] INFO:colcon.colcon_core.shell:Skip shell extension 'powershell' for command environment: Not usable outside of PowerShell
[0.300s] DEBUG:colcon.colcon_core.shell:Skip shell extension 'dsv' for command environment
[0.302s] INFO:colcon.colcon_ros.task.ament_cmake.build:Building ROS package in '/home/hehe/Documents/GitHub/swarm_robot/slave_ws/src/rplidar_ros' with build type 'ament_cmake'
[0.303s] INFO:colcon.colcon_cmake.task.cmake.build:Building CMake package in '/home/hehe/Documents/GitHub/swarm_robot/slave_ws/src/rplidar_ros'
[0.303s] INFO:colcon.colcon_core.shell:Skip shell extension 'powershell' for command environment: Not usable outside of PowerShell
[0.303s] DEBUG:colcon.colcon_core.shell:Skip shell extension 'dsv' for command environment
[0.310s] DEBUG:colcon.colcon_core.event_handler.log_command:Invoking command in '/home/hehe/Documents/GitHub/swarm_robot/slave_ws/build/cartographer': CMAKE_PREFIX_PATH=/opt/ros/humble /usr/bin/cmake /home/hehe/Documents/GitHub/swarm_robot/slave_ws/src/cartographer -DAMENT_CMAKE_SYMLINK_INSTALL=1 -DCMAKE_INSTALL_PREFIX=/home/hehe/Documents/GitHub/swarm_robot/slave_ws/install/cartographer
[0.314s] DEBUG:colcon.colcon_core.event_handler.log_command:Invoking command in '/home/hehe/Documents/GitHub/swarm_robot/slave_ws/build/rplidar_ros': CMAKE_PREFIX_PATH=/opt/ros/humble /usr/bin/cmake /home/hehe/Documents/GitHub/swarm_robot/slave_ws/src/rplidar_ros -DAMENT_CMAKE_SYMLINK_INSTALL=1 -DCMAKE_INSTALL_PREFIX=/home/hehe/Documents/GitHub/swarm_robot/slave_ws/install/rplidar_ros
[0.913s] DEBUG:colcon.colcon_core.event_handler.log_command:Invoked command in '/home/hehe/Documents/GitHub/swarm_robot/slave_ws/build/cartographer' returned '0': CMAKE_PREFIX_PATH=/opt/ros/humble /usr/bin/cmake /home/hehe/Documents/GitHub/swarm_robot/slave_ws/src/cartographer -DAMENT_CMAKE_SYMLINK_INSTALL=1 -DCMAKE_INSTALL_PREFIX=/home/hehe/Documents/GitHub/swarm_robot/slave_ws/install/cartographer
[0.917s] DEBUG:colcon.colcon_core.event_handler.log_command:Invoking command in '/home/hehe/Documents/GitHub/swarm_robot/slave_ws/build/cartographer': CMAKE_PREFIX_PATH=/opt/ros/humble /usr/bin/cmake --build /home/hehe/Documents/GitHub/swarm_robot/slave_ws/build/cartographer -- -j6 -l6
[0.949s] DEBUG:colcon.colcon_core.event_handler.log_command:Invoked command in '/home/hehe/Documents/GitHub/swarm_robot/slave_ws/build/cartographer' returned '0': CMAKE_PREFIX_PATH=/opt/ros/humble /usr/bin/cmake --build /home/hehe/Documents/GitHub/swarm_robot/slave_ws/build/cartographer -- -j6 -l6
[0.958s] DEBUG:colcon.colcon_core.event_handler.log_command:Invoking command in '/home/hehe/Documents/GitHub/swarm_robot/slave_ws/build/cartographer': CMAKE_PREFIX_PATH=/opt/ros/humble /usr/bin/cmake --install /home/hehe/Documents/GitHub/swarm_robot/slave_ws/build/cartographer
[1.117s] Level 1:colcon.colcon_core.environment:create_environment_scripts_only(cartographer)
[1.117s] DEBUG:colcon.colcon_core.event_handler.log_command:Invoked command in '/home/hehe/Documents/GitHub/swarm_robot/slave_ws/build/cartographer' returned '0': CMAKE_PREFIX_PATH=/opt/ros/humble /usr/bin/cmake --install /home/hehe/Documents/GitHub/swarm_robot/slave_ws/build/cartographer
[1.119s] Level 1:colcon.colcon_core.environment:checking '/home/hehe/Documents/GitHub/swarm_robot/slave_ws/install/cartographer' for CMake module files
[1.120s] Level 1:colcon.colcon_core.environment:checking '/home/hehe/Documents/GitHub/swarm_robot/slave_ws/install/cartographer' for CMake config files
[1.120s] Level 1:colcon.colcon_core.shell:create_environment_hook('cartographer', 'cmake_prefix_path')
[1.120s] INFO:colcon.colcon_core.shell:Creating environment hook '/home/hehe/Documents/GitHub/swarm_robot/slave_ws/install/cartographer/share/cartographer/hook/cmake_prefix_path.ps1'
[1.120s] INFO:colcon.colcon_core.shell:Creating environment descriptor '/home/hehe/Documents/GitHub/swarm_robot/slave_ws/install/cartographer/share/cartographer/hook/cmake_prefix_path.dsv'
[1.121s] INFO:colcon.colcon_core.shell:Creating environment hook '/home/hehe/Documents/GitHub/swarm_robot/slave_ws/install/cartographer/share/cartographer/hook/cmake_prefix_path.sh'
[1.121s] Level 1:colcon.colcon_core.environment:checking '/home/hehe/Documents/GitHub/swarm_robot/slave_ws/install/cartographer/bin'
[1.121s] Level 1:colcon.colcon_core.environment:checking '/home/hehe/Documents/GitHub/swarm_robot/slave_ws/install/cartographer/lib/pkgconfig/cartographer.pc'
[1.122s] Level 1:colcon.colcon_core.environment:checking '/home/hehe/Documents/GitHub/swarm_robot/slave_ws/install/cartographer/lib/python3.10/site-packages'
[1.122s] Level 1:colcon.colcon_core.environment:checking '/home/hehe/Documents/GitHub/swarm_robot/slave_ws/install/cartographer/bin'
[1.122s] INFO:colcon.colcon_core.shell:Creating package script '/home/hehe/Documents/GitHub/swarm_robot/slave_ws/install/cartographer/share/cartographer/package.ps1'
[1.123s] INFO:colcon.colcon_core.shell:Creating package descriptor '/home/hehe/Documents/GitHub/swarm_robot/slave_ws/install/cartographer/share/cartographer/package.dsv'
[1.123s] INFO:colcon.colcon_core.shell:Creating package script '/home/hehe/Documents/GitHub/swarm_robot/slave_ws/install/cartographer/share/cartographer/package.sh'
[1.124s] INFO:colcon.colcon_core.shell:Creating package script '/home/hehe/Documents/GitHub/swarm_robot/slave_ws/install/cartographer/share/cartographer/package.bash'
[1.125s] INFO:colcon.colcon_core.shell:Creating package script '/home/hehe/Documents/GitHub/swarm_robot/slave_ws/install/cartographer/share/cartographer/package.zsh'
[1.125s] Level 1:colcon.colcon_core.environment:create_file_with_runtime_dependencies(/home/hehe/Documents/GitHub/swarm_robot/slave_ws/install/cartographer/share/colcon-core/packages/cartographer)
[1.126s] Level 1:colcon.colcon_core.environment:create_environment_scripts_only(cartographer)
[1.126s] Level 1:colcon.colcon_core.environment:checking '/home/hehe/Documents/GitHub/swarm_robot/slave_ws/install/cartographer' for CMake module files
[1.126s] Level 1:colcon.colcon_core.environment:checking '/home/hehe/Documents/GitHub/swarm_robot/slave_ws/install/cartographer' for CMake config files
[1.127s] Level 1:colcon.colcon_core.shell:create_environment_hook('cartographer', 'cmake_prefix_path')
[1.127s] INFO:colcon.colcon_core.shell:Creating environment hook '/home/hehe/Documents/GitHub/swarm_robot/slave_ws/install/cartographer/share/cartographer/hook/cmake_prefix_path.ps1'
[1.127s] INFO:colcon.colcon_core.shell:Creating environment descriptor '/home/hehe/Documents/GitHub/swarm_robot/slave_ws/install/cartographer/share/cartographer/hook/cmake_prefix_path.dsv'
[1.127s] INFO:colcon.colcon_core.shell:Creating environment hook '/home/hehe/Documents/GitHub/swarm_robot/slave_ws/install/cartographer/share/cartographer/hook/cmake_prefix_path.sh'
[1.128s] Level 1:colcon.colcon_core.environment:checking '/home/hehe/Documents/GitHub/swarm_robot/slave_ws/install/cartographer/bin'
[1.128s] Level 1:colcon.colcon_core.environment:checking '/home/hehe/Documents/GitHub/swarm_robot/slave_ws/install/cartographer/lib/pkgconfig/cartographer.pc'
[1.128s] Level 1:colcon.colcon_core.environment:checking '/home/hehe/Documents/GitHub/swarm_robot/slave_ws/install/cartographer/lib/python3.10/site-packages'
[1.128s] Level 1:colcon.colcon_core.environment:checking '/home/hehe/Documents/GitHub/swarm_robot/slave_ws/install/cartographer/bin'
[1.129s] INFO:colcon.colcon_core.shell:Creating package script '/home/hehe/Documents/GitHub/swarm_robot/slave_ws/install/cartographer/share/cartographer/package.ps1'
[1.129s] INFO:colcon.colcon_core.shell:Creating package descriptor '/home/hehe/Documents/GitHub/swarm_robot/slave_ws/install/cartographer/share/cartographer/package.dsv'
[1.129s] INFO:colcon.colcon_core.shell:Creating package script '/home/hehe/Documents/GitHub/swarm_robot/slave_ws/install/cartographer/share/cartographer/package.sh'
[1.130s] INFO:colcon.colcon_core.shell:Creating package script '/home/hehe/Documents/GitHub/swarm_robot/slave_ws/install/cartographer/share/cartographer/package.bash'
[1.130s] INFO:colcon.colcon_core.shell:Creating package script '/home/hehe/Documents/GitHub/swarm_robot/slave_ws/install/cartographer/share/cartographer/package.zsh'
[1.130s] Level 1:colcon.colcon_core.environment:create_file_with_runtime_dependencies(/home/hehe/Documents/GitHub/swarm_robot/slave_ws/install/cartographer/share/colcon-core/packages/cartographer)
[1.354s] DEBUG:colcon.colcon_core.event_handler.log_command:Invoked command in '/home/hehe/Documents/GitHub/swarm_robot/slave_ws/build/rplidar_ros' returned '0': CMAKE_PREFIX_PATH=/opt/ros/humble /usr/bin/cmake /home/hehe/Documents/GitHub/swarm_robot/slave_ws/src/rplidar_ros -DAMENT_CMAKE_SYMLINK_INSTALL=1 -DCMAKE_INSTALL_PREFIX=/home/hehe/Documents/GitHub/swarm_robot/slave_ws/install/rplidar_ros
[1.356s] DEBUG:colcon.colcon_core.event_handler.log_command:Invoking command in '/home/hehe/Documents/GitHub/swarm_robot/slave_ws/build/rplidar_ros': CMAKE_PREFIX_PATH=/opt/ros/humble /usr/bin/cmake --build /home/hehe/Documents/GitHub/swarm_robot/slave_ws/build/rplidar_ros -- -j6 -l6
[10.486s] DEBUG:colcon.colcon_core.event_handler.log_command:Invoked command in '/home/hehe/Documents/GitHub/swarm_robot/slave_ws/build/rplidar_ros' returned '0': CMAKE_PREFIX_PATH=/opt/ros/humble /usr/bin/cmake --build /home/hehe/Documents/GitHub/swarm_robot/slave_ws/build/rplidar_ros -- -j6 -l6
[10.490s] DEBUG:colcon.colcon_core.event_handler.log_command:Invoking command in '/home/hehe/Documents/GitHub/swarm_robot/slave_ws/build/rplidar_ros': CMAKE_PREFIX_PATH=/opt/ros/humble /usr/bin/cmake --install /home/hehe/Documents/GitHub/swarm_robot/slave_ws/build/rplidar_ros
[10.736s] Level 1:colcon.colcon_core.environment:create_environment_scripts_only(rplidar_ros)
[10.736s] Level 1:colcon.colcon_core.environment:checking '/home/hehe/Documents/GitHub/swarm_robot/slave_ws/install/rplidar_ros' for CMake module files
[10.737s] DEBUG:colcon.colcon_core.event_handler.log_command:Invoked command in '/home/hehe/Documents/GitHub/swarm_robot/slave_ws/build/rplidar_ros' returned '0': CMAKE_PREFIX_PATH=/opt/ros/humble /usr/bin/cmake --install /home/hehe/Documents/GitHub/swarm_robot/slave_ws/build/rplidar_ros
[10.738s] Level 1:colcon.colcon_core.environment:checking '/home/hehe/Documents/GitHub/swarm_robot/slave_ws/install/rplidar_ros' for CMake config files
[10.739s] Level 1:colcon.colcon_core.shell:create_environment_hook('rplidar_ros', 'cmake_prefix_path')
[10.739s] INFO:colcon.colcon_core.shell:Creating environment hook '/home/hehe/Documents/GitHub/swarm_robot/slave_ws/install/rplidar_ros/share/rplidar_ros/hook/cmake_prefix_path.ps1'
[10.740s] INFO:colcon.colcon_core.shell:Creating environment descriptor '/home/hehe/Documents/GitHub/swarm_robot/slave_ws/install/rplidar_ros/share/rplidar_ros/hook/cmake_prefix_path.dsv'
[10.741s] INFO:colcon.colcon_core.shell:Creating environment hook '/home/hehe/Documents/GitHub/swarm_robot/slave_ws/install/rplidar_ros/share/rplidar_ros/hook/cmake_prefix_path.sh'
[10.742s] Level 1:colcon.colcon_core.environment:checking '/home/hehe/Documents/GitHub/swarm_robot/slave_ws/install/rplidar_ros/lib'
[10.742s] Level 1:colcon.colcon_core.environment:checking '/home/hehe/Documents/GitHub/swarm_robot/slave_ws/install/rplidar_ros/bin'
[10.742s] Level 1:colcon.colcon_core.environment:checking '/home/hehe/Documents/GitHub/swarm_robot/slave_ws/install/rplidar_ros/lib/pkgconfig/rplidar_ros.pc'
[10.742s] Level 1:colcon.colcon_core.environment:checking '/home/hehe/Documents/GitHub/swarm_robot/slave_ws/install/rplidar_ros/lib/python3.10/site-packages'
[10.742s] Level 1:colcon.colcon_core.environment:checking '/home/hehe/Documents/GitHub/swarm_robot/slave_ws/install/rplidar_ros/bin'
[10.743s] INFO:colcon.colcon_core.shell:Creating package script '/home/hehe/Documents/GitHub/swarm_robot/slave_ws/install/rplidar_ros/share/rplidar_ros/package.ps1'
[10.743s] INFO:colcon.colcon_core.shell:Creating package descriptor '/home/hehe/Documents/GitHub/swarm_robot/slave_ws/install/rplidar_ros/share/rplidar_ros/package.dsv'
[10.744s] INFO:colcon.colcon_core.shell:Creating package script '/home/hehe/Documents/GitHub/swarm_robot/slave_ws/install/rplidar_ros/share/rplidar_ros/package.sh'
[10.744s] INFO:colcon.colcon_core.shell:Creating package script '/home/hehe/Documents/GitHub/swarm_robot/slave_ws/install/rplidar_ros/share/rplidar_ros/package.bash'
[10.744s] INFO:colcon.colcon_core.shell:Creating package script '/home/hehe/Documents/GitHub/swarm_robot/slave_ws/install/rplidar_ros/share/rplidar_ros/package.zsh'
[10.744s] Level 1:colcon.colcon_core.environment:create_file_with_runtime_dependencies(/home/hehe/Documents/GitHub/swarm_robot/slave_ws/install/rplidar_ros/share/colcon-core/packages/rplidar_ros)
[10.745s] Level 1:colcon.colcon_core.environment:create_environment_scripts_only(rplidar_ros)
[10.745s] Level 1:colcon.colcon_core.environment:checking '/home/hehe/Documents/GitHub/swarm_robot/slave_ws/install/rplidar_ros' for CMake module files
[10.745s] Level 1:colcon.colcon_core.environment:checking '/home/hehe/Documents/GitHub/swarm_robot/slave_ws/install/rplidar_ros' for CMake config files
[10.746s] Level 1:colcon.colcon_core.shell:create_environment_hook('rplidar_ros', 'cmake_prefix_path')
[10.746s] INFO:colcon.colcon_core.shell:Creating environment hook '/home/hehe/Documents/GitHub/swarm_robot/slave_ws/install/rplidar_ros/share/rplidar_ros/hook/cmake_prefix_path.ps1'
[10.746s] INFO:colcon.colcon_core.shell:Creating environment descriptor '/home/hehe/Documents/GitHub/swarm_robot/slave_ws/install/rplidar_ros/share/rplidar_ros/hook/cmake_prefix_path.dsv'
[10.746s] INFO:colcon.colcon_core.shell:Creating environment hook '/home/hehe/Documents/GitHub/swarm_robot/slave_ws/install/rplidar_ros/share/rplidar_ros/hook/cmake_prefix_path.sh'
[10.747s] Level 1:colcon.colcon_core.environment:checking '/home/hehe/Documents/GitHub/swarm_robot/slave_ws/install/rplidar_ros/lib'
[10.747s] Level 1:colcon.colcon_core.environment:checking '/home/hehe/Documents/GitHub/swarm_robot/slave_ws/install/rplidar_ros/bin'
[10.747s] Level 1:colcon.colcon_core.environment:checking '/home/hehe/Documents/GitHub/swarm_robot/slave_ws/install/rplidar_ros/lib/pkgconfig/rplidar_ros.pc'
[10.747s] Level 1:colcon.colcon_core.environment:checking '/home/hehe/Documents/GitHub/swarm_robot/slave_ws/install/rplidar_ros/lib/python3.10/site-packages'
[10.747s] Level 1:colcon.colcon_core.environment:checking '/home/hehe/Documents/GitHub/swarm_robot/slave_ws/install/rplidar_ros/bin'
[10.747s] INFO:colcon.colcon_core.shell:Creating package script '/home/hehe/Documents/GitHub/swarm_robot/slave_ws/install/rplidar_ros/share/rplidar_ros/package.ps1'
[10.748s] INFO:colcon.colcon_core.shell:Creating package descriptor '/home/hehe/Documents/GitHub/swarm_robot/slave_ws/install/rplidar_ros/share/rplidar_ros/package.dsv'
[10.748s] INFO:colcon.colcon_core.shell:Creating package script '/home/hehe/Documents/GitHub/swarm_robot/slave_ws/install/rplidar_ros/share/rplidar_ros/package.sh'
[10.748s] INFO:colcon.colcon_core.shell:Creating package script '/home/hehe/Documents/GitHub/swarm_robot/slave_ws/install/rplidar_ros/share/rplidar_ros/package.bash'
[10.749s] INFO:colcon.colcon_core.shell:Creating package script '/home/hehe/Documents/GitHub/swarm_robot/slave_ws/install/rplidar_ros/share/rplidar_ros/package.zsh'
[10.749s] Level 1:colcon.colcon_core.environment:create_file_with_runtime_dependencies(/home/hehe/Documents/GitHub/swarm_robot/slave_ws/install/rplidar_ros/share/colcon-core/packages/rplidar_ros)
[10.749s] DEBUG:colcon.colcon_parallel_executor.executor.parallel:closing loop
[10.751s] DEBUG:colcon.colcon_parallel_executor.executor.parallel:loop closed
[10.751s] DEBUG:colcon.colcon_parallel_executor.executor.parallel:run_until_complete finished with '0'
[10.751s] DEBUG:colcon.colcon_core.event_reactor:joining thread
[10.783s] INFO:colcon.colcon_core.plugin_system:Skipping extension 'colcon_notification.desktop_notification.terminal_notifier': Not used on non-Darwin systems
[10.783s] INFO:colcon.colcon_core.plugin_system:Skipping extension 'colcon_notification.desktop_notification.win32': Not used on non-Windows systems
[10.783s] INFO:colcon.colcon_notification.desktop_notification:Sending desktop notification using 'notify2'
[10.814s] DEBUG:colcon.colcon_core.event_reactor:joined thread
[10.815s] INFO:colcon.colcon_core.shell:Creating prefix script '/home/hehe/Documents/GitHub/swarm_robot/slave_ws/install/local_setup.ps1'
[10.817s] INFO:colcon.colcon_core.shell:Creating prefix util module '/home/hehe/Documents/GitHub/swarm_robot/slave_ws/install/_local_setup_util_ps1.py'
[10.820s] INFO:colcon.colcon_core.shell:Creating prefix chain script '/home/hehe/Documents/GitHub/swarm_robot/slave_ws/install/setup.ps1'
[10.823s] INFO:colcon.colcon_core.shell:Creating prefix script '/home/hehe/Documents/GitHub/swarm_robot/slave_ws/install/local_setup.sh'
[10.824s] INFO:colcon.colcon_core.shell:Creating prefix util module '/home/hehe/Documents/GitHub/swarm_robot/slave_ws/install/_local_setup_util_sh.py'
[10.825s] INFO:colcon.colcon_core.shell:Creating prefix chain script '/home/hehe/Documents/GitHub/swarm_robot/slave_ws/install/setup.sh'
[10.827s] INFO:colcon.colcon_core.shell:Creating prefix script '/home/hehe/Documents/GitHub/swarm_robot/slave_ws/install/local_setup.bash'
[10.828s] INFO:colcon.colcon_core.shell:Creating prefix chain script '/home/hehe/Documents/GitHub/swarm_robot/slave_ws/install/setup.bash'
[10.830s] INFO:colcon.colcon_core.shell:Creating prefix script '/home/hehe/Documents/GitHub/swarm_robot/slave_ws/install/local_setup.zsh'
[10.831s] INFO:colcon.colcon_core.shell:Creating prefix chain script '/home/hehe/Documents/GitHub/swarm_robot/slave_ws/install/setup.zsh'
