-- Found ament_cmake: 0.9.12 (/opt/ros/foxy/share/ament_cmake/cmake)
-- Using PYTHON_EXECUTABLE: /usr/bin/python3
-- Found rosidl_default_generators: 1.0.1 (/opt/ros/foxy/share/rosidl_default_generators/cmake)
-- Using all available rosidl_typesupport_c: rosidl_typesupport_fastrtps_c;rosidl_typesupport_introspection_c
-- Found rosidl_adapter: 1.3.1 (/opt/ros/foxy/share/rosidl_adapter/cmake)
-- Found OpenSSL: /usr/lib/x86_64-linux-gnu/libcrypto.so (found version "1.1.1f")  
-- Found FastRTPS: /opt/ros/foxy/include  
-- Using all available rosidl_typesupport_cpp: rosidl_typesupport_fastrtps_cpp;rosidl_typesupport_introspection_cpp
-- Found geometry_msgs: 2.0.5 (/opt/ros/foxy/share/geometry_msgs/cmake)
-- Found ament_lint_auto: 0.9.8 (/opt/ros/foxy/share/ament_lint_auto/cmake)
-- Found PythonInterp: /usr/bin/python3 (found version "3.8.10") 
-- Found ament_cmake_ros: 0.9.2 (/opt/ros/foxy/share/ament_cmake_ros/cmake)
-- Using all available rosidl_typesupport_c: rosidl_typesupport_fastrtps_c;rosidl_typesupport_introspection_c
-- Using all available rosidl_typesupport_cpp: rosidl_typesupport_fastrtps_cpp;rosidl_typesupport_introspection_cpp
-- Found PythonInterp: /usr/bin/python3 (found suitable version "3.8.10", minimum required is "3.5") 
-- Found python_cmake_module: 0.8.1 (/opt/ros/foxy/share/python_cmake_module/cmake)
-- Found PythonLibs: /usr/lib/x86_64-linux-gnu/libpython3.8.so (found suitable version "3.8.10", minimum required is "3.5") 
-- Using PYTHON_EXECUTABLE: /usr/bin/python3
-- Using PYTHON_INCLUDE_DIRS: /usr/include/python3.8
-- Using PYTHON_LIBRARIES: /usr/lib/x86_64-linux-gnu/libpython3.8.so
-- Found PythonExtra: .so  
-- Added test 'copyright' to check source files copyright and LICENSE
-- Added test 'lint_cmake' to check CMake code style
-- Added test 'xmllint' to check XML markup files
-- Configuring done
-- Generating done
-- Build files have been written to: /home/irs/swarm_robot/algorithm/build/communication_msgs
[35m[1mScanning dependencies of target communication_msgs__cpp[0m
[  2%] [34m[1mGenerating C code for ROS interfaces[0m
[  4%] [34m[1mGenerating C++ code for ROS interfaces[0m
[  4%] Built target communication_msgs__cpp
[  6%] [34m[1mGenerating C++ type support for eProsima Fast-RTPS[0m
[  8%] [34m[1mGenerating C++ introspection for ROS interfaces[0m
[ 10%] [34m[1mGenerating C++ type support dispatch for ROS interfaces[0m
[35m[1mScanning dependencies of target communication_msgs__rosidl_generator_c[0m
[ 12%] [32mBuilding C object CMakeFiles/communication_msgs__rosidl_generator_c.dir/rosidl_generator_c/communication_msgs/msg/detail/task__functions.c.o[0m
[ 14%] [32mBuilding C object CMakeFiles/communication_msgs__rosidl_generator_c.dir/rosidl_generator_c/communication_msgs/msg/detail/robot__functions.c.o[0m
[ 17%] [32mBuilding C object CMakeFiles/communication_msgs__rosidl_generator_c.dir/rosidl_generator_c/communication_msgs/msg/detail/task_allocation__functions.c.o[0m
[ 19%] [32m[1mLinking C shared library libcommunication_msgs__rosidl_generator_c.so[0m
[35m[1mScanning dependencies of target communication_msgs__rosidl_typesupport_cpp[0m
[ 19%] Built target communication_msgs__rosidl_generator_c
[ 21%] [34m[1mGenerating C type support dispatch for ROS interfaces[0m
[35m[1mScanning dependencies of target communication_msgs__rosidl_typesupport_introspection_cpp[0m
[ 23%] [34m[1mGenerating C introspection for ROS interfaces[0m
[ 29%] [32mBuilding CXX object CMakeFiles/communication_msgs__rosidl_typesupport_cpp.dir/rosidl_typesupport_cpp/communication_msgs/msg/task__type_support.cpp.o[0m
[ 29%] [32mBuilding CXX object CMakeFiles/communication_msgs__rosidl_typesupport_cpp.dir/rosidl_typesupport_cpp/communication_msgs/msg/task_allocation__type_support.cpp.o[0m
[ 29%] [32mBuilding CXX object CMakeFiles/communication_msgs__rosidl_typesupport_cpp.dir/rosidl_typesupport_cpp/communication_msgs/msg/robot__type_support.cpp.o[0m
[ 31%] [32mBuilding CXX object CMakeFiles/communication_msgs__rosidl_typesupport_introspection_cpp.dir/rosidl_typesupport_introspection_cpp/communication_msgs/msg/detail/robot__type_support.cpp.o[0m
[ 34%] [32mBuilding CXX object CMakeFiles/communication_msgs__rosidl_typesupport_introspection_cpp.dir/rosidl_typesupport_introspection_cpp/communication_msgs/msg/detail/task__type_support.cpp.o[0m
[35m[1mScanning dependencies of target communication_msgs__rosidl_typesupport_fastrtps_cpp[0m
[ 36%] [32mBuilding CXX object CMakeFiles/communication_msgs__rosidl_typesupport_fastrtps_cpp.dir/rosidl_typesupport_fastrtps_cpp/communication_msgs/msg/detail/dds_fastrtps/robot__type_support.cpp.o[0m
[35m[1mScanning dependencies of target communication_msgs__rosidl_typesupport_c[0m
[ 38%] [32mBuilding CXX object CMakeFiles/communication_msgs__rosidl_typesupport_c.dir/rosidl_typesupport_c/communication_msgs/msg/robot__type_support.cpp.o[0m
[ 40%] [32mBuilding CXX object CMakeFiles/communication_msgs__rosidl_typesupport_c.dir/rosidl_typesupport_c/communication_msgs/msg/task__type_support.cpp.o[0m
[35m[1mScanning dependencies of target communication_msgs__rosidl_typesupport_introspection_c[0m
[ 42%] [32mBuilding C object CMakeFiles/communication_msgs__rosidl_typesupport_introspection_c.dir/rosidl_typesupport_introspection_c/communication_msgs/msg/detail/robot__type_support.c.o[0m
[ 44%] [32mBuilding CXX object CMakeFiles/communication_msgs__rosidl_typesupport_c.dir/rosidl_typesupport_c/communication_msgs/msg/task_allocation__type_support.cpp.o[0m
[ 46%] [32mBuilding C object CMakeFiles/communication_msgs__rosidl_typesupport_introspection_c.dir/rosidl_typesupport_introspection_c/communication_msgs/msg/detail/task__type_support.c.o[0m
[ 48%] [32m[1mLinking CXX shared library libcommunication_msgs__rosidl_typesupport_c.so[0m
[ 51%] [32mBuilding C object CMakeFiles/communication_msgs__rosidl_typesupport_introspection_c.dir/rosidl_typesupport_introspection_c/communication_msgs/msg/detail/task_allocation__type_support.c.o[0m
[ 51%] Built target communication_msgs__rosidl_typesupport_c
[ 53%] [32mBuilding CXX object CMakeFiles/communication_msgs__rosidl_typesupport_fastrtps_cpp.dir/rosidl_typesupport_fastrtps_cpp/communication_msgs/msg/detail/dds_fastrtps/task__type_support.cpp.o[0m
[ 55%] [32mBuilding CXX object CMakeFiles/communication_msgs__rosidl_typesupport_introspection_cpp.dir/rosidl_typesupport_introspection_cpp/communication_msgs/msg/detail/task_allocation__type_support.cpp.o[0m
[ 57%] [32mBuilding CXX object CMakeFiles/communication_msgs__rosidl_typesupport_fastrtps_cpp.dir/rosidl_typesupport_fastrtps_cpp/communication_msgs/msg/detail/dds_fastrtps/task_allocation__type_support.cpp.o[0m
[ 59%] [32m[1mLinking C shared library libcommunication_msgs__rosidl_typesupport_introspection_c.so[0m
[ 61%] [32m[1mLinking CXX shared library libcommunication_msgs__rosidl_typesupport_cpp.so[0m
[ 61%] Built target communication_msgs__rosidl_typesupport_introspection_c
[ 61%] Built target communication_msgs__rosidl_typesupport_cpp
[ 63%] [32m[1mLinking CXX shared library libcommunication_msgs__rosidl_typesupport_introspection_cpp.so[0m
[ 63%] Built target communication_msgs__rosidl_typesupport_introspection_cpp
[ 65%] [32m[1mLinking CXX shared library libcommunication_msgs__rosidl_typesupport_fastrtps_cpp.so[0m
[ 65%] Built target communication_msgs__rosidl_typesupport_fastrtps_cpp
[ 68%] [34m[1mGenerating C type support for eProsima Fast-RTPS[0m
[35m[1mScanning dependencies of target communication_msgs__rosidl_typesupport_fastrtps_c[0m
[ 70%] [32mBuilding CXX object CMakeFiles/communication_msgs__rosidl_typesupport_fastrtps_c.dir/rosidl_typesupport_fastrtps_c/communication_msgs/msg/detail/robot__type_support_c.cpp.o[0m
[ 72%] [32mBuilding CXX object CMakeFiles/communication_msgs__rosidl_typesupport_fastrtps_c.dir/rosidl_typesupport_fastrtps_c/communication_msgs/msg/detail/task__type_support_c.cpp.o[0m
[ 74%] [32mBuilding CXX object CMakeFiles/communication_msgs__rosidl_typesupport_fastrtps_c.dir/rosidl_typesupport_fastrtps_c/communication_msgs/msg/detail/task_allocation__type_support_c.cpp.o[0m
[ 76%] [32m[1mLinking CXX shared library libcommunication_msgs__rosidl_typesupport_fastrtps_c.so[0m
[ 76%] Built target communication_msgs__rosidl_typesupport_fastrtps_c
[35m[1mScanning dependencies of target communication_msgs[0m
[ 76%] Built target communication_msgs
[35m[1mScanning dependencies of target communication_msgs__py[0m
[ 78%] [34m[1mGenerating Python code for ROS interfaces[0m
[ 78%] Built target communication_msgs__py
[35m[1mScanning dependencies of target communication_msgs__python[0m
[ 80%] [32mBuilding C object CMakeFiles/communication_msgs__python.dir/rosidl_generator_py/communication_msgs/msg/_task_allocation_s.c.o[0m
[ 82%] [32mBuilding C object CMakeFiles/communication_msgs__python.dir/rosidl_generator_py/communication_msgs/msg/_robot_s.c.o[0m
[ 85%] [32mBuilding C object CMakeFiles/communication_msgs__python.dir/rosidl_generator_py/communication_msgs/msg/_task_s.c.o[0m
[ 87%] [32m[1mLinking C shared library rosidl_generator_py/communication_msgs/libcommunication_msgs__python.so[0m
[ 87%] Built target communication_msgs__python
[35m[1mScanning dependencies of target communication_msgs__rosidl_typesupport_c__pyext[0m
[35m[1mScanning dependencies of target communication_msgs__rosidl_typesupport_fastrtps_c__pyext[0m
[35m[1mScanning dependencies of target communication_msgs__rosidl_typesupport_introspection_c__pyext[0m
[ 89%] [32mBuilding C object CMakeFiles/communication_msgs__rosidl_typesupport_fastrtps_c__pyext.dir/rosidl_generator_py/communication_msgs/_communication_msgs_s.ep.rosidl_typesupport_fastrtps_c.c.o[0m
[ 91%] [32mBuilding C object CMakeFiles/communication_msgs__rosidl_typesupport_c__pyext.dir/rosidl_generator_py/communication_msgs/_communication_msgs_s.ep.rosidl_typesupport_c.c.o[0m
[ 93%] [32mBuilding C object CMakeFiles/communication_msgs__rosidl_typesupport_introspection_c__pyext.dir/rosidl_generator_py/communication_msgs/_communication_msgs_s.ep.rosidl_typesupport_introspection_c.c.o[0m
[ 97%] [32m[1mLinking C shared library rosidl_generator_py/communication_msgs/communication_msgs_s__rosidl_typesupport_c.cpython-38-x86_64-linux-gnu.so[0m
[ 95%] [32m[1mLinking C shared library rosidl_generator_py/communication_msgs/communication_msgs_s__rosidl_typesupport_introspection_c.cpython-38-x86_64-linux-gnu.so[0m
[100%] [32m[1mLinking CXX shared library rosidl_generator_py/communication_msgs/communication_msgs_s__rosidl_typesupport_fastrtps_c.cpython-38-x86_64-linux-gnu.so[0m
[100%] Built target communication_msgs__rosidl_typesupport_c__pyext
[100%] Built target communication_msgs__rosidl_typesupport_introspection_c__pyext
[100%] Built target communication_msgs__rosidl_typesupport_fastrtps_c__pyext
-- Install configuration: ""
-- Installing: /home/irs/swarm_robot/algorithm/install/communication_msgs/share/ament_index/resource_index/rosidl_interfaces/communication_msgs
-- Installing: /home/irs/swarm_robot/algorithm/install/communication_msgs/include/communication_msgs
-- Installing: /home/irs/swarm_robot/algorithm/install/communication_msgs/include/communication_msgs/msg
-- Installing: /home/irs/swarm_robot/algorithm/install/communication_msgs/include/communication_msgs/msg/robot.h
-- Installing: /home/irs/swarm_robot/algorithm/install/communication_msgs/include/communication_msgs/msg/task_allocation.h
-- Installing: /home/irs/swarm_robot/algorithm/install/communication_msgs/include/communication_msgs/msg/detail
-- Installing: /home/irs/swarm_robot/algorithm/install/communication_msgs/include/communication_msgs/msg/detail/robot__functions.c
-- Installing: /home/irs/swarm_robot/algorithm/install/communication_msgs/include/communication_msgs/msg/detail/task_allocation__struct.h
-- Installing: /home/irs/swarm_robot/algorithm/install/communication_msgs/include/communication_msgs/msg/detail/robot__struct.h
-- Installing: /home/irs/swarm_robot/algorithm/install/communication_msgs/include/communication_msgs/msg/detail/task__functions.h
-- Installing: /home/irs/swarm_robot/algorithm/install/communication_msgs/include/communication_msgs/msg/detail/task__type_support.h
-- Installing: /home/irs/swarm_robot/algorithm/install/communication_msgs/include/communication_msgs/msg/detail/task__struct.h
-- Installing: /home/irs/swarm_robot/algorithm/install/communication_msgs/include/communication_msgs/msg/detail/task_allocation__functions.h
-- Installing: /home/irs/swarm_robot/algorithm/install/communication_msgs/include/communication_msgs/msg/detail/task_allocation__functions.c
-- Installing: /home/irs/swarm_robot/algorithm/install/communication_msgs/include/communication_msgs/msg/detail/robot__type_support.h
-- Installing: /home/irs/swarm_robot/algorithm/install/communication_msgs/include/communication_msgs/msg/detail/task_allocation__type_support.h
-- Installing: /home/irs/swarm_robot/algorithm/install/communication_msgs/include/communication_msgs/msg/detail/robot__functions.h
-- Installing: /home/irs/swarm_robot/algorithm/install/communication_msgs/include/communication_msgs/msg/detail/task__functions.c
-- Installing: /home/irs/swarm_robot/algorithm/install/communication_msgs/include/communication_msgs/msg/rosidl_generator_c__visibility_control.h
-- Installing: /home/irs/swarm_robot/algorithm/install/communication_msgs/include/communication_msgs/msg/task.h
-- Installing: /home/irs/swarm_robot/algorithm/install/communication_msgs/share/communication_msgs/environment/library_path.sh
-- Installing: /home/irs/swarm_robot/algorithm/install/communication_msgs/share/communication_msgs/environment/library_path.dsv
-- Installing: /home/irs/swarm_robot/algorithm/install/communication_msgs/lib/libcommunication_msgs__rosidl_generator_c.so
-- Set runtime path of "/home/irs/swarm_robot/algorithm/install/communication_msgs/lib/libcommunication_msgs__rosidl_generator_c.so" to ""
-- Up-to-date: /home/irs/swarm_robot/algorithm/install/communication_msgs/include/communication_msgs
-- Up-to-date: /home/irs/swarm_robot/algorithm/install/communication_msgs/include/communication_msgs/msg
-- Up-to-date: /home/irs/swarm_robot/algorithm/install/communication_msgs/include/communication_msgs/msg/detail
-- Installing: /home/irs/swarm_robot/algorithm/install/communication_msgs/include/communication_msgs/msg/detail/task_allocation__rosidl_typesupport_fastrtps_c.h
-- Installing: /home/irs/swarm_robot/algorithm/install/communication_msgs/include/communication_msgs/msg/detail/task__rosidl_typesupport_fastrtps_c.h
-- Installing: /home/irs/swarm_robot/algorithm/install/communication_msgs/include/communication_msgs/msg/detail/robot__rosidl_typesupport_fastrtps_c.h
-- Installing: /home/irs/swarm_robot/algorithm/install/communication_msgs/include/communication_msgs/msg/rosidl_typesupport_fastrtps_c__visibility_control.h
-- Installing: /home/irs/swarm_robot/algorithm/install/communication_msgs/lib/libcommunication_msgs__rosidl_typesupport_fastrtps_c.so
-- Set runtime path of "/home/irs/swarm_robot/algorithm/install/communication_msgs/lib/libcommunication_msgs__rosidl_typesupport_fastrtps_c.so" to ""
-- Up-to-date: /home/irs/swarm_robot/algorithm/install/communication_msgs/include/communication_msgs
-- Up-to-date: /home/irs/swarm_robot/algorithm/install/communication_msgs/include/communication_msgs/msg
-- Up-to-date: /home/irs/swarm_robot/algorithm/install/communication_msgs/include/communication_msgs/msg/detail
-- Installing: /home/irs/swarm_robot/algorithm/install/communication_msgs/include/communication_msgs/msg/detail/dds_fastrtps
-- Installing: /home/irs/swarm_robot/algorithm/install/communication_msgs/include/communication_msgs/msg/detail/task__rosidl_typesupport_fastrtps_cpp.hpp
-- Installing: /home/irs/swarm_robot/algorithm/install/communication_msgs/include/communication_msgs/msg/detail/task_allocation__rosidl_typesupport_fastrtps_cpp.hpp
-- Installing: /home/irs/swarm_robot/algorithm/install/communication_msgs/include/communication_msgs/msg/detail/robot__rosidl_typesupport_fastrtps_cpp.hpp
-- Installing: /home/irs/swarm_robot/algorithm/install/communication_msgs/include/communication_msgs/msg/rosidl_typesupport_fastrtps_cpp__visibility_control.h
-- Installing: /home/irs/swarm_robot/algorithm/install/communication_msgs/lib/libcommunication_msgs__rosidl_typesupport_fastrtps_cpp.so
-- Set runtime path of "/home/irs/swarm_robot/algorithm/install/communication_msgs/lib/libcommunication_msgs__rosidl_typesupport_fastrtps_cpp.so" to ""
-- Up-to-date: /home/irs/swarm_robot/algorithm/install/communication_msgs/include/communication_msgs
-- Up-to-date: /home/irs/swarm_robot/algorithm/install/communication_msgs/include/communication_msgs/msg
-- Up-to-date: /home/irs/swarm_robot/algorithm/install/communication_msgs/include/communication_msgs/msg/detail
-- Installing: /home/irs/swarm_robot/algorithm/install/communication_msgs/include/communication_msgs/msg/detail/robot__rosidl_typesupport_introspection_c.h
-- Installing: /home/irs/swarm_robot/algorithm/install/communication_msgs/include/communication_msgs/msg/detail/task__rosidl_typesupport_introspection_c.h
-- Installing: /home/irs/swarm_robot/algorithm/install/communication_msgs/include/communication_msgs/msg/detail/robot__type_support.c
-- Installing: /home/irs/swarm_robot/algorithm/install/communication_msgs/include/communication_msgs/msg/detail/task_allocation__rosidl_typesupport_introspection_c.h
-- Installing: /home/irs/swarm_robot/algorithm/install/communication_msgs/include/communication_msgs/msg/detail/task__type_support.c
-- Installing: /home/irs/swarm_robot/algorithm/install/communication_msgs/include/communication_msgs/msg/detail/task_allocation__type_support.c
-- Installing: /home/irs/swarm_robot/algorithm/install/communication_msgs/include/communication_msgs/msg/rosidl_typesupport_introspection_c__visibility_control.h
-- Installing: /home/irs/swarm_robot/algorithm/install/communication_msgs/lib/libcommunication_msgs__rosidl_typesupport_introspection_c.so
-- Set runtime path of "/home/irs/swarm_robot/algorithm/install/communication_msgs/lib/libcommunication_msgs__rosidl_typesupport_introspection_c.so" to ""
-- Installing: /home/irs/swarm_robot/algorithm/install/communication_msgs/lib/libcommunication_msgs__rosidl_typesupport_c.so
-- Set runtime path of "/home/irs/swarm_robot/algorithm/install/communication_msgs/lib/libcommunication_msgs__rosidl_typesupport_c.so" to ""
-- Up-to-date: /home/irs/swarm_robot/algorithm/install/communication_msgs/include/communication_msgs
-- Up-to-date: /home/irs/swarm_robot/algorithm/install/communication_msgs/include/communication_msgs/msg
-- Installing: /home/irs/swarm_robot/algorithm/install/communication_msgs/include/communication_msgs/msg/task_allocation.hpp
-- Up-to-date: /home/irs/swarm_robot/algorithm/install/communication_msgs/include/communication_msgs/msg/detail
-- Installing: /home/irs/swarm_robot/algorithm/install/communication_msgs/include/communication_msgs/msg/detail/task__builder.hpp
-- Installing: /home/irs/swarm_robot/algorithm/install/communication_msgs/include/communication_msgs/msg/detail/task__type_support.hpp
-- Installing: /home/irs/swarm_robot/algorithm/install/communication_msgs/include/communication_msgs/msg/detail/task__struct.hpp
-- Installing: /home/irs/swarm_robot/algorithm/install/communication_msgs/include/communication_msgs/msg/detail/robot__traits.hpp
-- Installing: /home/irs/swarm_robot/algorithm/install/communication_msgs/include/communication_msgs/msg/detail/robot__builder.hpp
-- Installing: /home/irs/swarm_robot/algorithm/install/communication_msgs/include/communication_msgs/msg/detail/task_allocation__traits.hpp
-- Installing: /home/irs/swarm_robot/algorithm/install/communication_msgs/include/communication_msgs/msg/detail/task_allocation__type_support.hpp
-- Installing: /home/irs/swarm_robot/algorithm/install/communication_msgs/include/communication_msgs/msg/detail/robot__type_support.hpp
-- Installing: /home/irs/swarm_robot/algorithm/install/communication_msgs/include/communication_msgs/msg/detail/task_allocation__builder.hpp
-- Installing: /home/irs/swarm_robot/algorithm/install/communication_msgs/include/communication_msgs/msg/detail/task__traits.hpp
-- Installing: /home/irs/swarm_robot/algorithm/install/communication_msgs/include/communication_msgs/msg/detail/robot__struct.hpp
-- Installing: /home/irs/swarm_robot/algorithm/install/communication_msgs/include/communication_msgs/msg/detail/task_allocation__struct.hpp
-- Installing: /home/irs/swarm_robot/algorithm/install/communication_msgs/include/communication_msgs/msg/robot.hpp
-- Installing: /home/irs/swarm_robot/algorithm/install/communication_msgs/include/communication_msgs/msg/rosidl_generator_cpp__visibility_control.hpp
-- Installing: /home/irs/swarm_robot/algorithm/install/communication_msgs/include/communication_msgs/msg/task.hpp
-- Up-to-date: /home/irs/swarm_robot/algorithm/install/communication_msgs/include/communication_msgs
-- Up-to-date: /home/irs/swarm_robot/algorithm/install/communication_msgs/include/communication_msgs/msg
-- Up-to-date: /home/irs/swarm_robot/algorithm/install/communication_msgs/include/communication_msgs/msg/detail
-- Installing: /home/irs/swarm_robot/algorithm/install/communication_msgs/include/communication_msgs/msg/detail/task__type_support.cpp
-- Installing: /home/irs/swarm_robot/algorithm/install/communication_msgs/include/communication_msgs/msg/detail/task_allocation__rosidl_typesupport_introspection_cpp.hpp
-- Installing: /home/irs/swarm_robot/algorithm/install/communication_msgs/include/communication_msgs/msg/detail/task_allocation__type_support.cpp
-- Installing: /home/irs/swarm_robot/algorithm/install/communication_msgs/include/communication_msgs/msg/detail/robot__rosidl_typesupport_introspection_cpp.hpp
-- Installing: /home/irs/swarm_robot/algorithm/install/communication_msgs/include/communication_msgs/msg/detail/task__rosidl_typesupport_introspection_cpp.hpp
-- Installing: /home/irs/swarm_robot/algorithm/install/communication_msgs/include/communication_msgs/msg/detail/robot__type_support.cpp
-- Installing: /home/irs/swarm_robot/algorithm/install/communication_msgs/lib/libcommunication_msgs__rosidl_typesupport_introspection_cpp.so
-- Set runtime path of "/home/irs/swarm_robot/algorithm/install/communication_msgs/lib/libcommunication_msgs__rosidl_typesupport_introspection_cpp.so" to ""
-- Installing: /home/irs/swarm_robot/algorithm/install/communication_msgs/lib/libcommunication_msgs__rosidl_typesupport_cpp.so
-- Set runtime path of "/home/irs/swarm_robot/algorithm/install/communication_msgs/lib/libcommunication_msgs__rosidl_typesupport_cpp.so" to ""
-- Installing: /home/irs/swarm_robot/algorithm/install/communication_msgs/share/communication_msgs/environment/pythonpath.sh
-- Installing: /home/irs/swarm_robot/algorithm/install/communication_msgs/share/communication_msgs/environment/pythonpath.dsv
-- Installing: /home/irs/swarm_robot/algorithm/install/communication_msgs/lib/python3.8/site-packages/communication_msgs/__init__.py
Compiling '/home/irs/swarm_robot/algorithm/install/communication_msgs/lib/python3.8/site-packages/communication_msgs/__init__.py'...
-- Installing: /home/irs/swarm_robot/algorithm/install/communication_msgs/lib/python3.8/site-packages/communication_msgs/msg
-- Installing: /home/irs/swarm_robot/algorithm/install/communication_msgs/lib/python3.8/site-packages/communication_msgs/msg/_robot_s.c
-- Installing: /home/irs/swarm_robot/algorithm/install/communication_msgs/lib/python3.8/site-packages/communication_msgs/msg/_task_allocation.py
-- Installing: /home/irs/swarm_robot/algorithm/install/communication_msgs/lib/python3.8/site-packages/communication_msgs/msg/_task_allocation_s.c
-- Installing: /home/irs/swarm_robot/algorithm/install/communication_msgs/lib/python3.8/site-packages/communication_msgs/msg/__init__.py
-- Installing: /home/irs/swarm_robot/algorithm/install/communication_msgs/lib/python3.8/site-packages/communication_msgs/msg/_task_s.c
-- Installing: /home/irs/swarm_robot/algorithm/install/communication_msgs/lib/python3.8/site-packages/communication_msgs/msg/_robot.py
-- Installing: /home/irs/swarm_robot/algorithm/install/communication_msgs/lib/python3.8/site-packages/communication_msgs/msg/_task.py
-- Installing: /home/irs/swarm_robot/algorithm/install/communication_msgs/lib/python3.8/site-packages/communication_msgs/communication_msgs_s__rosidl_typesupport_fastrtps_c.cpython-38-x86_64-linux-gnu.so
-- Set runtime path of "/home/irs/swarm_robot/algorithm/install/communication_msgs/lib/python3.8/site-packages/communication_msgs/communication_msgs_s__rosidl_typesupport_fastrtps_c.cpython-38-x86_64-linux-gnu.so" to ""
-- Installing: /home/irs/swarm_robot/algorithm/install/communication_msgs/lib/python3.8/site-packages/communication_msgs/communication_msgs_s__rosidl_typesupport_introspection_c.cpython-38-x86_64-linux-gnu.so
-- Set runtime path of "/home/irs/swarm_robot/algorithm/install/communication_msgs/lib/python3.8/site-packages/communication_msgs/communication_msgs_s__rosidl_typesupport_introspection_c.cpython-38-x86_64-linux-gnu.so" to ""
-- Installing: /home/irs/swarm_robot/algorithm/install/communication_msgs/lib/python3.8/site-packages/communication_msgs/communication_msgs_s__rosidl_typesupport_c.cpython-38-x86_64-linux-gnu.so
-- Set runtime path of "/home/irs/swarm_robot/algorithm/install/communication_msgs/lib/python3.8/site-packages/communication_msgs/communication_msgs_s__rosidl_typesupport_c.cpython-38-x86_64-linux-gnu.so" to ""
-- Installing: /home/irs/swarm_robot/algorithm/install/communication_msgs/lib/libcommunication_msgs__python.so
-- Set runtime path of "/home/irs/swarm_robot/algorithm/install/communication_msgs/lib/libcommunication_msgs__python.so" to ""
-- Installing: /home/irs/swarm_robot/algorithm/install/communication_msgs/share/communication_msgs/msg/Robot.idl
-- Installing: /home/irs/swarm_robot/algorithm/install/communication_msgs/share/communication_msgs/msg/Task.idl
-- Installing: /home/irs/swarm_robot/algorithm/install/communication_msgs/share/communication_msgs/msg/TaskAllocation.idl
-- Installing: /home/irs/swarm_robot/algorithm/install/communication_msgs/share/communication_msgs/msg/Robot.msg
-- Installing: /home/irs/swarm_robot/algorithm/install/communication_msgs/share/communication_msgs/msg/Task.msg
-- Installing: /home/irs/swarm_robot/algorithm/install/communication_msgs/share/communication_msgs/msg/TaskAllocation.msg
-- Installing: /home/irs/swarm_robot/algorithm/install/communication_msgs/share/ament_index/resource_index/package_run_dependencies/communication_msgs
-- Installing: /home/irs/swarm_robot/algorithm/install/communication_msgs/share/ament_index/resource_index/parent_prefix_path/communication_msgs
-- Up-to-date: /home/irs/swarm_robot/algorithm/install/communication_msgs/share/communication_msgs/environment/ament_prefix_path.sh
-- Installing: /home/irs/swarm_robot/algorithm/install/communication_msgs/share/communication_msgs/environment/ament_prefix_path.dsv
-- Up-to-date: /home/irs/swarm_robot/algorithm/install/communication_msgs/share/communication_msgs/environment/path.sh
-- Installing: /home/irs/swarm_robot/algorithm/install/communication_msgs/share/communication_msgs/environment/path.dsv
-- Up-to-date: /home/irs/swarm_robot/algorithm/install/communication_msgs/share/communication_msgs/local_setup.bash
-- Installing: /home/irs/swarm_robot/algorithm/install/communication_msgs/share/communication_msgs/local_setup.sh
-- Up-to-date: /home/irs/swarm_robot/algorithm/install/communication_msgs/share/communication_msgs/local_setup.zsh
-- Installing: /home/irs/swarm_robot/algorithm/install/communication_msgs/share/communication_msgs/local_setup.dsv
-- Installing: /home/irs/swarm_robot/algorithm/install/communication_msgs/share/communication_msgs/package.dsv
-- Up-to-date: /home/irs/swarm_robot/algorithm/install/communication_msgs/share/ament_index/resource_index/packages/communication_msgs
-- Installing: /home/irs/swarm_robot/algorithm/install/communication_msgs/share/communication_msgs/cmake/communication_msgs__rosidl_generator_cExport.cmake
-- Installing: /home/irs/swarm_robot/algorithm/install/communication_msgs/share/communication_msgs/cmake/communication_msgs__rosidl_generator_cExport-noconfig.cmake
-- Installing: /home/irs/swarm_robot/algorithm/install/communication_msgs/share/communication_msgs/cmake/communication_msgs__rosidl_typesupport_introspection_cExport.cmake
-- Installing: /home/irs/swarm_robot/algorithm/install/communication_msgs/share/communication_msgs/cmake/communication_msgs__rosidl_typesupport_introspection_cExport-noconfig.cmake
-- Installing: /home/irs/swarm_robot/algorithm/install/communication_msgs/share/communication_msgs/cmake/communication_msgs__rosidl_typesupport_cExport.cmake
-- Installing: /home/irs/swarm_robot/algorithm/install/communication_msgs/share/communication_msgs/cmake/communication_msgs__rosidl_typesupport_cExport-noconfig.cmake
-- Installing: /home/irs/swarm_robot/algorithm/install/communication_msgs/share/communication_msgs/cmake/communication_msgs__rosidl_generator_cppExport.cmake
-- Installing: /home/irs/swarm_robot/algorithm/install/communication_msgs/share/communication_msgs/cmake/communication_msgs__rosidl_typesupport_introspection_cppExport.cmake
-- Installing: /home/irs/swarm_robot/algorithm/install/communication_msgs/share/communication_msgs/cmake/communication_msgs__rosidl_typesupport_introspection_cppExport-noconfig.cmake
-- Installing: /home/irs/swarm_robot/algorithm/install/communication_msgs/share/communication_msgs/cmake/communication_msgs__rosidl_typesupport_cppExport.cmake
-- Installing: /home/irs/swarm_robot/algorithm/install/communication_msgs/share/communication_msgs/cmake/communication_msgs__rosidl_typesupport_cppExport-noconfig.cmake
-- Installing: /home/irs/swarm_robot/algorithm/install/communication_msgs/share/communication_msgs/cmake/rosidl_cmake-extras.cmake
-- Installing: /home/irs/swarm_robot/algorithm/install/communication_msgs/share/communication_msgs/cmake/ament_cmake_export_dependencies-extras.cmake
-- Installing: /home/irs/swarm_robot/algorithm/install/communication_msgs/share/communication_msgs/cmake/ament_cmake_export_libraries-extras.cmake
-- Installing: /home/irs/swarm_robot/algorithm/install/communication_msgs/share/communication_msgs/cmake/ament_cmake_export_targets-extras.cmake
-- Installing: /home/irs/swarm_robot/algorithm/install/communication_msgs/share/communication_msgs/cmake/ament_cmake_export_include_directories-extras.cmake
-- Installing: /home/irs/swarm_robot/algorithm/install/communication_msgs/share/communication_msgs/cmake/rosidl_cmake_export_typesupport_libraries-extras.cmake
-- Installing: /home/irs/swarm_robot/algorithm/install/communication_msgs/share/communication_msgs/cmake/rosidl_cmake_export_typesupport_targets-extras.cmake
-- Installing: /home/irs/swarm_robot/algorithm/install/communication_msgs/share/communication_msgs/cmake/communication_msgsConfig.cmake
-- Up-to-date: /home/irs/swarm_robot/algorithm/install/communication_msgs/share/communication_msgs/cmake/communication_msgsConfig-version.cmake
-- Installing: /home/irs/swarm_robot/algorithm/install/communication_msgs/share/communication_msgs/package.xml
