[0.346s] Invoking command in '/home/irs/swarm_robot/algorithm/build/communication_msgs': CMAKE_PREFIX_PATH=${CMAKE_PREFIX_PATH}:/home/irs/swarm_robot/algorithm/install/algorithm:/home/irs/har_capstone/socin_robot_ws/install/fusing_people:/opt/ros/foxy /usr/bin/cmake --build /home/irs/swarm_robot/algorithm/build/communication_msgs -- -j8 -l8
[0.378s] -- Found ament_cmake: 0.9.12 (/opt/ros/foxy/share/ament_cmake/cmake)
[0.403s] -- Using PYTHON_EXECUTABLE: /usr/bin/python3
[0.640s] -- Found rosidl_default_generators: 1.0.1 (/opt/ros/foxy/share/rosidl_default_generators/cmake)
[0.655s] -- Using all available rosidl_typesupport_c: rosidl_typesupport_fastrtps_c;rosidl_typesupport_introspection_c
[0.678s] -- Found rosidl_adapter: 1.3.1 (/opt/ros/foxy/share/rosidl_adapter/cmake)
[0.938s] -- Found OpenSSL: /usr/lib/x86_64-linux-gnu/libcrypto.so (found version "1.1.1f")  
[0.978s] -- Found FastRTPS: /opt/ros/foxy/include  
[1.121s] -- Using all available rosidl_typesupport_cpp: rosidl_typesupport_fastrtps_cpp;rosidl_typesupport_introspection_cpp
[1.176s] -- Found geometry_msgs: 2.0.5 (/opt/ros/foxy/share/geometry_msgs/cmake)
[1.305s] -- Found ament_lint_auto: 0.9.8 (/opt/ros/foxy/share/ament_lint_auto/cmake)
[1.425s] -- Found PythonInterp: /usr/bin/python3 (found version "3.8.10") 
[1.621s] -- Found ament_cmake_ros: 0.9.2 (/opt/ros/foxy/share/ament_cmake_ros/cmake)
[1.991s] -- Using all available rosidl_typesupport_c: rosidl_typesupport_fastrtps_c;rosidl_typesupport_introspection_c
[2.176s] -- Using all available rosidl_typesupport_cpp: rosidl_typesupport_fastrtps_cpp;rosidl_typesupport_introspection_cpp
[2.216s] -- Found PythonInterp: /usr/bin/python3 (found suitable version "3.8.10", minimum required is "3.5") 
[2.229s] -- Found python_cmake_module: 0.8.1 (/opt/ros/foxy/share/python_cmake_module/cmake)
[2.282s] -- Found PythonLibs: /usr/lib/x86_64-linux-gnu/libpython3.8.so (found suitable version "3.8.10", minimum required is "3.5") 
[2.282s] -- Using PYTHON_EXECUTABLE: /usr/bin/python3
[2.282s] -- Using PYTHON_INCLUDE_DIRS: /usr/include/python3.8
[2.282s] -- Using PYTHON_LIBRARIES: /usr/lib/x86_64-linux-gnu/libpython3.8.so
[2.319s] -- Found PythonExtra: .so  
[2.428s] -- Added test 'copyright' to check source files copyright and LICENSE
[2.430s] -- Added test 'lint_cmake' to check CMake code style
[2.430s] -- Added test 'xmllint' to check XML markup files
[2.449s] -- Configuring done
[2.560s] -- Generating done
[2.564s] -- Build files have been written to: /home/irs/swarm_robot/algorithm/build/communication_msgs
[2.603s] [35m[1mScanning dependencies of target communication_msgs__cpp[0m
[2.607s] [  2%] [34m[1mGenerating C code for ROS interfaces[0m
[2.638s] [  4%] [34m[1mGenerating C++ code for ROS interfaces[0m
[2.970s] [  4%] Built target communication_msgs__cpp
[2.984s] [  6%] [34m[1mGenerating C++ type support for eProsima Fast-RTPS[0m
[2.985s] [  8%] [34m[1mGenerating C++ introspection for ROS interfaces[0m
[2.986s] [ 10%] [34m[1mGenerating C++ type support dispatch for ROS interfaces[0m
[2.989s] [35m[1mScanning dependencies of target communication_msgs__rosidl_generator_c[0m
[3.021s] [ 12%] [32mBuilding C object CMakeFiles/communication_msgs__rosidl_generator_c.dir/rosidl_generator_c/communication_msgs/msg/detail/task__functions.c.o[0m
[3.022s] [ 14%] [32mBuilding C object CMakeFiles/communication_msgs__rosidl_generator_c.dir/rosidl_generator_c/communication_msgs/msg/detail/robot__functions.c.o[0m
[3.025s] [ 17%] [32mBuilding C object CMakeFiles/communication_msgs__rosidl_generator_c.dir/rosidl_generator_c/communication_msgs/msg/detail/task_allocation__functions.c.o[0m
[3.157s] [ 19%] [32m[1mLinking C shared library libcommunication_msgs__rosidl_generator_c.so[0m
[3.238s] [35m[1mScanning dependencies of target communication_msgs__rosidl_typesupport_cpp[0m
[3.242s] [ 19%] Built target communication_msgs__rosidl_generator_c
[3.259s] [ 21%] [34m[1mGenerating C type support dispatch for ROS interfaces[0m
[3.261s] [35m[1mScanning dependencies of target communication_msgs__rosidl_typesupport_introspection_cpp[0m
[3.268s] [ 23%] [34m[1mGenerating C introspection for ROS interfaces[0m
[3.274s] [ 29%] [32mBuilding CXX object CMakeFiles/communication_msgs__rosidl_typesupport_cpp.dir/rosidl_typesupport_cpp/communication_msgs/msg/task__type_support.cpp.o[0m
[3.274s] [ 29%] [32mBuilding CXX object CMakeFiles/communication_msgs__rosidl_typesupport_cpp.dir/rosidl_typesupport_cpp/communication_msgs/msg/task_allocation__type_support.cpp.o[0m
[3.274s] [ 29%] [32mBuilding CXX object CMakeFiles/communication_msgs__rosidl_typesupport_cpp.dir/rosidl_typesupport_cpp/communication_msgs/msg/robot__type_support.cpp.o[0m
[3.292s] [ 31%] [32mBuilding CXX object CMakeFiles/communication_msgs__rosidl_typesupport_introspection_cpp.dir/rosidl_typesupport_introspection_cpp/communication_msgs/msg/detail/robot__type_support.cpp.o[0m
[3.314s] [ 34%] [32mBuilding CXX object CMakeFiles/communication_msgs__rosidl_typesupport_introspection_cpp.dir/rosidl_typesupport_introspection_cpp/communication_msgs/msg/detail/task__type_support.cpp.o[0m
[3.317s] [35m[1mScanning dependencies of target communication_msgs__rosidl_typesupport_fastrtps_cpp[0m
[3.378s] [ 36%] [32mBuilding CXX object CMakeFiles/communication_msgs__rosidl_typesupport_fastrtps_cpp.dir/rosidl_typesupport_fastrtps_cpp/communication_msgs/msg/detail/dds_fastrtps/robot__type_support.cpp.o[0m
[3.597s] [35m[1mScanning dependencies of target communication_msgs__rosidl_typesupport_c[0m
[3.623s] [ 38%] [32mBuilding CXX object CMakeFiles/communication_msgs__rosidl_typesupport_c.dir/rosidl_typesupport_c/communication_msgs/msg/robot__type_support.cpp.o[0m
[3.673s] [ 40%] [32mBuilding CXX object CMakeFiles/communication_msgs__rosidl_typesupport_c.dir/rosidl_typesupport_c/communication_msgs/msg/task__type_support.cpp.o[0m
[3.674s] [35m[1mScanning dependencies of target communication_msgs__rosidl_typesupport_introspection_c[0m
[3.707s] [ 42%] [32mBuilding C object CMakeFiles/communication_msgs__rosidl_typesupport_introspection_c.dir/rosidl_typesupport_introspection_c/communication_msgs/msg/detail/robot__type_support.c.o[0m
[3.741s] [ 44%] [32mBuilding CXX object CMakeFiles/communication_msgs__rosidl_typesupport_c.dir/rosidl_typesupport_c/communication_msgs/msg/task_allocation__type_support.cpp.o[0m
[3.765s] [ 46%] [32mBuilding C object CMakeFiles/communication_msgs__rosidl_typesupport_introspection_c.dir/rosidl_typesupport_introspection_c/communication_msgs/msg/detail/task__type_support.c.o[0m
[3.792s] [ 48%] [32m[1mLinking CXX shared library libcommunication_msgs__rosidl_typesupport_c.so[0m
[3.856s] [ 51%] [32mBuilding C object CMakeFiles/communication_msgs__rosidl_typesupport_introspection_c.dir/rosidl_typesupport_introspection_c/communication_msgs/msg/detail/task_allocation__type_support.c.o[0m
[3.914s] [ 51%] Built target communication_msgs__rosidl_typesupport_c
[3.925s] [ 53%] [32mBuilding CXX object CMakeFiles/communication_msgs__rosidl_typesupport_fastrtps_cpp.dir/rosidl_typesupport_fastrtps_cpp/communication_msgs/msg/detail/dds_fastrtps/task__type_support.cpp.o[0m
[3.925s] [ 55%] [32mBuilding CXX object CMakeFiles/communication_msgs__rosidl_typesupport_introspection_cpp.dir/rosidl_typesupport_introspection_cpp/communication_msgs/msg/detail/task_allocation__type_support.cpp.o[0m
[3.935s] [ 57%] [32mBuilding CXX object CMakeFiles/communication_msgs__rosidl_typesupport_fastrtps_cpp.dir/rosidl_typesupport_fastrtps_cpp/communication_msgs/msg/detail/dds_fastrtps/task_allocation__type_support.cpp.o[0m
[3.936s] [ 59%] [32m[1mLinking C shared library libcommunication_msgs__rosidl_typesupport_introspection_c.so[0m
[3.958s] [ 61%] [32m[1mLinking CXX shared library libcommunication_msgs__rosidl_typesupport_cpp.so[0m
[4.000s] [ 61%] Built target communication_msgs__rosidl_typesupport_introspection_c
[4.015s] [ 61%] Built target communication_msgs__rosidl_typesupport_cpp
[4.292s] [ 63%] [32m[1mLinking CXX shared library libcommunication_msgs__rosidl_typesupport_introspection_cpp.so[0m
[4.379s] [ 63%] Built target communication_msgs__rosidl_typesupport_introspection_cpp
[4.387s] [ 65%] [32m[1mLinking CXX shared library libcommunication_msgs__rosidl_typesupport_fastrtps_cpp.so[0m
[4.720s] [ 65%] Built target communication_msgs__rosidl_typesupport_fastrtps_cpp
[4.737s] [ 68%] [34m[1mGenerating C type support for eProsima Fast-RTPS[0m
[5.084s] [35m[1mScanning dependencies of target communication_msgs__rosidl_typesupport_fastrtps_c[0m
[5.129s] [ 70%] [32mBuilding CXX object CMakeFiles/communication_msgs__rosidl_typesupport_fastrtps_c.dir/rosidl_typesupport_fastrtps_c/communication_msgs/msg/detail/robot__type_support_c.cpp.o[0m
[5.130s] [ 72%] [32mBuilding CXX object CMakeFiles/communication_msgs__rosidl_typesupport_fastrtps_c.dir/rosidl_typesupport_fastrtps_c/communication_msgs/msg/detail/task__type_support_c.cpp.o[0m
[5.131s] [ 74%] [32mBuilding CXX object CMakeFiles/communication_msgs__rosidl_typesupport_fastrtps_c.dir/rosidl_typesupport_fastrtps_c/communication_msgs/msg/detail/task_allocation__type_support_c.cpp.o[0m
[5.495s] [ 76%] [32m[1mLinking CXX shared library libcommunication_msgs__rosidl_typesupport_fastrtps_c.so[0m
[5.618s] [ 76%] Built target communication_msgs__rosidl_typesupport_fastrtps_c
[5.641s] [35m[1mScanning dependencies of target communication_msgs[0m
[5.674s] [ 76%] Built target communication_msgs
[5.696s] [35m[1mScanning dependencies of target communication_msgs__py[0m
[5.725s] [ 78%] [34m[1mGenerating Python code for ROS interfaces[0m
[6.260s] [ 78%] Built target communication_msgs__py
[6.276s] [35m[1mScanning dependencies of target communication_msgs__python[0m
[6.508s] [ 80%] [32mBuilding C object CMakeFiles/communication_msgs__python.dir/rosidl_generator_py/communication_msgs/msg/_task_allocation_s.c.o[0m
[6.509s] [ 82%] [32mBuilding C object CMakeFiles/communication_msgs__python.dir/rosidl_generator_py/communication_msgs/msg/_robot_s.c.o[0m
[6.509s] [ 85%] [32mBuilding C object CMakeFiles/communication_msgs__python.dir/rosidl_generator_py/communication_msgs/msg/_task_s.c.o[0m
[6.648s] [ 87%] [32m[1mLinking C shared library rosidl_generator_py/communication_msgs/libcommunication_msgs__python.so[0m
[6.705s] [ 87%] Built target communication_msgs__python
[6.718s] [35m[1mScanning dependencies of target communication_msgs__rosidl_typesupport_c__pyext[0m
[6.718s] [35m[1mScanning dependencies of target communication_msgs__rosidl_typesupport_fastrtps_c__pyext[0m
[6.718s] [35m[1mScanning dependencies of target communication_msgs__rosidl_typesupport_introspection_c__pyext[0m
[6.750s] [ 89%] [32mBuilding C object CMakeFiles/communication_msgs__rosidl_typesupport_fastrtps_c__pyext.dir/rosidl_generator_py/communication_msgs/_communication_msgs_s.ep.rosidl_typesupport_fastrtps_c.c.o[0m
[6.751s] [ 91%] [32mBuilding C object CMakeFiles/communication_msgs__rosidl_typesupport_c__pyext.dir/rosidl_generator_py/communication_msgs/_communication_msgs_s.ep.rosidl_typesupport_c.c.o[0m
[6.755s] [ 93%] [32mBuilding C object CMakeFiles/communication_msgs__rosidl_typesupport_introspection_c__pyext.dir/rosidl_generator_py/communication_msgs/_communication_msgs_s.ep.rosidl_typesupport_introspection_c.c.o[0m
[6.847s] [ 97%] [32m[1mLinking C shared library rosidl_generator_py/communication_msgs/communication_msgs_s__rosidl_typesupport_c.cpython-38-x86_64-linux-gnu.so[0m
[6.847s] [ 95%] [32m[1mLinking C shared library rosidl_generator_py/communication_msgs/communication_msgs_s__rosidl_typesupport_introspection_c.cpython-38-x86_64-linux-gnu.so[0m
[6.856s] [100%] [32m[1mLinking CXX shared library rosidl_generator_py/communication_msgs/communication_msgs_s__rosidl_typesupport_fastrtps_c.cpython-38-x86_64-linux-gnu.so[0m
[6.900s] [100%] Built target communication_msgs__rosidl_typesupport_c__pyext
[6.901s] [100%] Built target communication_msgs__rosidl_typesupport_introspection_c__pyext
[6.939s] [100%] Built target communication_msgs__rosidl_typesupport_fastrtps_c__pyext
[6.954s] Invoked command in '/home/irs/swarm_robot/algorithm/build/communication_msgs' returned '0': CMAKE_PREFIX_PATH=${CMAKE_PREFIX_PATH}:/home/irs/swarm_robot/algorithm/install/algorithm:/home/irs/har_capstone/socin_robot_ws/install/fusing_people:/opt/ros/foxy /usr/bin/cmake --build /home/irs/swarm_robot/algorithm/build/communication_msgs -- -j8 -l8
[7.252s] Invoking command in '/home/irs/swarm_robot/algorithm/build/communication_msgs': CMAKE_PREFIX_PATH=${CMAKE_PREFIX_PATH}:/home/irs/swarm_robot/algorithm/install/algorithm:/home/irs/har_capstone/socin_robot_ws/install/fusing_people:/opt/ros/foxy /usr/bin/cmake --install /home/irs/swarm_robot/algorithm/build/communication_msgs
[7.273s] -- Install configuration: ""
[7.273s] -- Installing: /home/irs/swarm_robot/algorithm/install/communication_msgs/share/ament_index/resource_index/rosidl_interfaces/communication_msgs
[7.273s] -- Installing: /home/irs/swarm_robot/algorithm/install/communication_msgs/include/communication_msgs
[7.274s] -- Installing: /home/irs/swarm_robot/algorithm/install/communication_msgs/include/communication_msgs/msg
[7.274s] -- Installing: /home/irs/swarm_robot/algorithm/install/communication_msgs/include/communication_msgs/msg/robot.h
[7.274s] -- Installing: /home/irs/swarm_robot/algorithm/install/communication_msgs/include/communication_msgs/msg/task_allocation.h
[7.274s] -- Installing: /home/irs/swarm_robot/algorithm/install/communication_msgs/include/communication_msgs/msg/detail
[7.274s] -- Installing: /home/irs/swarm_robot/algorithm/install/communication_msgs/include/communication_msgs/msg/detail/robot__functions.c
[7.275s] -- Installing: /home/irs/swarm_robot/algorithm/install/communication_msgs/include/communication_msgs/msg/detail/task_allocation__struct.h
[7.276s] -- Installing: /home/irs/swarm_robot/algorithm/install/communication_msgs/include/communication_msgs/msg/detail/robot__struct.h
[7.276s] -- Installing: /home/irs/swarm_robot/algorithm/install/communication_msgs/include/communication_msgs/msg/detail/task__functions.h
[7.276s] -- Installing: /home/irs/swarm_robot/algorithm/install/communication_msgs/include/communication_msgs/msg/detail/task__type_support.h
[7.276s] -- Installing: /home/irs/swarm_robot/algorithm/install/communication_msgs/include/communication_msgs/msg/detail/task__struct.h
[7.276s] -- Installing: /home/irs/swarm_robot/algorithm/install/communication_msgs/include/communication_msgs/msg/detail/task_allocation__functions.h
[7.277s] -- Installing: /home/irs/swarm_robot/algorithm/install/communication_msgs/include/communication_msgs/msg/detail/task_allocation__functions.c
[7.277s] -- Installing: /home/irs/swarm_robot/algorithm/install/communication_msgs/include/communication_msgs/msg/detail/robot__type_support.h
[7.278s] -- Installing: /home/irs/swarm_robot/algorithm/install/communication_msgs/include/communication_msgs/msg/detail/task_allocation__type_support.h
[7.279s] -- Installing: /home/irs/swarm_robot/algorithm/install/communication_msgs/include/communication_msgs/msg/detail/robot__functions.h
[7.280s] -- Installing: /home/irs/swarm_robot/algorithm/install/communication_msgs/include/communication_msgs/msg/detail/task__functions.c
[7.280s] -- Installing: /home/irs/swarm_robot/algorithm/install/communication_msgs/include/communication_msgs/msg/rosidl_generator_c__visibility_control.h
[7.281s] -- Installing: /home/irs/swarm_robot/algorithm/install/communication_msgs/include/communication_msgs/msg/task.h
[7.281s] -- Installing: /home/irs/swarm_robot/algorithm/install/communication_msgs/share/communication_msgs/environment/library_path.sh
[7.281s] -- Installing: /home/irs/swarm_robot/algorithm/install/communication_msgs/share/communication_msgs/environment/library_path.dsv
[7.282s] -- Installing: /home/irs/swarm_robot/algorithm/install/communication_msgs/lib/libcommunication_msgs__rosidl_generator_c.so
[7.283s] -- Set runtime path of "/home/irs/swarm_robot/algorithm/install/communication_msgs/lib/libcommunication_msgs__rosidl_generator_c.so" to ""
[7.283s] -- Up-to-date: /home/irs/swarm_robot/algorithm/install/communication_msgs/include/communication_msgs
[7.283s] -- Up-to-date: /home/irs/swarm_robot/algorithm/install/communication_msgs/include/communication_msgs/msg
[7.284s] -- Up-to-date: /home/irs/swarm_robot/algorithm/install/communication_msgs/include/communication_msgs/msg/detail
[7.284s] -- Installing: /home/irs/swarm_robot/algorithm/install/communication_msgs/include/communication_msgs/msg/detail/task_allocation__rosidl_typesupport_fastrtps_c.h
[7.284s] -- Installing: /home/irs/swarm_robot/algorithm/install/communication_msgs/include/communication_msgs/msg/detail/task__rosidl_typesupport_fastrtps_c.h
[7.284s] -- Installing: /home/irs/swarm_robot/algorithm/install/communication_msgs/include/communication_msgs/msg/detail/robot__rosidl_typesupport_fastrtps_c.h
[7.284s] -- Installing: /home/irs/swarm_robot/algorithm/install/communication_msgs/include/communication_msgs/msg/rosidl_typesupport_fastrtps_c__visibility_control.h
[7.284s] -- Installing: /home/irs/swarm_robot/algorithm/install/communication_msgs/lib/libcommunication_msgs__rosidl_typesupport_fastrtps_c.so
[7.284s] -- Set runtime path of "/home/irs/swarm_robot/algorithm/install/communication_msgs/lib/libcommunication_msgs__rosidl_typesupport_fastrtps_c.so" to ""
[7.284s] -- Up-to-date: /home/irs/swarm_robot/algorithm/install/communication_msgs/include/communication_msgs
[7.284s] -- Up-to-date: /home/irs/swarm_robot/algorithm/install/communication_msgs/include/communication_msgs/msg
[7.284s] -- Up-to-date: /home/irs/swarm_robot/algorithm/install/communication_msgs/include/communication_msgs/msg/detail
[7.285s] -- Installing: /home/irs/swarm_robot/algorithm/install/communication_msgs/include/communication_msgs/msg/detail/dds_fastrtps
[7.285s] -- Installing: /home/irs/swarm_robot/algorithm/install/communication_msgs/include/communication_msgs/msg/detail/task__rosidl_typesupport_fastrtps_cpp.hpp
[7.286s] -- Installing: /home/irs/swarm_robot/algorithm/install/communication_msgs/include/communication_msgs/msg/detail/task_allocation__rosidl_typesupport_fastrtps_cpp.hpp
[7.286s] -- Installing: /home/irs/swarm_robot/algorithm/install/communication_msgs/include/communication_msgs/msg/detail/robot__rosidl_typesupport_fastrtps_cpp.hpp
[7.287s] -- Installing: /home/irs/swarm_robot/algorithm/install/communication_msgs/include/communication_msgs/msg/rosidl_typesupport_fastrtps_cpp__visibility_control.h
[7.287s] -- Installing: /home/irs/swarm_robot/algorithm/install/communication_msgs/lib/libcommunication_msgs__rosidl_typesupport_fastrtps_cpp.so
[7.287s] -- Set runtime path of "/home/irs/swarm_robot/algorithm/install/communication_msgs/lib/libcommunication_msgs__rosidl_typesupport_fastrtps_cpp.so" to ""
[7.288s] -- Up-to-date: /home/irs/swarm_robot/algorithm/install/communication_msgs/include/communication_msgs
[7.288s] -- Up-to-date: /home/irs/swarm_robot/algorithm/install/communication_msgs/include/communication_msgs/msg
[7.288s] -- Up-to-date: /home/irs/swarm_robot/algorithm/install/communication_msgs/include/communication_msgs/msg/detail
[7.289s] -- Installing: /home/irs/swarm_robot/algorithm/install/communication_msgs/include/communication_msgs/msg/detail/robot__rosidl_typesupport_introspection_c.h
[7.289s] -- Installing: /home/irs/swarm_robot/algorithm/install/communication_msgs/include/communication_msgs/msg/detail/task__rosidl_typesupport_introspection_c.h
[7.289s] -- Installing: /home/irs/swarm_robot/algorithm/install/communication_msgs/include/communication_msgs/msg/detail/robot__type_support.c
[7.290s] -- Installing: /home/irs/swarm_robot/algorithm/install/communication_msgs/include/communication_msgs/msg/detail/task_allocation__rosidl_typesupport_introspection_c.h
[7.290s] -- Installing: /home/irs/swarm_robot/algorithm/install/communication_msgs/include/communication_msgs/msg/detail/task__type_support.c
[7.290s] -- Installing: /home/irs/swarm_robot/algorithm/install/communication_msgs/include/communication_msgs/msg/detail/task_allocation__type_support.c
[7.290s] -- Installing: /home/irs/swarm_robot/algorithm/install/communication_msgs/include/communication_msgs/msg/rosidl_typesupport_introspection_c__visibility_control.h
[7.291s] -- Installing: /home/irs/swarm_robot/algorithm/install/communication_msgs/lib/libcommunication_msgs__rosidl_typesupport_introspection_c.so
[7.291s] -- Set runtime path of "/home/irs/swarm_robot/algorithm/install/communication_msgs/lib/libcommunication_msgs__rosidl_typesupport_introspection_c.so" to ""
[7.291s] -- Installing: /home/irs/swarm_robot/algorithm/install/communication_msgs/lib/libcommunication_msgs__rosidl_typesupport_c.so
[7.291s] -- Set runtime path of "/home/irs/swarm_robot/algorithm/install/communication_msgs/lib/libcommunication_msgs__rosidl_typesupport_c.so" to ""
[7.291s] -- Up-to-date: /home/irs/swarm_robot/algorithm/install/communication_msgs/include/communication_msgs
[7.291s] -- Up-to-date: /home/irs/swarm_robot/algorithm/install/communication_msgs/include/communication_msgs/msg
[7.291s] -- Installing: /home/irs/swarm_robot/algorithm/install/communication_msgs/include/communication_msgs/msg/task_allocation.hpp
[7.292s] -- Up-to-date: /home/irs/swarm_robot/algorithm/install/communication_msgs/include/communication_msgs/msg/detail
[7.292s] -- Installing: /home/irs/swarm_robot/algorithm/install/communication_msgs/include/communication_msgs/msg/detail/task__builder.hpp
[7.292s] -- Installing: /home/irs/swarm_robot/algorithm/install/communication_msgs/include/communication_msgs/msg/detail/task__type_support.hpp
[7.292s] -- Installing: /home/irs/swarm_robot/algorithm/install/communication_msgs/include/communication_msgs/msg/detail/task__struct.hpp
[7.292s] -- Installing: /home/irs/swarm_robot/algorithm/install/communication_msgs/include/communication_msgs/msg/detail/robot__traits.hpp
[7.292s] -- Installing: /home/irs/swarm_robot/algorithm/install/communication_msgs/include/communication_msgs/msg/detail/robot__builder.hpp
[7.292s] -- Installing: /home/irs/swarm_robot/algorithm/install/communication_msgs/include/communication_msgs/msg/detail/task_allocation__traits.hpp
[7.293s] -- Installing: /home/irs/swarm_robot/algorithm/install/communication_msgs/include/communication_msgs/msg/detail/task_allocation__type_support.hpp
[7.293s] -- Installing: /home/irs/swarm_robot/algorithm/install/communication_msgs/include/communication_msgs/msg/detail/robot__type_support.hpp
[7.293s] -- Installing: /home/irs/swarm_robot/algorithm/install/communication_msgs/include/communication_msgs/msg/detail/task_allocation__builder.hpp
[7.293s] -- Installing: /home/irs/swarm_robot/algorithm/install/communication_msgs/include/communication_msgs/msg/detail/task__traits.hpp
[7.293s] -- Installing: /home/irs/swarm_robot/algorithm/install/communication_msgs/include/communication_msgs/msg/detail/robot__struct.hpp
[7.294s] -- Installing: /home/irs/swarm_robot/algorithm/install/communication_msgs/include/communication_msgs/msg/detail/task_allocation__struct.hpp
[7.294s] -- Installing: /home/irs/swarm_robot/algorithm/install/communication_msgs/include/communication_msgs/msg/robot.hpp
[7.294s] -- Installing: /home/irs/swarm_robot/algorithm/install/communication_msgs/include/communication_msgs/msg/rosidl_generator_cpp__visibility_control.hpp
[7.294s] -- Installing: /home/irs/swarm_robot/algorithm/install/communication_msgs/include/communication_msgs/msg/task.hpp
[7.295s] -- Up-to-date: /home/irs/swarm_robot/algorithm/install/communication_msgs/include/communication_msgs
[7.295s] -- Up-to-date: /home/irs/swarm_robot/algorithm/install/communication_msgs/include/communication_msgs/msg
[7.296s] -- Up-to-date: /home/irs/swarm_robot/algorithm/install/communication_msgs/include/communication_msgs/msg/detail
[7.296s] -- Installing: /home/irs/swarm_robot/algorithm/install/communication_msgs/include/communication_msgs/msg/detail/task__type_support.cpp
[7.296s] -- Installing: /home/irs/swarm_robot/algorithm/install/communication_msgs/include/communication_msgs/msg/detail/task_allocation__rosidl_typesupport_introspection_cpp.hpp
[7.296s] -- Installing: /home/irs/swarm_robot/algorithm/install/communication_msgs/include/communication_msgs/msg/detail/task_allocation__type_support.cpp
[7.296s] -- Installing: /home/irs/swarm_robot/algorithm/install/communication_msgs/include/communication_msgs/msg/detail/robot__rosidl_typesupport_introspection_cpp.hpp
[7.296s] -- Installing: /home/irs/swarm_robot/algorithm/install/communication_msgs/include/communication_msgs/msg/detail/task__rosidl_typesupport_introspection_cpp.hpp
[7.296s] -- Installing: /home/irs/swarm_robot/algorithm/install/communication_msgs/include/communication_msgs/msg/detail/robot__type_support.cpp
[7.296s] -- Installing: /home/irs/swarm_robot/algorithm/install/communication_msgs/lib/libcommunication_msgs__rosidl_typesupport_introspection_cpp.so
[7.297s] -- Set runtime path of "/home/irs/swarm_robot/algorithm/install/communication_msgs/lib/libcommunication_msgs__rosidl_typesupport_introspection_cpp.so" to ""
[7.297s] -- Installing: /home/irs/swarm_robot/algorithm/install/communication_msgs/lib/libcommunication_msgs__rosidl_typesupport_cpp.so
[7.298s] -- Set runtime path of "/home/irs/swarm_robot/algorithm/install/communication_msgs/lib/libcommunication_msgs__rosidl_typesupport_cpp.so" to ""
[7.298s] -- Installing: /home/irs/swarm_robot/algorithm/install/communication_msgs/share/communication_msgs/environment/pythonpath.sh
[7.298s] -- Installing: /home/irs/swarm_robot/algorithm/install/communication_msgs/share/communication_msgs/environment/pythonpath.dsv
[7.298s] -- Installing: /home/irs/swarm_robot/algorithm/install/communication_msgs/lib/python3.8/site-packages/communication_msgs/__init__.py
[7.337s] Compiling '/home/irs/swarm_robot/algorithm/install/communication_msgs/lib/python3.8/site-packages/communication_msgs/__init__.py'...
[7.341s] -- Installing: /home/irs/swarm_robot/algorithm/install/communication_msgs/lib/python3.8/site-packages/communication_msgs/msg
[7.342s] -- Installing: /home/irs/swarm_robot/algorithm/install/communication_msgs/lib/python3.8/site-packages/communication_msgs/msg/_robot_s.c
[7.342s] -- Installing: /home/irs/swarm_robot/algorithm/install/communication_msgs/lib/python3.8/site-packages/communication_msgs/msg/_task_allocation.py
[7.342s] -- Installing: /home/irs/swarm_robot/algorithm/install/communication_msgs/lib/python3.8/site-packages/communication_msgs/msg/_task_allocation_s.c
[7.342s] -- Installing: /home/irs/swarm_robot/algorithm/install/communication_msgs/lib/python3.8/site-packages/communication_msgs/msg/__init__.py
[7.342s] -- Installing: /home/irs/swarm_robot/algorithm/install/communication_msgs/lib/python3.8/site-packages/communication_msgs/msg/_task_s.c
[7.342s] -- Installing: /home/irs/swarm_robot/algorithm/install/communication_msgs/lib/python3.8/site-packages/communication_msgs/msg/_robot.py
[7.342s] -- Installing: /home/irs/swarm_robot/algorithm/install/communication_msgs/lib/python3.8/site-packages/communication_msgs/msg/_task.py
[7.343s] -- Installing: /home/irs/swarm_robot/algorithm/install/communication_msgs/lib/python3.8/site-packages/communication_msgs/communication_msgs_s__rosidl_typesupport_fastrtps_c.cpython-38-x86_64-linux-gnu.so
[7.344s] -- Set runtime path of "/home/irs/swarm_robot/algorithm/install/communication_msgs/lib/python3.8/site-packages/communication_msgs/communication_msgs_s__rosidl_typesupport_fastrtps_c.cpython-38-x86_64-linux-gnu.so" to ""
[7.344s] -- Installing: /home/irs/swarm_robot/algorithm/install/communication_msgs/lib/python3.8/site-packages/communication_msgs/communication_msgs_s__rosidl_typesupport_introspection_c.cpython-38-x86_64-linux-gnu.so
[7.345s] -- Set runtime path of "/home/irs/swarm_robot/algorithm/install/communication_msgs/lib/python3.8/site-packages/communication_msgs/communication_msgs_s__rosidl_typesupport_introspection_c.cpython-38-x86_64-linux-gnu.so" to ""
[7.345s] -- Installing: /home/irs/swarm_robot/algorithm/install/communication_msgs/lib/python3.8/site-packages/communication_msgs/communication_msgs_s__rosidl_typesupport_c.cpython-38-x86_64-linux-gnu.so
[7.346s] -- Set runtime path of "/home/irs/swarm_robot/algorithm/install/communication_msgs/lib/python3.8/site-packages/communication_msgs/communication_msgs_s__rosidl_typesupport_c.cpython-38-x86_64-linux-gnu.so" to ""
[7.346s] -- Installing: /home/irs/swarm_robot/algorithm/install/communication_msgs/lib/libcommunication_msgs__python.so
[7.347s] -- Set runtime path of "/home/irs/swarm_robot/algorithm/install/communication_msgs/lib/libcommunication_msgs__python.so" to ""
[7.348s] -- Installing: /home/irs/swarm_robot/algorithm/install/communication_msgs/share/communication_msgs/msg/Robot.idl
[7.348s] -- Installing: /home/irs/swarm_robot/algorithm/install/communication_msgs/share/communication_msgs/msg/Task.idl
[7.348s] -- Installing: /home/irs/swarm_robot/algorithm/install/communication_msgs/share/communication_msgs/msg/TaskAllocation.idl
[7.348s] -- Installing: /home/irs/swarm_robot/algorithm/install/communication_msgs/share/communication_msgs/msg/Robot.msg
[7.348s] -- Installing: /home/irs/swarm_robot/algorithm/install/communication_msgs/share/communication_msgs/msg/Task.msg
[7.348s] -- Installing: /home/irs/swarm_robot/algorithm/install/communication_msgs/share/communication_msgs/msg/TaskAllocation.msg
[7.349s] -- Installing: /home/irs/swarm_robot/algorithm/install/communication_msgs/share/ament_index/resource_index/package_run_dependencies/communication_msgs
[7.349s] -- Installing: /home/irs/swarm_robot/algorithm/install/communication_msgs/share/ament_index/resource_index/parent_prefix_path/communication_msgs
[7.349s] -- Up-to-date: /home/irs/swarm_robot/algorithm/install/communication_msgs/share/communication_msgs/environment/ament_prefix_path.sh
[7.349s] -- Installing: /home/irs/swarm_robot/algorithm/install/communication_msgs/share/communication_msgs/environment/ament_prefix_path.dsv
[7.349s] -- Up-to-date: /home/irs/swarm_robot/algorithm/install/communication_msgs/share/communication_msgs/environment/path.sh
[7.349s] -- Installing: /home/irs/swarm_robot/algorithm/install/communication_msgs/share/communication_msgs/environment/path.dsv
[7.349s] -- Up-to-date: /home/irs/swarm_robot/algorithm/install/communication_msgs/share/communication_msgs/local_setup.bash
[7.350s] -- Installing: /home/irs/swarm_robot/algorithm/install/communication_msgs/share/communication_msgs/local_setup.sh
[7.350s] -- Up-to-date: /home/irs/swarm_robot/algorithm/install/communication_msgs/share/communication_msgs/local_setup.zsh
[7.350s] -- Installing: /home/irs/swarm_robot/algorithm/install/communication_msgs/share/communication_msgs/local_setup.dsv
[7.351s] -- Installing: /home/irs/swarm_robot/algorithm/install/communication_msgs/share/communication_msgs/package.dsv
[7.351s] -- Up-to-date: /home/irs/swarm_robot/algorithm/install/communication_msgs/share/ament_index/resource_index/packages/communication_msgs
[7.351s] -- Installing: /home/irs/swarm_robot/algorithm/install/communication_msgs/share/communication_msgs/cmake/communication_msgs__rosidl_generator_cExport.cmake
[7.351s] -- Installing: /home/irs/swarm_robot/algorithm/install/communication_msgs/share/communication_msgs/cmake/communication_msgs__rosidl_generator_cExport-noconfig.cmake
[7.351s] -- Installing: /home/irs/swarm_robot/algorithm/install/communication_msgs/share/communication_msgs/cmake/communication_msgs__rosidl_typesupport_introspection_cExport.cmake
[7.351s] -- Installing: /home/irs/swarm_robot/algorithm/install/communication_msgs/share/communication_msgs/cmake/communication_msgs__rosidl_typesupport_introspection_cExport-noconfig.cmake
[7.351s] -- Installing: /home/irs/swarm_robot/algorithm/install/communication_msgs/share/communication_msgs/cmake/communication_msgs__rosidl_typesupport_cExport.cmake
[7.351s] -- Installing: /home/irs/swarm_robot/algorithm/install/communication_msgs/share/communication_msgs/cmake/communication_msgs__rosidl_typesupport_cExport-noconfig.cmake
[7.352s] -- Installing: /home/irs/swarm_robot/algorithm/install/communication_msgs/share/communication_msgs/cmake/communication_msgs__rosidl_generator_cppExport.cmake
[7.352s] -- Installing: /home/irs/swarm_robot/algorithm/install/communication_msgs/share/communication_msgs/cmake/communication_msgs__rosidl_typesupport_introspection_cppExport.cmake
[7.354s] -- Installing: /home/irs/swarm_robot/algorithm/install/communication_msgs/share/communication_msgs/cmake/communication_msgs__rosidl_typesupport_introspection_cppExport-noconfig.cmake
[7.354s] -- Installing: /home/irs/swarm_robot/algorithm/install/communication_msgs/share/communication_msgs/cmake/communication_msgs__rosidl_typesupport_cppExport.cmake
[7.354s] -- Installing: /home/irs/swarm_robot/algorithm/install/communication_msgs/share/communication_msgs/cmake/communication_msgs__rosidl_typesupport_cppExport-noconfig.cmake
[7.354s] -- Installing: /home/irs/swarm_robot/algorithm/install/communication_msgs/share/communication_msgs/cmake/rosidl_cmake-extras.cmake
[7.354s] -- Installing: /home/irs/swarm_robot/algorithm/install/communication_msgs/share/communication_msgs/cmake/ament_cmake_export_dependencies-extras.cmake
[7.355s] -- Installing: /home/irs/swarm_robot/algorithm/install/communication_msgs/share/communication_msgs/cmake/ament_cmake_export_libraries-extras.cmake
[7.355s] -- Installing: /home/irs/swarm_robot/algorithm/install/communication_msgs/share/communication_msgs/cmake/ament_cmake_export_targets-extras.cmake
[7.355s] -- Installing: /home/irs/swarm_robot/algorithm/install/communication_msgs/share/communication_msgs/cmake/ament_cmake_export_include_directories-extras.cmake
[7.355s] -- Installing: /home/irs/swarm_robot/algorithm/install/communication_msgs/share/communication_msgs/cmake/rosidl_cmake_export_typesupport_libraries-extras.cmake
[7.355s] -- Installing: /home/irs/swarm_robot/algorithm/install/communication_msgs/share/communication_msgs/cmake/rosidl_cmake_export_typesupport_targets-extras.cmake
[7.355s] -- Installing: /home/irs/swarm_robot/algorithm/install/communication_msgs/share/communication_msgs/cmake/communication_msgsConfig.cmake
[7.355s] -- Up-to-date: /home/irs/swarm_robot/algorithm/install/communication_msgs/share/communication_msgs/cmake/communication_msgsConfig-version.cmake
[7.356s] -- Installing: /home/irs/swarm_robot/algorithm/install/communication_msgs/share/communication_msgs/package.xml
[7.358s] Invoked command in '/home/irs/swarm_robot/algorithm/build/communication_msgs' returned '0': CMAKE_PREFIX_PATH=${CMAKE_PREFIX_PATH}:/home/irs/swarm_robot/algorithm/install/algorithm:/home/irs/har_capstone/socin_robot_ws/install/fusing_people:/opt/ros/foxy /usr/bin/cmake --install /home/irs/swarm_robot/algorithm/build/communication_msgs
