-- The C compiler identification is GNU 9.4.0
-- The CXX compiler identification is GNU 9.4.0
-- Check for working C compiler: /usr/bin/cc
-- Check for working C compiler: /usr/bin/cc -- works
-- Detecting C compiler ABI info
-- Detecting C compiler ABI info - done
-- Detecting C compile features
-- Detecting C compile features - done
-- Check for working CXX compiler: /usr/bin/c++
-- Check for working CXX compiler: /usr/bin/c++ -- works
-- Detecting CXX compiler ABI info
-- Detecting CXX compiler ABI info - done
-- Detecting CXX compile features
-- Detecting CXX compile features - done
-- Found ament_cmake: 0.9.12 (/opt/ros/foxy/share/ament_cmake/cmake)
-- Found PythonInterp: /usr/bin/python3 (found suitable version "3.8.10", minimum required is "3") 
-- Using PYTHON_EXECUTABLE: /usr/bin/python3
-- Override CMake install command with custom implementation using symlinks instead of copying resources
-- Found ament_lint_auto: 0.9.8 (/opt/ros/foxy/share/ament_lint_auto/cmake)
-- Added test 'copyright' to check source files copyright and LICENSE
-- Added test 'flake8' to check Python code syntax and style conventions
-- Added test 'lint_cmake' to check CMake code style
-- Added test 'pep257' to check Python code against some of the style conventions in PEP 257
-- Added test 'xmllint' to check XML markup files
-- Configuring done
-- Generating done
-- Build files have been written to: /home/huhu/Documents/GitHub/swarm_robot/simulation_ws/src/build/tlbot_navigation2
-- Install configuration: ""
-- Execute custom install script
-- Symlinking: /home/huhu/Documents/GitHub/swarm_robot/simulation_ws/src/install/tlbot_navigation2/share/tlbot_navigation2/launch/navigation2.launch.py
-- Symlinking: /home/huhu/Documents/GitHub/swarm_robot/simulation_ws/src/install/tlbot_navigation2/share/tlbot_navigation2/map/simumap.pgm
-- Symlinking: /home/huhu/Documents/GitHub/swarm_robot/simulation_ws/src/install/tlbot_navigation2/share/tlbot_navigation2/map/simumap.yaml
-- Symlinking: /home/huhu/Documents/GitHub/swarm_robot/simulation_ws/src/install/tlbot_navigation2/share/tlbot_navigation2/param/tlbot.yaml
-- Symlinking: /home/huhu/Documents/GitHub/swarm_robot/simulation_ws/src/install/tlbot_navigation2/share/tlbot_navigation2/rviz/tlbot_navigation2.rviz
-- Symlinking: /home/huhu/Documents/GitHub/swarm_robot/simulation_ws/src/install/tlbot_navigation2/share/ament_index/resource_index/package_run_dependencies/tlbot_navigation2
-- Symlinking: /home/huhu/Documents/GitHub/swarm_robot/simulation_ws/src/install/tlbot_navigation2/share/ament_index/resource_index/parent_prefix_path/tlbot_navigation2
-- Symlinking: /home/huhu/Documents/GitHub/swarm_robot/simulation_ws/src/install/tlbot_navigation2/share/tlbot_navigation2/environment/ament_prefix_path.sh
-- Symlinking: /home/huhu/Documents/GitHub/swarm_robot/simulation_ws/src/install/tlbot_navigation2/share/tlbot_navigation2/environment/ament_prefix_path.dsv
-- Symlinking: /home/huhu/Documents/GitHub/swarm_robot/simulation_ws/src/install/tlbot_navigation2/share/tlbot_navigation2/environment/path.sh
-- Symlinking: /home/huhu/Documents/GitHub/swarm_robot/simulation_ws/src/install/tlbot_navigation2/share/tlbot_navigation2/environment/path.dsv
-- Symlinking: /home/huhu/Documents/GitHub/swarm_robot/simulation_ws/src/install/tlbot_navigation2/share/tlbot_navigation2/local_setup.bash
-- Symlinking: /home/huhu/Documents/GitHub/swarm_robot/simulation_ws/src/install/tlbot_navigation2/share/tlbot_navigation2/local_setup.sh
-- Symlinking: /home/huhu/Documents/GitHub/swarm_robot/simulation_ws/src/install/tlbot_navigation2/share/tlbot_navigation2/local_setup.zsh
-- Symlinking: /home/huhu/Documents/GitHub/swarm_robot/simulation_ws/src/install/tlbot_navigation2/share/tlbot_navigation2/local_setup.dsv
-- Symlinking: /home/huhu/Documents/GitHub/swarm_robot/simulation_ws/src/install/tlbot_navigation2/share/tlbot_navigation2/package.dsv
-- Symlinking: /home/huhu/Documents/GitHub/swarm_robot/simulation_ws/src/install/tlbot_navigation2/share/ament_index/resource_index/packages/tlbot_navigation2
-- Symlinking: /home/huhu/Documents/GitHub/swarm_robot/simulation_ws/src/install/tlbot_navigation2/share/tlbot_navigation2/cmake/tlbot_navigation2Config.cmake
-- Symlinking: /home/huhu/Documents/GitHub/swarm_robot/simulation_ws/src/install/tlbot_navigation2/share/tlbot_navigation2/cmake/tlbot_navigation2Config-version.cmake
-- Symlinking: /home/huhu/Documents/GitHub/swarm_robot/simulation_ws/src/install/tlbot_navigation2/share/tlbot_navigation2/package.xml
