[0.075s] Invoking command in '/home/huhu/Documents/GitHub/swarm_robot/simulation_ws/src/build/tlbot_navigation2': CMAKE_PREFIX_PATH=${CMAKE_PREFIX_PATH}:/opt/ros/foxy /usr/bin/cmake /home/huhu/Documents/GitHub/swarm_robot/simulation_ws/src/tlbot_navigation2 -DAMENT_CMAKE_SYMLINK_INSTALL=1 -DCMAKE_INSTALL_PREFIX=/home/huhu/Documents/GitHub/swarm_robot/simulation_ws/src/install/tlbot_navigation2
[0.597s] -- The C compiler identification is GNU 9.4.0
[1.215s] -- The CXX compiler identification is GNU 9.4.0
[1.273s] -- Check for working C compiler: /usr/bin/cc
[1.524s] -- Check for working C compiler: /usr/bin/cc -- works
[1.532s] -- Detecting C compiler ABI info
[1.722s] -- Detecting C compiler ABI info - done
[1.773s] -- Detecting C compile features
[1.773s] -- Detecting C compile features - done
[1.782s] -- Check for working CXX compiler: /usr/bin/c++
[2.025s] -- Check for working CXX compiler: /usr/bin/c++ -- works
[2.037s] -- Detecting CXX compiler ABI info
[2.250s] -- Detecting CXX compiler ABI info - done
[2.283s] -- Detecting CXX compile features
[2.283s] -- Detecting CXX compile features - done
[2.292s] -- Found ament_cmake: 0.9.12 (/opt/ros/foxy/share/ament_cmake/cmake)
[2.388s] -- Found PythonInterp: /usr/bin/python3 (found suitable version "3.8.10", minimum required is "3") 
[2.391s] -- Using PYTHON_EXECUTABLE: /usr/bin/python3
[2.770s] -- Override CMake install command with custom implementation using symlinks instead of copying resources
[2.973s] -- Found ament_lint_auto: 0.9.8 (/opt/ros/foxy/share/ament_lint_auto/cmake)
[3.221s] -- Added test 'copyright' to check source files copyright and LICENSE
[3.245s] -- Added test 'flake8' to check Python code syntax and style conventions
[3.246s] -- Added test 'lint_cmake' to check CMake code style
[3.248s] -- Added test 'pep257' to check Python code against some of the style conventions in PEP 257
[3.256s] -- Added test 'xmllint' to check XML markup files
[3.258s] -- Configuring done
[3.261s] -- Generating done
[3.272s] -- Build files have been written to: /home/huhu/Documents/GitHub/swarm_robot/simulation_ws/src/build/tlbot_navigation2
[3.289s] Invoked command in '/home/huhu/Documents/GitHub/swarm_robot/simulation_ws/src/build/tlbot_navigation2' returned '0': CMAKE_PREFIX_PATH=${CMAKE_PREFIX_PATH}:/opt/ros/foxy /usr/bin/cmake /home/huhu/Documents/GitHub/swarm_robot/simulation_ws/src/tlbot_navigation2 -DAMENT_CMAKE_SYMLINK_INSTALL=1 -DCMAKE_INSTALL_PREFIX=/home/huhu/Documents/GitHub/swarm_robot/simulation_ws/src/install/tlbot_navigation2
[3.291s] Invoking command in '/home/huhu/Documents/GitHub/swarm_robot/simulation_ws/src/build/tlbot_navigation2': CMAKE_PREFIX_PATH=${CMAKE_PREFIX_PATH}:/opt/ros/foxy /usr/bin/cmake --build /home/huhu/Documents/GitHub/swarm_robot/simulation_ws/src/build/tlbot_navigation2 -- -j6 -l6
[3.388s] Invoked command in '/home/huhu/Documents/GitHub/swarm_robot/simulation_ws/src/build/tlbot_navigation2' returned '0': CMAKE_PREFIX_PATH=${CMAKE_PREFIX_PATH}:/opt/ros/foxy /usr/bin/cmake --build /home/huhu/Documents/GitHub/swarm_robot/simulation_ws/src/build/tlbot_navigation2 -- -j6 -l6
[3.509s] Invoking command in '/home/huhu/Documents/GitHub/swarm_robot/simulation_ws/src/build/tlbot_navigation2': CMAKE_PREFIX_PATH=${CMAKE_PREFIX_PATH}:/opt/ros/foxy /usr/bin/cmake --install /home/huhu/Documents/GitHub/swarm_robot/simulation_ws/src/build/tlbot_navigation2
[3.519s] -- Install configuration: ""
[3.520s] -- Execute custom install script
[3.531s] -- Symlinking: /home/huhu/Documents/GitHub/swarm_robot/simulation_ws/src/install/tlbot_navigation2/share/tlbot_navigation2/launch/navigation2.launch.py
[3.539s] -- Symlinking: /home/huhu/Documents/GitHub/swarm_robot/simulation_ws/src/install/tlbot_navigation2/share/tlbot_navigation2/map/simumap.pgm
[3.561s] -- Symlinking: /home/huhu/Documents/GitHub/swarm_robot/simulation_ws/src/install/tlbot_navigation2/share/tlbot_navigation2/map/simumap.yaml
[3.578s] -- Symlinking: /home/huhu/Documents/GitHub/swarm_robot/simulation_ws/src/install/tlbot_navigation2/share/tlbot_navigation2/param/tlbot.yaml
[3.601s] -- Symlinking: /home/huhu/Documents/GitHub/swarm_robot/simulation_ws/src/install/tlbot_navigation2/share/tlbot_navigation2/rviz/tlbot_navigation2.rviz
[3.621s] -- Symlinking: /home/huhu/Documents/GitHub/swarm_robot/simulation_ws/src/install/tlbot_navigation2/share/ament_index/resource_index/package_run_dependencies/tlbot_navigation2
[3.641s] -- Symlinking: /home/huhu/Documents/GitHub/swarm_robot/simulation_ws/src/install/tlbot_navigation2/share/ament_index/resource_index/parent_prefix_path/tlbot_navigation2
[3.659s] -- Symlinking: /home/huhu/Documents/GitHub/swarm_robot/simulation_ws/src/install/tlbot_navigation2/share/tlbot_navigation2/environment/ament_prefix_path.sh
[3.683s] -- Symlinking: /home/huhu/Documents/GitHub/swarm_robot/simulation_ws/src/install/tlbot_navigation2/share/tlbot_navigation2/environment/ament_prefix_path.dsv
[3.703s] -- Symlinking: /home/huhu/Documents/GitHub/swarm_robot/simulation_ws/src/install/tlbot_navigation2/share/tlbot_navigation2/environment/path.sh
[3.723s] -- Symlinking: /home/huhu/Documents/GitHub/swarm_robot/simulation_ws/src/install/tlbot_navigation2/share/tlbot_navigation2/environment/path.dsv
[3.743s] -- Symlinking: /home/huhu/Documents/GitHub/swarm_robot/simulation_ws/src/install/tlbot_navigation2/share/tlbot_navigation2/local_setup.bash
[3.773s] -- Symlinking: /home/huhu/Documents/GitHub/swarm_robot/simulation_ws/src/install/tlbot_navigation2/share/tlbot_navigation2/local_setup.sh
[3.791s] -- Symlinking: /home/huhu/Documents/GitHub/swarm_robot/simulation_ws/src/install/tlbot_navigation2/share/tlbot_navigation2/local_setup.zsh
[3.814s] -- Symlinking: /home/huhu/Documents/GitHub/swarm_robot/simulation_ws/src/install/tlbot_navigation2/share/tlbot_navigation2/local_setup.dsv
[3.840s] -- Symlinking: /home/huhu/Documents/GitHub/swarm_robot/simulation_ws/src/install/tlbot_navigation2/share/tlbot_navigation2/package.dsv
[3.895s] -- Symlinking: /home/huhu/Documents/GitHub/swarm_robot/simulation_ws/src/install/tlbot_navigation2/share/ament_index/resource_index/packages/tlbot_navigation2
[3.927s] -- Symlinking: /home/huhu/Documents/GitHub/swarm_robot/simulation_ws/src/install/tlbot_navigation2/share/tlbot_navigation2/cmake/tlbot_navigation2Config.cmake
[3.940s] -- Symlinking: /home/huhu/Documents/GitHub/swarm_robot/simulation_ws/src/install/tlbot_navigation2/share/tlbot_navigation2/cmake/tlbot_navigation2Config-version.cmake
[3.964s] -- Symlinking: /home/huhu/Documents/GitHub/swarm_robot/simulation_ws/src/install/tlbot_navigation2/share/tlbot_navigation2/package.xml
[4.006s] Invoked command in '/home/huhu/Documents/GitHub/swarm_robot/simulation_ws/src/build/tlbot_navigation2' returned '0': CMAKE_PREFIX_PATH=${CMAKE_PREFIX_PATH}:/opt/ros/foxy /usr/bin/cmake --install /home/huhu/Documents/GitHub/swarm_robot/simulation_ws/src/build/tlbot_navigation2
