[1.206s] DEBUG:colcon:Command line arguments: ['/usr/bin/colcon', 'build', '--symlink-install']
[1.206s] DEBUG:colcon:Parsed command line arguments: Namespace(allow_overriding=[], ament_cmake_args=None, base_paths=['.'], build_base='build', catkin_cmake_args=None, catkin_skip_building_tests=False, cmake_args=None, cmake_clean_cache=False, cmake_clean_first=False, cmake_force_configure=False, cmake_target=None, cmake_target_skip_unavailable=False, continue_on_error=False, event_handlers=None, executor='parallel', ignore_user_meta=False, install_base='install', log_base=None, log_level=None, main=<bound method BuildVerb.main of <colcon_core.verb.build.BuildVerb object at 0x7f2a4dc43490>>, merge_install=False, metas=['./colcon.meta'], packages_above=None, packages_above_and_dependencies=None, packages_above_depth=None, packages_end=None, packages_ignore=None, packages_ignore_regex=None, packages_select=None, packages_select_build_failed=False, packages_select_by_dep=None, packages_select_regex=None, packages_select_test_failures=False, packages_skip=None, packages_skip_build_finished=False, packages_skip_by_dep=None, packages_skip_regex=None, packages_skip_test_passed=False, packages_skip_up_to=None, packages_start=None, packages_up_to=None, packages_up_to_regex=None, parallel_workers=6, paths=None, symlink_install=True, test_result_base=None, verb_extension=<colcon_core.verb.build.BuildVerb object at 0x7f2a4dc43490>, verb_name='build', verb_parser=<colcon_defaults.argument_parser.defaults.DefaultArgumentsDecorator object at 0x7f2a4dc43c10>)
[1.697s] Level 1:colcon.colcon_core.package_discovery:discover_packages(colcon_meta) check parameters
[1.697s] Level 1:colcon.colcon_core.package_discovery:discover_packages(recursive) check parameters
[1.698s] Level 1:colcon.colcon_core.package_discovery:discover_packages(ignore) check parameters
[1.698s] Level 1:colcon.colcon_core.package_discovery:discover_packages(path) check parameters
[1.698s] Level 1:colcon.colcon_core.package_discovery:discover_packages(colcon_meta) discover
[1.698s] Level 1:colcon.colcon_core.package_discovery:discover_packages(recursive) discover
[1.698s] INFO:colcon.colcon_core.package_discovery:Crawling recursively for packages in '/home/huhu/Documents/GitHub/swarm_robot/simulation_ws/src'
[1.698s] Level 1:colcon.colcon_core.package_identification:_identify(.) by extensions ['ignore', 'ignore_ament_install']
[1.698s] Level 1:colcon.colcon_core.package_identification:_identify(.) by extension 'ignore'
[1.699s] Level 1:colcon.colcon_core.package_identification:_identify(.) by extension 'ignore_ament_install'
[1.699s] Level 1:colcon.colcon_core.package_identification:_identify(.) by extensions ['colcon_pkg']
[1.699s] Level 1:colcon.colcon_core.package_identification:_identify(.) by extension 'colcon_pkg'
[1.699s] Level 1:colcon.colcon_core.package_identification:_identify(.) by extensions ['colcon_meta']
[1.699s] Level 1:colcon.colcon_core.package_identification:_identify(.) by extension 'colcon_meta'
[1.699s] Level 1:colcon.colcon_core.package_identification:_identify(.) by extensions ['ros']
[1.699s] Level 1:colcon.colcon_core.package_identification:_identify(.) by extension 'ros'
[1.747s] Level 1:colcon.colcon_core.package_identification:_identify(.) by extensions ['cmake', 'python']
[1.747s] Level 1:colcon.colcon_core.package_identification:_identify(.) by extension 'cmake'
[1.747s] Level 1:colcon.colcon_core.package_identification:_identify(.) by extension 'python'
[1.748s] Level 1:colcon.colcon_core.package_identification:_identify(.) by extensions ['python_setup_py']
[1.748s] Level 1:colcon.colcon_core.package_identification:_identify(.) by extension 'python_setup_py'
[1.748s] Level 1:colcon.colcon_core.package_identification:_identify(build) by extensions ['ignore', 'ignore_ament_install']
[1.748s] Level 1:colcon.colcon_core.package_identification:_identify(build) by extension 'ignore'
[1.748s] Level 1:colcon.colcon_core.package_identification:_identify(build) ignored
[1.750s] Level 1:colcon.colcon_core.package_identification:_identify(cartographer) by extensions ['ignore', 'ignore_ament_install']
[1.750s] Level 1:colcon.colcon_core.package_identification:_identify(cartographer) by extension 'ignore'
[1.751s] Level 1:colcon.colcon_core.package_identification:_identify(cartographer) by extension 'ignore_ament_install'
[1.751s] Level 1:colcon.colcon_core.package_identification:_identify(cartographer) by extensions ['colcon_pkg']
[1.751s] Level 1:colcon.colcon_core.package_identification:_identify(cartographer) by extension 'colcon_pkg'
[1.751s] Level 1:colcon.colcon_core.package_identification:_identify(cartographer) by extensions ['colcon_meta']
[1.751s] Level 1:colcon.colcon_core.package_identification:_identify(cartographer) by extension 'colcon_meta'
[1.751s] Level 1:colcon.colcon_core.package_identification:_identify(cartographer) by extensions ['ros']
[1.751s] Level 1:colcon.colcon_core.package_identification:_identify(cartographer) by extension 'ros'
[1.765s] DEBUG:colcon.colcon_core.package_identification:Package 'cartographer' with type 'ros.ament_cmake' and name 'cartographer'
[1.765s] Level 1:colcon.colcon_core.package_identification:_identify(install) by extensions ['ignore', 'ignore_ament_install']
[1.765s] Level 1:colcon.colcon_core.package_identification:_identify(install) by extension 'ignore'
[1.766s] Level 1:colcon.colcon_core.package_identification:_identify(install) ignored
[1.766s] Level 1:colcon.colcon_core.package_identification:_identify(log) by extensions ['ignore', 'ignore_ament_install']
[1.766s] Level 1:colcon.colcon_core.package_identification:_identify(log) by extension 'ignore'
[1.766s] Level 1:colcon.colcon_core.package_identification:_identify(log) ignored
[1.767s] Level 1:colcon.colcon_core.package_identification:_identify(navigation) by extensions ['ignore', 'ignore_ament_install']
[1.768s] Level 1:colcon.colcon_core.package_identification:_identify(navigation) by extension 'ignore'
[1.768s] Level 1:colcon.colcon_core.package_identification:_identify(navigation) by extension 'ignore_ament_install'
[1.768s] Level 1:colcon.colcon_core.package_identification:_identify(navigation) by extensions ['colcon_pkg']
[1.768s] Level 1:colcon.colcon_core.package_identification:_identify(navigation) by extension 'colcon_pkg'
[1.768s] Level 1:colcon.colcon_core.package_identification:_identify(navigation) by extensions ['colcon_meta']
[1.768s] Level 1:colcon.colcon_core.package_identification:_identify(navigation) by extension 'colcon_meta'
[1.768s] Level 1:colcon.colcon_core.package_identification:_identify(navigation) by extensions ['ros']
[1.768s] Level 1:colcon.colcon_core.package_identification:_identify(navigation) by extension 'ros'
[1.774s] DEBUG:colcon.colcon_core.package_identification:Package 'navigation' with type 'ros.ament_cmake' and name 'navigation'
[1.776s] Level 1:colcon.colcon_core.package_identification:_identify(robot_bringup) by extensions ['ignore', 'ignore_ament_install']
[1.776s] Level 1:colcon.colcon_core.package_identification:_identify(robot_bringup) by extension 'ignore'
[1.776s] Level 1:colcon.colcon_core.package_identification:_identify(robot_bringup) by extension 'ignore_ament_install'
[1.777s] Level 1:colcon.colcon_core.package_identification:_identify(robot_bringup) by extensions ['colcon_pkg']
[1.777s] Level 1:colcon.colcon_core.package_identification:_identify(robot_bringup) by extension 'colcon_pkg'
[1.777s] Level 1:colcon.colcon_core.package_identification:_identify(robot_bringup) by extensions ['colcon_meta']
[1.777s] Level 1:colcon.colcon_core.package_identification:_identify(robot_bringup) by extension 'colcon_meta'
[1.777s] Level 1:colcon.colcon_core.package_identification:_identify(robot_bringup) by extensions ['ros']
[1.777s] Level 1:colcon.colcon_core.package_identification:_identify(robot_bringup) by extension 'ros'
[1.781s] DEBUG:colcon.colcon_core.package_identification:Package 'robot_bringup' with type 'ros.ament_cmake' and name 'robot_bringup'
[1.782s] Level 1:colcon.colcon_core.package_identification:_identify(tlbot_navigation2) by extensions ['ignore', 'ignore_ament_install']
[1.783s] Level 1:colcon.colcon_core.package_identification:_identify(tlbot_navigation2) by extension 'ignore'
[1.783s] Level 1:colcon.colcon_core.package_identification:_identify(tlbot_navigation2) by extension 'ignore_ament_install'
[1.783s] Level 1:colcon.colcon_core.package_identification:_identify(tlbot_navigation2) by extensions ['colcon_pkg']
[1.783s] Level 1:colcon.colcon_core.package_identification:_identify(tlbot_navigation2) by extension 'colcon_pkg'
[1.783s] Level 1:colcon.colcon_core.package_identification:_identify(tlbot_navigation2) by extensions ['colcon_meta']
[1.783s] Level 1:colcon.colcon_core.package_identification:_identify(tlbot_navigation2) by extension 'colcon_meta'
[1.783s] Level 1:colcon.colcon_core.package_identification:_identify(tlbot_navigation2) by extensions ['ros']
[1.783s] Level 1:colcon.colcon_core.package_identification:_identify(tlbot_navigation2) by extension 'ros'
[1.785s] DEBUG:colcon.colcon_core.package_identification:Package 'tlbot_navigation2' with type 'ros.ament_cmake' and name 'tlbot_navigation2'
[1.785s] Level 1:colcon.colcon_core.package_discovery:discover_packages(recursive) using defaults
[1.786s] Level 1:colcon.colcon_core.package_discovery:discover_packages(ignore) discover
[1.786s] Level 1:colcon.colcon_core.package_discovery:discover_packages(ignore) using defaults
[1.786s] Level 1:colcon.colcon_core.package_discovery:discover_packages(path) discover
[1.786s] Level 1:colcon.colcon_core.package_discovery:discover_packages(path) using defaults
[1.891s] Level 1:colcon.colcon_core.package_discovery:discover_packages(prefix_path) check parameters
[1.891s] Level 1:colcon.colcon_core.package_discovery:discover_packages(prefix_path) discover
[1.917s] DEBUG:colcon.colcon_installed_package_information.package_discovery:Found 2 installed packages in /home/huhu/ros2_ws/install
[1.920s] DEBUG:colcon.colcon_installed_package_information.package_discovery:Found 267 installed packages in /opt/ros/foxy
[1.924s] Level 1:colcon.colcon_core.package_discovery:discover_packages(prefix_path) using defaults
[2.366s] Level 5:colcon.colcon_core.verb:set package 'cartographer' build argument 'cmake_args' from command line to 'None'
[2.366s] Level 5:colcon.colcon_core.verb:set package 'cartographer' build argument 'cmake_target' from command line to 'None'
[2.367s] Level 5:colcon.colcon_core.verb:set package 'cartographer' build argument 'cmake_target_skip_unavailable' from command line to 'False'
[2.367s] Level 5:colcon.colcon_core.verb:set package 'cartographer' build argument 'cmake_clean_cache' from command line to 'False'
[2.367s] Level 5:colcon.colcon_core.verb:set package 'cartographer' build argument 'cmake_clean_first' from command line to 'False'
[2.367s] Level 5:colcon.colcon_core.verb:set package 'cartographer' build argument 'cmake_force_configure' from command line to 'False'
[2.367s] Level 5:colcon.colcon_core.verb:set package 'cartographer' build argument 'ament_cmake_args' from command line to 'None'
[2.367s] Level 5:colcon.colcon_core.verb:set package 'cartographer' build argument 'catkin_cmake_args' from command line to 'None'
[2.367s] Level 5:colcon.colcon_core.verb:set package 'cartographer' build argument 'catkin_skip_building_tests' from command line to 'False'
[2.367s] DEBUG:colcon.colcon_core.verb:Building package 'cartographer' with the following arguments: {'ament_cmake_args': None, 'build_base': '/home/huhu/Documents/GitHub/swarm_robot/simulation_ws/src/build/cartographer', 'catkin_cmake_args': None, 'catkin_skip_building_tests': False, 'cmake_args': None, 'cmake_clean_cache': False, 'cmake_clean_first': False, 'cmake_force_configure': False, 'cmake_target': None, 'cmake_target_skip_unavailable': False, 'install_base': '/home/huhu/Documents/GitHub/swarm_robot/simulation_ws/src/install/cartographer', 'merge_install': False, 'path': '/home/huhu/Documents/GitHub/swarm_robot/simulation_ws/src/cartographer', 'symlink_install': True, 'test_result_base': None}
[2.368s] Level 5:colcon.colcon_core.verb:set package 'robot_bringup' build argument 'cmake_args' from command line to 'None'
[2.368s] Level 5:colcon.colcon_core.verb:set package 'robot_bringup' build argument 'cmake_target' from command line to 'None'
[2.368s] Level 5:colcon.colcon_core.verb:set package 'robot_bringup' build argument 'cmake_target_skip_unavailable' from command line to 'False'
[2.368s] Level 5:colcon.colcon_core.verb:set package 'robot_bringup' build argument 'cmake_clean_cache' from command line to 'False'
[2.368s] Level 5:colcon.colcon_core.verb:set package 'robot_bringup' build argument 'cmake_clean_first' from command line to 'False'
[2.368s] Level 5:colcon.colcon_core.verb:set package 'robot_bringup' build argument 'cmake_force_configure' from command line to 'False'
[2.368s] Level 5:colcon.colcon_core.verb:set package 'robot_bringup' build argument 'ament_cmake_args' from command line to 'None'
[2.368s] Level 5:colcon.colcon_core.verb:set package 'robot_bringup' build argument 'catkin_cmake_args' from command line to 'None'
[2.368s] Level 5:colcon.colcon_core.verb:set package 'robot_bringup' build argument 'catkin_skip_building_tests' from command line to 'False'
[2.368s] DEBUG:colcon.colcon_core.verb:Building package 'robot_bringup' with the following arguments: {'ament_cmake_args': None, 'build_base': '/home/huhu/Documents/GitHub/swarm_robot/simulation_ws/src/build/robot_bringup', 'catkin_cmake_args': None, 'catkin_skip_building_tests': False, 'cmake_args': None, 'cmake_clean_cache': False, 'cmake_clean_first': False, 'cmake_force_configure': False, 'cmake_target': None, 'cmake_target_skip_unavailable': False, 'install_base': '/home/huhu/Documents/GitHub/swarm_robot/simulation_ws/src/install/robot_bringup', 'merge_install': False, 'path': '/home/huhu/Documents/GitHub/swarm_robot/simulation_ws/src/robot_bringup', 'symlink_install': True, 'test_result_base': None}
[2.369s] Level 5:colcon.colcon_core.verb:set package 'tlbot_navigation2' build argument 'cmake_args' from command line to 'None'
[2.369s] Level 5:colcon.colcon_core.verb:set package 'tlbot_navigation2' build argument 'cmake_target' from command line to 'None'
[2.369s] Level 5:colcon.colcon_core.verb:set package 'tlbot_navigation2' build argument 'cmake_target_skip_unavailable' from command line to 'False'
[2.369s] Level 5:colcon.colcon_core.verb:set package 'tlbot_navigation2' build argument 'cmake_clean_cache' from command line to 'False'
[2.369s] Level 5:colcon.colcon_core.verb:set package 'tlbot_navigation2' build argument 'cmake_clean_first' from command line to 'False'
[2.369s] Level 5:colcon.colcon_core.verb:set package 'tlbot_navigation2' build argument 'cmake_force_configure' from command line to 'False'
[2.369s] Level 5:colcon.colcon_core.verb:set package 'tlbot_navigation2' build argument 'ament_cmake_args' from command line to 'None'
[2.369s] Level 5:colcon.colcon_core.verb:set package 'tlbot_navigation2' build argument 'catkin_cmake_args' from command line to 'None'
[2.369s] Level 5:colcon.colcon_core.verb:set package 'tlbot_navigation2' build argument 'catkin_skip_building_tests' from command line to 'False'
[2.369s] DEBUG:colcon.colcon_core.verb:Building package 'tlbot_navigation2' with the following arguments: {'ament_cmake_args': None, 'build_base': '/home/huhu/Documents/GitHub/swarm_robot/simulation_ws/src/build/tlbot_navigation2', 'catkin_cmake_args': None, 'catkin_skip_building_tests': False, 'cmake_args': None, 'cmake_clean_cache': False, 'cmake_clean_first': False, 'cmake_force_configure': False, 'cmake_target': None, 'cmake_target_skip_unavailable': False, 'install_base': '/home/huhu/Documents/GitHub/swarm_robot/simulation_ws/src/install/tlbot_navigation2', 'merge_install': False, 'path': '/home/huhu/Documents/GitHub/swarm_robot/simulation_ws/src/tlbot_navigation2', 'symlink_install': True, 'test_result_base': None}
[2.370s] Level 5:colcon.colcon_core.verb:set package 'navigation' build argument 'cmake_args' from command line to 'None'
[2.370s] Level 5:colcon.colcon_core.verb:set package 'navigation' build argument 'cmake_target' from command line to 'None'
[2.370s] Level 5:colcon.colcon_core.verb:set package 'navigation' build argument 'cmake_target_skip_unavailable' from command line to 'False'
[2.370s] Level 5:colcon.colcon_core.verb:set package 'navigation' build argument 'cmake_clean_cache' from command line to 'False'
[2.370s] Level 5:colcon.colcon_core.verb:set package 'navigation' build argument 'cmake_clean_first' from command line to 'False'
[2.370s] Level 5:colcon.colcon_core.verb:set package 'navigation' build argument 'cmake_force_configure' from command line to 'False'
[2.370s] Level 5:colcon.colcon_core.verb:set package 'navigation' build argument 'ament_cmake_args' from command line to 'None'
[2.370s] Level 5:colcon.colcon_core.verb:set package 'navigation' build argument 'catkin_cmake_args' from command line to 'None'
[2.370s] Level 5:colcon.colcon_core.verb:set package 'navigation' build argument 'catkin_skip_building_tests' from command line to 'False'
[2.370s] DEBUG:colcon.colcon_core.verb:Building package 'navigation' with the following arguments: {'ament_cmake_args': None, 'build_base': '/home/huhu/Documents/GitHub/swarm_robot/simulation_ws/src/build/navigation', 'catkin_cmake_args': None, 'catkin_skip_building_tests': False, 'cmake_args': None, 'cmake_clean_cache': False, 'cmake_clean_first': False, 'cmake_force_configure': False, 'cmake_target': None, 'cmake_target_skip_unavailable': False, 'install_base': '/home/huhu/Documents/GitHub/swarm_robot/simulation_ws/src/install/navigation', 'merge_install': False, 'path': '/home/huhu/Documents/GitHub/swarm_robot/simulation_ws/src/navigation', 'symlink_install': True, 'test_result_base': None}
[2.370s] INFO:colcon.colcon_core.executor:Executing jobs using 'parallel' executor
[2.373s] DEBUG:colcon.colcon_parallel_executor.executor.parallel:run_until_complete
[2.373s] INFO:colcon.colcon_ros.task.ament_cmake.build:Building ROS package in '/home/huhu/Documents/GitHub/swarm_robot/simulation_ws/src/cartographer' with build type 'ament_cmake'
[2.373s] INFO:colcon.colcon_cmake.task.cmake.build:Building CMake package in '/home/huhu/Documents/GitHub/swarm_robot/simulation_ws/src/cartographer'
[2.419s] INFO:colcon.colcon_core.plugin_system:Skipping extension 'colcon_core.shell.bat': Not used on non-Windows systems
[2.420s] INFO:colcon.colcon_core.shell:Skip shell extension 'powershell' for command environment: Not usable outside of PowerShell
[2.420s] DEBUG:colcon.colcon_core.shell:Skip shell extension 'dsv' for command environment
[2.446s] INFO:colcon.colcon_ros.task.ament_cmake.build:Building ROS package in '/home/huhu/Documents/GitHub/swarm_robot/simulation_ws/src/tlbot_navigation2' with build type 'ament_cmake'
[2.447s] INFO:colcon.colcon_cmake.task.cmake.build:Building CMake package in '/home/huhu/Documents/GitHub/swarm_robot/simulation_ws/src/tlbot_navigation2'
[2.449s] INFO:colcon.colcon_core.shell:Skip shell extension 'powershell' for command environment: Not usable outside of PowerShell
[2.450s] DEBUG:colcon.colcon_core.shell:Skip shell extension 'dsv' for command environment
[2.465s] INFO:colcon.colcon_ros.task.ament_cmake.build:Building ROS package in '/home/huhu/Documents/GitHub/swarm_robot/simulation_ws/src/robot_bringup' with build type 'ament_cmake'
[2.465s] INFO:colcon.colcon_cmake.task.cmake.build:Building CMake package in '/home/huhu/Documents/GitHub/swarm_robot/simulation_ws/src/robot_bringup'
[2.466s] INFO:colcon.colcon_core.shell:Skip shell extension 'powershell' for command environment: Not usable outside of PowerShell
[2.466s] DEBUG:colcon.colcon_core.shell:Skip shell extension 'dsv' for command environment
[2.493s] DEBUG:colcon.colcon_core.event_handler.log_command:Invoking command in '/home/huhu/Documents/GitHub/swarm_robot/simulation_ws/src/build/cartographer': CMAKE_PREFIX_PATH=${CMAKE_PREFIX_PATH}:/opt/ros/foxy /usr/bin/cmake /home/huhu/Documents/GitHub/swarm_robot/simulation_ws/src/cartographer -DAMENT_CMAKE_SYMLINK_INSTALL=1 -DCMAKE_INSTALL_PREFIX=/home/huhu/Documents/GitHub/swarm_robot/simulation_ws/src/install/cartographer
[2.524s] DEBUG:colcon.colcon_core.event_handler.log_command:Invoking command in '/home/huhu/Documents/GitHub/swarm_robot/simulation_ws/src/build/tlbot_navigation2': CMAKE_PREFIX_PATH=${CMAKE_PREFIX_PATH}:/opt/ros/foxy /usr/bin/cmake /home/huhu/Documents/GitHub/swarm_robot/simulation_ws/src/tlbot_navigation2 -DAMENT_CMAKE_SYMLINK_INSTALL=1 -DCMAKE_INSTALL_PREFIX=/home/huhu/Documents/GitHub/swarm_robot/simulation_ws/src/install/tlbot_navigation2
[2.572s] DEBUG:colcon.colcon_core.event_handler.log_command:Invoking command in '/home/huhu/Documents/GitHub/swarm_robot/simulation_ws/src/build/robot_bringup': CMAKE_PREFIX_PATH=${CMAKE_PREFIX_PATH}:/opt/ros/foxy /usr/bin/cmake /home/huhu/Documents/GitHub/swarm_robot/simulation_ws/src/robot_bringup -DAMENT_CMAKE_SYMLINK_INSTALL=1 -DCMAKE_INSTALL_PREFIX=/home/huhu/Documents/GitHub/swarm_robot/simulation_ws/src/install/robot_bringup
[5.737s] DEBUG:colcon.colcon_core.event_handler.log_command:Invoked command in '/home/huhu/Documents/GitHub/swarm_robot/simulation_ws/src/build/tlbot_navigation2' returned '0': CMAKE_PREFIX_PATH=${CMAKE_PREFIX_PATH}:/opt/ros/foxy /usr/bin/cmake /home/huhu/Documents/GitHub/swarm_robot/simulation_ws/src/tlbot_navigation2 -DAMENT_CMAKE_SYMLINK_INSTALL=1 -DCMAKE_INSTALL_PREFIX=/home/huhu/Documents/GitHub/swarm_robot/simulation_ws/src/install/tlbot_navigation2
[5.739s] DEBUG:colcon.colcon_core.event_handler.log_command:Invoking command in '/home/huhu/Documents/GitHub/swarm_robot/simulation_ws/src/build/tlbot_navigation2': CMAKE_PREFIX_PATH=${CMAKE_PREFIX_PATH}:/opt/ros/foxy /usr/bin/cmake --build /home/huhu/Documents/GitHub/swarm_robot/simulation_ws/src/build/tlbot_navigation2 -- -j6 -l6
[5.742s] DEBUG:colcon.colcon_core.event_handler.log_command:Invoked command in '/home/huhu/Documents/GitHub/swarm_robot/simulation_ws/src/build/cartographer' returned '0': CMAKE_PREFIX_PATH=${CMAKE_PREFIX_PATH}:/opt/ros/foxy /usr/bin/cmake /home/huhu/Documents/GitHub/swarm_robot/simulation_ws/src/cartographer -DAMENT_CMAKE_SYMLINK_INSTALL=1 -DCMAKE_INSTALL_PREFIX=/home/huhu/Documents/GitHub/swarm_robot/simulation_ws/src/install/cartographer
[5.749s] DEBUG:colcon.colcon_core.event_handler.log_command:Invoking command in '/home/huhu/Documents/GitHub/swarm_robot/simulation_ws/src/build/cartographer': CMAKE_PREFIX_PATH=${CMAKE_PREFIX_PATH}:/opt/ros/foxy /usr/bin/cmake --build /home/huhu/Documents/GitHub/swarm_robot/simulation_ws/src/build/cartographer -- -j6 -l6
[5.777s] DEBUG:colcon.colcon_core.event_handler.log_command:Invoked command in '/home/huhu/Documents/GitHub/swarm_robot/simulation_ws/src/build/robot_bringup' returned '0': CMAKE_PREFIX_PATH=${CMAKE_PREFIX_PATH}:/opt/ros/foxy /usr/bin/cmake /home/huhu/Documents/GitHub/swarm_robot/simulation_ws/src/robot_bringup -DAMENT_CMAKE_SYMLINK_INSTALL=1 -DCMAKE_INSTALL_PREFIX=/home/huhu/Documents/GitHub/swarm_robot/simulation_ws/src/install/robot_bringup
[5.780s] DEBUG:colcon.colcon_core.event_handler.log_command:Invoking command in '/home/huhu/Documents/GitHub/swarm_robot/simulation_ws/src/build/robot_bringup': CMAKE_PREFIX_PATH=${CMAKE_PREFIX_PATH}:/opt/ros/foxy /usr/bin/cmake --build /home/huhu/Documents/GitHub/swarm_robot/simulation_ws/src/build/robot_bringup -- -j6 -l6
[5.837s] DEBUG:colcon.colcon_core.event_handler.log_command:Invoked command in '/home/huhu/Documents/GitHub/swarm_robot/simulation_ws/src/build/tlbot_navigation2' returned '0': CMAKE_PREFIX_PATH=${CMAKE_PREFIX_PATH}:/opt/ros/foxy /usr/bin/cmake --build /home/huhu/Documents/GitHub/swarm_robot/simulation_ws/src/build/tlbot_navigation2 -- -j6 -l6
[5.857s] DEBUG:colcon.colcon_core.event_handler.log_command:Invoked command in '/home/huhu/Documents/GitHub/swarm_robot/simulation_ws/src/build/cartographer' returned '0': CMAKE_PREFIX_PATH=${CMAKE_PREFIX_PATH}:/opt/ros/foxy /usr/bin/cmake --build /home/huhu/Documents/GitHub/swarm_robot/simulation_ws/src/build/cartographer -- -j6 -l6
[5.885s] DEBUG:colcon.colcon_core.event_handler.log_command:Invoked command in '/home/huhu/Documents/GitHub/swarm_robot/simulation_ws/src/build/robot_bringup' returned '0': CMAKE_PREFIX_PATH=${CMAKE_PREFIX_PATH}:/opt/ros/foxy /usr/bin/cmake --build /home/huhu/Documents/GitHub/swarm_robot/simulation_ws/src/build/robot_bringup -- -j6 -l6
[5.957s] DEBUG:colcon.colcon_core.event_handler.log_command:Invoking command in '/home/huhu/Documents/GitHub/swarm_robot/simulation_ws/src/build/tlbot_navigation2': CMAKE_PREFIX_PATH=${CMAKE_PREFIX_PATH}:/opt/ros/foxy /usr/bin/cmake --install /home/huhu/Documents/GitHub/swarm_robot/simulation_ws/src/build/tlbot_navigation2
[5.963s] DEBUG:colcon.colcon_core.event_handler.log_command:Invoking command in '/home/huhu/Documents/GitHub/swarm_robot/simulation_ws/src/build/cartographer': CMAKE_PREFIX_PATH=${CMAKE_PREFIX_PATH}:/opt/ros/foxy /usr/bin/cmake --install /home/huhu/Documents/GitHub/swarm_robot/simulation_ws/src/build/cartographer
[5.997s] DEBUG:colcon.colcon_core.event_handler.log_command:Invoking command in '/home/huhu/Documents/GitHub/swarm_robot/simulation_ws/src/build/robot_bringup': CMAKE_PREFIX_PATH=${CMAKE_PREFIX_PATH}:/opt/ros/foxy /usr/bin/cmake --install /home/huhu/Documents/GitHub/swarm_robot/simulation_ws/src/build/robot_bringup
[6.452s] Level 1:colcon.colcon_core.environment:create_environment_scripts_only(tlbot_navigation2)
[6.454s] DEBUG:colcon.colcon_core.event_handler.log_command:Invoked command in '/home/huhu/Documents/GitHub/swarm_robot/simulation_ws/src/build/tlbot_navigation2' returned '0': CMAKE_PREFIX_PATH=${CMAKE_PREFIX_PATH}:/opt/ros/foxy /usr/bin/cmake --install /home/huhu/Documents/GitHub/swarm_robot/simulation_ws/src/build/tlbot_navigation2
[6.509s] Level 1:colcon.colcon_core.environment:checking '/home/huhu/Documents/GitHub/swarm_robot/simulation_ws/src/install/tlbot_navigation2' for CMake module files
[6.510s] Level 1:colcon.colcon_core.environment:checking '/home/huhu/Documents/GitHub/swarm_robot/simulation_ws/src/install/tlbot_navigation2' for CMake config files
[6.511s] Level 1:colcon.colcon_core.shell:create_environment_hook('tlbot_navigation2', 'cmake_prefix_path')
[6.512s] INFO:colcon.colcon_core.shell:Creating environment hook '/home/huhu/Documents/GitHub/swarm_robot/simulation_ws/src/install/tlbot_navigation2/share/tlbot_navigation2/hook/cmake_prefix_path.ps1'
[6.527s] INFO:colcon.colcon_core.shell:Creating environment descriptor '/home/huhu/Documents/GitHub/swarm_robot/simulation_ws/src/install/tlbot_navigation2/share/tlbot_navigation2/hook/cmake_prefix_path.dsv'
[6.532s] INFO:colcon.colcon_core.shell:Creating environment hook '/home/huhu/Documents/GitHub/swarm_robot/simulation_ws/src/install/tlbot_navigation2/share/tlbot_navigation2/hook/cmake_prefix_path.sh'
[6.544s] Level 1:colcon.colcon_core.environment:checking '/home/huhu/Documents/GitHub/swarm_robot/simulation_ws/src/install/tlbot_navigation2/bin'
[6.544s] Level 1:colcon.colcon_core.environment:checking '/home/huhu/Documents/GitHub/swarm_robot/simulation_ws/src/install/tlbot_navigation2/lib/pkgconfig/tlbot_navigation2.pc'
[6.545s] Level 1:colcon.colcon_core.environment:checking '/home/huhu/Documents/GitHub/swarm_robot/simulation_ws/src/install/tlbot_navigation2/lib/python3.8/site-packages'
[6.545s] Level 1:colcon.colcon_core.environment:checking '/home/huhu/Documents/GitHub/swarm_robot/simulation_ws/src/install/tlbot_navigation2/bin'
[6.546s] INFO:colcon.colcon_core.shell:Creating package script '/home/huhu/Documents/GitHub/swarm_robot/simulation_ws/src/install/tlbot_navigation2/share/tlbot_navigation2/package.ps1'
[6.560s] INFO:colcon.colcon_core.shell:Creating package descriptor '/home/huhu/Documents/GitHub/swarm_robot/simulation_ws/src/install/tlbot_navigation2/share/tlbot_navigation2/package.dsv'
[6.564s] INFO:colcon.colcon_core.shell:Creating package script '/home/huhu/Documents/GitHub/swarm_robot/simulation_ws/src/install/tlbot_navigation2/share/tlbot_navigation2/package.sh'
[6.568s] INFO:colcon.colcon_core.shell:Creating package script '/home/huhu/Documents/GitHub/swarm_robot/simulation_ws/src/install/tlbot_navigation2/share/tlbot_navigation2/package.bash'
[6.577s] INFO:colcon.colcon_core.shell:Creating package script '/home/huhu/Documents/GitHub/swarm_robot/simulation_ws/src/install/tlbot_navigation2/share/tlbot_navigation2/package.zsh'
[6.582s] Level 1:colcon.colcon_core.environment:create_file_with_runtime_dependencies(/home/huhu/Documents/GitHub/swarm_robot/simulation_ws/src/install/tlbot_navigation2/share/colcon-core/packages/tlbot_navigation2)
[6.595s] Level 1:colcon.colcon_core.environment:create_environment_scripts_only(cartographer)
[6.601s] Level 1:colcon.colcon_core.environment:checking '/home/huhu/Documents/GitHub/swarm_robot/simulation_ws/src/install/cartographer' for CMake module files
[6.597s] DEBUG:colcon.colcon_core.event_handler.log_command:Invoked command in '/home/huhu/Documents/GitHub/swarm_robot/simulation_ws/src/build/cartographer' returned '0': CMAKE_PREFIX_PATH=${CMAKE_PREFIX_PATH}:/opt/ros/foxy /usr/bin/cmake --install /home/huhu/Documents/GitHub/swarm_robot/simulation_ws/src/build/cartographer
[6.602s] Level 1:colcon.colcon_core.environment:checking '/home/huhu/Documents/GitHub/swarm_robot/simulation_ws/src/install/cartographer' for CMake config files
[6.606s] Level 1:colcon.colcon_core.shell:create_environment_hook('cartographer', 'cmake_prefix_path')
[6.607s] INFO:colcon.colcon_core.shell:Creating environment hook '/home/huhu/Documents/GitHub/swarm_robot/simulation_ws/src/install/cartographer/share/cartographer/hook/cmake_prefix_path.ps1'
[6.608s] INFO:colcon.colcon_core.shell:Creating environment descriptor '/home/huhu/Documents/GitHub/swarm_robot/simulation_ws/src/install/cartographer/share/cartographer/hook/cmake_prefix_path.dsv'
[6.609s] INFO:colcon.colcon_core.shell:Creating environment hook '/home/huhu/Documents/GitHub/swarm_robot/simulation_ws/src/install/cartographer/share/cartographer/hook/cmake_prefix_path.sh'
[6.610s] Level 1:colcon.colcon_core.environment:checking '/home/huhu/Documents/GitHub/swarm_robot/simulation_ws/src/install/cartographer/bin'
[6.610s] Level 1:colcon.colcon_core.environment:checking '/home/huhu/Documents/GitHub/swarm_robot/simulation_ws/src/install/cartographer/lib/pkgconfig/cartographer.pc'
[6.611s] Level 1:colcon.colcon_core.environment:checking '/home/huhu/Documents/GitHub/swarm_robot/simulation_ws/src/install/cartographer/lib/python3.8/site-packages'
[6.611s] Level 1:colcon.colcon_core.environment:checking '/home/huhu/Documents/GitHub/swarm_robot/simulation_ws/src/install/cartographer/bin'
[6.612s] INFO:colcon.colcon_core.shell:Creating package script '/home/huhu/Documents/GitHub/swarm_robot/simulation_ws/src/install/cartographer/share/cartographer/package.ps1'
[6.615s] INFO:colcon.colcon_core.shell:Creating package descriptor '/home/huhu/Documents/GitHub/swarm_robot/simulation_ws/src/install/cartographer/share/cartographer/package.dsv'
[6.617s] INFO:colcon.colcon_core.shell:Creating package script '/home/huhu/Documents/GitHub/swarm_robot/simulation_ws/src/install/cartographer/share/cartographer/package.sh'
[6.618s] INFO:colcon.colcon_core.shell:Creating package script '/home/huhu/Documents/GitHub/swarm_robot/simulation_ws/src/install/cartographer/share/cartographer/package.bash'
[6.620s] INFO:colcon.colcon_core.shell:Creating package script '/home/huhu/Documents/GitHub/swarm_robot/simulation_ws/src/install/cartographer/share/cartographer/package.zsh'
[6.622s] Level 1:colcon.colcon_core.environment:create_file_with_runtime_dependencies(/home/huhu/Documents/GitHub/swarm_robot/simulation_ws/src/install/cartographer/share/colcon-core/packages/cartographer)
[6.665s] Level 1:colcon.colcon_core.environment:create_environment_scripts_only(tlbot_navigation2)
[6.665s] Level 1:colcon.colcon_core.environment:checking '/home/huhu/Documents/GitHub/swarm_robot/simulation_ws/src/install/tlbot_navigation2' for CMake module files
[6.666s] Level 1:colcon.colcon_core.environment:checking '/home/huhu/Documents/GitHub/swarm_robot/simulation_ws/src/install/tlbot_navigation2' for CMake config files
[6.667s] Level 1:colcon.colcon_core.shell:create_environment_hook('tlbot_navigation2', 'cmake_prefix_path')
[6.667s] INFO:colcon.colcon_core.shell:Creating environment hook '/home/huhu/Documents/GitHub/swarm_robot/simulation_ws/src/install/tlbot_navigation2/share/tlbot_navigation2/hook/cmake_prefix_path.ps1'
[6.669s] INFO:colcon.colcon_core.shell:Creating environment descriptor '/home/huhu/Documents/GitHub/swarm_robot/simulation_ws/src/install/tlbot_navigation2/share/tlbot_navigation2/hook/cmake_prefix_path.dsv'
[6.670s] INFO:colcon.colcon_core.shell:Creating environment hook '/home/huhu/Documents/GitHub/swarm_robot/simulation_ws/src/install/tlbot_navigation2/share/tlbot_navigation2/hook/cmake_prefix_path.sh'
[6.672s] Level 1:colcon.colcon_core.environment:checking '/home/huhu/Documents/GitHub/swarm_robot/simulation_ws/src/install/tlbot_navigation2/bin'
[6.672s] Level 1:colcon.colcon_core.environment:checking '/home/huhu/Documents/GitHub/swarm_robot/simulation_ws/src/install/tlbot_navigation2/lib/pkgconfig/tlbot_navigation2.pc'
[6.673s] Level 1:colcon.colcon_core.environment:checking '/home/huhu/Documents/GitHub/swarm_robot/simulation_ws/src/install/tlbot_navigation2/lib/python3.8/site-packages'
[6.673s] Level 1:colcon.colcon_core.environment:checking '/home/huhu/Documents/GitHub/swarm_robot/simulation_ws/src/install/tlbot_navigation2/bin'
[6.674s] INFO:colcon.colcon_core.shell:Creating package script '/home/huhu/Documents/GitHub/swarm_robot/simulation_ws/src/install/tlbot_navigation2/share/tlbot_navigation2/package.ps1'
[6.683s] INFO:colcon.colcon_core.shell:Creating package descriptor '/home/huhu/Documents/GitHub/swarm_robot/simulation_ws/src/install/tlbot_navigation2/share/tlbot_navigation2/package.dsv'
[6.685s] INFO:colcon.colcon_core.shell:Creating package script '/home/huhu/Documents/GitHub/swarm_robot/simulation_ws/src/install/tlbot_navigation2/share/tlbot_navigation2/package.sh'
[6.686s] INFO:colcon.colcon_core.shell:Creating package script '/home/huhu/Documents/GitHub/swarm_robot/simulation_ws/src/install/tlbot_navigation2/share/tlbot_navigation2/package.bash'
[6.688s] INFO:colcon.colcon_core.shell:Creating package script '/home/huhu/Documents/GitHub/swarm_robot/simulation_ws/src/install/tlbot_navigation2/share/tlbot_navigation2/package.zsh'
[6.689s] Level 1:colcon.colcon_core.environment:create_file_with_runtime_dependencies(/home/huhu/Documents/GitHub/swarm_robot/simulation_ws/src/install/tlbot_navigation2/share/colcon-core/packages/tlbot_navigation2)
[6.695s] Level 1:colcon.colcon_core.environment:create_environment_scripts_only(cartographer)
[6.695s] Level 1:colcon.colcon_core.environment:checking '/home/huhu/Documents/GitHub/swarm_robot/simulation_ws/src/install/cartographer' for CMake module files
[6.698s] Level 1:colcon.colcon_core.environment:checking '/home/huhu/Documents/GitHub/swarm_robot/simulation_ws/src/install/cartographer' for CMake config files
[6.699s] Level 1:colcon.colcon_core.shell:create_environment_hook('cartographer', 'cmake_prefix_path')
[6.700s] INFO:colcon.colcon_core.shell:Creating environment hook '/home/huhu/Documents/GitHub/swarm_robot/simulation_ws/src/install/cartographer/share/cartographer/hook/cmake_prefix_path.ps1'
[6.701s] INFO:colcon.colcon_core.shell:Creating environment descriptor '/home/huhu/Documents/GitHub/swarm_robot/simulation_ws/src/install/cartographer/share/cartographer/hook/cmake_prefix_path.dsv'
[6.702s] INFO:colcon.colcon_core.shell:Creating environment hook '/home/huhu/Documents/GitHub/swarm_robot/simulation_ws/src/install/cartographer/share/cartographer/hook/cmake_prefix_path.sh'
[6.704s] Level 1:colcon.colcon_core.environment:checking '/home/huhu/Documents/GitHub/swarm_robot/simulation_ws/src/install/cartographer/bin'
[6.704s] Level 1:colcon.colcon_core.environment:checking '/home/huhu/Documents/GitHub/swarm_robot/simulation_ws/src/install/cartographer/lib/pkgconfig/cartographer.pc'
[6.704s] Level 1:colcon.colcon_core.environment:checking '/home/huhu/Documents/GitHub/swarm_robot/simulation_ws/src/install/cartographer/lib/python3.8/site-packages'
[6.705s] Level 1:colcon.colcon_core.environment:checking '/home/huhu/Documents/GitHub/swarm_robot/simulation_ws/src/install/cartographer/bin'
[6.706s] INFO:colcon.colcon_core.shell:Creating package script '/home/huhu/Documents/GitHub/swarm_robot/simulation_ws/src/install/cartographer/share/cartographer/package.ps1'
[6.708s] INFO:colcon.colcon_core.shell:Creating package descriptor '/home/huhu/Documents/GitHub/swarm_robot/simulation_ws/src/install/cartographer/share/cartographer/package.dsv'
[6.710s] INFO:colcon.colcon_core.shell:Creating package script '/home/huhu/Documents/GitHub/swarm_robot/simulation_ws/src/install/cartographer/share/cartographer/package.sh'
[6.712s] INFO:colcon.colcon_core.shell:Creating package script '/home/huhu/Documents/GitHub/swarm_robot/simulation_ws/src/install/cartographer/share/cartographer/package.bash'
[6.713s] INFO:colcon.colcon_core.shell:Creating package script '/home/huhu/Documents/GitHub/swarm_robot/simulation_ws/src/install/cartographer/share/cartographer/package.zsh'
[6.715s] Level 1:colcon.colcon_core.environment:create_file_with_runtime_dependencies(/home/huhu/Documents/GitHub/swarm_robot/simulation_ws/src/install/cartographer/share/colcon-core/packages/cartographer)
[6.715s] INFO:colcon.colcon_ros.task.ament_cmake.build:Building ROS package in '/home/huhu/Documents/GitHub/swarm_robot/simulation_ws/src/navigation' with build type 'ament_cmake'
[6.716s] INFO:colcon.colcon_cmake.task.cmake.build:Building CMake package in '/home/huhu/Documents/GitHub/swarm_robot/simulation_ws/src/navigation'
[6.716s] INFO:colcon.colcon_core.shell:Skip shell extension 'powershell' for command environment: Not usable outside of PowerShell
[6.720s] DEBUG:colcon.colcon_core.shell:Skip shell extension 'dsv' for command environment
[6.791s] DEBUG:colcon.colcon_core.event_handler.log_command:Invoking command in '/home/huhu/Documents/GitHub/swarm_robot/simulation_ws/src/build/navigation': AMENT_PREFIX_PATH=/home/huhu/Documents/GitHub/swarm_robot/simulation_ws/src/install/tlbot_navigation2:/home/huhu/Documents/GitHub/swarm_robot/simulation_ws/src/install/cartographer:${AMENT_PREFIX_PATH} CMAKE_PREFIX_PATH=/home/huhu/Documents/GitHub/swarm_robot/simulation_ws/src/install/tlbot_navigation2:/home/huhu/Documents/GitHub/swarm_robot/simulation_ws/src/install/cartographer:/home/huhu/ros2_ws/install/my_bot:/home/huhu/ros2_ws/install/ldlidar_stl_ros2:/opt/ros/foxy /usr/bin/cmake /home/huhu/Documents/GitHub/swarm_robot/simulation_ws/src/navigation -DAMENT_CMAKE_SYMLINK_INSTALL=1 -DCMAKE_INSTALL_PREFIX=/home/huhu/Documents/GitHub/swarm_robot/simulation_ws/src/install/navigation
[6.814s] Level 1:colcon.colcon_core.environment:create_environment_scripts_only(robot_bringup)
[6.816s] Level 1:colcon.colcon_core.environment:checking '/home/huhu/Documents/GitHub/swarm_robot/simulation_ws/src/install/robot_bringup' for CMake module files
[6.818s] DEBUG:colcon.colcon_core.event_handler.log_command:Invoked command in '/home/huhu/Documents/GitHub/swarm_robot/simulation_ws/src/build/robot_bringup' returned '0': CMAKE_PREFIX_PATH=${CMAKE_PREFIX_PATH}:/opt/ros/foxy /usr/bin/cmake --install /home/huhu/Documents/GitHub/swarm_robot/simulation_ws/src/build/robot_bringup
[6.820s] Level 1:colcon.colcon_core.environment:checking '/home/huhu/Documents/GitHub/swarm_robot/simulation_ws/src/install/robot_bringup' for CMake config files
[6.822s] Level 1:colcon.colcon_core.shell:create_environment_hook('robot_bringup', 'cmake_prefix_path')
[6.824s] INFO:colcon.colcon_core.shell:Creating environment hook '/home/huhu/Documents/GitHub/swarm_robot/simulation_ws/src/install/robot_bringup/share/robot_bringup/hook/cmake_prefix_path.ps1'
[6.825s] INFO:colcon.colcon_core.shell:Creating environment descriptor '/home/huhu/Documents/GitHub/swarm_robot/simulation_ws/src/install/robot_bringup/share/robot_bringup/hook/cmake_prefix_path.dsv'
[6.826s] INFO:colcon.colcon_core.shell:Creating environment hook '/home/huhu/Documents/GitHub/swarm_robot/simulation_ws/src/install/robot_bringup/share/robot_bringup/hook/cmake_prefix_path.sh'
[6.828s] Level 1:colcon.colcon_core.environment:checking '/home/huhu/Documents/GitHub/swarm_robot/simulation_ws/src/install/robot_bringup/lib'
[6.828s] Level 1:colcon.colcon_core.environment:checking '/home/huhu/Documents/GitHub/swarm_robot/simulation_ws/src/install/robot_bringup/bin'
[6.829s] Level 1:colcon.colcon_core.environment:checking '/home/huhu/Documents/GitHub/swarm_robot/simulation_ws/src/install/robot_bringup/lib/pkgconfig/robot_bringup.pc'
[6.830s] Level 1:colcon.colcon_core.environment:checking '/home/huhu/Documents/GitHub/swarm_robot/simulation_ws/src/install/robot_bringup/lib/python3.8/site-packages'
[6.830s] Level 1:colcon.colcon_core.environment:checking '/home/huhu/Documents/GitHub/swarm_robot/simulation_ws/src/install/robot_bringup/bin'
[6.832s] INFO:colcon.colcon_core.shell:Creating package script '/home/huhu/Documents/GitHub/swarm_robot/simulation_ws/src/install/robot_bringup/share/robot_bringup/package.ps1'
[6.833s] INFO:colcon.colcon_core.shell:Creating package descriptor '/home/huhu/Documents/GitHub/swarm_robot/simulation_ws/src/install/robot_bringup/share/robot_bringup/package.dsv'
[6.836s] INFO:colcon.colcon_core.shell:Creating package script '/home/huhu/Documents/GitHub/swarm_robot/simulation_ws/src/install/robot_bringup/share/robot_bringup/package.sh'
[6.837s] INFO:colcon.colcon_core.shell:Creating package script '/home/huhu/Documents/GitHub/swarm_robot/simulation_ws/src/install/robot_bringup/share/robot_bringup/package.bash'
[6.838s] INFO:colcon.colcon_core.shell:Creating package script '/home/huhu/Documents/GitHub/swarm_robot/simulation_ws/src/install/robot_bringup/share/robot_bringup/package.zsh'
[6.839s] Level 1:colcon.colcon_core.environment:create_file_with_runtime_dependencies(/home/huhu/Documents/GitHub/swarm_robot/simulation_ws/src/install/robot_bringup/share/colcon-core/packages/robot_bringup)
[6.907s] Level 1:colcon.colcon_core.environment:create_environment_scripts_only(robot_bringup)
[6.908s] Level 1:colcon.colcon_core.environment:checking '/home/huhu/Documents/GitHub/swarm_robot/simulation_ws/src/install/robot_bringup' for CMake module files
[6.909s] Level 1:colcon.colcon_core.environment:checking '/home/huhu/Documents/GitHub/swarm_robot/simulation_ws/src/install/robot_bringup' for CMake config files
[6.910s] Level 1:colcon.colcon_core.shell:create_environment_hook('robot_bringup', 'cmake_prefix_path')
[6.911s] INFO:colcon.colcon_core.shell:Creating environment hook '/home/huhu/Documents/GitHub/swarm_robot/simulation_ws/src/install/robot_bringup/share/robot_bringup/hook/cmake_prefix_path.ps1'
[6.912s] INFO:colcon.colcon_core.shell:Creating environment descriptor '/home/huhu/Documents/GitHub/swarm_robot/simulation_ws/src/install/robot_bringup/share/robot_bringup/hook/cmake_prefix_path.dsv'
[6.914s] INFO:colcon.colcon_core.shell:Creating environment hook '/home/huhu/Documents/GitHub/swarm_robot/simulation_ws/src/install/robot_bringup/share/robot_bringup/hook/cmake_prefix_path.sh'
[6.915s] Level 1:colcon.colcon_core.environment:checking '/home/huhu/Documents/GitHub/swarm_robot/simulation_ws/src/install/robot_bringup/lib'
[6.915s] Level 1:colcon.colcon_core.environment:checking '/home/huhu/Documents/GitHub/swarm_robot/simulation_ws/src/install/robot_bringup/bin'
[6.915s] Level 1:colcon.colcon_core.environment:checking '/home/huhu/Documents/GitHub/swarm_robot/simulation_ws/src/install/robot_bringup/lib/pkgconfig/robot_bringup.pc'
[6.916s] Level 1:colcon.colcon_core.environment:checking '/home/huhu/Documents/GitHub/swarm_robot/simulation_ws/src/install/robot_bringup/lib/python3.8/site-packages'
[6.917s] Level 1:colcon.colcon_core.environment:checking '/home/huhu/Documents/GitHub/swarm_robot/simulation_ws/src/install/robot_bringup/bin'
[6.917s] INFO:colcon.colcon_core.shell:Creating package script '/home/huhu/Documents/GitHub/swarm_robot/simulation_ws/src/install/robot_bringup/share/robot_bringup/package.ps1'
[6.920s] INFO:colcon.colcon_core.shell:Creating package descriptor '/home/huhu/Documents/GitHub/swarm_robot/simulation_ws/src/install/robot_bringup/share/robot_bringup/package.dsv'
[6.921s] INFO:colcon.colcon_core.shell:Creating package script '/home/huhu/Documents/GitHub/swarm_robot/simulation_ws/src/install/robot_bringup/share/robot_bringup/package.sh'
[6.924s] INFO:colcon.colcon_core.shell:Creating package script '/home/huhu/Documents/GitHub/swarm_robot/simulation_ws/src/install/robot_bringup/share/robot_bringup/package.bash'
[6.927s] INFO:colcon.colcon_core.shell:Creating package script '/home/huhu/Documents/GitHub/swarm_robot/simulation_ws/src/install/robot_bringup/share/robot_bringup/package.zsh'
[6.938s] Level 1:colcon.colcon_core.environment:create_file_with_runtime_dependencies(/home/huhu/Documents/GitHub/swarm_robot/simulation_ws/src/install/robot_bringup/share/colcon-core/packages/robot_bringup)
[11.457s] DEBUG:colcon.colcon_core.event_handler.log_command:Invoked command in '/home/huhu/Documents/GitHub/swarm_robot/simulation_ws/src/build/navigation' returned '1': AMENT_PREFIX_PATH=/home/huhu/Documents/GitHub/swarm_robot/simulation_ws/src/install/tlbot_navigation2:/home/huhu/Documents/GitHub/swarm_robot/simulation_ws/src/install/cartographer:${AMENT_PREFIX_PATH} CMAKE_PREFIX_PATH=/home/huhu/Documents/GitHub/swarm_robot/simulation_ws/src/install/tlbot_navigation2:/home/huhu/Documents/GitHub/swarm_robot/simulation_ws/src/install/cartographer:/home/huhu/ros2_ws/install/my_bot:/home/huhu/ros2_ws/install/ldlidar_stl_ros2:/opt/ros/foxy /usr/bin/cmake /home/huhu/Documents/GitHub/swarm_robot/simulation_ws/src/navigation -DAMENT_CMAKE_SYMLINK_INSTALL=1 -DCMAKE_INSTALL_PREFIX=/home/huhu/Documents/GitHub/swarm_robot/simulation_ws/src/install/navigation
[11.488s] Level 1:colcon.colcon_core.environment:create_environment_scripts_only(navigation)
[11.489s] Level 1:colcon.colcon_core.environment:checking '/home/huhu/Documents/GitHub/swarm_robot/simulation_ws/src/install/navigation' for CMake module files
[11.490s] Level 1:colcon.colcon_core.environment:checking '/home/huhu/Documents/GitHub/swarm_robot/simulation_ws/src/install/navigation' for CMake config files
[11.491s] Level 1:colcon.colcon_core.environment:checking '/home/huhu/Documents/GitHub/swarm_robot/simulation_ws/src/install/navigation/bin'
[11.491s] Level 1:colcon.colcon_core.environment:checking '/home/huhu/Documents/GitHub/swarm_robot/simulation_ws/src/install/navigation/lib/pkgconfig/navigation.pc'
[11.491s] Level 1:colcon.colcon_core.environment:checking '/home/huhu/Documents/GitHub/swarm_robot/simulation_ws/src/install/navigation/lib/python3.8/site-packages'
[11.492s] Level 1:colcon.colcon_core.environment:checking '/home/huhu/Documents/GitHub/swarm_robot/simulation_ws/src/install/navigation/bin'
[11.493s] INFO:colcon.colcon_core.shell:Creating package script '/home/huhu/Documents/GitHub/swarm_robot/simulation_ws/src/install/navigation/share/navigation/package.ps1'
[11.494s] INFO:colcon.colcon_core.shell:Creating package descriptor '/home/huhu/Documents/GitHub/swarm_robot/simulation_ws/src/install/navigation/share/navigation/package.dsv'
[11.495s] INFO:colcon.colcon_core.shell:Creating package script '/home/huhu/Documents/GitHub/swarm_robot/simulation_ws/src/install/navigation/share/navigation/package.sh'
[11.496s] INFO:colcon.colcon_core.shell:Creating package script '/home/huhu/Documents/GitHub/swarm_robot/simulation_ws/src/install/navigation/share/navigation/package.bash'
[11.497s] INFO:colcon.colcon_core.shell:Creating package script '/home/huhu/Documents/GitHub/swarm_robot/simulation_ws/src/install/navigation/share/navigation/package.zsh'
[11.498s] Level 1:colcon.colcon_core.environment:create_file_with_runtime_dependencies(/home/huhu/Documents/GitHub/swarm_robot/simulation_ws/src/install/navigation/share/colcon-core/packages/navigation)
[11.514s] DEBUG:colcon.colcon_parallel_executor.executor.parallel:closing loop
[11.515s] DEBUG:colcon.colcon_parallel_executor.executor.parallel:loop closed
[11.515s] DEBUG:colcon.colcon_parallel_executor.executor.parallel:run_until_complete finished with '1'
[11.515s] DEBUG:colcon.colcon_core.event_reactor:joining thread
[11.550s] INFO:colcon.colcon_core.plugin_system:Skipping extension 'colcon_notification.desktop_notification.terminal_notifier': Not used on non-Darwin systems
[11.551s] INFO:colcon.colcon_core.plugin_system:Skipping extension 'colcon_notification.desktop_notification.win32': Not used on non-Windows systems
[11.551s] INFO:colcon.colcon_notification.desktop_notification:Sending desktop notification using 'notify2'
[11.627s] DEBUG:colcon.colcon_core.event_reactor:joined thread
[11.627s] INFO:colcon.colcon_core.shell:Creating prefix script '/home/huhu/Documents/GitHub/swarm_robot/simulation_ws/src/install/local_setup.ps1'
[11.636s] INFO:colcon.colcon_core.shell:Creating prefix util module '/home/huhu/Documents/GitHub/swarm_robot/simulation_ws/src/install/_local_setup_util_ps1.py'
[11.644s] INFO:colcon.colcon_core.shell:Creating prefix chain script '/home/huhu/Documents/GitHub/swarm_robot/simulation_ws/src/install/setup.ps1'
[11.648s] INFO:colcon.colcon_core.shell:Creating prefix script '/home/huhu/Documents/GitHub/swarm_robot/simulation_ws/src/install/local_setup.sh'
[11.651s] INFO:colcon.colcon_core.shell:Creating prefix util module '/home/huhu/Documents/GitHub/swarm_robot/simulation_ws/src/install/_local_setup_util_sh.py'
[11.652s] INFO:colcon.colcon_core.shell:Creating prefix chain script '/home/huhu/Documents/GitHub/swarm_robot/simulation_ws/src/install/setup.sh'
[11.659s] INFO:colcon.colcon_core.shell:Creating prefix script '/home/huhu/Documents/GitHub/swarm_robot/simulation_ws/src/install/local_setup.bash'
[11.661s] INFO:colcon.colcon_core.shell:Creating prefix chain script '/home/huhu/Documents/GitHub/swarm_robot/simulation_ws/src/install/setup.bash'
[11.667s] INFO:colcon.colcon_core.shell:Creating prefix script '/home/huhu/Documents/GitHub/swarm_robot/simulation_ws/src/install/local_setup.zsh'
[11.672s] INFO:colcon.colcon_core.shell:Creating prefix chain script '/home/huhu/Documents/GitHub/swarm_robot/simulation_ws/src/install/setup.zsh'
