[0.062s] Invoking command in '/home/huhu/Documents/GitHub/swarm_robot/simulation_ws/src/build/navigation': AMENT_PREFIX_PATH=/home/huhu/Documents/GitHub/swarm_robot/simulation_ws/src/install/tlbot_navigation2:/home/huhu/Documents/GitHub/swarm_robot/simulation_ws/src/install/cartographer:${AMENT_PREFIX_PATH} CMAKE_PREFIX_PATH=/home/huhu/Documents/GitHub/swarm_robot/simulation_ws/src/install/tlbot_navigation2:/home/huhu/Documents/GitHub/swarm_robot/simulation_ws/src/install/cartographer:/home/huhu/ros2_ws/install/my_bot:/home/huhu/ros2_ws/install/ldlidar_stl_ros2:/opt/ros/foxy /usr/bin/cmake /home/huhu/Documents/GitHub/swarm_robot/simulation_ws/src/navigation -DAMENT_CMAKE_SYMLINK_INSTALL=1 -DCMAKE_INSTALL_PREFIX=/home/huhu/Documents/GitHub/swarm_robot/simulation_ws/src/install/navigation
[0.092s] -- Found ament_cmake: 0.9.12 (/opt/ros/foxy/share/ament_cmake/cmake)
[0.127s] -- Using PYTHON_EXECUTABLE: /usr/bin/python3
[0.502s] -- Override CMake install command with custom implementation using symlinks instead of copying resources
[0.511s] -- Found rclcpp: 2.4.3 (/opt/ros/foxy/share/rclcpp/cmake)
[0.577s] -- Using all available rosidl_typesupport_c: rosidl_typesupport_fastrtps_c;rosidl_typesupport_introspection_c
[0.585s] -- Found rosidl_adapter: 1.3.1 (/opt/ros/foxy/share/rosidl_adapter/cmake)
[0.821s] -- Using all available rosidl_typesupport_cpp: rosidl_typesupport_fastrtps_cpp;rosidl_typesupport_introspection_cpp
[0.921s] -- Found rmw_implementation_cmake: 1.0.4 (/opt/ros/foxy/share/rmw_implementation_cmake/cmake)
[0.923s] -- Using RMW implementation 'rmw_fastrtps_cpp' as default
[1.209s] -- Found rclpy: 1.0.13 (/opt/ros/foxy/share/rclpy/cmake)
[1.211s] -- Found cartographer: 0.0.0 (/home/huhu/Documents/GitHub/swarm_robot/simulation_ws/src/install/cartographer/share/cartographer/cmake)
[1.211s] -- Found tlbot_navigation2: 0.0.0 (/home/huhu/Documents/GitHub/swarm_robot/simulation_ws/src/install/tlbot_navigation2/share/tlbot_navigation2/cmake)
[1.213s] -- Found ament_lint_auto: 0.9.8 (/opt/ros/foxy/share/ament_lint_auto/cmake)
[1.373s] -- Added test 'copyright' to check source files copyright and LICENSE
[1.382s] -- Added test 'flake8' to check Python code syntax and style conventions
[1.384s] -- Added test 'lint_cmake' to check CMake code style
[1.385s] -- Added test 'pep257' to check Python code against some of the style conventions in PEP 257
[1.391s] -- Added test 'xmllint' to check XML markup files
[1.398s] -- Configuring done
[1.403s] -- Generating done
[1.407s] -- Build files have been written to: /home/huhu/Documents/GitHub/swarm_robot/simulation_ws/src/build/navigation
[1.423s] Invoked command in '/home/huhu/Documents/GitHub/swarm_robot/simulation_ws/src/build/navigation' returned '0': AMENT_PREFIX_PATH=/home/huhu/Documents/GitHub/swarm_robot/simulation_ws/src/install/tlbot_navigation2:/home/huhu/Documents/GitHub/swarm_robot/simulation_ws/src/install/cartographer:${AMENT_PREFIX_PATH} CMAKE_PREFIX_PATH=/home/huhu/Documents/GitHub/swarm_robot/simulation_ws/src/install/tlbot_navigation2:/home/huhu/Documents/GitHub/swarm_robot/simulation_ws/src/install/cartographer:/home/huhu/ros2_ws/install/my_bot:/home/huhu/ros2_ws/install/ldlidar_stl_ros2:/opt/ros/foxy /usr/bin/cmake /home/huhu/Documents/GitHub/swarm_robot/simulation_ws/src/navigation -DAMENT_CMAKE_SYMLINK_INSTALL=1 -DCMAKE_INSTALL_PREFIX=/home/huhu/Documents/GitHub/swarm_robot/simulation_ws/src/install/navigation
[1.427s] Invoking command in '/home/huhu/Documents/GitHub/swarm_robot/simulation_ws/src/build/navigation': AMENT_PREFIX_PATH=/home/huhu/Documents/GitHub/swarm_robot/simulation_ws/src/install/tlbot_navigation2:/home/huhu/Documents/GitHub/swarm_robot/simulation_ws/src/install/cartographer:${AMENT_PREFIX_PATH} CMAKE_PREFIX_PATH=/home/huhu/Documents/GitHub/swarm_robot/simulation_ws/src/install/tlbot_navigation2:/home/huhu/Documents/GitHub/swarm_robot/simulation_ws/src/install/cartographer:/home/huhu/ros2_ws/install/my_bot:/home/huhu/ros2_ws/install/ldlidar_stl_ros2:/opt/ros/foxy /usr/bin/cmake --build /home/huhu/Documents/GitHub/swarm_robot/simulation_ws/src/build/navigation -- -j6 -l6
[1.517s] Invoked command in '/home/huhu/Documents/GitHub/swarm_robot/simulation_ws/src/build/navigation' returned '0': AMENT_PREFIX_PATH=/home/huhu/Documents/GitHub/swarm_robot/simulation_ws/src/install/tlbot_navigation2:/home/huhu/Documents/GitHub/swarm_robot/simulation_ws/src/install/cartographer:${AMENT_PREFIX_PATH} CMAKE_PREFIX_PATH=/home/huhu/Documents/GitHub/swarm_robot/simulation_ws/src/install/tlbot_navigation2:/home/huhu/Documents/GitHub/swarm_robot/simulation_ws/src/install/cartographer:/home/huhu/ros2_ws/install/my_bot:/home/huhu/ros2_ws/install/ldlidar_stl_ros2:/opt/ros/foxy /usr/bin/cmake --build /home/huhu/Documents/GitHub/swarm_robot/simulation_ws/src/build/navigation -- -j6 -l6
[1.584s] Invoking command in '/home/huhu/Documents/GitHub/swarm_robot/simulation_ws/src/build/navigation': AMENT_PREFIX_PATH=/home/huhu/Documents/GitHub/swarm_robot/simulation_ws/src/install/tlbot_navigation2:/home/huhu/Documents/GitHub/swarm_robot/simulation_ws/src/install/cartographer:${AMENT_PREFIX_PATH} CMAKE_PREFIX_PATH=/home/huhu/Documents/GitHub/swarm_robot/simulation_ws/src/install/tlbot_navigation2:/home/huhu/Documents/GitHub/swarm_robot/simulation_ws/src/install/cartographer:/home/huhu/ros2_ws/install/my_bot:/home/huhu/ros2_ws/install/ldlidar_stl_ros2:/opt/ros/foxy /usr/bin/cmake --install /home/huhu/Documents/GitHub/swarm_robot/simulation_ws/src/build/navigation
[1.601s] -- Install configuration: ""
[1.602s] -- Execute custom install script
[1.604s] -- Symlinking: /home/huhu/Documents/GitHub/swarm_robot/simulation_ws/src/install/navigation/share/navigation//description/gazebo_control.xacro
[1.616s] -- Symlinking: /home/huhu/Documents/GitHub/swarm_robot/simulation_ws/src/install/navigation/share/navigation//description/inertial_macros.xacro
[1.636s] -- Symlinking: /home/huhu/Documents/GitHub/swarm_robot/simulation_ws/src/install/navigation/share/navigation//description/lidar.xacro
[1.655s] -- Symlinking: /home/huhu/Documents/GitHub/swarm_robot/simulation_ws/src/install/navigation/share/navigation//description/swarm_bot.urdf
[1.672s] -- Symlinking: /home/huhu/Documents/GitHub/swarm_robot/simulation_ws/src/install/navigation/share/navigation//description/swarm_bot.urdf.xacro
[1.688s] -- Symlinking: /home/huhu/Documents/GitHub/swarm_robot/simulation_ws/src/install/navigation/share/navigation//launch/launch_bot_sim.launch.py
[1.708s] -- Symlinking: /home/huhu/Documents/GitHub/swarm_robot/simulation_ws/src/install/navigation/share/navigation//launch/navigation.launch.py
[1.727s] -- Symlinking: /home/huhu/Documents/GitHub/swarm_robot/simulation_ws/src/install/navigation/share/navigation//launch/rsp.launch.py
[1.745s] -- Symlinking: /home/huhu/Documents/GitHub/swarm_robot/simulation_ws/src/install/navigation/share/ament_index/resource_index/package_run_dependencies/navigation
[1.765s] -- Symlinking: /home/huhu/Documents/GitHub/swarm_robot/simulation_ws/src/install/navigation/share/ament_index/resource_index/parent_prefix_path/navigation
[1.788s] -- Symlinking: /home/huhu/Documents/GitHub/swarm_robot/simulation_ws/src/install/navigation/share/navigation/environment/ament_prefix_path.sh
[1.807s] -- Symlinking: /home/huhu/Documents/GitHub/swarm_robot/simulation_ws/src/install/navigation/share/navigation/environment/ament_prefix_path.dsv
[1.823s] -- Symlinking: /home/huhu/Documents/GitHub/swarm_robot/simulation_ws/src/install/navigation/share/navigation/environment/path.sh
[1.841s] -- Symlinking: /home/huhu/Documents/GitHub/swarm_robot/simulation_ws/src/install/navigation/share/navigation/environment/path.dsv
[1.865s] -- Symlinking: /home/huhu/Documents/GitHub/swarm_robot/simulation_ws/src/install/navigation/share/navigation/local_setup.bash
[1.887s] -- Symlinking: /home/huhu/Documents/GitHub/swarm_robot/simulation_ws/src/install/navigation/share/navigation/local_setup.sh
[1.919s] -- Symlinking: /home/huhu/Documents/GitHub/swarm_robot/simulation_ws/src/install/navigation/share/navigation/local_setup.zsh
[1.944s] -- Symlinking: /home/huhu/Documents/GitHub/swarm_robot/simulation_ws/src/install/navigation/share/navigation/local_setup.dsv
[1.962s] -- Symlinking: /home/huhu/Documents/GitHub/swarm_robot/simulation_ws/src/install/navigation/share/navigation/package.dsv
[1.981s] -- Symlinking: /home/huhu/Documents/GitHub/swarm_robot/simulation_ws/src/install/navigation/share/ament_index/resource_index/packages/navigation
[2.001s] -- Symlinking: /home/huhu/Documents/GitHub/swarm_robot/simulation_ws/src/install/navigation/share/navigation/cmake/navigationConfig.cmake
[2.022s] -- Symlinking: /home/huhu/Documents/GitHub/swarm_robot/simulation_ws/src/install/navigation/share/navigation/cmake/navigationConfig-version.cmake
[2.081s] -- Symlinking: /home/huhu/Documents/GitHub/swarm_robot/simulation_ws/src/install/navigation/share/navigation/package.xml
[2.118s] Invoked command in '/home/huhu/Documents/GitHub/swarm_robot/simulation_ws/src/build/navigation' returned '0': AMENT_PREFIX_PATH=/home/huhu/Documents/GitHub/swarm_robot/simulation_ws/src/install/tlbot_navigation2:/home/huhu/Documents/GitHub/swarm_robot/simulation_ws/src/install/cartographer:${AMENT_PREFIX_PATH} CMAKE_PREFIX_PATH=/home/huhu/Documents/GitHub/swarm_robot/simulation_ws/src/install/tlbot_navigation2:/home/huhu/Documents/GitHub/swarm_robot/simulation_ws/src/install/cartographer:/home/huhu/ros2_ws/install/my_bot:/home/huhu/ros2_ws/install/ldlidar_stl_ros2:/opt/ros/foxy /usr/bin/cmake --install /home/huhu/Documents/GitHub/swarm_robot/simulation_ws/src/build/navigation
