[1.080s] DEBUG:colcon:Command line arguments: ['/usr/bin/colcon', 'build']
[1.081s] DEBUG:colcon:Parsed command line arguments: Namespace(allow_overriding=[], ament_cmake_args=None, base_paths=['.'], build_base='build', catkin_cmake_args=None, catkin_skip_building_tests=False, cmake_args=None, cmake_clean_cache=False, cmake_clean_first=False, cmake_force_configure=False, cmake_target=None, cmake_target_skip_unavailable=False, continue_on_error=False, event_handlers=None, executor='parallel', ignore_user_meta=False, install_base='install', log_base=None, log_level=None, main=<bound method BuildVerb.main of <colcon_core.verb.build.BuildVerb object at 0x7f8e57517fd0>>, merge_install=False, metas=['./colcon.meta'], mixin=None, mixin_files=None, mixin_verb=('build',), packages_above=None, packages_above_and_dependencies=None, packages_above_depth=None, packages_end=None, packages_ignore=None, packages_ignore_regex=None, packages_select=None, packages_select_build_failed=False, packages_select_by_dep=None, packages_select_regex=None, packages_select_test_failures=False, packages_skip=None, packages_skip_build_finished=False, packages_skip_by_dep=None, packages_skip_regex=None, packages_skip_test_passed=False, packages_skip_up_to=None, packages_start=None, packages_up_to=None, packages_up_to_regex=None, parallel_workers=8, paths=None, symlink_install=False, test_result_base=None, verb_extension=<colcon_core.verb.build.BuildVerb object at 0x7f8e57517fd0>, verb_name='build', verb_parser=<colcon_mixin.mixin.mixin_argument.MixinArgumentDecorator object at 0x7f8e57485ee0>)
[1.378s] Level 1:colcon.colcon_core.package_discovery:discover_packages(colcon_meta) check parameters
[1.378s] Level 1:colcon.colcon_core.package_discovery:discover_packages(recursive) check parameters
[1.379s] Level 1:colcon.colcon_core.package_discovery:discover_packages(ignore) check parameters
[1.379s] Level 1:colcon.colcon_core.package_discovery:discover_packages(path) check parameters
[1.379s] Level 1:colcon.colcon_core.package_discovery:discover_packages(colcon_meta) discover
[1.379s] Level 1:colcon.colcon_core.package_discovery:discover_packages(recursive) discover
[1.379s] INFO:colcon.colcon_core.package_discovery:Crawling recursively for packages in '/home/irs/swarm_robot/algorithm'
[1.379s] Level 1:colcon.colcon_core.package_identification:_identify(.) by extensions ['ignore', 'ignore_ament_install']
[1.379s] Level 1:colcon.colcon_core.package_identification:_identify(.) by extension 'ignore'
[1.380s] Level 1:colcon.colcon_core.package_identification:_identify(.) by extension 'ignore_ament_install'
[1.380s] Level 1:colcon.colcon_core.package_identification:_identify(.) by extensions ['colcon_pkg']
[1.380s] Level 1:colcon.colcon_core.package_identification:_identify(.) by extension 'colcon_pkg'
[1.380s] Level 1:colcon.colcon_core.package_identification:_identify(.) by extensions ['colcon_meta']
[1.380s] Level 1:colcon.colcon_core.package_identification:_identify(.) by extension 'colcon_meta'
[1.380s] Level 1:colcon.colcon_core.package_identification:_identify(.) by extensions ['ros']
[1.380s] Level 1:colcon.colcon_core.package_identification:_identify(.) by extension 'ros'
[1.407s] Level 1:colcon.colcon_core.package_identification:_identify(.) by extensions ['cmake', 'python']
[1.407s] Level 1:colcon.colcon_core.package_identification:_identify(.) by extension 'cmake'
[1.407s] Level 1:colcon.colcon_core.package_identification:_identify(.) by extension 'python'
[1.407s] Level 1:colcon.colcon_core.package_identification:_identify(.) by extensions ['python_setup_py']
[1.407s] Level 1:colcon.colcon_core.package_identification:_identify(.) by extension 'python_setup_py'
[1.408s] Level 1:colcon.colcon_core.package_identification:_identify(build) by extensions ['ignore', 'ignore_ament_install']
[1.408s] Level 1:colcon.colcon_core.package_identification:_identify(build) by extension 'ignore'
[1.408s] Level 1:colcon.colcon_core.package_identification:_identify(build) ignored
[1.408s] Level 1:colcon.colcon_core.package_identification:_identify(install) by extensions ['ignore', 'ignore_ament_install']
[1.408s] Level 1:colcon.colcon_core.package_identification:_identify(install) by extension 'ignore'
[1.408s] Level 1:colcon.colcon_core.package_identification:_identify(install) ignored
[1.408s] Level 1:colcon.colcon_core.package_identification:_identify(log) by extensions ['ignore', 'ignore_ament_install']
[1.408s] Level 1:colcon.colcon_core.package_identification:_identify(log) by extension 'ignore'
[1.408s] Level 1:colcon.colcon_core.package_identification:_identify(log) ignored
[1.409s] Level 1:colcon.colcon_core.package_identification:_identify(scripts) by extensions ['ignore', 'ignore_ament_install']
[1.409s] Level 1:colcon.colcon_core.package_identification:_identify(scripts) by extension 'ignore'
[1.409s] Level 1:colcon.colcon_core.package_identification:_identify(scripts) by extension 'ignore_ament_install'
[1.409s] Level 1:colcon.colcon_core.package_identification:_identify(scripts) by extensions ['colcon_pkg']
[1.410s] Level 1:colcon.colcon_core.package_identification:_identify(scripts) by extension 'colcon_pkg'
[1.410s] Level 1:colcon.colcon_core.package_identification:_identify(scripts) by extensions ['colcon_meta']
[1.410s] Level 1:colcon.colcon_core.package_identification:_identify(scripts) by extension 'colcon_meta'
[1.410s] Level 1:colcon.colcon_core.package_identification:_identify(scripts) by extensions ['ros']
[1.410s] Level 1:colcon.colcon_core.package_identification:_identify(scripts) by extension 'ros'
[1.410s] Level 1:colcon.colcon_core.package_identification:_identify(scripts) by extensions ['cmake', 'python']
[1.410s] Level 1:colcon.colcon_core.package_identification:_identify(scripts) by extension 'cmake'
[1.410s] Level 1:colcon.colcon_core.package_identification:_identify(scripts) by extension 'python'
[1.410s] Level 1:colcon.colcon_core.package_identification:_identify(scripts) by extensions ['python_setup_py']
[1.410s] Level 1:colcon.colcon_core.package_identification:_identify(scripts) by extension 'python_setup_py'
[1.410s] Level 1:colcon.colcon_core.package_identification:_identify(src) by extensions ['ignore', 'ignore_ament_install']
[1.410s] Level 1:colcon.colcon_core.package_identification:_identify(src) by extension 'ignore'
[1.411s] Level 1:colcon.colcon_core.package_identification:_identify(src) by extension 'ignore_ament_install'
[1.411s] Level 1:colcon.colcon_core.package_identification:_identify(src) by extensions ['colcon_pkg']
[1.411s] Level 1:colcon.colcon_core.package_identification:_identify(src) by extension 'colcon_pkg'
[1.411s] Level 1:colcon.colcon_core.package_identification:_identify(src) by extensions ['colcon_meta']
[1.411s] Level 1:colcon.colcon_core.package_identification:_identify(src) by extension 'colcon_meta'
[1.411s] Level 1:colcon.colcon_core.package_identification:_identify(src) by extensions ['ros']
[1.411s] Level 1:colcon.colcon_core.package_identification:_identify(src) by extension 'ros'
[1.411s] Level 1:colcon.colcon_core.package_identification:_identify(src) by extensions ['cmake', 'python']
[1.411s] Level 1:colcon.colcon_core.package_identification:_identify(src) by extension 'cmake'
[1.411s] Level 1:colcon.colcon_core.package_identification:_identify(src) by extension 'python'
[1.411s] Level 1:colcon.colcon_core.package_identification:_identify(src) by extensions ['python_setup_py']
[1.411s] Level 1:colcon.colcon_core.package_identification:_identify(src) by extension 'python_setup_py'
[1.411s] Level 1:colcon.colcon_core.package_identification:_identify(src/algorithm) by extensions ['ignore', 'ignore_ament_install']
[1.411s] Level 1:colcon.colcon_core.package_identification:_identify(src/algorithm) by extension 'ignore'
[1.411s] Level 1:colcon.colcon_core.package_identification:_identify(src/algorithm) by extension 'ignore_ament_install'
[1.412s] Level 1:colcon.colcon_core.package_identification:_identify(src/algorithm) by extensions ['colcon_pkg']
[1.412s] Level 1:colcon.colcon_core.package_identification:_identify(src/algorithm) by extension 'colcon_pkg'
[1.412s] Level 1:colcon.colcon_core.package_identification:_identify(src/algorithm) by extensions ['colcon_meta']
[1.412s] Level 1:colcon.colcon_core.package_identification:_identify(src/algorithm) by extension 'colcon_meta'
[1.412s] Level 1:colcon.colcon_core.package_identification:_identify(src/algorithm) by extensions ['ros']
[1.412s] Level 1:colcon.colcon_core.package_identification:_identify(src/algorithm) by extension 'ros'
[1.420s] DEBUG:colcon.colcon_core.package_identification:Package 'src/algorithm' with type 'ros.ament_python' and name 'algorithm'
[1.420s] Level 1:colcon.colcon_core.package_identification:_identify(src/communication_msgs) by extensions ['ignore', 'ignore_ament_install']
[1.420s] Level 1:colcon.colcon_core.package_identification:_identify(src/communication_msgs) by extension 'ignore'
[1.420s] Level 1:colcon.colcon_core.package_identification:_identify(src/communication_msgs) by extension 'ignore_ament_install'
[1.420s] Level 1:colcon.colcon_core.package_identification:_identify(src/communication_msgs) by extensions ['colcon_pkg']
[1.420s] Level 1:colcon.colcon_core.package_identification:_identify(src/communication_msgs) by extension 'colcon_pkg'
[1.420s] Level 1:colcon.colcon_core.package_identification:_identify(src/communication_msgs) by extensions ['colcon_meta']
[1.420s] Level 1:colcon.colcon_core.package_identification:_identify(src/communication_msgs) by extension 'colcon_meta'
[1.421s] Level 1:colcon.colcon_core.package_identification:_identify(src/communication_msgs) by extensions ['ros']
[1.421s] Level 1:colcon.colcon_core.package_identification:_identify(src/communication_msgs) by extension 'ros'
[1.422s] DEBUG:colcon.colcon_core.package_identification:Package 'src/communication_msgs' with type 'ros.ament_cmake' and name 'communication_msgs'
[1.422s] Level 1:colcon.colcon_core.package_discovery:discover_packages(recursive) using defaults
[1.422s] Level 1:colcon.colcon_core.package_discovery:discover_packages(ignore) discover
[1.422s] Level 1:colcon.colcon_core.package_discovery:discover_packages(ignore) using defaults
[1.422s] Level 1:colcon.colcon_core.package_discovery:discover_packages(path) discover
[1.422s] Level 1:colcon.colcon_core.package_discovery:discover_packages(path) using defaults
[1.474s] Level 1:colcon.colcon_core.package_discovery:discover_packages(prefix_path) check parameters
[1.474s] Level 1:colcon.colcon_core.package_discovery:discover_packages(prefix_path) discover
[1.482s] DEBUG:colcon.colcon_installed_package_information.package_discovery:Found 12 installed packages in /home/irs/har_capstone/socin_robot_ws/install
[1.485s] DEBUG:colcon.colcon_installed_package_information.package_discovery:Found 378 installed packages in /opt/ros/foxy
[1.489s] Level 1:colcon.colcon_core.package_discovery:discover_packages(prefix_path) using defaults
[1.784s] Level 5:colcon.colcon_core.verb:set package 'algorithm' build argument 'cmake_args' from command line to 'None'
[1.784s] Level 5:colcon.colcon_core.verb:set package 'algorithm' build argument 'cmake_target' from command line to 'None'
[1.784s] Level 5:colcon.colcon_core.verb:set package 'algorithm' build argument 'cmake_target_skip_unavailable' from command line to 'False'
[1.784s] Level 5:colcon.colcon_core.verb:set package 'algorithm' build argument 'cmake_clean_cache' from command line to 'False'
[1.784s] Level 5:colcon.colcon_core.verb:set package 'algorithm' build argument 'cmake_clean_first' from command line to 'False'
[1.784s] Level 5:colcon.colcon_core.verb:set package 'algorithm' build argument 'cmake_force_configure' from command line to 'False'
[1.784s] Level 5:colcon.colcon_core.verb:set package 'algorithm' build argument 'ament_cmake_args' from command line to 'None'
[1.784s] Level 5:colcon.colcon_core.verb:set package 'algorithm' build argument 'catkin_cmake_args' from command line to 'None'
[1.784s] Level 5:colcon.colcon_core.verb:set package 'algorithm' build argument 'catkin_skip_building_tests' from command line to 'False'
[1.784s] DEBUG:colcon.colcon_core.verb:Building package 'algorithm' with the following arguments: {'ament_cmake_args': None, 'build_base': '/home/irs/swarm_robot/algorithm/build/algorithm', 'catkin_cmake_args': None, 'catkin_skip_building_tests': False, 'cmake_args': None, 'cmake_clean_cache': False, 'cmake_clean_first': False, 'cmake_force_configure': False, 'cmake_target': None, 'cmake_target_skip_unavailable': False, 'install_base': '/home/irs/swarm_robot/algorithm/install/algorithm', 'merge_install': False, 'path': '/home/irs/swarm_robot/algorithm/src/algorithm', 'symlink_install': False, 'test_result_base': None}
[1.785s] Level 5:colcon.colcon_core.verb:set package 'communication_msgs' build argument 'cmake_args' from command line to 'None'
[1.785s] Level 5:colcon.colcon_core.verb:set package 'communication_msgs' build argument 'cmake_target' from command line to 'None'
[1.785s] Level 5:colcon.colcon_core.verb:set package 'communication_msgs' build argument 'cmake_target_skip_unavailable' from command line to 'False'
[1.785s] Level 5:colcon.colcon_core.verb:set package 'communication_msgs' build argument 'cmake_clean_cache' from command line to 'False'
[1.785s] Level 5:colcon.colcon_core.verb:set package 'communication_msgs' build argument 'cmake_clean_first' from command line to 'False'
[1.785s] Level 5:colcon.colcon_core.verb:set package 'communication_msgs' build argument 'cmake_force_configure' from command line to 'False'
[1.785s] Level 5:colcon.colcon_core.verb:set package 'communication_msgs' build argument 'ament_cmake_args' from command line to 'None'
[1.785s] Level 5:colcon.colcon_core.verb:set package 'communication_msgs' build argument 'catkin_cmake_args' from command line to 'None'
[1.785s] Level 5:colcon.colcon_core.verb:set package 'communication_msgs' build argument 'catkin_skip_building_tests' from command line to 'False'
[1.785s] DEBUG:colcon.colcon_core.verb:Building package 'communication_msgs' with the following arguments: {'ament_cmake_args': None, 'build_base': '/home/irs/swarm_robot/algorithm/build/communication_msgs', 'catkin_cmake_args': None, 'catkin_skip_building_tests': False, 'cmake_args': None, 'cmake_clean_cache': False, 'cmake_clean_first': False, 'cmake_force_configure': False, 'cmake_target': None, 'cmake_target_skip_unavailable': False, 'install_base': '/home/irs/swarm_robot/algorithm/install/communication_msgs', 'merge_install': False, 'path': '/home/irs/swarm_robot/algorithm/src/communication_msgs', 'symlink_install': False, 'test_result_base': None}
[1.785s] INFO:colcon.colcon_core.executor:Executing jobs using 'parallel' executor
[1.786s] DEBUG:colcon.colcon_parallel_executor.executor.parallel:run_until_complete
[1.787s] INFO:colcon.colcon_ros.task.ament_python.build:Building ROS package in '/home/irs/swarm_robot/algorithm/src/algorithm' with build type 'ament_python'
[1.787s] Level 1:colcon.colcon_core.shell:create_environment_hook('algorithm', 'ament_prefix_path')
[1.796s] INFO:colcon.colcon_core.plugin_system:Skipping extension 'colcon_core.shell.bat': Not used on non-Windows systems
[1.796s] INFO:colcon.colcon_core.shell:Creating environment hook '/home/irs/swarm_robot/algorithm/install/algorithm/share/algorithm/hook/ament_prefix_path.ps1'
[1.798s] INFO:colcon.colcon_core.shell:Creating environment descriptor '/home/irs/swarm_robot/algorithm/install/algorithm/share/algorithm/hook/ament_prefix_path.dsv'
[1.799s] INFO:colcon.colcon_core.shell:Creating environment hook '/home/irs/swarm_robot/algorithm/install/algorithm/share/algorithm/hook/ament_prefix_path.sh'
[1.801s] INFO:colcon.colcon_core.shell:Skip shell extension 'powershell' for command environment: Not usable outside of PowerShell
[1.801s] DEBUG:colcon.colcon_core.shell:Skip shell extension 'dsv' for command environment
[1.812s] INFO:colcon.colcon_ros.task.ament_cmake.build:Building ROS package in '/home/irs/swarm_robot/algorithm/src/communication_msgs' with build type 'ament_cmake'
[1.812s] INFO:colcon.colcon_cmake.task.cmake.build:Building CMake package in '/home/irs/swarm_robot/algorithm/src/communication_msgs'
[1.813s] INFO:colcon.colcon_core.shell:Skip shell extension 'powershell' for command environment: Not usable outside of PowerShell
[1.814s] DEBUG:colcon.colcon_core.shell:Skip shell extension 'dsv' for command environment
[2.590s] INFO:colcon.colcon_core.task.python.build:Building Python package in '/home/irs/swarm_robot/algorithm/src/algorithm'
[2.591s] INFO:colcon.colcon_core.shell:Skip shell extension 'powershell' for command environment: Not usable outside of PowerShell
[2.591s] DEBUG:colcon.colcon_core.shell:Skip shell extension 'dsv' for command environment
[2.608s] DEBUG:colcon.colcon_core.event_handler.log_command:Invoking command in '/home/irs/swarm_robot/algorithm/build/communication_msgs': CMAKE_PREFIX_PATH=${CMAKE_PREFIX_PATH}:/home/irs/har_capstone/socin_robot_ws/install/fusing_people:/opt/ros/foxy /usr/bin/cmake /home/irs/swarm_robot/algorithm/src/communication_msgs -DCMAKE_INSTALL_PREFIX=/home/irs/swarm_robot/algorithm/install/communication_msgs
[3.445s] DEBUG:colcon.colcon_core.event_handler.log_command:Invoking command in '/home/irs/swarm_robot/algorithm/src/algorithm': PYTHONPATH=/home/irs/swarm_robot/algorithm/build/algorithm/prefix_override:/usr/lib/python3/dist-packages/colcon_core/task/python/colcon_distutils_commands:/home/irs/swarm_robot/algorithm/install/algorithm/lib/python3.8/site-packages:${PYTHONPATH} /usr/bin/python3 -W ignore:setup.py install is deprecated setup.py egg_info --egg-base ../../build/algorithm build --build-base /home/irs/swarm_robot/algorithm/build/algorithm/build install --record /home/irs/swarm_robot/algorithm/build/algorithm/install.log --install-scripts $base/lib/algorithm --single-version-externally-managed install_data
[3.788s] DEBUG:colcon.colcon_core.event_handler.log_command:Invoked command in '/home/irs/swarm_robot/algorithm/src/algorithm' returned '0': PYTHONPATH=/home/irs/swarm_robot/algorithm/build/algorithm/prefix_override:/usr/lib/python3/dist-packages/colcon_core/task/python/colcon_distutils_commands:/home/irs/swarm_robot/algorithm/install/algorithm/lib/python3.8/site-packages:${PYTHONPATH} /usr/bin/python3 -W ignore:setup.py install is deprecated setup.py egg_info --egg-base ../../build/algorithm build --build-base /home/irs/swarm_robot/algorithm/build/algorithm/build install --record /home/irs/swarm_robot/algorithm/build/algorithm/install.log --install-scripts $base/lib/algorithm --single-version-externally-managed install_data
[3.799s] Level 1:colcon.colcon_core.environment:checking '/home/irs/swarm_robot/algorithm/install/algorithm' for CMake module files
[3.800s] Level 1:colcon.colcon_core.environment:checking '/home/irs/swarm_robot/algorithm/install/algorithm' for CMake config files
[3.801s] Level 1:colcon.colcon_core.environment:checking '/home/irs/swarm_robot/algorithm/install/algorithm/lib'
[3.802s] Level 1:colcon.colcon_core.environment:checking '/home/irs/swarm_robot/algorithm/install/algorithm/bin'
[3.802s] Level 1:colcon.colcon_core.environment:checking '/home/irs/swarm_robot/algorithm/install/algorithm/lib/pkgconfig/algorithm.pc'
[3.802s] Level 1:colcon.colcon_core.environment:checking '/home/irs/swarm_robot/algorithm/install/algorithm/lib/python3.8/site-packages'
[3.802s] Level 1:colcon.colcon_core.shell:create_environment_hook('algorithm', 'pythonpath')
[3.802s] INFO:colcon.colcon_core.shell:Creating environment hook '/home/irs/swarm_robot/algorithm/install/algorithm/share/algorithm/hook/pythonpath.ps1'
[3.803s] INFO:colcon.colcon_core.shell:Creating environment descriptor '/home/irs/swarm_robot/algorithm/install/algorithm/share/algorithm/hook/pythonpath.dsv'
[3.804s] INFO:colcon.colcon_core.shell:Creating environment hook '/home/irs/swarm_robot/algorithm/install/algorithm/share/algorithm/hook/pythonpath.sh'
[3.805s] Level 1:colcon.colcon_core.environment:checking '/home/irs/swarm_robot/algorithm/install/algorithm/bin'
[3.805s] Level 1:colcon.colcon_core.environment:create_environment_scripts_only(algorithm)
[3.805s] INFO:colcon.colcon_core.shell:Creating package script '/home/irs/swarm_robot/algorithm/install/algorithm/share/algorithm/package.ps1'
[3.807s] INFO:colcon.colcon_core.shell:Creating package descriptor '/home/irs/swarm_robot/algorithm/install/algorithm/share/algorithm/package.dsv'
[3.808s] INFO:colcon.colcon_core.shell:Creating package script '/home/irs/swarm_robot/algorithm/install/algorithm/share/algorithm/package.sh'
[3.810s] INFO:colcon.colcon_core.shell:Creating package script '/home/irs/swarm_robot/algorithm/install/algorithm/share/algorithm/package.bash'
[3.811s] INFO:colcon.colcon_core.shell:Creating package script '/home/irs/swarm_robot/algorithm/install/algorithm/share/algorithm/package.zsh'
[3.812s] Level 1:colcon.colcon_core.environment:create_file_with_runtime_dependencies(/home/irs/swarm_robot/algorithm/install/algorithm/share/colcon-core/packages/algorithm)
[4.634s] DEBUG:colcon.colcon_core.event_handler.log_command:Invoked command in '/home/irs/swarm_robot/algorithm/build/communication_msgs' returned '0': CMAKE_PREFIX_PATH=${CMAKE_PREFIX_PATH}:/home/irs/har_capstone/socin_robot_ws/install/fusing_people:/opt/ros/foxy /usr/bin/cmake /home/irs/swarm_robot/algorithm/src/communication_msgs -DCMAKE_INSTALL_PREFIX=/home/irs/swarm_robot/algorithm/install/communication_msgs
[4.637s] DEBUG:colcon.colcon_core.event_handler.log_command:Invoking command in '/home/irs/swarm_robot/algorithm/build/communication_msgs': CMAKE_PREFIX_PATH=${CMAKE_PREFIX_PATH}:/home/irs/har_capstone/socin_robot_ws/install/fusing_people:/opt/ros/foxy /usr/bin/cmake --build /home/irs/swarm_robot/algorithm/build/communication_msgs -- -j8 -l8
[4.686s] DEBUG:colcon.colcon_core.event_handler.log_command:Invoked command in '/home/irs/swarm_robot/algorithm/build/communication_msgs' returned '0': CMAKE_PREFIX_PATH=${CMAKE_PREFIX_PATH}:/home/irs/har_capstone/socin_robot_ws/install/fusing_people:/opt/ros/foxy /usr/bin/cmake --build /home/irs/swarm_robot/algorithm/build/communication_msgs -- -j8 -l8
[4.740s] DEBUG:colcon.colcon_core.event_handler.log_command:Invoking command in '/home/irs/swarm_robot/algorithm/build/communication_msgs': CMAKE_PREFIX_PATH=${CMAKE_PREFIX_PATH}:/home/irs/har_capstone/socin_robot_ws/install/fusing_people:/opt/ros/foxy /usr/bin/cmake --install /home/irs/swarm_robot/algorithm/build/communication_msgs
[4.756s] Level 1:colcon.colcon_core.environment:create_environment_scripts_only(communication_msgs)
[4.757s] Level 1:colcon.colcon_core.environment:checking '/home/irs/swarm_robot/algorithm/install/communication_msgs' for CMake module files
[4.758s] Level 1:colcon.colcon_core.environment:checking '/home/irs/swarm_robot/algorithm/install/communication_msgs' for CMake config files
[4.759s] DEBUG:colcon.colcon_core.event_handler.log_command:Invoked command in '/home/irs/swarm_robot/algorithm/build/communication_msgs' returned '0': CMAKE_PREFIX_PATH=${CMAKE_PREFIX_PATH}:/home/irs/har_capstone/socin_robot_ws/install/fusing_people:/opt/ros/foxy /usr/bin/cmake --install /home/irs/swarm_robot/algorithm/build/communication_msgs
[4.759s] Level 1:colcon.colcon_core.shell:create_environment_hook('communication_msgs', 'cmake_prefix_path')
[4.760s] INFO:colcon.colcon_core.shell:Creating environment hook '/home/irs/swarm_robot/algorithm/install/communication_msgs/share/communication_msgs/hook/cmake_prefix_path.ps1'
[4.760s] INFO:colcon.colcon_core.shell:Creating environment descriptor '/home/irs/swarm_robot/algorithm/install/communication_msgs/share/communication_msgs/hook/cmake_prefix_path.dsv'
[4.761s] INFO:colcon.colcon_core.shell:Creating environment hook '/home/irs/swarm_robot/algorithm/install/communication_msgs/share/communication_msgs/hook/cmake_prefix_path.sh'
[4.762s] Level 1:colcon.colcon_core.environment:checking '/home/irs/swarm_robot/algorithm/install/communication_msgs/bin'
[4.762s] Level 1:colcon.colcon_core.environment:checking '/home/irs/swarm_robot/algorithm/install/communication_msgs/lib/pkgconfig/communication_msgs.pc'
[4.762s] Level 1:colcon.colcon_core.environment:checking '/home/irs/swarm_robot/algorithm/install/communication_msgs/lib/python3.8/site-packages'
[4.762s] Level 1:colcon.colcon_core.environment:checking '/home/irs/swarm_robot/algorithm/install/communication_msgs/bin'
[4.763s] INFO:colcon.colcon_core.shell:Creating package script '/home/irs/swarm_robot/algorithm/install/communication_msgs/share/communication_msgs/package.ps1'
[4.763s] INFO:colcon.colcon_core.shell:Creating package descriptor '/home/irs/swarm_robot/algorithm/install/communication_msgs/share/communication_msgs/package.dsv'
[4.764s] INFO:colcon.colcon_core.shell:Creating package script '/home/irs/swarm_robot/algorithm/install/communication_msgs/share/communication_msgs/package.sh'
[4.765s] INFO:colcon.colcon_core.shell:Creating package script '/home/irs/swarm_robot/algorithm/install/communication_msgs/share/communication_msgs/package.bash'
[4.765s] INFO:colcon.colcon_core.shell:Creating package script '/home/irs/swarm_robot/algorithm/install/communication_msgs/share/communication_msgs/package.zsh'
[4.766s] Level 1:colcon.colcon_core.environment:create_file_with_runtime_dependencies(/home/irs/swarm_robot/algorithm/install/communication_msgs/share/colcon-core/packages/communication_msgs)
[4.816s] Level 1:colcon.colcon_core.environment:create_environment_scripts_only(communication_msgs)
[4.818s] Level 1:colcon.colcon_core.environment:checking '/home/irs/swarm_robot/algorithm/install/communication_msgs' for CMake module files
[4.819s] Level 1:colcon.colcon_core.environment:checking '/home/irs/swarm_robot/algorithm/install/communication_msgs' for CMake config files
[4.820s] Level 1:colcon.colcon_core.shell:create_environment_hook('communication_msgs', 'cmake_prefix_path')
[4.821s] INFO:colcon.colcon_core.shell:Creating environment hook '/home/irs/swarm_robot/algorithm/install/communication_msgs/share/communication_msgs/hook/cmake_prefix_path.ps1'
[4.823s] INFO:colcon.colcon_core.shell:Creating environment descriptor '/home/irs/swarm_robot/algorithm/install/communication_msgs/share/communication_msgs/hook/cmake_prefix_path.dsv'
[4.824s] INFO:colcon.colcon_core.shell:Creating environment hook '/home/irs/swarm_robot/algorithm/install/communication_msgs/share/communication_msgs/hook/cmake_prefix_path.sh'
[4.825s] Level 1:colcon.colcon_core.environment:checking '/home/irs/swarm_robot/algorithm/install/communication_msgs/bin'
[4.826s] Level 1:colcon.colcon_core.environment:checking '/home/irs/swarm_robot/algorithm/install/communication_msgs/lib/pkgconfig/communication_msgs.pc'
[4.826s] Level 1:colcon.colcon_core.environment:checking '/home/irs/swarm_robot/algorithm/install/communication_msgs/lib/python3.8/site-packages'
[4.826s] Level 1:colcon.colcon_core.environment:checking '/home/irs/swarm_robot/algorithm/install/communication_msgs/bin'
[4.827s] INFO:colcon.colcon_core.shell:Creating package script '/home/irs/swarm_robot/algorithm/install/communication_msgs/share/communication_msgs/package.ps1'
[4.828s] INFO:colcon.colcon_core.shell:Creating package descriptor '/home/irs/swarm_robot/algorithm/install/communication_msgs/share/communication_msgs/package.dsv'
[4.829s] INFO:colcon.colcon_core.shell:Creating package script '/home/irs/swarm_robot/algorithm/install/communication_msgs/share/communication_msgs/package.sh'
[4.830s] INFO:colcon.colcon_core.shell:Creating package script '/home/irs/swarm_robot/algorithm/install/communication_msgs/share/communication_msgs/package.bash'
[4.832s] INFO:colcon.colcon_core.shell:Creating package script '/home/irs/swarm_robot/algorithm/install/communication_msgs/share/communication_msgs/package.zsh'
[4.834s] Level 1:colcon.colcon_core.environment:create_file_with_runtime_dependencies(/home/irs/swarm_robot/algorithm/install/communication_msgs/share/colcon-core/packages/communication_msgs)
[4.836s] DEBUG:colcon.colcon_parallel_executor.executor.parallel:closing loop
[4.836s] DEBUG:colcon.colcon_parallel_executor.executor.parallel:loop closed
[4.837s] DEBUG:colcon.colcon_parallel_executor.executor.parallel:run_until_complete finished with '0'
[4.838s] DEBUG:colcon.colcon_core.event_reactor:joining thread
[4.860s] INFO:colcon.colcon_core.plugin_system:Skipping extension 'colcon_notification.desktop_notification.terminal_notifier': Not used on non-Darwin systems
[4.860s] INFO:colcon.colcon_core.plugin_system:Skipping extension 'colcon_notification.desktop_notification.win32': Not used on non-Windows systems
[4.861s] INFO:colcon.colcon_notification.desktop_notification:Sending desktop notification using 'notify2'
[4.903s] DEBUG:colcon.colcon_core.event_reactor:joined thread
[4.904s] INFO:colcon.colcon_core.shell:Creating prefix script '/home/irs/swarm_robot/algorithm/install/local_setup.ps1'
[4.908s] INFO:colcon.colcon_core.shell:Creating prefix util module '/home/irs/swarm_robot/algorithm/install/_local_setup_util_ps1.py'
[4.919s] INFO:colcon.colcon_core.shell:Creating prefix chain script '/home/irs/swarm_robot/algorithm/install/setup.ps1'
[4.924s] INFO:colcon.colcon_core.shell:Creating prefix script '/home/irs/swarm_robot/algorithm/install/local_setup.sh'
[4.926s] INFO:colcon.colcon_core.shell:Creating prefix util module '/home/irs/swarm_robot/algorithm/install/_local_setup_util_sh.py'
[4.927s] INFO:colcon.colcon_core.shell:Creating prefix chain script '/home/irs/swarm_robot/algorithm/install/setup.sh'
[4.930s] INFO:colcon.colcon_core.shell:Creating prefix script '/home/irs/swarm_robot/algorithm/install/local_setup.bash'
[4.932s] INFO:colcon.colcon_core.shell:Creating prefix chain script '/home/irs/swarm_robot/algorithm/install/setup.bash'
[4.939s] INFO:colcon.colcon_core.shell:Creating prefix script '/home/irs/swarm_robot/algorithm/install/local_setup.zsh'
[4.941s] INFO:colcon.colcon_core.shell:Creating prefix chain script '/home/irs/swarm_robot/algorithm/install/setup.zsh'
