[0.029s] Invoking command in '/home/huhu/Documents/GitHub/swarm_robot/simulation_ws/src/build/navigation': AMENT_PREFIX_PATH=/home/huhu/Documents/GitHub/swarm_robot/simulation_ws/src/install/tlbot_navigation2:/home/huhu/Documents/GitHub/swarm_robot/simulation_ws/src/install/cartographer:${AMENT_PREFIX_PATH} CMAKE_PREFIX_PATH=/home/huhu/Documents/GitHub/swarm_robot/simulation_ws/src/install/tlbot_navigation2:/home/huhu/Documents/GitHub/swarm_robot/simulation_ws/src/install/cartographer:/home/huhu/Documents/GitHub/swarm_robot/simulation_ws/install/navigation:/home/huhu/Documents/GitHub/swarm_robot/simulation_ws/install/tlbot_navigation2:/home/huhu/Documents/GitHub/swarm_robot/simulation_ws/install/robot_bringup:/home/huhu/Documents/GitHub/swarm_robot/simulation_ws/install/cartographer:/home/huhu/ros2_ws/install/my_bot:/home/huhu/ros2_ws/install/ldlidar_stl_ros2:/opt/ros/foxy /usr/bin/cmake --build /home/huhu/Documents/GitHub/swarm_robot/simulation_ws/src/build/navigation -- -j6 -l6
[0.105s] Invoked command in '/home/huhu/Documents/GitHub/swarm_robot/simulation_ws/src/build/navigation' returned '0': AMENT_PREFIX_PATH=/home/huhu/Documents/GitHub/swarm_robot/simulation_ws/src/install/tlbot_navigation2:/home/huhu/Documents/GitHub/swarm_robot/simulation_ws/src/install/cartographer:${AMENT_PREFIX_PATH} CMAKE_PREFIX_PATH=/home/huhu/Documents/GitHub/swarm_robot/simulation_ws/src/install/tlbot_navigation2:/home/huhu/Documents/GitHub/swarm_robot/simulation_ws/src/install/cartographer:/home/huhu/Documents/GitHub/swarm_robot/simulation_ws/install/navigation:/home/huhu/Documents/GitHub/swarm_robot/simulation_ws/install/tlbot_navigation2:/home/huhu/Documents/GitHub/swarm_robot/simulation_ws/install/robot_bringup:/home/huhu/Documents/GitHub/swarm_robot/simulation_ws/install/cartographer:/home/huhu/ros2_ws/install/my_bot:/home/huhu/ros2_ws/install/ldlidar_stl_ros2:/opt/ros/foxy /usr/bin/cmake --build /home/huhu/Documents/GitHub/swarm_robot/simulation_ws/src/build/navigation -- -j6 -l6
[0.141s] Invoking command in '/home/huhu/Documents/GitHub/swarm_robot/simulation_ws/src/build/navigation': AMENT_PREFIX_PATH=/home/huhu/Documents/GitHub/swarm_robot/simulation_ws/src/install/tlbot_navigation2:/home/huhu/Documents/GitHub/swarm_robot/simulation_ws/src/install/cartographer:${AMENT_PREFIX_PATH} CMAKE_PREFIX_PATH=/home/huhu/Documents/GitHub/swarm_robot/simulation_ws/src/install/tlbot_navigation2:/home/huhu/Documents/GitHub/swarm_robot/simulation_ws/src/install/cartographer:/home/huhu/Documents/GitHub/swarm_robot/simulation_ws/install/navigation:/home/huhu/Documents/GitHub/swarm_robot/simulation_ws/install/tlbot_navigation2:/home/huhu/Documents/GitHub/swarm_robot/simulation_ws/install/robot_bringup:/home/huhu/Documents/GitHub/swarm_robot/simulation_ws/install/cartographer:/home/huhu/ros2_ws/install/my_bot:/home/huhu/ros2_ws/install/ldlidar_stl_ros2:/opt/ros/foxy /usr/bin/cmake --install /home/huhu/Documents/GitHub/swarm_robot/simulation_ws/src/build/navigation
[0.152s] -- Install configuration: ""
[0.153s] -- Execute custom install script
[0.154s] -- Up-to-date symlink: /home/huhu/Documents/GitHub/swarm_robot/simulation_ws/src/install/navigation/share/navigation//description/gazebo_control.xacro
[0.154s] -- Up-to-date symlink: /home/huhu/Documents/GitHub/swarm_robot/simulation_ws/src/install/navigation/share/navigation//description/inertial_macros.xacro
[0.154s] -- Up-to-date symlink: /home/huhu/Documents/GitHub/swarm_robot/simulation_ws/src/install/navigation/share/navigation//description/lidar.xacro
[0.154s] -- Up-to-date symlink: /home/huhu/Documents/GitHub/swarm_robot/simulation_ws/src/install/navigation/share/navigation//description/swarm_bot.urdf.xacro
[0.155s] -- Symlinking: /home/huhu/Documents/GitHub/swarm_robot/simulation_ws/src/install/navigation/share/navigation//launch/com.launch.py
[0.167s] -- Up-to-date symlink: /home/huhu/Documents/GitHub/swarm_robot/simulation_ws/src/install/navigation/share/navigation//launch/launch_bot_sim.launch.py
[0.167s] -- Up-to-date symlink: /home/huhu/Documents/GitHub/swarm_robot/simulation_ws/src/install/navigation/share/navigation//launch/navigation.launch.py
[0.168s] -- Up-to-date symlink: /home/huhu/Documents/GitHub/swarm_robot/simulation_ws/src/install/navigation/share/navigation//launch/rsp.launch.py
[0.168s] -- Up-to-date symlink: /home/huhu/Documents/GitHub/swarm_robot/simulation_ws/src/install/navigation/share/ament_index/resource_index/package_run_dependencies/navigation
[0.169s] -- Up-to-date symlink: /home/huhu/Documents/GitHub/swarm_robot/simulation_ws/src/install/navigation/share/ament_index/resource_index/parent_prefix_path/navigation
[0.169s] -- Up-to-date symlink: /home/huhu/Documents/GitHub/swarm_robot/simulation_ws/src/install/navigation/share/navigation/environment/ament_prefix_path.sh
[0.169s] -- Up-to-date symlink: /home/huhu/Documents/GitHub/swarm_robot/simulation_ws/src/install/navigation/share/navigation/environment/ament_prefix_path.dsv
[0.170s] -- Up-to-date symlink: /home/huhu/Documents/GitHub/swarm_robot/simulation_ws/src/install/navigation/share/navigation/environment/path.sh
[0.170s] -- Up-to-date symlink: /home/huhu/Documents/GitHub/swarm_robot/simulation_ws/src/install/navigation/share/navigation/environment/path.dsv
[0.171s] -- Up-to-date symlink: /home/huhu/Documents/GitHub/swarm_robot/simulation_ws/src/install/navigation/share/navigation/local_setup.bash
[0.171s] -- Up-to-date symlink: /home/huhu/Documents/GitHub/swarm_robot/simulation_ws/src/install/navigation/share/navigation/local_setup.sh
[0.171s] -- Up-to-date symlink: /home/huhu/Documents/GitHub/swarm_robot/simulation_ws/src/install/navigation/share/navigation/local_setup.zsh
[0.171s] -- Up-to-date symlink: /home/huhu/Documents/GitHub/swarm_robot/simulation_ws/src/install/navigation/share/navigation/local_setup.dsv
[0.172s] -- Symlinking: /home/huhu/Documents/GitHub/swarm_robot/simulation_ws/src/install/navigation/share/navigation/package.dsv
[0.185s] -- Up-to-date symlink: /home/huhu/Documents/GitHub/swarm_robot/simulation_ws/src/install/navigation/share/ament_index/resource_index/packages/navigation
[0.186s] -- Up-to-date symlink: /home/huhu/Documents/GitHub/swarm_robot/simulation_ws/src/install/navigation/share/navigation/cmake/navigationConfig.cmake
[0.186s] -- Up-to-date symlink: /home/huhu/Documents/GitHub/swarm_robot/simulation_ws/src/install/navigation/share/navigation/cmake/navigationConfig-version.cmake
[0.186s] -- Up-to-date symlink: /home/huhu/Documents/GitHub/swarm_robot/simulation_ws/src/install/navigation/share/navigation/package.xml
[0.190s] Invoked command in '/home/huhu/Documents/GitHub/swarm_robot/simulation_ws/src/build/navigation' returned '0': AMENT_PREFIX_PATH=/home/huhu/Documents/GitHub/swarm_robot/simulation_ws/src/install/tlbot_navigation2:/home/huhu/Documents/GitHub/swarm_robot/simulation_ws/src/install/cartographer:${AMENT_PREFIX_PATH} CMAKE_PREFIX_PATH=/home/huhu/Documents/GitHub/swarm_robot/simulation_ws/src/install/tlbot_navigation2:/home/huhu/Documents/GitHub/swarm_robot/simulation_ws/src/install/cartographer:/home/huhu/Documents/GitHub/swarm_robot/simulation_ws/install/navigation:/home/huhu/Documents/GitHub/swarm_robot/simulation_ws/install/tlbot_navigation2:/home/huhu/Documents/GitHub/swarm_robot/simulation_ws/install/robot_bringup:/home/huhu/Documents/GitHub/swarm_robot/simulation_ws/install/cartographer:/home/huhu/ros2_ws/install/my_bot:/home/huhu/ros2_ws/install/ldlidar_stl_ros2:/opt/ros/foxy /usr/bin/cmake --install /home/huhu/Documents/GitHub/swarm_robot/simulation_ws/src/build/navigation
