running egg_info
creating ../../build/algorithm/algorithm.egg-info
writing ../../build/algorithm/algorithm.egg-info/PKG-INFO
writing dependency_links to ../../build/algorithm/algorithm.egg-info/dependency_links.txt
writing entry points to ../../build/algorithm/algorithm.egg-info/entry_points.txt
writing requirements to ../../build/algorithm/algorithm.egg-info/requires.txt
writing top-level names to ../../build/algorithm/algorithm.egg-info/top_level.txt
writing manifest file '../../build/algorithm/algorithm.egg-info/SOURCES.txt'
reading manifest file '../../build/algorithm/algorithm.egg-info/SOURCES.txt'
writing manifest file '../../build/algorithm/algorithm.egg-info/SOURCES.txt'
running build
running build_py
creating /home/irs/swarm_robot/algorithm/build/algorithm/build
creating /home/irs/swarm_robot/algorithm/build/algorithm/build/lib
creating /home/irs/swarm_robot/algorithm/build/algorithm/build/lib/algorithm
copying algorithm/__init__.py -> /home/irs/swarm_robot/algorithm/build/algorithm/build/lib/algorithm
running install
running install_lib
creating /home/irs/swarm_robot/algorithm/install/algorithm/lib/python3.8/site-packages/algorithm
copying /home/irs/swarm_robot/algorithm/build/algorithm/build/lib/algorithm/__init__.py -> /home/irs/swarm_robot/algorithm/install/algorithm/lib/python3.8/site-packages/algorithm
byte-compiling /home/irs/swarm_robot/algorithm/install/algorithm/lib/python3.8/site-packages/algorithm/__init__.py to __init__.cpython-38.pyc
running install_data
creating /home/irs/swarm_robot/algorithm/install/algorithm/share/ament_index
creating /home/irs/swarm_robot/algorithm/install/algorithm/share/ament_index/resource_index
creating /home/irs/swarm_robot/algorithm/install/algorithm/share/ament_index/resource_index/packages
copying resource/algorithm -> /home/irs/swarm_robot/algorithm/install/algorithm/share/ament_index/resource_index/packages
copying package.xml -> /home/irs/swarm_robot/algorithm/install/algorithm/share/algorithm
running install_egg_info
Copying ../../build/algorithm/algorithm.egg-info to /home/irs/swarm_robot/algorithm/install/algorithm/lib/python3.8/site-packages/algorithm-0.0.0-py3.8.egg-info
running install_scripts
writing list of installed files to '/home/irs/swarm_robot/algorithm/build/algorithm/install.log'
