[1.997s] Invoking command in '/home/irs/swarm_robot/algorithm/src/algorithm': PYTHONPATH=/home/irs/swarm_robot/algorithm/build/algorithm/prefix_override:/usr/lib/python3/dist-packages/colcon_core/task/python/colcon_distutils_commands:/home/irs/swarm_robot/algorithm/install/algorithm/lib/python3.8/site-packages:${PYTHONPATH} /usr/bin/python3 -W ignore:setup.py install is deprecated setup.py egg_info --egg-base ../../build/algorithm build --build-base /home/irs/swarm_robot/algorithm/build/algorithm/build install --record /home/irs/swarm_robot/algorithm/build/algorithm/install.log --install-scripts $base/lib/algorithm --single-version-externally-managed install_data
[2.432s] running egg_info
[2.433s] creating ../../build/algorithm/algorithm.egg-info
[2.433s] writing ../../build/algorithm/algorithm.egg-info/PKG-INFO
[2.434s] writing dependency_links to ../../build/algorithm/algorithm.egg-info/dependency_links.txt
[2.435s] writing entry points to ../../build/algorithm/algorithm.egg-info/entry_points.txt
[2.435s] writing requirements to ../../build/algorithm/algorithm.egg-info/requires.txt
[2.435s] writing top-level names to ../../build/algorithm/algorithm.egg-info/top_level.txt
[2.447s] writing manifest file '../../build/algorithm/algorithm.egg-info/SOURCES.txt'
[2.504s] reading manifest file '../../build/algorithm/algorithm.egg-info/SOURCES.txt'
[2.506s] writing manifest file '../../build/algorithm/algorithm.egg-info/SOURCES.txt'
[2.507s] running build
[2.507s] running build_py
[2.508s] creating /home/irs/swarm_robot/algorithm/build/algorithm/build
[2.508s] creating /home/irs/swarm_robot/algorithm/build/algorithm/build/lib
[2.508s] creating /home/irs/swarm_robot/algorithm/build/algorithm/build/lib/algorithm
[2.508s] copying algorithm/__init__.py -> /home/irs/swarm_robot/algorithm/build/algorithm/build/lib/algorithm
[2.508s] running install
[2.510s] running install_lib
[2.513s] creating /home/irs/swarm_robot/algorithm/install/algorithm/lib/python3.8/site-packages/algorithm
[2.513s] copying /home/irs/swarm_robot/algorithm/build/algorithm/build/lib/algorithm/__init__.py -> /home/irs/swarm_robot/algorithm/install/algorithm/lib/python3.8/site-packages/algorithm
[2.514s] byte-compiling /home/irs/swarm_robot/algorithm/install/algorithm/lib/python3.8/site-packages/algorithm/__init__.py to __init__.cpython-38.pyc
[2.517s] running install_data
[2.517s] creating /home/irs/swarm_robot/algorithm/install/algorithm/share/ament_index
[2.518s] creating /home/irs/swarm_robot/algorithm/install/algorithm/share/ament_index/resource_index
[2.518s] creating /home/irs/swarm_robot/algorithm/install/algorithm/share/ament_index/resource_index/packages
[2.518s] copying resource/algorithm -> /home/irs/swarm_robot/algorithm/install/algorithm/share/ament_index/resource_index/packages
[2.518s] copying package.xml -> /home/irs/swarm_robot/algorithm/install/algorithm/share/algorithm
[2.518s] running install_egg_info
[2.523s] Copying ../../build/algorithm/algorithm.egg-info to /home/irs/swarm_robot/algorithm/install/algorithm/lib/python3.8/site-packages/algorithm-0.0.0-py3.8.egg-info
[2.525s] running install_scripts
[2.564s] writing list of installed files to '/home/irs/swarm_robot/algorithm/build/algorithm/install.log'
[2.601s] Invoked command in '/home/irs/swarm_robot/algorithm/src/algorithm' returned '0': PYTHONPATH=/home/irs/swarm_robot/algorithm/build/algorithm/prefix_override:/usr/lib/python3/dist-packages/colcon_core/task/python/colcon_distutils_commands:/home/irs/swarm_robot/algorithm/install/algorithm/lib/python3.8/site-packages:${PYTHONPATH} /usr/bin/python3 -W ignore:setup.py install is deprecated setup.py egg_info --egg-base ../../build/algorithm build --build-base /home/irs/swarm_robot/algorithm/build/algorithm/build install --record /home/irs/swarm_robot/algorithm/build/algorithm/install.log --install-scripts $base/lib/algorithm --single-version-externally-managed install_data
